#
# There is insufficient memory for the Java Runtime Environment to continue.
# Native memory allocation (mmap) failed to map 117440512 bytes. Error detail: G1 virtual space
# Possible reasons:
#   The system is out of physical RAM or swap space
#   This process is running with CompressedOops enabled, and the Java Heap may be blocking the growth of the native heap
# Possible solutions:
#   Reduce memory load on the system
#   Increase physical memory or swap space
#   Check if swap backing store is full
#   Decrease Java heap size (-Xmx/-Xms)
#   Decrease number of Java threads
#   Decrease Java thread stack sizes (-Xss)
#   Set larger code cache with -XX:ReservedCodeCacheSize=
#   JVM is running with Unscaled Compressed Oops mode in which the Java heap is
#     placed in the first 4GB address space. The Java Heap base address is the
#     maximum limit for the native heap growth. Please use -XX:HeapBaseMinAddress
#     to set the Java Heap base and to place the Java Heap above 4GB virtual address.
# This output file may be truncated or incomplete.
#
#  Out of Memory Error (os_windows.cpp:3825), pid=14220, tid=12280
#
# JRE version: OpenJDK Runtime Environment (17.0.11) (build 17.0.11+0--11852314)
# Java VM: OpenJDK 64-Bit Server VM (17.0.11+0--11852314, mixed mode, tiered, compressed oops, compressed class ptrs, g1 gc, windows-amd64)
# No core dump will be written. Minidumps are not enabled by default on client versions of Windows
#

---------------  S U M M A R Y ------------

Command Line: --add-opens=java.base/java.lang=ALL-UNNAMED --add-opens=java.base/java.lang.invoke=ALL-UNNAMED --add-opens=java.base/java.util=ALL-UNNAMED --add-opens=java.prefs/java.util.prefs=ALL-UNNAMED --add-exports=jdk.compiler/com.sun.tools.javac.api=ALL-UNNAMED --add-exports=jdk.compiler/com.sun.tools.javac.util=ALL-UNNAMED --add-opens=java.base/java.util=ALL-UNNAMED --add-opens=java.prefs/java.util.prefs=ALL-UNNAMED --add-opens=java.base/java.nio.charset=ALL-UNNAMED --add-opens=java.base/java.net=ALL-UNNAMED --add-opens=java.base/java.util.concurrent.atomic=ALL-UNNAMED --add-opens=java.xml/javax.xml.namespace=ALL-UNNAMED -Xmx2048m -Dfile.encoding=UTF-8 -Duser.country=US -Duser.language=en -Duser.variant -javaagent:C:\Users\denni\.gradle\wrapper\dists\gradle-8.13-bin\5xuhj0ry160q40clulazy9h7d\gradle-8.13\lib\agents\gradle-instrumentation-agent-8.13.jar org.gradle.launcher.daemon.bootstrap.GradleDaemon 8.13

Host: Intel(R) Core(TM) i5-1035G1 CPU @ 1.00GHz, 8 cores, 3G,  Windows 10 , 64 bit Build 19041 (10.0.19041.5915)
Time: Tue Aug 12 14:55:31 2025 E. Africa Standard Time elapsed time: 11.748522 seconds (0d 0h 0m 11s)

---------------  T H R E A D  ---------------

Current thread (0x0000025cad761660):  VMThread "VM Thread" [stack: 0x0000008109500000,0x0000008109600000] [id=12280]

Stack: [0x0000008109500000,0x0000008109600000]
Native frames: (J=compiled Java code, j=interpreted, Vv=VM code, C=native code)
V  [jvm.dll+0x687bb9]
V  [jvm.dll+0x84142a]
V  [jvm.dll+0x8430ae]
V  [jvm.dll+0x843713]
V  [jvm.dll+0x24a35f]
V  [jvm.dll+0x684989]
V  [jvm.dll+0x67923a]
V  [jvm.dll+0x30af0b]
V  [jvm.dll+0x3123b6]
V  [jvm.dll+0x361dfe]
V  [jvm.dll+0x36202f]
V  [jvm.dll+0x2e0d38]
V  [jvm.dll+0x2df144]
V  [jvm.dll+0x2de74c]
V  [jvm.dll+0x32305b]
V  [jvm.dll+0x847e0b]
V  [jvm.dll+0x848b42]
V  [jvm.dll+0x84905d]
V  [jvm.dll+0x849434]
V  [jvm.dll+0x849500]
V  [jvm.dll+0x7efa4a]
V  [jvm.dll+0x686a35]
C  [ucrtbase.dll+0x21bb2]
C  [KERNEL32.DLL+0x17374]
C  [ntdll.dll+0x4cc91]

VM_Operation (0x000000810acf3500): G1CollectForAllocation, mode: safepoint, requested by thread 0x0000025cb2df1250


---------------  P R O C E S S  ---------------

Threads class SMR info:
_java_thread_list=0x0000025cb2194520, length=45, elements={
0x0000025c93905320, 0x0000025cad746270, 0x0000025cad746c80, 0x0000025cad78bef0,
0x0000025cad78e8d0, 0x0000025cad9cf740, 0x0000025cad9d0010, 0x0000025cad9d4110,
0x0000025cad9d4a20, 0x0000025cad9d7340, 0x0000025cad6d5910, 0x0000025cadbead70,
0x0000025cb323ed90, 0x0000025cb29d7890, 0x0000025cb3aa7470, 0x0000025cb2df0830,
0x0000025cb2df0d40, 0x0000025cb2df1760, 0x0000025cb2df1250, 0x0000025cb2defe10,
0x0000025cb38bec90, 0x0000025cb38bf6b0, 0x0000025cb38be780, 0x0000025cb38c00d0,
0x0000025cb38bbf00, 0x0000025cb38c05e0, 0x0000025cb38bce30, 0x0000025cb38bd850,
0x0000025cb38c0af0, 0x0000025cb38c1000, 0x0000025cb38ba0a0, 0x0000025cb38c1510,
0x0000025cb38bb9f0, 0x0000025cb38bc410, 0x0000025cb38bd340, 0x0000025cb38bdd60,
0x0000025cb38be270, 0x0000025cb38ba5b0, 0x0000025cb38baac0, 0x0000025cb4358df0,
0x0000025cb43579b0, 0x0000025cb435a230, 0x0000025cb4356f90, 0x0000025cb4357ec0,
0x0000025cb43583d0
}

Java Threads: ( => current thread )
  0x0000025c93905320 JavaThread "main" [_thread_blocked, id=13152, stack(0x0000008108f00000,0x0000008109000000)]
  0x0000025cad746270 JavaThread "Reference Handler" daemon [_thread_blocked, id=10248, stack(0x0000008109600000,0x0000008109700000)]
  0x0000025cad746c80 JavaThread "Finalizer" daemon [_thread_blocked, id=7092, stack(0x0000008109700000,0x0000008109800000)]
  0x0000025cad78bef0 JavaThread "Signal Dispatcher" daemon [_thread_blocked, id=14852, stack(0x0000008109800000,0x0000008109900000)]
  0x0000025cad78e8d0 JavaThread "Attach Listener" daemon [_thread_blocked, id=14004, stack(0x0000008109900000,0x0000008109a00000)]
  0x0000025cad9cf740 JavaThread "Service Thread" daemon [_thread_blocked, id=6912, stack(0x0000008109a00000,0x0000008109b00000)]
  0x0000025cad9d0010 JavaThread "Monitor Deflation Thread" daemon [_thread_blocked, id=15400, stack(0x0000008109b00000,0x0000008109c00000)]
  0x0000025cad9d4110 JavaThread "C2 CompilerThread0" daemon [_thread_blocked, id=7668, stack(0x0000008109c00000,0x0000008109d00000)]
  0x0000025cad9d4a20 JavaThread "C1 CompilerThread0" daemon [_thread_blocked, id=5268, stack(0x0000008109d00000,0x0000008109e00000)]
  0x0000025cad9d7340 JavaThread "Sweeper thread" daemon [_thread_blocked, id=7544, stack(0x0000008109e00000,0x0000008109f00000)]
  0x0000025cad6d5910 JavaThread "Common-Cleaner" daemon [_thread_blocked, id=16104, stack(0x0000008109f00000,0x000000810a000000)]
  0x0000025cadbead70 JavaThread "Notification Thread" daemon [_thread_blocked, id=8884, stack(0x000000810a000000,0x000000810a100000)]
  0x0000025cb323ed90 JavaThread "Daemon health stats" [_thread_blocked, id=7008, stack(0x000000810a600000,0x000000810a700000)]
  0x0000025cb29d7890 JavaThread "Incoming local TCP Connector on port 64182" [_thread_in_native, id=2448, stack(0x000000810a700000,0x000000810a800000)]
  0x0000025cb3aa7470 JavaThread "Daemon periodic checks" [_thread_blocked, id=15792, stack(0x000000810a800000,0x000000810a900000)]
  0x0000025cb2df0830 JavaThread "Daemon" [_thread_blocked, id=12800, stack(0x000000810a900000,0x000000810aa00000)]
  0x0000025cb2df0d40 JavaThread "Handler for socket connection from /127.0.0.1:64182 to /127.0.0.1:64183" [_thread_in_native, id=11568, stack(0x000000810aa00000,0x000000810ab00000)]
  0x0000025cb2df1760 JavaThread "Cancel handler" [_thread_blocked, id=12456, stack(0x000000810ab00000,0x000000810ac00000)]
  0x0000025cb2df1250 JavaThread "Daemon worker" [_thread_blocked, id=14864, stack(0x000000810ac00000,0x000000810ad00000)]
  0x0000025cb2defe10 JavaThread "Asynchronous log dispatcher for DefaultDaemonConnection: socket connection from /127.0.0.1:64182 to /127.0.0.1:64183" [_thread_blocked, id=10408, stack(0x000000810ad00000,0x000000810ae00000)]
  0x0000025cb38bec90 JavaThread "Stdin handler" [_thread_blocked, id=9868, stack(0x000000810ae00000,0x000000810af00000)]
  0x0000025cb38bf6b0 JavaThread "Daemon client event forwarder" [_thread_blocked, id=15224, stack(0x000000810af00000,0x000000810b000000)]
  0x0000025cb38be780 JavaThread "Cache worker for journal cache (C:\Users\denni\.gradle\caches\journal-1)" [_thread_blocked, id=16376, stack(0x000000810b400000,0x000000810b500000)]
  0x0000025cb38c00d0 JavaThread "File lock request listener" [_thread_in_native, id=12176, stack(0x000000810b500000,0x000000810b600000)]
  0x0000025cb38bbf00 JavaThread "Cache worker for file hash cache (C:\Users\denni\.gradle\caches\8.13\fileHashes)" [_thread_blocked, id=7708, stack(0x000000810b600000,0x000000810b700000)]
  0x0000025cb38c05e0 JavaThread "Cache worker for file hash cache (C:\Users\denni\AndroidStudioProjects\Smartband\.gradle\8.13\fileHashes)" [_thread_blocked, id=5492, stack(0x000000810b700000,0x000000810b800000)]
  0x0000025cb38bce30 JavaThread "Cache worker for Build Output Cleanup Cache (C:\Users\denni\AndroidStudioProjects\Smartband\.gradle\buildOutputCleanup)" [_thread_blocked, id=1964, stack(0x000000810b800000,0x000000810b900000)]
  0x0000025cb38bd850 JavaThread "File watcher server" daemon [_thread_in_native, id=7804, stack(0x000000810b900000,0x000000810ba00000)]
  0x0000025cb38c0af0 JavaThread "File watcher consumer" daemon [_thread_blocked, id=2736, stack(0x000000810ba00000,0x000000810bb00000)]
  0x0000025cb38c1000 JavaThread "jar transforms" [_thread_blocked, id=10432, stack(0x000000810bb00000,0x000000810bc00000)]
  0x0000025cb38ba0a0 JavaThread "jar transforms Thread 2" [_thread_blocked, id=3516, stack(0x000000810bc00000,0x000000810bd00000)]
  0x0000025cb38c1510 JavaThread "jar transforms Thread 3" [_thread_blocked, id=2888, stack(0x000000810bd00000,0x000000810be00000)]
  0x0000025cb38bb9f0 JavaThread "jar transforms Thread 4" [_thread_blocked, id=7920, stack(0x000000810be00000,0x000000810bf00000)]
  0x0000025cb38bc410 JavaThread "jar transforms Thread 5" [_thread_blocked, id=12216, stack(0x000000810bf00000,0x000000810c000000)]
  0x0000025cb38bd340 JavaThread "jar transforms Thread 6" [_thread_blocked, id=15556, stack(0x000000810c000000,0x000000810c100000)]
  0x0000025cb38bdd60 JavaThread "jar transforms Thread 7" [_thread_blocked, id=4668, stack(0x000000810c100000,0x000000810c200000)]
  0x0000025cb38be270 JavaThread "jar transforms Thread 8" [_thread_blocked, id=16276, stack(0x000000810c200000,0x000000810c300000)]
  0x0000025cb38ba5b0 JavaThread "Cache worker for checksums cache (C:\Users\denni\AndroidStudioProjects\Smartband\.gradle\8.13\checksums)" [_thread_blocked, id=2904, stack(0x000000810c300000,0x000000810c400000)]
  0x0000025cb38baac0 JavaThread "Cache worker for file content cache (C:\Users\denni\.gradle\caches\8.13\fileContent)" [_thread_blocked, id=4404, stack(0x000000810c400000,0x000000810c500000)]
  0x0000025cb4358df0 JavaThread "Cache worker for cache directory md-supplier (C:\Users\denni\.gradle\caches\8.13\md-supplier)" [_thread_blocked, id=12020, stack(0x000000810c500000,0x000000810c600000)]
  0x0000025cb43579b0 JavaThread "Cache worker for cache directory md-rule (C:\Users\denni\.gradle\caches\8.13\md-rule)" [_thread_blocked, id=5704, stack(0x000000810c600000,0x000000810c700000)]
  0x0000025cb435a230 JavaThread "Unconstrained build operations" [_thread_blocked, id=6984, stack(0x000000810c700000,0x000000810c800000)]
  0x0000025cb4356f90 JavaThread "Unconstrained build operations Thread 2" [_thread_blocked, id=15584, stack(0x000000810c800000,0x000000810c900000)]
  0x0000025cb4357ec0 JavaThread "Unconstrained build operations Thread 3" [_thread_blocked, id=1456, stack(0x000000810c900000,0x000000810ca00000)]
  0x0000025cb43583d0 JavaThread "Unconstrained build operations Thread 4" [_thread_blocked, id=12360, stack(0x000000810ca00000,0x000000810cb00000)]

Other Threads:
=>0x0000025cad761660 VMThread "VM Thread" [stack: 0x0000008109500000,0x0000008109600000] [id=12280]
  0x0000025cadc075f0 WatcherThread [stack: 0x000000810a100000,0x000000810a200000] [id=3372]
  0x0000025c9179e7f0 GCTaskThread "GC Thread#0" [stack: 0x0000008109000000,0x0000008109100000] [id=1896]
  0x0000025cb2285e10 GCTaskThread "GC Thread#1" [stack: 0x000000810a200000,0x000000810a300000] [id=2356]
  0x0000025cb2099f20 GCTaskThread "GC Thread#2" [stack: 0x000000810a300000,0x000000810a400000] [id=8088]
  0x0000025cadd79720 GCTaskThread "GC Thread#3" [stack: 0x000000810a400000,0x000000810a500000] [id=8964]
  0x0000025cb263a430 GCTaskThread "GC Thread#4" [stack: 0x000000810a500000,0x000000810a600000] [id=5364]
  0x0000025cb254aeb0 GCTaskThread "GC Thread#5" [stack: 0x000000810b000000,0x000000810b100000] [id=3408]
  0x0000025cb3a19e50 GCTaskThread "GC Thread#6" [stack: 0x000000810b100000,0x000000810b200000] [id=14416]
  0x0000025cb2bfca50 GCTaskThread "GC Thread#7" [stack: 0x000000810b200000,0x000000810b300000] [id=14512]
  0x0000025c9396e2b0 ConcurrentGCThread "G1 Main Marker" [stack: 0x0000008109100000,0x0000008109200000] [id=16324]
  0x0000025c9396f380 ConcurrentGCThread "G1 Conc#0" [stack: 0x0000008109200000,0x0000008109300000] [id=2016]
  0x0000025cb3141ee0 ConcurrentGCThread "G1 Conc#1" [stack: 0x000000810b300000,0x000000810b400000] [id=9156]
  0x0000025c939bd0d0 ConcurrentGCThread "G1 Refine#0" [stack: 0x0000008109300000,0x0000008109400000] [id=11684]
  0x0000025cb43a6950 ConcurrentGCThread "G1 Refine#1" [stack: 0x000000810cb00000,0x000000810cc00000] [id=1740]
  0x0000025cb43a7220 ConcurrentGCThread "G1 Refine#2" [stack: 0x000000810cc00000,0x000000810cd00000] [id=16036]
  0x0000025cb43a6f30 ConcurrentGCThread "G1 Refine#3" [stack: 0x000000810cd00000,0x000000810ce00000] [id=9496]
  0x0000025cb43a8c90 ConcurrentGCThread "G1 Refine#4" [stack: 0x000000810ce00000,0x000000810cf00000] [id=6228]
  0x0000025cb43a6c40 ConcurrentGCThread "G1 Refine#5" [stack: 0x000000810cf00000,0x000000810d000000] [id=9680]
  0x0000025c939bda10 ConcurrentGCThread "G1 Service" [stack: 0x0000008109400000,0x0000008109500000] [id=14432]

Threads with active compile tasks:
C2 CompilerThread0    11780 6582       4       org.objectweb.asm.ClassReader::readMethod (1070 bytes)

VM state: at safepoint (normal execution)

VM Mutex/Monitor currently owned by a thread:  ([mutex/lock_event])
[0x0000025c93900ea0] Threads_lock - owner thread: 0x0000025cad761660
[0x0000025c939027f0] Heap_lock - owner thread: 0x0000025cb2df1250

Heap address: 0x0000000080000000, size: 2048 MB, Compressed Oops mode: 32-bit

CDS archive(s) not mapped
Compressed class space mapped at: 0x0000000100000000-0x0000000140000000, reserved size: 1073741824
Narrow klass base: 0x0000000000000000, Narrow klass shift: 3, Narrow klass range: 0x140000000

GC Precious Log:
 CPUs: 8 total, 8 available
 Memory: 3838M
 Large Page Support: Disabled
 NUMA Support: Disabled
 Compressed Oops: Enabled (32-bit)
 Heap Region Size: 1M
 Heap Min Capacity: 8M
 Heap Initial Capacity: 60M
 Heap Max Capacity: 2G
 Pre-touch: Disabled
 Parallel Workers: 8
 Concurrent Workers: 2
 Concurrent Refinement Workers: 8
 Periodic GC: Disabled

Heap:
 garbage-first heap   total 172032K, used 81779K [0x0000000080000000, 0x0000000100000000)
  region size 1024K, 1 young (1024K), 1 survivors (1024K)
 Metaspace       used 60682K, committed 61248K, reserved 1114112K
  class space    used 8291K, committed 8576K, reserved 1048576K

Heap Regions: E=young(eden), S=young(survivor), O=old, HS=humongous(starts), HC=humongous(continues), CS=collection set, F=free, OA=open archive, CA=closed archive, TAMS=top-at-mark-start (previous, next)
|   0|0x0000000080000000, 0x0000000080100000, 0x0000000080100000|100%|HS|  |TAMS 0x0000000080100000, 0x0000000080100000| Complete 
|   1|0x0000000080100000, 0x0000000080200000, 0x0000000080200000|100%|HC|  |TAMS 0x0000000080200000, 0x0000000080200000| Complete 
|   2|0x0000000080200000, 0x0000000080300000, 0x0000000080300000|100%|HC|  |TAMS 0x0000000080300000, 0x0000000080300000| Complete 
|   3|0x0000000080300000, 0x0000000080400000, 0x0000000080400000|100%| O|  |TAMS 0x0000000080400000, 0x0000000080400000| Untracked 
|   4|0x0000000080400000, 0x0000000080500000, 0x0000000080500000|100%| O|  |TAMS 0x0000000080500000, 0x0000000080500000| Untracked 
|   5|0x0000000080500000, 0x0000000080600000, 0x0000000080600000|100%| O|  |TAMS 0x0000000080600000, 0x0000000080600000| Untracked 
|   6|0x0000000080600000, 0x0000000080700000, 0x0000000080700000|100%| O|  |TAMS 0x0000000080700000, 0x0000000080700000| Untracked 
|   7|0x0000000080700000, 0x0000000080800000, 0x0000000080800000|100%| O|  |TAMS 0x0000000080800000, 0x0000000080800000| Untracked 
|   8|0x0000000080800000, 0x0000000080900000, 0x0000000080900000|100%| O|  |TAMS 0x0000000080900000, 0x0000000080900000| Untracked 
|   9|0x0000000080900000, 0x0000000080a00000, 0x0000000080a00000|100%| O|  |TAMS 0x0000000080948c00, 0x0000000080a00000| Untracked 
|  10|0x0000000080a00000, 0x0000000080b00000, 0x0000000080b00000|100%| O|  |TAMS 0x0000000080b00000, 0x0000000080b00000| Untracked 
|  11|0x0000000080b00000, 0x0000000080c00000, 0x0000000080c00000|100%|HS|  |TAMS 0x0000000080c00000, 0x0000000080c00000| Complete 
|  12|0x0000000080c00000, 0x0000000080d00000, 0x0000000080d00000|100%| O|  |TAMS 0x0000000080d00000, 0x0000000080d00000| Untracked 
|  13|0x0000000080d00000, 0x0000000080e00000, 0x0000000080e00000|100%| O|  |TAMS 0x0000000080e00000, 0x0000000080e00000| Untracked 
|  14|0x0000000080e00000, 0x0000000080f00000, 0x0000000080f00000|100%| O|  |TAMS 0x0000000080f00000, 0x0000000080f00000| Untracked 
|  15|0x0000000080f00000, 0x0000000081000000, 0x0000000081000000|100%| O|  |TAMS 0x0000000081000000, 0x0000000081000000| Untracked 
|  16|0x0000000081000000, 0x0000000081100000, 0x0000000081100000|100%| O|  |TAMS 0x0000000081100000, 0x0000000081100000| Untracked 
|  17|0x0000000081100000, 0x0000000081200000, 0x0000000081200000|100%| O|  |TAMS 0x0000000081200000, 0x0000000081200000| Untracked 
|  18|0x0000000081200000, 0x0000000081300000, 0x0000000081300000|100%| O|  |TAMS 0x0000000081300000, 0x0000000081300000| Untracked 
|  19|0x0000000081300000, 0x0000000081400000, 0x0000000081400000|100%| O|  |TAMS 0x0000000081400000, 0x0000000081400000| Untracked 
|  20|0x0000000081400000, 0x0000000081500000, 0x0000000081500000|100%|HS|  |TAMS 0x0000000081500000, 0x0000000081500000| Complete 
|  21|0x0000000081500000, 0x0000000081600000, 0x0000000081600000|100%|HC|  |TAMS 0x0000000081600000, 0x0000000081600000| Complete 
|  22|0x0000000081600000, 0x0000000081700000, 0x0000000081700000|100%|HC|  |TAMS 0x0000000081700000, 0x0000000081700000| Complete 
|  23|0x0000000081700000, 0x0000000081800000, 0x0000000081800000|100%|HC|  |TAMS 0x0000000081800000, 0x0000000081800000| Complete 
|  24|0x0000000081800000, 0x0000000081900000, 0x0000000081900000|100%|HC|  |TAMS 0x0000000081900000, 0x0000000081900000| Complete 
|  25|0x0000000081900000, 0x0000000081a00000, 0x0000000081a00000|100%|HS|  |TAMS 0x0000000081a00000, 0x0000000081a00000| Complete 
|  26|0x0000000081a00000, 0x0000000081b00000, 0x0000000081b00000|100%|HC|  |TAMS 0x0000000081b00000, 0x0000000081b00000| Complete 
|  27|0x0000000081b00000, 0x0000000081c00000, 0x0000000081c00000|100%|HC|  |TAMS 0x0000000081c00000, 0x0000000081c00000| Complete 
|  28|0x0000000081c00000, 0x0000000081d00000, 0x0000000081d00000|100%| O|  |TAMS 0x0000000081d00000, 0x0000000081d00000| Untracked 
|  29|0x0000000081d00000, 0x0000000081e00000, 0x0000000081e00000|100%| O|  |TAMS 0x0000000081e00000, 0x0000000081e00000| Untracked 
|  30|0x0000000081e00000, 0x0000000081f00000, 0x0000000081f00000|100%| O|  |TAMS 0x0000000081f00000, 0x0000000081f00000| Untracked 
|  31|0x0000000081f00000, 0x0000000082000000, 0x0000000082000000|100%| O|  |TAMS 0x0000000082000000, 0x0000000082000000| Untracked 
|  32|0x0000000082000000, 0x0000000082100000, 0x0000000082100000|100%|HS|  |TAMS 0x0000000082100000, 0x0000000082100000| Complete 
|  33|0x0000000082100000, 0x0000000082200000, 0x0000000082200000|100%| O|  |TAMS 0x0000000082200000, 0x0000000082200000| Untracked 
|  34|0x0000000082200000, 0x0000000082300000, 0x0000000082300000|100%|HS|  |TAMS 0x0000000082300000, 0x0000000082300000| Complete 
|  35|0x0000000082300000, 0x0000000082400000, 0x0000000082400000|100%|HC|  |TAMS 0x0000000082400000, 0x0000000082400000| Complete 
|  36|0x0000000082400000, 0x0000000082500000, 0x0000000082500000|100%|HC|  |TAMS 0x0000000082500000, 0x0000000082500000| Complete 
|  37|0x0000000082500000, 0x0000000082600000, 0x0000000082600000|100%| O|  |TAMS 0x0000000082600000, 0x0000000082600000| Untracked 
|  38|0x0000000082600000, 0x0000000082700000, 0x0000000082700000|100%| O|  |TAMS 0x0000000082700000, 0x0000000082700000| Untracked 
|  39|0x0000000082700000, 0x0000000082800000, 0x0000000082800000|100%| O|  |TAMS 0x0000000082700000, 0x0000000082800000| Untracked 
|  40|0x0000000082800000, 0x0000000082900000, 0x0000000082900000|100%| O|  |TAMS 0x0000000082800000, 0x0000000082900000| Untracked 
|  41|0x0000000082900000, 0x0000000082a00000, 0x0000000082a00000|100%| O|  |TAMS 0x0000000082a00000, 0x0000000082a00000| Untracked 
|  42|0x0000000082a00000, 0x0000000082b00000, 0x0000000082b00000|100%| O|  |TAMS 0x0000000082a00000, 0x0000000082b00000| Untracked 
|  43|0x0000000082b00000, 0x0000000082c00000, 0x0000000082c00000|100%| O|  |TAMS 0x0000000082b00000, 0x0000000082c00000| Untracked 
|  44|0x0000000082c00000, 0x0000000082d00000, 0x0000000082d00000|100%| O|  |TAMS 0x0000000082c00000, 0x0000000082d00000| Untracked 
|  45|0x0000000082d00000, 0x0000000082e00000, 0x0000000082e00000|100%| O|  |TAMS 0x0000000082d00000, 0x0000000082e00000| Untracked 
|  46|0x0000000082e00000, 0x0000000082f00000, 0x0000000082f00000|100%| O|  |TAMS 0x0000000082e00000, 0x0000000082f00000| Untracked 
|  47|0x0000000082f00000, 0x0000000083000000, 0x0000000083000000|100%| O|  |TAMS 0x0000000082f00000, 0x0000000083000000| Untracked 
|  48|0x0000000083000000, 0x0000000083100000, 0x0000000083100000|100%| O|  |TAMS 0x0000000083000000, 0x0000000083100000| Untracked 
|  49|0x0000000083100000, 0x0000000083200000, 0x0000000083200000|100%| O|  |TAMS 0x0000000083100000, 0x0000000083200000| Untracked 
|  50|0x0000000083200000, 0x0000000083300000, 0x0000000083300000|100%| O|  |TAMS 0x0000000083200000, 0x0000000083300000| Untracked 
|  51|0x0000000083300000, 0x0000000083400000, 0x0000000083400000|100%| O|  |TAMS 0x0000000083300000, 0x0000000083400000| Untracked 
|  52|0x0000000083400000, 0x0000000083500000, 0x0000000083500000|100%|HS|  |TAMS 0x0000000083400000, 0x0000000083500000| Complete 
|  53|0x0000000083500000, 0x0000000083600000, 0x0000000083600000|100%|HC|  |TAMS 0x0000000083500000, 0x0000000083600000| Complete 
|  54|0x0000000083600000, 0x0000000083700000, 0x0000000083700000|100%|HC|  |TAMS 0x0000000083600000, 0x0000000083700000| Complete 
|  55|0x0000000083700000, 0x0000000083800000, 0x0000000083800000|100%| O|  |TAMS 0x0000000083700000, 0x0000000083800000| Untracked 
|  56|0x0000000083800000, 0x0000000083900000, 0x0000000083900000|100%| O|  |TAMS 0x0000000083800000, 0x0000000083900000| Untracked 
|  57|0x0000000083900000, 0x0000000083a00000, 0x0000000083a00000|100%| O|  |TAMS 0x0000000083900000, 0x0000000083a00000| Untracked 
|  58|0x0000000083a00000, 0x0000000083b00000, 0x0000000083b00000|100%| O|  |TAMS 0x0000000083a00000, 0x0000000083b00000| Untracked 
|  59|0x0000000083b00000, 0x0000000083c00000, 0x0000000083c00000|100%| O|  |TAMS 0x0000000083b00000, 0x0000000083c00000| Untracked 
|  60|0x0000000083c00000, 0x0000000083d00000, 0x0000000083d00000|100%| O|  |TAMS 0x0000000083c00000, 0x0000000083d00000| Untracked 
|  61|0x0000000083d00000, 0x0000000083d00000, 0x0000000083e00000|  0%| F|  |TAMS 0x0000000083d00000, 0x0000000083d00000| Untracked 
|  62|0x0000000083e00000, 0x0000000083f00000, 0x0000000083f00000|100%| O|  |TAMS 0x0000000083e00000, 0x0000000083f00000| Untracked 
|  63|0x0000000083f00000, 0x0000000084000000, 0x0000000084000000|100%| O|  |TAMS 0x0000000083f00000, 0x0000000084000000| Untracked 
|  64|0x0000000084000000, 0x0000000084100000, 0x0000000084100000|100%| O|  |TAMS 0x0000000084000000, 0x0000000084100000| Untracked 
|  65|0x0000000084100000, 0x0000000084200000, 0x0000000084200000|100%| O|  |TAMS 0x0000000084100000, 0x0000000084200000| Untracked 
|  66|0x0000000084200000, 0x0000000084300000, 0x0000000084300000|100%| O|  |TAMS 0x0000000084200000, 0x0000000084300000| Untracked 
|  67|0x0000000084300000, 0x0000000084400000, 0x0000000084400000|100%| O|  |TAMS 0x0000000084300000, 0x0000000084400000| Untracked 
|  68|0x0000000084400000, 0x0000000084500000, 0x0000000084500000|100%| O|  |TAMS 0x0000000084400000, 0x0000000084500000| Untracked 
|  69|0x0000000084500000, 0x0000000084600000, 0x0000000084600000|100%| O|  |TAMS 0x0000000084500000, 0x0000000084600000| Untracked 
|  70|0x0000000084600000, 0x0000000084700000, 0x0000000084700000|100%| O|  |TAMS 0x0000000084600000, 0x0000000084700000| Untracked 
|  71|0x0000000084700000, 0x0000000084800000, 0x0000000084800000|100%| O|  |TAMS 0x0000000084700000, 0x0000000084800000| Untracked 
|  72|0x0000000084800000, 0x0000000084900000, 0x0000000084900000|100%| O|  |TAMS 0x0000000084800000, 0x0000000084900000| Untracked 
|  73|0x0000000084900000, 0x0000000084900000, 0x0000000084a00000|  0%| F|  |TAMS 0x0000000084900000, 0x0000000084900000| Untracked 
|  74|0x0000000084a00000, 0x0000000084b00000, 0x0000000084b00000|100%| O|  |TAMS 0x0000000084a00000, 0x0000000084b00000| Untracked 
|  75|0x0000000084b00000, 0x0000000084c00000, 0x0000000084c00000|100%| O|  |TAMS 0x0000000084b00000, 0x0000000084c00000| Untracked 
|  76|0x0000000084c00000, 0x0000000084d00000, 0x0000000084d00000|100%| O|  |TAMS 0x0000000084c00000, 0x0000000084d00000| Untracked 
|  77|0x0000000084d00000, 0x0000000084e00000, 0x0000000084e00000|100%| O|  |TAMS 0x0000000084d00000, 0x0000000084e00000| Untracked 
|  78|0x0000000084e00000, 0x0000000084f00000, 0x0000000084f00000|100%| O|  |TAMS 0x0000000084e00000, 0x0000000084f00000| Untracked 
|  79|0x0000000084f00000, 0x0000000085000000, 0x0000000085000000|100%| O|  |TAMS 0x0000000084f00000, 0x0000000085000000| Untracked 
|  80|0x0000000085000000, 0x0000000085100000, 0x0000000085100000|100%| O|  |TAMS 0x0000000085000000, 0x0000000085100000| Untracked 
|  81|0x0000000085100000, 0x0000000085100000, 0x0000000085200000|  0%| F|  |TAMS 0x0000000085100000, 0x0000000085100000| Untracked 
|  82|0x0000000085200000, 0x0000000085200000, 0x0000000085300000|  0%| F|  |TAMS 0x0000000085200000, 0x0000000085200000| Untracked 
|  83|0x0000000085300000, 0x0000000085300000, 0x0000000085400000|  0%| F|  |TAMS 0x0000000085300000, 0x0000000085300000| Untracked 
|  84|0x0000000085400000, 0x0000000085400000, 0x0000000085500000|  0%| F|  |TAMS 0x0000000085400000, 0x0000000085400000| Untracked 
|  85|0x0000000085500000, 0x0000000085500000, 0x0000000085600000|  0%| F|  |TAMS 0x0000000085500000, 0x0000000085500000| Untracked 
|  86|0x0000000085600000, 0x0000000085600000, 0x0000000085700000|  0%| F|  |TAMS 0x0000000085600000, 0x0000000085600000| Untracked 
|  87|0x0000000085700000, 0x0000000085700000, 0x0000000085800000|  0%| F|  |TAMS 0x0000000085700000, 0x0000000085700000| Untracked 
|  88|0x0000000085800000, 0x0000000085800000, 0x0000000085900000|  0%| F|  |TAMS 0x0000000085800000, 0x0000000085800000| Untracked 
|  89|0x0000000085900000, 0x0000000085900000, 0x0000000085a00000|  0%| F|  |TAMS 0x0000000085900000, 0x0000000085900000| Untracked 
|  90|0x0000000085a00000, 0x0000000085a00000, 0x0000000085b00000|  0%| F|  |TAMS 0x0000000085a00000, 0x0000000085a00000| Untracked 
|  91|0x0000000085b00000, 0x0000000085b00000, 0x0000000085c00000|  0%| F|  |TAMS 0x0000000085b00000, 0x0000000085b00000| Untracked 
|  92|0x0000000085c00000, 0x0000000085c00000, 0x0000000085d00000|  0%| F|  |TAMS 0x0000000085c00000, 0x0000000085c00000| Untracked 
|  93|0x0000000085d00000, 0x0000000085d00000, 0x0000000085e00000|  0%| F|  |TAMS 0x0000000085d00000, 0x0000000085d00000| Untracked 
|  94|0x0000000085e00000, 0x0000000085e00000, 0x0000000085f00000|  0%| F|  |TAMS 0x0000000085e00000, 0x0000000085e00000| Untracked 
|  95|0x0000000085f00000, 0x0000000085f00000, 0x0000000086000000|  0%| F|  |TAMS 0x0000000085f00000, 0x0000000085f00000| Untracked 
|  96|0x0000000086000000, 0x0000000086000000, 0x0000000086100000|  0%| F|  |TAMS 0x0000000086000000, 0x0000000086000000| Untracked 
|  97|0x0000000086100000, 0x0000000086100000, 0x0000000086200000|  0%| F|  |TAMS 0x0000000086100000, 0x0000000086100000| Untracked 
|  98|0x0000000086200000, 0x0000000086200000, 0x0000000086300000|  0%| F|  |TAMS 0x0000000086200000, 0x0000000086200000| Untracked 
|  99|0x0000000086300000, 0x0000000086300000, 0x0000000086400000|  0%| F|  |TAMS 0x0000000086300000, 0x0000000086300000| Untracked 
| 100|0x0000000086400000, 0x0000000086400000, 0x0000000086500000|  0%| F|  |TAMS 0x0000000086400000, 0x0000000086400000| Untracked 
| 101|0x0000000086500000, 0x0000000086500000, 0x0000000086600000|  0%| F|  |TAMS 0x0000000086500000, 0x0000000086500000| Untracked 
| 102|0x0000000086600000, 0x0000000086600000, 0x0000000086700000|  0%| F|  |TAMS 0x0000000086600000, 0x0000000086600000| Untracked 
| 103|0x0000000086700000, 0x0000000086700000, 0x0000000086800000|  0%| F|  |TAMS 0x0000000086700000, 0x0000000086700000| Untracked 
| 104|0x0000000086800000, 0x0000000086800000, 0x0000000086900000|  0%| F|  |TAMS 0x0000000086800000, 0x0000000086800000| Untracked 
| 105|0x0000000086900000, 0x0000000086900000, 0x0000000086a00000|  0%| F|  |TAMS 0x0000000086900000, 0x0000000086900000| Untracked 
| 106|0x0000000086a00000, 0x0000000086a00000, 0x0000000086b00000|  0%| F|  |TAMS 0x0000000086a00000, 0x0000000086a00000| Untracked 
| 107|0x0000000086b00000, 0x0000000086b00000, 0x0000000086c00000|  0%| F|  |TAMS 0x0000000086b00000, 0x0000000086b00000| Untracked 
| 108|0x0000000086c00000, 0x0000000086c00000, 0x0000000086d00000|  0%| F|  |TAMS 0x0000000086c00000, 0x0000000086c00000| Untracked 
| 109|0x0000000086d00000, 0x0000000086ddcc10, 0x0000000086e00000| 86%| S|CS|TAMS 0x0000000086d00000, 0x0000000086d00000| Complete 
| 110|0x0000000086e00000, 0x0000000086e00000, 0x0000000086f00000|  0%| F|  |TAMS 0x0000000086e00000, 0x0000000086e00000| Untracked 
| 111|0x0000000086f00000, 0x0000000086f00000, 0x0000000087000000|  0%| F|  |TAMS 0x0000000086f00000, 0x0000000086f00000| Untracked 
| 112|0x0000000087000000, 0x0000000087000000, 0x0000000087100000|  0%| F|  |TAMS 0x0000000087000000, 0x0000000087000000| Untracked 
| 113|0x0000000087100000, 0x0000000087100000, 0x0000000087200000|  0%| F|  |TAMS 0x0000000087100000, 0x0000000087100000| Untracked 
| 114|0x0000000087200000, 0x0000000087200000, 0x0000000087300000|  0%| F|  |TAMS 0x0000000087200000, 0x0000000087200000| Untracked 
| 115|0x0000000087300000, 0x0000000087300000, 0x0000000087400000|  0%| F|  |TAMS 0x0000000087300000, 0x0000000087300000| Untracked 
| 116|0x0000000087400000, 0x0000000087400000, 0x0000000087500000|  0%| F|  |TAMS 0x0000000087400000, 0x0000000087400000| Untracked 
| 117|0x0000000087500000, 0x0000000087500000, 0x0000000087600000|  0%| F|  |TAMS 0x0000000087500000, 0x0000000087500000| Untracked 
| 118|0x0000000087600000, 0x0000000087600000, 0x0000000087700000|  0%| F|  |TAMS 0x0000000087600000, 0x0000000087600000| Untracked 
| 119|0x0000000087700000, 0x0000000087700000, 0x0000000087800000|  0%| F|  |TAMS 0x0000000087700000, 0x0000000087700000| Untracked 
| 120|0x0000000087800000, 0x0000000087800000, 0x0000000087900000|  0%| F|  |TAMS 0x0000000087800000, 0x0000000087800000| Untracked 
| 121|0x0000000087900000, 0x0000000087900000, 0x0000000087a00000|  0%| F|  |TAMS 0x0000000087900000, 0x0000000087900000| Untracked 
| 122|0x0000000087a00000, 0x0000000087a00000, 0x0000000087b00000|  0%| F|  |TAMS 0x0000000087a00000, 0x0000000087a00000| Untracked 
| 123|0x0000000087b00000, 0x0000000087b00000, 0x0000000087c00000|  0%| F|  |TAMS 0x0000000087b00000, 0x0000000087b00000| Untracked 
| 124|0x0000000087c00000, 0x0000000087c00000, 0x0000000087d00000|  0%| F|  |TAMS 0x0000000087c00000, 0x0000000087c00000| Untracked 
| 125|0x0000000087d00000, 0x0000000087d00000, 0x0000000087e00000|  0%| F|  |TAMS 0x0000000087d00000, 0x0000000087d00000| Untracked 
| 126|0x0000000087e00000, 0x0000000087e00000, 0x0000000087f00000|  0%| F|  |TAMS 0x0000000087e00000, 0x0000000087e00000| Untracked 
| 127|0x0000000087f00000, 0x0000000087f00000, 0x0000000088000000|  0%| F|  |TAMS 0x0000000087f00000, 0x0000000087f00000| Untracked 
| 128|0x0000000088000000, 0x0000000088000000, 0x0000000088100000|  0%| F|  |TAMS 0x0000000088000000, 0x0000000088000000| Untracked 
| 129|0x0000000088100000, 0x0000000088100000, 0x0000000088200000|  0%| F|  |TAMS 0x0000000088100000, 0x0000000088100000| Untracked 
| 130|0x0000000088200000, 0x0000000088200000, 0x0000000088300000|  0%| F|  |TAMS 0x0000000088200000, 0x0000000088200000| Untracked 
| 131|0x0000000088300000, 0x0000000088300000, 0x0000000088400000|  0%| F|  |TAMS 0x0000000088300000, 0x0000000088300000| Untracked 
| 132|0x0000000088400000, 0x0000000088400000, 0x0000000088500000|  0%| F|  |TAMS 0x0000000088400000, 0x0000000088400000| Untracked 
| 133|0x0000000088500000, 0x0000000088500000, 0x0000000088600000|  0%| F|  |TAMS 0x0000000088500000, 0x0000000088500000| Untracked 
| 134|0x0000000088600000, 0x0000000088600000, 0x0000000088700000|  0%| F|  |TAMS 0x0000000088600000, 0x0000000088600000| Untracked 
| 135|0x0000000088700000, 0x0000000088700000, 0x0000000088800000|  0%| F|  |TAMS 0x0000000088700000, 0x0000000088700000| Untracked 
| 136|0x0000000088800000, 0x0000000088800000, 0x0000000088900000|  0%| F|  |TAMS 0x0000000088800000, 0x0000000088800000| Untracked 
| 137|0x0000000088900000, 0x0000000088900000, 0x0000000088a00000|  0%| F|  |TAMS 0x0000000088900000, 0x0000000088900000| Untracked 
| 138|0x0000000088a00000, 0x0000000088a00000, 0x0000000088b00000|  0%| F|  |TAMS 0x0000000088a00000, 0x0000000088a00000| Untracked 
| 139|0x0000000088b00000, 0x0000000088b00000, 0x0000000088c00000|  0%| F|  |TAMS 0x0000000088b00000, 0x0000000088b00000| Untracked 
| 140|0x0000000088c00000, 0x0000000088c00000, 0x0000000088d00000|  0%| F|  |TAMS 0x0000000088c00000, 0x0000000088c00000| Untracked 
| 141|0x0000000088d00000, 0x0000000088d00000, 0x0000000088e00000|  0%| F|  |TAMS 0x0000000088d00000, 0x0000000088d00000| Untracked 
| 142|0x0000000088e00000, 0x0000000088e00000, 0x0000000088f00000|  0%| F|  |TAMS 0x0000000088e00000, 0x0000000088e00000| Untracked 
| 143|0x0000000088f00000, 0x0000000088f00000, 0x0000000089000000|  0%| F|  |TAMS 0x0000000088f00000, 0x0000000088f00000| Untracked 
| 144|0x0000000089000000, 0x0000000089000000, 0x0000000089100000|  0%| F|  |TAMS 0x0000000089000000, 0x0000000089000000| Untracked 
| 145|0x0000000089100000, 0x0000000089100000, 0x0000000089200000|  0%| F|  |TAMS 0x0000000089100000, 0x0000000089100000| Untracked 
| 146|0x0000000089200000, 0x0000000089200000, 0x0000000089300000|  0%| F|  |TAMS 0x0000000089200000, 0x0000000089200000| Untracked 
| 147|0x0000000089300000, 0x0000000089300000, 0x0000000089400000|  0%| F|  |TAMS 0x0000000089300000, 0x0000000089300000| Untracked 
| 148|0x0000000089400000, 0x0000000089400000, 0x0000000089500000|  0%| F|  |TAMS 0x0000000089400000, 0x0000000089400000| Untracked 
| 149|0x0000000089500000, 0x0000000089500000, 0x0000000089600000|  0%| F|  |TAMS 0x0000000089500000, 0x0000000089500000| Untracked 
| 150|0x0000000089600000, 0x0000000089600000, 0x0000000089700000|  0%| F|  |TAMS 0x0000000089600000, 0x0000000089600000| Untracked 
| 151|0x0000000089700000, 0x0000000089700000, 0x0000000089800000|  0%| F|  |TAMS 0x0000000089700000, 0x0000000089700000| Untracked 
| 152|0x0000000089800000, 0x0000000089800000, 0x0000000089900000|  0%| F|  |TAMS 0x0000000089800000, 0x0000000089800000| Untracked 
| 153|0x0000000089900000, 0x0000000089900000, 0x0000000089a00000|  0%| F|  |TAMS 0x0000000089900000, 0x0000000089900000| Untracked 
| 154|0x0000000089a00000, 0x0000000089a00000, 0x0000000089b00000|  0%| F|  |TAMS 0x0000000089a00000, 0x0000000089a00000| Untracked 
| 155|0x0000000089b00000, 0x0000000089b00000, 0x0000000089c00000|  0%| F|  |TAMS 0x0000000089b00000, 0x0000000089b00000| Untracked 
| 156|0x0000000089c00000, 0x0000000089c00000, 0x0000000089d00000|  0%| F|  |TAMS 0x0000000089c00000, 0x0000000089c00000| Untracked 
| 157|0x0000000089d00000, 0x0000000089d00000, 0x0000000089e00000|  0%| F|  |TAMS 0x0000000089d00000, 0x0000000089d00000| Untracked 
| 158|0x0000000089e00000, 0x0000000089e00000, 0x0000000089f00000|  0%| F|  |TAMS 0x0000000089e00000, 0x0000000089e00000| Untracked 
| 159|0x0000000089f00000, 0x0000000089f00000, 0x000000008a000000|  0%| F|  |TAMS 0x0000000089f00000, 0x0000000089f00000| Untracked 
| 160|0x000000008a000000, 0x000000008a000000, 0x000000008a100000|  0%| F|  |TAMS 0x000000008a000000, 0x000000008a000000| Untracked 
| 161|0x000000008a100000, 0x000000008a100000, 0x000000008a200000|  0%| F|  |TAMS 0x000000008a100000, 0x000000008a100000| Untracked 
| 162|0x000000008a200000, 0x000000008a200000, 0x000000008a300000|  0%| F|  |TAMS 0x000000008a200000, 0x000000008a200000| Untracked 
| 163|0x000000008a300000, 0x000000008a300000, 0x000000008a400000|  0%| F|  |TAMS 0x000000008a300000, 0x000000008a300000| Untracked 
| 164|0x000000008a400000, 0x000000008a400000, 0x000000008a500000|  0%| F|  |TAMS 0x000000008a400000, 0x000000008a400000| Untracked 
| 165|0x000000008a500000, 0x000000008a500000, 0x000000008a600000|  0%| F|  |TAMS 0x000000008a500000, 0x000000008a500000| Untracked 
| 166|0x000000008a600000, 0x000000008a600000, 0x000000008a700000|  0%| F|  |TAMS 0x000000008a600000, 0x000000008a600000| Untracked 
| 167|0x000000008a700000, 0x000000008a700000, 0x000000008a800000|  0%| F|  |TAMS 0x000000008a700000, 0x000000008a700000| Untracked 

Card table byte_map: [0x0000025ca6510000,0x0000025ca6910000] _byte_map_base: 0x0000025ca6110000

Marking Bits (Prev, Next): (CMBitMap*) 0x0000025c9395dc00, (CMBitMap*) 0x0000025c9395dbc0
 Prev Bits: [0x0000025ca8d10000, 0x0000025caad10000)
 Next Bits: [0x0000025ca6d10000, 0x0000025ca8d10000)

Polling page: 0x0000025c930c0000

Metaspace:

Usage:
  Non-class:     51.16 MB used.
      Class:      8.10 MB used.
       Both:     59.26 MB used.

Virtual space:
  Non-class space:       64.00 MB reserved,      51.44 MB ( 80%) committed,  1 nodes.
      Class space:        1.00 GB reserved,       8.38 MB ( <1%) committed,  1 nodes.
             Both:        1.06 GB reserved,      59.81 MB (  5%) committed. 

Chunk freelists:
   Non-Class:  11.84 MB
       Class:  7.47 MB
        Both:  19.31 MB

MaxMetaspaceSize: unlimited
CompressedClassSpaceSize: 1.00 GB
Initial GC threshold: 21.00 MB
Current GC threshold: 80.88 MB
CDS: off
MetaspaceReclaimPolicy: balanced
 - commit_granule_bytes: 65536.
 - commit_granule_words: 8192.
 - virtual_space_node_default_size: 8388608.
 - enlarge_chunks_in_place: 1.
 - new_chunks_are_fully_committed: 0.
 - uncommit_free_chunks: 1.
 - use_allocation_guard: 0.
 - handle_deallocations: 1.


Internal statistics:

num_allocs_failed_limit: 3.
num_arena_births: 632.
num_arena_deaths: 0.
num_vsnodes_births: 2.
num_vsnodes_deaths: 0.
num_space_committed: 957.
num_space_uncommitted: 0.
num_chunks_returned_to_freelist: 3.
num_chunks_taken_from_freelist: 2704.
num_chunk_merges: 3.
num_chunk_splits: 1755.
num_chunks_enlarged: 1194.
num_inconsistent_stats: 0.

CodeHeap 'non-profiled nmethods': size=120000Kb used=2425Kb max_used=2962Kb free=117575Kb
 bounds [0x0000025c9e8b0000, 0x0000025c9eba0000, 0x0000025ca5de0000]
CodeHeap 'profiled nmethods': size=120000Kb used=10494Kb max_used=10930Kb free=109505Kb
 bounds [0x0000025c96de0000, 0x0000025c97890000, 0x0000025c9e310000]
CodeHeap 'non-nmethods': size=5760Kb used=2343Kb max_used=2388Kb free=3416Kb
 bounds [0x0000025c9e310000, 0x0000025c9e580000, 0x0000025c9e8b0000]
 total_blobs=6505 nmethods=5653 adapters=764
 compilation: enabled
              stopped_count=0, restarted_count=0
 full_count=0

Compilation events (20 events):
Event: 11.680 Thread 0x0000025cad9d4a20 6583       2       org.objectweb.asm.ByteVector::putLong (145 bytes)
Event: 11.681 Thread 0x0000025cad9d4a20 nmethod 6583 0x0000025c97045290 code [0x0000025c97045440, 0x0000025c970456e8]
Event: 11.706 Thread 0x0000025cad9d4110 nmethod 6517 0x0000025c9ea99110 code [0x0000025c9ea99300, 0x0000025c9ea9ac48]
Event: 11.706 Thread 0x0000025cad9d4110 6561       4       org.objectweb.asm.Type::getArgumentsAndReturnSizes (140 bytes)
Event: 11.708 Thread 0x0000025cad9d4a20 6585       2       org.gradle.internal.classpath.transforms.LambdaSerializationTransformer::access$800 (4 bytes)
Event: 11.708 Thread 0x0000025cad9d4a20 nmethod 6585 0x0000025c97044f90 code [0x0000025c97045120, 0x0000025c97045218]
Event: 11.709 Thread 0x0000025cad9d4a20 6589       2       org.gradle.internal.classpath.transforms.InstrumentingBackwardsCompatibilityVisitor::fixAsmObjectsForBackwardsCompatibility (31 bytes)
Event: 11.709 Thread 0x0000025cad9d4a20 nmethod 6589 0x0000025c97044990 code [0x0000025c97044b40, 0x0000025c97044e48]
Event: 11.709 Thread 0x0000025cad9d4a20 6586       2       org.gradle.internal.classpath.transforms.InstrumentingBackwardsCompatibilityVisitor$BackwardCompatibilityMethodVisitor::visitInvokeDynamicInsn (31 bytes)
Event: 11.709 Thread 0x0000025cad9d4a20 nmethod 6586 0x0000025c97044490 code [0x0000025c97044640, 0x0000025c970447f8]
Event: 11.709 Thread 0x0000025cad9d4a20 6587       2       org.gradle.internal.classpath.transforms.InstrumentingBackwardsCompatibilityVisitor::access$300 (5 bytes)
Event: 11.709 Thread 0x0000025cad9d4a20 nmethod 6587 0x0000025c97044010 code [0x0000025c970441a0, 0x0000025c970442a8]
Event: 11.709 Thread 0x0000025cad9d4a20 6588       2       org.gradle.internal.classpath.transforms.InstrumentingBackwardsCompatibilityVisitor::access$400 (5 bytes)
Event: 11.709 Thread 0x0000025cad9d4a20 nmethod 6588 0x0000025c96e98790 code [0x0000025c96e98920, 0x0000025c96e98a28]
Event: 11.709 Thread 0x0000025cad9d4a20 6590       2       org.gradle.internal.classpath.transforms.LambdaSerializationTransformer::access$200 (4 bytes)
Event: 11.709 Thread 0x0000025cad9d4a20 nmethod 6590 0x0000025c96e98490 code [0x0000025c96e98620, 0x0000025c96e98718]
Event: 11.709 Thread 0x0000025cad9d4a20 6591       2       org.gradle.internal.classpath.transforms.LambdaSerializationTransformer::access$300 (4 bytes)
Event: 11.709 Thread 0x0000025cad9d4a20 nmethod 6591 0x0000025c96e98190 code [0x0000025c96e98320, 0x0000025c96e98418]
Event: 11.714 Thread 0x0000025cad9d4110 nmethod 6561 0x0000025c9e97ee90 code [0x0000025c9e97f020, 0x0000025c9e97f4f8]
Event: 11.714 Thread 0x0000025cad9d4110 6582       4       org.objectweb.asm.ClassReader::readMethod (1070 bytes)

GC Heap History (20 events):
Event: 7.380 GC heap after
{Heap after GC invocations=18 (full 0):
 garbage-first heap   total 92160K, used 47402K [0x0000000080000000, 0x0000000100000000)
  region size 1024K, 4 young (4096K), 4 survivors (4096K)
 Metaspace       used 48941K, committed 49344K, reserved 1114112K
  class space    used 6615K, committed 6784K, reserved 1048576K
}
Event: 8.226 GC heap before
{Heap before GC invocations=19 (full 0):
 garbage-first heap   total 92160K, used 76074K [0x0000000080000000, 0x0000000100000000)
  region size 1024K, 28 young (28672K), 4 survivors (4096K)
 Metaspace       used 51755K, committed 52224K, reserved 1114112K
  class space    used 6933K, committed 7168K, reserved 1048576K
}
Event: 8.242 GC heap after
{Heap after GC invocations=20 (full 0):
 garbage-first heap   total 134144K, used 49750K [0x0000000080000000, 0x0000000100000000)
  region size 1024K, 3 young (3072K), 3 survivors (3072K)
 Metaspace       used 51755K, committed 52224K, reserved 1114112K
  class space    used 6933K, committed 7168K, reserved 1048576K
}
Event: 8.305 GC heap before
{Heap before GC invocations=20 (full 0):
 garbage-first heap   total 134144K, used 52822K [0x0000000080000000, 0x0000000100000000)
  region size 1024K, 6 young (6144K), 3 survivors (3072K)
 Metaspace       used 51835K, committed 52352K, reserved 1114112K
  class space    used 6946K, committed 7168K, reserved 1048576K
}
Event: 8.309 GC heap after
{Heap after GC invocations=21 (full 0):
 garbage-first heap   total 134144K, used 50114K [0x0000000080000000, 0x0000000100000000)
  region size 1024K, 1 young (1024K), 1 survivors (1024K)
 Metaspace       used 51835K, committed 52352K, reserved 1114112K
  class space    used 6946K, committed 7168K, reserved 1048576K
}
Event: 9.178 GC heap before
{Heap before GC invocations=21 (full 0):
 garbage-first heap   total 134144K, used 98242K [0x0000000080000000, 0x0000000100000000)
  region size 1024K, 48 young (49152K), 1 survivors (1024K)
 Metaspace       used 56144K, committed 56576K, reserved 1114112K
  class space    used 7616K, committed 7808K, reserved 1048576K
}
Event: 9.188 GC heap after
{Heap after GC invocations=22 (full 0):
 garbage-first heap   total 134144K, used 51664K [0x0000000080000000, 0x0000000100000000)
  region size 1024K, 2 young (2048K), 2 survivors (2048K)
 Metaspace       used 56144K, committed 56576K, reserved 1114112K
  class space    used 7616K, committed 7808K, reserved 1048576K
}
Event: 9.906 GC heap before
{Heap before GC invocations=22 (full 0):
 garbage-first heap   total 134144K, used 107984K [0x0000000080000000, 0x0000000100000000)
  region size 1024K, 54 young (55296K), 2 survivors (2048K)
 Metaspace       used 59290K, committed 59904K, reserved 1114112K
  class space    used 8151K, committed 8448K, reserved 1048576K
}
Event: 9.912 GC heap after
{Heap after GC invocations=23 (full 0):
 garbage-first heap   total 134144K, used 57247K [0x0000000080000000, 0x0000000100000000)
  region size 1024K, 5 young (5120K), 5 survivors (5120K)
 Metaspace       used 59290K, committed 59904K, reserved 1114112K
  class space    used 8151K, committed 8448K, reserved 1048576K
}
Event: 10.082 GC heap before
{Heap before GC invocations=23 (full 0):
 garbage-first heap   total 134144K, used 106399K [0x0000000080000000, 0x0000000100000000)
  region size 1024K, 53 young (54272K), 5 survivors (5120K)
 Metaspace       used 59291K, committed 59904K, reserved 1114112K
  class space    used 8151K, committed 8448K, reserved 1048576K
}
Event: 10.089 GC heap after
{Heap after GC invocations=24 (full 0):
 garbage-first heap   total 134144K, used 59519K [0x0000000080000000, 0x0000000100000000)
  region size 1024K, 5 young (5120K), 5 survivors (5120K)
 Metaspace       used 59291K, committed 59904K, reserved 1114112K
  class space    used 8151K, committed 8448K, reserved 1048576K
}
Event: 10.247 GC heap before
{Heap before GC invocations=24 (full 0):
 garbage-first heap   total 134144K, used 108671K [0x0000000080000000, 0x0000000100000000)
  region size 1024K, 53 young (54272K), 5 survivors (5120K)
 Metaspace       used 59291K, committed 59904K, reserved 1114112K
  class space    used 8151K, committed 8448K, reserved 1048576K
}
Event: 10.255 GC heap after
{Heap after GC invocations=25 (full 0):
 garbage-first heap   total 172032K, used 62245K [0x0000000080000000, 0x0000000100000000)
  region size 1024K, 5 young (5120K), 5 survivors (5120K)
 Metaspace       used 59291K, committed 59904K, reserved 1114112K
  class space    used 8151K, committed 8448K, reserved 1048576K
}
Event: 10.667 GC heap before
{Heap before GC invocations=25 (full 0):
 garbage-first heap   total 172032K, used 140069K [0x0000000080000000, 0x0000000100000000)
  region size 1024K, 82 young (83968K), 5 survivors (5120K)
 Metaspace       used 59542K, committed 60096K, reserved 1114112K
  class space    used 8184K, committed 8448K, reserved 1048576K
}
Event: 10.685 GC heap after
{Heap after GC invocations=26 (full 0):
 garbage-first heap   total 172032K, used 70197K [0x0000000080000000, 0x0000000100000000)
  region size 1024K, 11 young (11264K), 11 survivors (11264K)
 Metaspace       used 59542K, committed 60096K, reserved 1114112K
  class space    used 8184K, committed 8448K, reserved 1048576K
}
Event: 10.971 GC heap before
{Heap before GC invocations=26 (full 0):
 garbage-first heap   total 172032K, used 137781K [0x0000000080000000, 0x0000000100000000)
  region size 1024K, 74 young (75776K), 11 survivors (11264K)
 Metaspace       used 60330K, committed 60864K, reserved 1114112K
  class space    used 8266K, committed 8512K, reserved 1048576K
}
Event: 11.017 GC heap after
{Heap after GC invocations=27 (full 0):
 garbage-first heap   total 172032K, used 84164K [0x0000000080000000, 0x0000000100000000)
  region size 1024K, 10 young (10240K), 10 survivors (10240K)
 Metaspace       used 60330K, committed 60864K, reserved 1114112K
  class space    used 8266K, committed 8512K, reserved 1048576K
}
Event: 11.338 GC heap before
{Heap before GC invocations=27 (full 0):
 garbage-first heap   total 172032K, used 136388K [0x0000000080000000, 0x0000000100000000)
  region size 1024K, 61 young (62464K), 10 survivors (10240K)
 Metaspace       used 60531K, committed 61056K, reserved 1114112K
  class space    used 8271K, committed 8512K, reserved 1048576K
}
Event: 11.352 GC heap after
{Heap after GC invocations=28 (full 0):
 garbage-first heap   total 172032K, used 82326K [0x0000000080000000, 0x0000000100000000)
  region size 1024K, 2 young (2048K), 2 survivors (2048K)
 Metaspace       used 60531K, committed 61056K, reserved 1114112K
  class space    used 8271K, committed 8512K, reserved 1048576K
}
Event: 11.720 GC heap before
{Heap before GC invocations=28 (full 0):
 garbage-first heap   total 172032K, used 139670K [0x0000000080000000, 0x0000000100000000)
  region size 1024K, 58 young (59392K), 2 survivors (2048K)
 Metaspace       used 60682K, committed 61248K, reserved 1114112K
  class space    used 8291K, committed 8576K, reserved 1048576K
}

Dll operation events (3 events):
Event: 0.038 Loaded shared library C:\Program Files\Android\Android Studio\jbr\bin\java.dll
Event: 0.208 Loaded shared library C:\Program Files\Android\Android Studio\jbr\bin\zip.dll
Event: 0.605 Loaded shared library C:\Program Files\Android\Android Studio\jbr\bin\verify.dll

Deoptimization events (20 events):
Event: 11.527 Thread 0x0000025cb2df1250 DEOPT PACKING pc=0x0000025c96e16abc sp=0x000000810acf2b80
Event: 11.527 Thread 0x0000025cb2df1250 DEOPT UNPACKING pc=0x0000025c9e36ace3 sp=0x000000810acf2090 mode 0
Event: 11.591 Thread 0x0000025cb2df1250 DEOPT PACKING pc=0x0000025c96e6f344 sp=0x000000810acf31e0
Event: 11.591 Thread 0x0000025cb2df1250 DEOPT UNPACKING pc=0x0000025c9e36ace3 sp=0x000000810acf26f8 mode 0
Event: 11.606 Thread 0x0000025cb2df1250 DEOPT PACKING pc=0x0000025c973fe074 sp=0x000000810acf3890
Event: 11.606 Thread 0x0000025cb2df1250 DEOPT UNPACKING pc=0x0000025c9e36ace3 sp=0x000000810acf2e40 mode 0
Event: 11.621 Thread 0x0000025cb2df1250 DEOPT PACKING pc=0x0000025c96e6f344 sp=0x000000810acf31e0
Event: 11.621 Thread 0x0000025cb2df1250 DEOPT UNPACKING pc=0x0000025c9e36ace3 sp=0x000000810acf26f8 mode 0
Event: 11.629 Thread 0x0000025cb2df1250 DEOPT PACKING pc=0x0000025c96e6f344 sp=0x000000810acf31e0
Event: 11.629 Thread 0x0000025cb2df1250 DEOPT UNPACKING pc=0x0000025c9e36ace3 sp=0x000000810acf26f8 mode 0
Event: 11.677 Thread 0x0000025cb2df1250 DEOPT PACKING pc=0x0000025c96e6f344 sp=0x000000810acf31e0
Event: 11.677 Thread 0x0000025cb2df1250 DEOPT UNPACKING pc=0x0000025c9e36ace3 sp=0x000000810acf26f8 mode 0
Event: 11.680 Thread 0x0000025cb2df1250 DEOPT PACKING pc=0x0000025c96e6f344 sp=0x000000810acf3800
Event: 11.680 Thread 0x0000025cb2df1250 DEOPT UNPACKING pc=0x0000025c9e36ace3 sp=0x000000810acf2d18 mode 0
Event: 11.680 Thread 0x0000025cb2df1250 DEOPT PACKING pc=0x0000025c96e6f344 sp=0x000000810acf31e0
Event: 11.680 Thread 0x0000025cb2df1250 DEOPT UNPACKING pc=0x0000025c9e36ace3 sp=0x000000810acf26f8 mode 0
Event: 11.687 Thread 0x0000025cb2df1250 DEOPT PACKING pc=0x0000025c96e6f344 sp=0x000000810acf31e0
Event: 11.688 Thread 0x0000025cb2df1250 DEOPT UNPACKING pc=0x0000025c9e36ace3 sp=0x000000810acf26f8 mode 0
Event: 11.696 Thread 0x0000025cb2df1250 DEOPT PACKING pc=0x0000025c96e6f344 sp=0x000000810acf3800
Event: 11.696 Thread 0x0000025cb2df1250 DEOPT UNPACKING pc=0x0000025c9e36ace3 sp=0x000000810acf2d18 mode 0

Classes unloaded (0 events):
No events

Classes redefined (0 events):
No events

Internal exceptions (20 events):
Event: 9.206 Thread 0x0000025cb2df1250 Exception <a 'java/lang/NoSuchMethodError'{0x00000000882b8bc8}: 'java.lang.Object java.lang.invoke.Invokers$Holder.linkToTargetMethod(java.lang.Object, java.lang.Object, java.lang.Object, java.lang.Object, long, java.lang.Object, java.lang.Object)'> (0x00000000882b8bc8) 
thrown [s\src\hotspot\share\interpreter\linkResolver.cpp, line 771]
Event: 9.212 Thread 0x0000025cb2df1250 Exception <a 'java/lang/NoSuchMethodError'{0x00000000882ff930}: 'java.lang.Object java.lang.invoke.DirectMethodHandle$Holder.newInvokeSpecial(java.lang.Object, java.lang.Object, java.lang.Object, long, java.lang.Object)'> (0x00000000882ff930) 
thrown [s\src\hotspot\share\interpreter\linkResolver.cpp, line 771]
Event: 9.212 Thread 0x0000025cb2df1250 Exception <a 'java/lang/NoSuchMethodError'{0x0000000088105268}: 'java.lang.Object java.lang.invoke.DirectMethodHandle$Holder.invokeSpecial(java.lang.Object, java.lang.Object, java.lang.Object, java.lang.Object, long, java.lang.Object)'> (0x0000000088105268) 
thrown [s\src\hotspot\share\interpreter\linkResolver.cpp, line 771]
Event: 9.213 Thread 0x0000025cb2df1250 Exception <a 'java/lang/NoSuchMethodError'{0x0000000088109d40}: 'java.lang.Object java.lang.invoke.Invokers$Holder.linkToTargetMethod(java.lang.Object, java.lang.Object, long, java.lang.Object, java.lang.Object)'> (0x0000000088109d40) 
thrown [s\src\hotspot\share\interpreter\linkResolver.cpp, line 771]
Event: 9.292 Thread 0x0000025cb2df1250 Implicit null exception at 0x0000025c9eaf3b6c to 0x0000025c9eaf3c10
Event: 9.316 Thread 0x0000025cb2df1250 Exception <a 'java/lang/ClassNotFoundException'{0x0000000087cc8e08}: org/gradle/api/internal/artifacts/dsl/dependencies/DefaultDependencyHandler_DecoratedBeanInfo> (0x0000000087cc8e08) 
thrown [s\src\hotspot\share\classfile\systemDictionary.cpp, line 256]
Event: 9.316 Thread 0x0000025cb2df1250 Exception <a 'java/lang/ClassNotFoundException'{0x0000000087ce0898}: org/gradle/api/internal/artifacts/dsl/dependencies/DefaultDependencyHandlerBeanInfo> (0x0000000087ce0898) 
thrown [s\src\hotspot\share\classfile\systemDictionary.cpp, line 256]
Event: 9.317 Thread 0x0000025cb2df1250 Exception <a 'java/lang/ClassNotFoundException'{0x0000000087cf82e8}: org/gradle/api/internal/artifacts/dsl/dependencies/DefaultDependencyHandlerCustomizer> (0x0000000087cf82e8) 
thrown [s\src\hotspot\share\classfile\systemDictionary.cpp, line 256]
Event: 9.321 Thread 0x0000025cb2df1250 Exception <a 'java/lang/ClassNotFoundException'{0x0000000087b3aad0}: org/gradle/api/internal/artifacts/dsl/dependencies/DefaultDependencyHandler_DecoratedCustomizer> (0x0000000087b3aad0) 
thrown [s\src\hotspot\share\classfile\systemDictionary.cpp, line 256]
Event: 9.324 Thread 0x0000025cb2df1250 Exception <a 'java/lang/ClassNotFoundException'{0x0000000087b7ffa8}: sync_studio_tooling5451_dzdtwflfkqt7xwnmyhx7p3dz1$_run_closure1BeanInfo> (0x0000000087b7ffa8) 
thrown [s\src\hotspot\share\classfile\systemDictionary.cpp, line 256]
Event: 9.324 Thread 0x0000025cb2df1250 Exception <a 'java/lang/ClassNotFoundException'{0x0000000087b88670}: sync_studio_tooling5451_dzdtwflfkqt7xwnmyhx7p3dz1$_run_closure1Customizer> (0x0000000087b88670) 
thrown [s\src\hotspot\share\classfile\systemDictionary.cpp, line 256]
Event: 9.358 Thread 0x0000025cb2df1250 Exception <a 'java/lang/NoSuchMethodError'{0x0000000087966780}: 'java.lang.Object java.lang.invoke.DirectMethodHandle$Holder.newInvokeSpecial(java.lang.Object, int, java.lang.Object)'> (0x0000000087966780) 
thrown [s\src\hotspot\share\interpreter\linkResolver.cpp, line 771]
Event: 9.536 Thread 0x0000025cb2df1250 Exception <a 'java/lang/NoSuchMethodError'{0x00000000870d0d78}: 'java.lang.Object java.lang.invoke.DirectMethodHandle$Holder.invokeSpecial(java.lang.Object, java.lang.Object, long, java.lang.Object, java.lang.Object)'> (0x00000000870d0d78) 
thrown [s\src\hotspot\share\interpreter\linkResolver.cpp, line 771]
Event: 9.659 Thread 0x0000025cb2df1250 Exception <a 'java/lang/NoSuchMethodError'{0x0000000086b59e70}: 'int java.lang.invoke.DirectMethodHandle$Holder.invokeInterface(java.lang.Object, java.lang.Object, java.lang.Object, java.lang.Object, java.lang.Object)'> (0x0000000086b59e70) 
thrown [s\src\hotspot\share\interpreter\linkResolver.cpp, line 771]
Event: 9.722 Thread 0x0000025cb2df1250 Exception <a 'java/lang/NoSuchMethodError'{0x0000000086ab1800}: 'java.lang.Object java.lang.invoke.DirectMethodHandle$Holder.newInvokeSpecial(java.lang.Object, java.lang.Object, java.lang.Object, java.lang.Object, int, java.lang.Object)'> (0x0000000086ab1800) 
thrown [s\src\hotspot\share\interpreter\linkResolver.cpp, line 771]
Event: 9.723 Thread 0x0000025cb2df1250 Exception <a 'java/lang/NoSuchMethodError'{0x0000000086aba690}: 'java.lang.Object java.lang.invoke.Invokers$Holder.linkToTargetMethod(java.lang.Object, java.lang.Object, java.lang.Object, int, java.lang.Object, java.lang.Object)'> (0x0000000086aba690) 
thrown [s\src\hotspot\share\interpreter\linkResolver.cpp, line 771]
Event: 10.542 Thread 0x0000025cb2df1250 Exception <a 'java/lang/NoSuchMethodError'{0x0000000086e43e30}: 'java.lang.Object java.lang.invoke.DirectMethodHandle$Holder.invokeSpecialIFC(java.lang.Object, java.lang.Object, java.lang.Object)'> (0x0000000086e43e30) 
thrown [s\src\hotspot\share\interpreter\linkResolver.cpp, line 771]
Event: 10.782 Thread 0x0000025cb4357ec0 Exception <a 'sun/nio/fs/WindowsException'{0x0000000088b9ef38}> (0x0000000088b9ef38) 
thrown [s\src\hotspot\share\prims\jni.cpp, line 531]
Event: 10.891 Thread 0x0000025cb2df1250 Exception <a 'sun/nio/fs/WindowsException'{0x000000008766c090}> (0x000000008766c090) 
thrown [s\src\hotspot\share\prims\jni.cpp, line 531]
Event: 11.264 Thread 0x0000025cb4357ec0 Exception <a 'sun/nio/fs/WindowsException'{0x0000000087e1e1e0}> (0x0000000087e1e1e0) 
thrown [s\src\hotspot\share\prims\jni.cpp, line 531]

VM Operations (20 events):
Event: 10.470 Executing VM operation: HandshakeAllThreads done
Event: 10.481 Executing VM operation: HandshakeAllThreads
Event: 10.481 Executing VM operation: HandshakeAllThreads done
Event: 10.666 Executing VM operation: G1CollectForAllocation
Event: 10.685 Executing VM operation: G1CollectForAllocation done
Event: 10.800 Executing VM operation: HandshakeAllThreads
Event: 10.800 Executing VM operation: HandshakeAllThreads done
Event: 10.824 Executing VM operation: HandshakeAllThreads
Event: 10.824 Executing VM operation: HandshakeAllThreads done
Event: 10.857 Executing VM operation: HandshakeAllThreads
Event: 10.857 Executing VM operation: HandshakeAllThreads done
Event: 10.971 Executing VM operation: G1CollectForAllocation
Event: 11.021 Executing VM operation: G1CollectForAllocation done
Event: 11.336 Executing VM operation: G1CollectForAllocation
Event: 11.353 Executing VM operation: G1CollectForAllocation done
Event: 11.525 Executing VM operation: HandshakeAllThreads
Event: 11.527 Executing VM operation: HandshakeAllThreads done
Event: 11.603 Executing VM operation: HandshakeAllThreads
Event: 11.603 Executing VM operation: HandshakeAllThreads done
Event: 11.719 Executing VM operation: G1CollectForAllocation

Events (20 events):
Event: 10.485 Thread 0x0000025cad9d7340 flushing nmethod 0x0000025c97861c10
Event: 10.485 Thread 0x0000025cad9d7340 flushing nmethod 0x0000025c97862910
Event: 10.485 Thread 0x0000025cad9d7340 flushing nmethod 0x0000025c97865d90
Event: 10.485 Thread 0x0000025cad9d7340 flushing nmethod 0x0000025c97866310
Event: 10.485 Thread 0x0000025cad9d7340 flushing nmethod 0x0000025c97866810
Event: 10.485 Thread 0x0000025cad9d7340 flushing nmethod 0x0000025c97876110
Event: 10.543 Thread 0x0000025cb4357ec0 Thread added: 0x0000025cb4357ec0
Event: 10.544 Thread 0x0000025cb43583d0 Thread added: 0x0000025cb43583d0
Event: 10.796 loading class java/nio/charset/UnsupportedCharsetException
Event: 10.797 loading class java/nio/charset/UnsupportedCharsetException done
Event: 10.799 loading class java/util/Collections$UnmodifiableSortedMap
Event: 10.800 loading class java/util/Collections$UnmodifiableSortedMap done
Event: 10.802 loading class java/util/zip/Deflater
Event: 10.803 loading class java/util/zip/Deflater done
Event: 10.805 loading class java/util/zip/Deflater$DeflaterZStreamRef
Event: 10.805 loading class java/util/zip/Deflater$DeflaterZStreamRef done
Event: 10.852 loading class java/nio/StringCharBuffer
Event: 10.856 loading class java/nio/StringCharBuffer done
Event: 10.906 loading class java/security/Key
Event: 10.906 loading class java/security/Key done


Dynamic libraries:
0x00007ff776380000 - 0x00007ff77638a000 	C:\Program Files\Android\Android Studio\jbr\bin\java.exe
0x00007fff2c3f0000 - 0x00007fff2c5e8000 	C:\Windows\SYSTEM32\ntdll.dll
0x00007fff2be70000 - 0x00007fff2bf32000 	C:\Windows\System32\KERNEL32.DLL
0x00007fff29e80000 - 0x00007fff2a176000 	C:\Windows\System32\KERNELBASE.dll
0x00007fff29d80000 - 0x00007fff29e80000 	C:\Windows\System32\ucrtbase.dll
0x00007fff08770000 - 0x00007fff0878b000 	C:\Program Files\Android\Android Studio\jbr\bin\VCRUNTIME140.dll
0x00007fff16e60000 - 0x00007fff16e77000 	C:\Program Files\Android\Android Studio\jbr\bin\jli.dll
0x00007fff2bc50000 - 0x00007fff2bded000 	C:\Windows\System32\USER32.dll
0x00007fff2a330000 - 0x00007fff2a352000 	C:\Windows\System32\win32u.dll
0x00007fff2bff0000 - 0x00007fff2c01b000 	C:\Windows\System32\GDI32.dll
0x00007fff29b20000 - 0x00007fff29c39000 	C:\Windows\System32\gdi32full.dll
0x00007fff29a80000 - 0x00007fff29b1d000 	C:\Windows\System32\msvcp_win.dll
0x00007fff14d60000 - 0x00007fff14ffa000 	C:\Windows\WinSxS\amd64_microsoft.windows.common-controls_6595b64144ccf1df_6.0.19041.5915_none_60b4b9d171f9c7c7\COMCTL32.dll
0x00007fff2b540000 - 0x00007fff2b5de000 	C:\Windows\System32\msvcrt.dll
0x00007fff2b860000 - 0x00007fff2b88f000 	C:\Windows\System32\IMM32.DLL
0x00007fff1f660000 - 0x00007fff1f66c000 	C:\Program Files\Android\Android Studio\jbr\bin\vcruntime140_1.dll
0x00007fff08050000 - 0x00007fff080dd000 	C:\Program Files\Android\Android Studio\jbr\bin\msvcp140.dll
0x00007fff00130000 - 0x00007fff00db3000 	C:\Program Files\Android\Android Studio\jbr\bin\server\jvm.dll
0x00007fff2b7a0000 - 0x00007fff2b851000 	C:\Windows\System32\ADVAPI32.dll
0x00007fff2b4a0000 - 0x00007fff2b53f000 	C:\Windows\System32\sechost.dll
0x00007fff2c270000 - 0x00007fff2c393000 	C:\Windows\System32\RPCRT4.dll
0x00007fff29d50000 - 0x00007fff29d77000 	C:\Windows\System32\bcrypt.dll
0x00007fff15940000 - 0x00007fff15967000 	C:\Windows\SYSTEM32\WINMM.dll
0x00007fff298e0000 - 0x00007fff2992b000 	C:\Windows\SYSTEM32\POWRPROF.dll
0x00007fff24c90000 - 0x00007fff24c99000 	C:\Windows\SYSTEM32\WSOCK32.dll
0x00007fff23000000 - 0x00007fff2300a000 	C:\Windows\SYSTEM32\VERSION.dll
0x00007fff2b420000 - 0x00007fff2b48b000 	C:\Windows\System32\WS2_32.dll
0x00007fff298c0000 - 0x00007fff298d2000 	C:\Windows\SYSTEM32\UMPDC.dll
0x00007fff27900000 - 0x00007fff27912000 	C:\Windows\SYSTEM32\kernel.appcore.dll
0x00007fff24fb0000 - 0x00007fff24fba000 	C:\Program Files\Android\Android Studio\jbr\bin\jimage.dll
0x00007fff25590000 - 0x00007fff25791000 	C:\Windows\SYSTEM32\DBGHELP.DLL
0x00007fff13440000 - 0x00007fff13474000 	C:\Windows\SYSTEM32\dbgcore.DLL
0x00007fff29cc0000 - 0x00007fff29d42000 	C:\Windows\System32\bcryptPrimitives.dll
0x00007fff1f510000 - 0x00007fff1f51e000 	C:\Program Files\Android\Android Studio\jbr\bin\instrument.dll
0x00007fff23ad0000 - 0x00007fff23af5000 	C:\Program Files\Android\Android Studio\jbr\bin\java.dll
0x00007fff23e30000 - 0x00007fff23e48000 	C:\Program Files\Android\Android Studio\jbr\bin\zip.dll
0x00007fff2acb0000 - 0x00007fff2b41e000 	C:\Windows\System32\SHELL32.dll
0x00007fff27b00000 - 0x00007fff282a4000 	C:\Windows\SYSTEM32\windows.storage.dll
0x00007fff2b8f0000 - 0x00007fff2bc43000 	C:\Windows\System32\combase.dll
0x00007fff293e0000 - 0x00007fff2940b000 	C:\Windows\SYSTEM32\Wldp.dll
0x00007fff2b6c0000 - 0x00007fff2b78d000 	C:\Windows\System32\OLEAUT32.dll
0x00007fff2ac00000 - 0x00007fff2acad000 	C:\Windows\System32\SHCORE.dll
0x00007fff2b890000 - 0x00007fff2b8eb000 	C:\Windows\System32\shlwapi.dll
0x00007fff299b0000 - 0x00007fff299d4000 	C:\Windows\SYSTEM32\profapi.dll
0x00007fff20900000 - 0x00007fff20919000 	C:\Program Files\Android\Android Studio\jbr\bin\net.dll
0x00007fff228b0000 - 0x00007fff229ba000 	C:\Windows\SYSTEM32\WINHTTP.dll
0x00007fff29140000 - 0x00007fff291aa000 	C:\Windows\system32\mswsock.dll
0x00007fff16f80000 - 0x00007fff16f96000 	C:\Program Files\Android\Android Studio\jbr\bin\nio.dll
0x00007fff24fa0000 - 0x00007fff24fb0000 	C:\Program Files\Android\Android Studio\jbr\bin\verify.dll
0x00007fff1f5a0000 - 0x00007fff1f5c7000 	C:\Users\denni\.gradle\native\1def1411415f61bf3af743bc5b6707747c0891f09f0c88961ee8f79bc544acac\windows-amd64\native-platform.dll
0x00007fff07ba0000 - 0x00007fff07c18000 	C:\Users\denni\.gradle\native\0.2.7\x86_64-windows-gnu\gradle-fileevents.dll
0x00007fff23b30000 - 0x00007fff23b39000 	C:\Program Files\Android\Android Studio\jbr\bin\management.dll
0x00007fff22640000 - 0x00007fff2264b000 	C:\Program Files\Android\Android Studio\jbr\bin\management_ext.dll
0x00007fff2c3a0000 - 0x00007fff2c3a8000 	C:\Windows\System32\PSAPI.DLL
0x00007fff28e20000 - 0x00007fff28e5b000 	C:\Windows\SYSTEM32\IPHLPAPI.DLL
0x00007fff2b490000 - 0x00007fff2b498000 	C:\Windows\System32\NSI.dll
0x00007fff20e70000 - 0x00007fff20e87000 	C:\Windows\SYSTEM32\dhcpcsvc6.DLL
0x00007fff216e0000 - 0x00007fff216fd000 	C:\Windows\SYSTEM32\dhcpcsvc.DLL
0x00007fff28e60000 - 0x00007fff28f2a000 	C:\Windows\SYSTEM32\DNSAPI.dll
0x00007fff24ca0000 - 0x00007fff24ca9000 	C:\Program Files\Android\Android Studio\jbr\bin\extnet.dll
0x00007fff29340000 - 0x00007fff29358000 	C:\Windows\SYSTEM32\CRYPTSP.dll
0x00007fff28a60000 - 0x00007fff28a98000 	C:\Windows\system32\rsaenh.dll
0x00007fff29930000 - 0x00007fff2995e000 	C:\Windows\SYSTEM32\USERENV.dll
0x00007fff29330000 - 0x00007fff2933c000 	C:\Windows\SYSTEM32\CRYPTBASE.dll
0x00007fff24cc0000 - 0x00007fff24cc7000 	C:\Windows\system32\wshunix.dll
0x00007fff28cb0000 - 0x00007fff28ce3000 	C:\Windows\SYSTEM32\ntmarta.dll

dbghelp: loaded successfully - version: 4.0.5 - missing functions: none
symbol engine: initialized successfully - sym options: 0x614 - pdb path: .;C:\Program Files\Android\Android Studio\jbr\bin;C:\Windows\SYSTEM32;C:\Windows\WinSxS\amd64_microsoft.windows.common-controls_6595b64144ccf1df_6.0.19041.5915_none_60b4b9d171f9c7c7;C:\Program Files\Android\Android Studio\jbr\bin\server;C:\Users\denni\.gradle\native\1def1411415f61bf3af743bc5b6707747c0891f09f0c88961ee8f79bc544acac\windows-amd64;C:\Users\denni\.gradle\native\0.2.7\x86_64-windows-gnu

VM Arguments:
jvm_args: --add-opens=java.base/java.lang=ALL-UNNAMED --add-opens=java.base/java.lang.invoke=ALL-UNNAMED --add-opens=java.base/java.util=ALL-UNNAMED --add-opens=java.prefs/java.util.prefs=ALL-UNNAMED --add-exports=jdk.compiler/com.sun.tools.javac.api=ALL-UNNAMED --add-exports=jdk.compiler/com.sun.tools.javac.util=ALL-UNNAMED --add-opens=java.base/java.util=ALL-UNNAMED --add-opens=java.prefs/java.util.prefs=ALL-UNNAMED --add-opens=java.base/java.nio.charset=ALL-UNNAMED --add-opens=java.base/java.net=ALL-UNNAMED --add-opens=java.base/java.util.concurrent.atomic=ALL-UNNAMED --add-opens=java.xml/javax.xml.namespace=ALL-UNNAMED -Xmx2048m -Dfile.encoding=UTF-8 -Duser.country=US -Duser.language=en -Duser.variant -javaagent:C:\Users\denni\.gradle\wrapper\dists\gradle-8.13-bin\5xuhj0ry160q40clulazy9h7d\gradle-8.13\lib\agents\gradle-instrumentation-agent-8.13.jar 
java_command: org.gradle.launcher.daemon.bootstrap.GradleDaemon 8.13
java_class_path (initial): C:\Users\denni\.gradle\wrapper\dists\gradle-8.13-bin\5xuhj0ry160q40clulazy9h7d\gradle-8.13\lib\gradle-daemon-main-8.13.jar
Launcher Type: SUN_STANDARD

[Global flags]
     intx CICompilerCount                          = 4                                         {product} {ergonomic}
     uint ConcGCThreads                            = 2                                         {product} {ergonomic}
     uint G1ConcRefinementThreads                  = 8                                         {product} {ergonomic}
   size_t G1HeapRegionSize                         = 1048576                                   {product} {ergonomic}
    uintx GCDrainStackTargetSize                   = 64                                        {product} {ergonomic}
   size_t InitialHeapSize                          = 62914560                                  {product} {ergonomic}
   size_t MarkStackSize                            = 4194304                                   {product} {ergonomic}
   size_t MaxHeapSize                              = 2147483648                                {product} {command line}
   size_t MaxNewSize                               = 1287651328                                {product} {ergonomic}
   size_t MinHeapDeltaBytes                        = 1048576                                   {product} {ergonomic}
   size_t MinHeapSize                              = 8388608                                   {product} {ergonomic}
    uintx NonNMethodCodeHeapSize                   = 5839372                                {pd product} {ergonomic}
    uintx NonProfiledCodeHeapSize                  = 122909434                              {pd product} {ergonomic}
    uintx ProfiledCodeHeapSize                     = 122909434                              {pd product} {ergonomic}
    uintx ReservedCodeCacheSize                    = 251658240                              {pd product} {ergonomic}
     bool SegmentedCodeCache                       = true                                      {product} {ergonomic}
   size_t SoftMaxHeapSize                          = 2147483648                             {manageable} {ergonomic}
     bool UseCompressedClassPointers               = true                           {product lp64_product} {ergonomic}
     bool UseCompressedOops                        = true                           {product lp64_product} {ergonomic}
     bool UseG1GC                                  = true                                      {product} {ergonomic}
     bool UseLargePagesIndividualAllocation        = false                                  {pd product} {ergonomic}

Logging:
Log output configuration:
 #0: stdout all=warning uptime,level,tags
 #1: stderr all=off uptime,level,tags

Environment Variables:
PATH=C:\Python313\Scripts\;C:\Python313\;C:\Program Files\Python310\Scripts\;C:\Program Files\Python310\;C:\Python312\Scripts\;C:\Python312\;C:\Program Files\Java\jdk-18.0.2.1\bin;C:\xampp\php;C:\ProgramData\ComposerSetup\bin;C:\ProgramData\chocolatey\bin;C:\OpenSSH-Win64\OpenSSH-Win64;C:\Program Files\nodejs\;C:\Program Files\Git\cmd;C:\Ruby33-x64\bin;C:\RailsInstaller\Git\cmd;C:\RailsInstaller\Ruby2.3.3\bin;C:\Program Files\Java\jdk1.8.0_45\bin;C:\Users\denni\AppData\Local\Microsoft\WindowsApps;C:\MinGW\bin;C:\Users\denni\AppData\Local\Programs\Microsoft VS Code\bin;C:\Program Files\Java\jdk-18.0.2.1\bin;C:\Users\denni\AppData\Roaming\Composer\vendor\bin;C:\Users\denni\AppData\Local\GitHubDesktop\bin;C:\Windows\System32;C:\Users\denni\AppData\Roaming\npm;C:\Users\denni\AppData\Roaming\Python\Python313\Scripts;
USERNAME=denni
OS=Windows_NT
PROCESSOR_IDENTIFIER=Intel64 Family 6 Model 126 Stepping 5, GenuineIntel
TMP=C:\Users\denni\AppData\Local\Temp
TEMP=C:\Users\denni\AppData\Local\Temp



Periodic native trim disabled

JNI global refs:
JNI global refs: 27, weak refs: 42

JNI global refs memory usage: 843, weak refs: 841

Process memory usage:
Resident Set Size: 202832K (5% of 3930488K total physical memory with 233552K free physical memory)

OOME stack traces (most recent first):
Classloader memory used:
Loader org.gradle.internal.classloader.VisitableURLClassLoader                         : 4097K
Loader bootstrap                                                                       : 2473K
Loader org.gradle.initialization.MixInLegacyTypesClassLoader                           : 808K
Loader org.gradle.internal.classloader.VisitableURLClassLoader                         : 81136B
Loader jdk.internal.loader.ClassLoaders$PlatformClassLoader                            : 65636B
Loader jdk.internal.loader.ClassLoaders$AppClassLoader                                 : 29349B
Loader jdk.internal.reflect.DelegatingClassLoader                                      : 27023B
Loader org.gradle.groovy.scripts.internal.DefaultScriptCompilationHandler$ScriptClassLoader: 4305B
Loader groovy.lang.GroovyClassLoader$InnerLoader                                       : 2457B
Loader org.codehaus.groovy.runtime.callsite.CallSiteClassLoader                        : 876B

Classes loaded by more than one classloader:
Class org.gradle.api.GradleException                                                  : loaded 3 times (x 80B)
Class org.gradle.util.GradleVersion                                                   : loaded 2 times (x 81B)
Class org.gradle.internal.classpath.ClassPath                                         : loaded 2 times (x 68B)
Class org.gradle.api.internal.classpath.DefaultModuleRegistry                         : loaded 2 times (x 84B)
Class org.gradle.internal.exceptions.NonGradleCauseExceptionsHolder                   : loaded 2 times (x 68B)
Class org.gradle.api.Action                                                           : loaded 2 times (x 68B)
Class org.gradle.api.internal.DefaultClassPathProvider                                : loaded 2 times (x 74B)
Class org.gradle.internal.installation.GradleInstallation$1                           : loaded 2 times (x 73B)
Class org.gradle.internal.exceptions.DefaultMultiCauseException                       : loaded 2 times (x 93B)
Class org.gradle.internal.time.MonotonicClock                                         : loaded 2 times (x 75B)
Class org.gradle.internal.classloader.FilteringClassLoader                            : loaded 2 times (x 103B)
Class org.gradle.internal.classpath.DefaultClassPath$ImmutableUniqueList$Builder      : loaded 2 times (x 73B)
Class org.gradle.internal.classloader.ClassLoaderVisitor                              : loaded 2 times (x 74B)
Class _BuildScript_                                                                   : loaded 2 times (x 171B)
Class org.gradle.internal.time.DefaultCountdownTimer                                  : loaded 2 times (x 86B)
Class _BuildScript_$_run_closure1                                                     : loaded 2 times (x 130B)
Class org.gradle.internal.service.DefaultServiceLocator                               : loaded 2 times (x 81B)
Class org.gradle.internal.service.UnknownServiceException                             : loaded 2 times (x 81B)
Class org.gradle.internal.classloader.DefaultClassLoaderFactory                       : loaded 2 times (x 80B)
Class org.gradle.internal.classloader.VisitableURLClassLoader$Spec                    : loaded 2 times (x 72B)
Class org.gradle.tooling.model.ProjectModel                                           : loaded 2 times (x 68B)
Class org.gradle.internal.installation.GradleInstallation                             : loaded 2 times (x 73B)
Class org.gradle.api.internal.classpath.ModuleRegistry                                : loaded 2 times (x 68B)
Class kotlin.jvm.internal.markers.KMappedMarker                                       : loaded 2 times (x 68B)
Class org.gradle.api.internal.ClassPathProvider                                       : loaded 2 times (x 68B)
Class org.gradle.internal.classloader.ClasspathUtil$1                                 : loaded 2 times (x 74B)
Class org.gradle.internal.classloader.ClassLoaderFactory                              : loaded 2 times (x 68B)
Class org.gradle.api.internal.classpath.ManifestUtil                                  : loaded 2 times (x 69B)
Class org.gradle.api.specs.Spec                                                       : loaded 2 times (x 68B)
Class org.gradle.internal.IoActions                                                   : loaded 2 times (x 69B)
Class org.gradle.api.internal.classpath.EffectiveClassPath                            : loaded 2 times (x 88B)
Class org.gradle.internal.exceptions.ResolutionProvider                               : loaded 2 times (x 68B)
Class org.gradle.internal.installation.CurrentGradleInstallation                      : loaded 2 times (x 71B)
Class org.gradle.internal.installation.CurrentGradleInstallationLocator               : loaded 2 times (x 69B)
Class org.gradle.api.internal.classpath.Module                                        : loaded 2 times (x 68B)
Class org.gradle.internal.service.CachingServiceLocator                               : loaded 2 times (x 80B)
Class org.gradle.internal.time.Timer                                                  : loaded 2 times (x 68B)
Class org.gradle.internal.classpath.DefaultClassPath                                  : loaded 2 times (x 88B)
Class kotlin.jvm.functions.Function1                                                  : loaded 2 times (x 68B)
Class org.gradle.internal.time.Time                                                   : loaded 2 times (x 69B)
Class org.gradle.internal.time.TimeSource$1                                           : loaded 2 times (x 75B)
Class org.gradle.internal.classloader.SystemClassLoaderSpec                           : loaded 2 times (x 69B)
Class kotlin.Function                                                                 : loaded 2 times (x 68B)
Class org.gradle.api.UncheckedIOException                                             : loaded 2 times (x 80B)
Class org.gradle.api.internal.classpath.GlobalCacheRootsProvider                      : loaded 2 times (x 68B)
Class org.gradle.internal.time.CountdownTimer                                         : loaded 2 times (x 68B)
Class org.gradle.internal.time.Clock                                                  : loaded 2 times (x 68B)
Class org.gradle.internal.classloader.ClasspathUtil                                   : loaded 2 times (x 69B)
Class org.gradle.api.internal.DefaultClassPathRegistry                                : loaded 2 times (x 74B)
Class org.gradle.api.internal.classpath.DefaultModuleRegistry$DefaultModule           : loaded 2 times (x 84B)
Class org.gradle.internal.time.TimeSource                                             : loaded 2 times (x 68B)
Class org.gradle.api.internal.classpath.UnknownModuleException                        : loaded 2 times (x 80B)
Class org.gradle.internal.service.ServiceLookupException                              : loaded 2 times (x 80B)
Class [Lorg.gradle.api.internal.ClassPathProvider;                                    : loaded 2 times (x 67B)
Class org.gradle.internal.operations.MultipleBuildOperationFailures                   : loaded 2 times (x 93B)
Class org.gradle.util.internal.GUtil                                                  : loaded 2 times (x 69B)
Class org.gradle.internal.classloader.ClassLoaderSpec                                 : loaded 2 times (x 69B)
Class org.gradle.internal.classloader.InstrumentingClassLoader                        : loaded 2 times (x 68B)
Class org.gradle.internal.classloader.VisitableURLClassLoader                         : loaded 2 times (x 115B)
Class org.gradle.internal.Cast                                                        : loaded 2 times (x 69B)
Class org.gradle.api.internal.ClassPathRegistry                                       : loaded 2 times (x 68B)
Class org.gradle.internal.classloader.VisitableURLClassLoader$InstrumentingVisitableURLClassLoader: loaded 2 times (x 121B)
Class org.gradle.internal.classloader.ClassLoaderHierarchy                            : loaded 2 times (x 68B)
Class org.gradle.internal.exceptions.MultiCauseException                              : loaded 2 times (x 68B)
Class org.gradle.internal.InternalTransformer                                         : loaded 2 times (x 68B)
Class org.gradle.internal.service.ServiceLocator                                      : loaded 2 times (x 68B)
Class org.gradle.internal.classpath.DefaultClassPath$ImmutableUniqueList              : loaded 2 times (x 159B)
Class org.gradle.internal.time.DefaultTimer                                           : loaded 2 times (x 78B)
Class org.gradle.internal.classpath.TransformedClassPath                              : loaded 2 times (x 94B)


---------------  S Y S T E M  ---------------

OS:
 Windows 10 , 64 bit Build 19041 (10.0.19041.5915)
OS uptime: 0 days 6:03 hours

CPU: total 8 (initial active 8) (4 cores per cpu, 2 threads per core) family 6 model 126 stepping 5 microcode 0xa0, cx8, cmov, fxsr, ht, mmx, 3dnowpref, sse, sse2, sse3, ssse3, sse4.1, sse4.2, popcnt, lzcnt, tsc, tscinvbit, avx, avx2, aes, erms, clmul, bmi1, bmi2, adx, avx512f, avx512dq, avx512cd, avx512bw, avx512vl, sha, fma, vzeroupper, avx512_vpopcntdq, avx512_vpclmulqdq, avx512_vaes, avx512_vnni, clflush, clflushopt, avx512_vbmi2, avx512_vbmi
Processor Information for all 8 processors :
  Max Mhz: 1190, Current Mhz: 991, Mhz Limit: 987

Memory: 4k page, system-wide physical 3838M (228M free)
TotalPageFile size 15614M (AvailPageFile size 80M)
current process WorkingSet (physical memory assigned to process): 198M, peak: 258M
current process commit charge ("private bytes"): 374M, peak: 487M

vm_info: OpenJDK 64-Bit Server VM (17.0.11+0--11852314) for windows-amd64 JRE (17.0.11+0--11852314), built on May 16 2024 21:29:20 by "androidbuild" with MS VC++ 16.10 / 16.11 (VS2019)

END.
