#
# There is insufficient memory for the Java Runtime Environment to continue.
# Native memory allocation (mmap) failed to map 330301440 bytes. Error detail: G1 virtual space
# Possible reasons:
#   The system is out of physical RAM or swap space
#   This process is running with CompressedOops enabled, and the Java Heap may be blocking the growth of the native heap
# Possible solutions:
#   Reduce memory load on the system
#   Increase physical memory or swap space
#   Check if swap backing store is full
#   Decrease Java heap size (-Xmx/-Xms)
#   Decrease number of Java threads
#   Decrease Java thread stack sizes (-Xss)
#   Set larger code cache with -XX:ReservedCodeCacheSize=
#   JVM is running with Unscaled Compressed Oops mode in which the Java heap is
#     placed in the first 4GB address space. The Java Heap base address is the
#     maximum limit for the native heap growth. Please use -XX:HeapBaseMinAddress
#     to set the Java Heap base and to place the Java Heap above 4GB virtual address.
# This output file may be truncated or incomplete.
#
#  Out of Memory Error (os_windows.cpp:3825), pid=13980, tid=8888
#
# JRE version: OpenJDK Runtime Environment (17.0.11) (build 17.0.11+0--11852314)
# Java VM: OpenJDK 64-Bit Server VM (17.0.11+0--11852314, mixed mode, tiered, compressed oops, compressed class ptrs, g1 gc, windows-amd64)
# No core dump will be written. Minidumps are not enabled by default on client versions of Windows
#

---------------  S U M M A R Y ------------

Command Line: --add-opens=java.base/java.lang=ALL-UNNAMED --add-opens=java.base/java.lang.invoke=ALL-UNNAMED --add-opens=java.base/java.util=ALL-UNNAMED --add-opens=java.prefs/java.util.prefs=ALL-UNNAMED --add-exports=jdk.compiler/com.sun.tools.javac.api=ALL-UNNAMED --add-exports=jdk.compiler/com.sun.tools.javac.util=ALL-UNNAMED --add-opens=java.base/java.util=ALL-UNNAMED --add-opens=java.prefs/java.util.prefs=ALL-UNNAMED --add-opens=java.base/java.nio.charset=ALL-UNNAMED --add-opens=java.base/java.net=ALL-UNNAMED --add-opens=java.base/java.util.concurrent.atomic=ALL-UNNAMED --add-opens=java.xml/javax.xml.namespace=ALL-UNNAMED -Xmx2048m -Dfile.encoding=UTF-8 -Duser.country=US -Duser.language=en -Duser.variant -javaagent:C:\Users\denni\.gradle\wrapper\dists\gradle-8.11.1-bin\bpt9gzteqjrbo1mjrsomdt32c\gradle-8.11.1\lib\agents\gradle-instrumentation-agent-8.11.1.jar org.gradle.launcher.daemon.bootstrap.GradleDaemon 8.11.1

Host: Intel(R) Core(TM) i5-1035G1 CPU @ 1.00GHz, 8 cores, 3G,  Windows 10 , 64 bit Build 19041 (10.0.19041.5915)
Time: Tue Aug 12 14:29:40 2025 E. Africa Standard Time elapsed time: 10.444276 seconds (0d 0h 0m 10s)

---------------  T H R E A D  ---------------

Current thread (0x000002c06d20acd0):  VMThread "VM Thread" [stack: 0x000000f74b500000,0x000000f74b600000] [id=8888]

Stack: [0x000000f74b500000,0x000000f74b600000]
Native frames: (J=compiled Java code, j=interpreted, Vv=VM code, C=native code)
V  [jvm.dll+0x687bb9]
V  [jvm.dll+0x84142a]
V  [jvm.dll+0x8430ae]
V  [jvm.dll+0x843713]
V  [jvm.dll+0x24a35f]
V  [jvm.dll+0x684989]
V  [jvm.dll+0x67923a]
V  [jvm.dll+0x30af0b]
V  [jvm.dll+0x3123b6]
V  [jvm.dll+0x361dfe]
V  [jvm.dll+0x36202f]
V  [jvm.dll+0x2e0d38]
V  [jvm.dll+0x2df144]
V  [jvm.dll+0x2de74c]
V  [jvm.dll+0x32305b]
V  [jvm.dll+0x847e0b]
V  [jvm.dll+0x848b42]
V  [jvm.dll+0x84905d]
V  [jvm.dll+0x849434]
V  [jvm.dll+0x849500]
V  [jvm.dll+0x7efa4a]
V  [jvm.dll+0x686a35]
C  [ucrtbase.dll+0x21bb2]
C  [KERNEL32.DLL+0x17374]
C  [ntdll.dll+0x4cc91]

VM_Operation (0x000000f74f4fa640): G1CollectForAllocation, mode: safepoint, requested by thread 0x000002c0755929b0


---------------  P R O C E S S  ---------------

Threads class SMR info:
_java_thread_list=0x000002c075247cd0, length=59, elements={
0x000002c0533cfff0, 0x000002c06d242150, 0x000002c06d242d60, 0x000002c06d230540,
0x000002c06d258360, 0x000002c06d25ac40, 0x000002c06d25b510, 0x000002c06d25e8d0,
0x000002c06d4ab150, 0x000002c06d4ada70, 0x000002c06d5dd400, 0x000002c06d6d3d80,
0x000002c0739800f0, 0x000002c073922090, 0x000002c072a0f6a0, 0x000002c0739b43e0,
0x000002c0739b2580, 0x000002c0739b39c0, 0x000002c0739b2fa0, 0x000002c0739b3ed0,
0x000002c0739b48f0, 0x000002c0739b4e00, 0x000002c0739b2070, 0x000002c0739b34b0,
0x000002c0739b5820, 0x000002c0739b5310, 0x000002c0739b2a90, 0x000002c07474d4b0,
0x000002c07474ca90, 0x000002c07474ac30, 0x000002c07474a210, 0x000002c07474d9c0,
0x000002c07474ded0, 0x000002c074746a60, 0x000002c07474cfa0, 0x000002c0747497f0,
0x000002c07474e3e0, 0x000002c074748dd0, 0x000002c0747492e0, 0x000002c074749d00,
0x000002c074746f70, 0x000002c074747480, 0x000002c074747990, 0x000002c07474c070,
0x000002c07474c580, 0x000002c074747ea0, 0x000002c07474b140, 0x000002c0747483b0,
0x000002c0747488c0, 0x000002c07474b650, 0x000002c07474bb60, 0x000002c075595c50,
0x000002c0755924a0, 0x000002c075591570, 0x000002c0755929b0, 0x000002c075597ab0,
0x000002c0755933d0, 0x000002c0755975a0, 0x000002c075592ec0
}

Java Threads: ( => current thread )
  0x000002c0533cfff0 JavaThread "main" [_thread_blocked, id=6344, stack(0x000000f74af00000,0x000000f74b000000)]
  0x000002c06d242150 JavaThread "Reference Handler" daemon [_thread_blocked, id=15172, stack(0x000000f74b600000,0x000000f74b700000)]
  0x000002c06d242d60 JavaThread "Finalizer" daemon [_thread_blocked, id=4984, stack(0x000000f74b700000,0x000000f74b800000)]
  0x000002c06d230540 JavaThread "Signal Dispatcher" daemon [_thread_blocked, id=280, stack(0x000000f74b800000,0x000000f74b900000)]
  0x000002c06d258360 JavaThread "Attach Listener" daemon [_thread_blocked, id=3564, stack(0x000000f74b900000,0x000000f74ba00000)]
  0x000002c06d25ac40 JavaThread "Service Thread" daemon [_thread_blocked, id=3420, stack(0x000000f74ba00000,0x000000f74bb00000)]
  0x000002c06d25b510 JavaThread "Monitor Deflation Thread" daemon [_thread_blocked, id=11892, stack(0x000000f74bb00000,0x000000f74bc00000)]
  0x000002c06d25e8d0 JavaThread "C2 CompilerThread0" daemon [_thread_blocked, id=3288, stack(0x000000f74bc00000,0x000000f74bd00000)]
  0x000002c06d4ab150 JavaThread "C1 CompilerThread0" daemon [_thread_blocked, id=8532, stack(0x000000f74bd00000,0x000000f74be00000)]
  0x000002c06d4ada70 JavaThread "Sweeper thread" daemon [_thread_blocked, id=10368, stack(0x000000f74be00000,0x000000f74bf00000)]
  0x000002c06d5dd400 JavaThread "Common-Cleaner" daemon [_thread_blocked, id=13792, stack(0x000000f74bf00000,0x000000f74c000000)]
  0x000002c06d6d3d80 JavaThread "Notification Thread" daemon [_thread_blocked, id=1984, stack(0x000000f74c000000,0x000000f74c100000)]
  0x000002c0739800f0 JavaThread "Daemon health stats" [_thread_blocked, id=12488, stack(0x000000f74c600000,0x000000f74c700000)]
  0x000002c073922090 JavaThread "Incoming local TCP Connector on port 63933" [_thread_in_native, id=13868, stack(0x000000f74c700000,0x000000f74c800000)]
  0x000002c072a0f6a0 JavaThread "Daemon periodic checks" [_thread_blocked, id=9580, stack(0x000000f74c800000,0x000000f74c900000)]
  0x000002c0739b43e0 JavaThread "Daemon" [_thread_blocked, id=15660, stack(0x000000f74c900000,0x000000f74ca00000)]
  0x000002c0739b2580 JavaThread "Handler for socket connection from /127.0.0.1:63933 to /127.0.0.1:63934" [_thread_in_native, id=1964, stack(0x000000f74ca00000,0x000000f74cb00000)]
  0x000002c0739b39c0 JavaThread "Cancel handler" [_thread_blocked, id=9252, stack(0x000000f74cb00000,0x000000f74cc00000)]
  0x000002c0739b2fa0 JavaThread "Daemon worker" [_thread_blocked, id=2040, stack(0x000000f74cf00000,0x000000f74d000000)]
  0x000002c0739b3ed0 JavaThread "Asynchronous log dispatcher for DefaultDaemonConnection: socket connection from /127.0.0.1:63933 to /127.0.0.1:63934" [_thread_blocked, id=14684, stack(0x000000f74d000000,0x000000f74d100000)]
  0x000002c0739b48f0 JavaThread "Stdin handler" [_thread_blocked, id=576, stack(0x000000f74d100000,0x000000f74d200000)]
  0x000002c0739b4e00 JavaThread "Daemon client event forwarder" [_thread_blocked, id=14432, stack(0x000000f74d200000,0x000000f74d300000)]
  0x000002c0739b2070 JavaThread "Cache worker for journal cache (C:\Users\denni\.gradle\caches\journal-1)" [_thread_blocked, id=10212, stack(0x000000f74d400000,0x000000f74d500000)]
  0x000002c0739b34b0 JavaThread "File lock request listener" [_thread_in_native, id=3228, stack(0x000000f74d500000,0x000000f74d600000)]
  0x000002c0739b5820 JavaThread "Cache worker for file hash cache (C:\Users\denni\.gradle\caches\8.11.1\fileHashes)" [_thread_blocked, id=15632, stack(0x000000f74d600000,0x000000f74d700000)]
  0x000002c0739b5310 JavaThread "Cache worker for file content cache (C:\Users\denni\.gradle\caches\8.11.1\fileContent)" [_thread_blocked, id=9820, stack(0x000000f74d700000,0x000000f74d800000)]
  0x000002c0739b2a90 JavaThread "Cache worker for file hash cache (C:\Users\denni\AndroidStudioProjects\Smartband\.gradle\8.11.1\fileHashes)" [_thread_blocked, id=11896, stack(0x000000f74d800000,0x000000f74d900000)]
  0x000002c07474d4b0 JavaThread "Cache worker for Build Output Cleanup Cache (C:\Users\denni\AndroidStudioProjects\Smartband\.gradle\buildOutputCleanup)" [_thread_blocked, id=7160, stack(0x000000f74d900000,0x000000f74da00000)]
  0x000002c07474ca90 JavaThread "File watcher server" daemon [_thread_in_native, id=12928, stack(0x000000f74da00000,0x000000f74db00000)]
  0x000002c07474ac30 JavaThread "File watcher consumer" daemon [_thread_blocked, id=3576, stack(0x000000f74db00000,0x000000f74dc00000)]
  0x000002c07474a210 JavaThread "jar transforms" [_thread_blocked, id=4408, stack(0x000000f74dc00000,0x000000f74dd00000)]
  0x000002c07474d9c0 JavaThread "jar transforms Thread 2" [_thread_blocked, id=7956, stack(0x000000f74dd00000,0x000000f74de00000)]
  0x000002c07474ded0 JavaThread "jar transforms Thread 3" [_thread_blocked, id=10852, stack(0x000000f74de00000,0x000000f74df00000)]
  0x000002c074746a60 JavaThread "jar transforms Thread 4" [_thread_blocked, id=12096, stack(0x000000f74df00000,0x000000f74e000000)]
  0x000002c07474cfa0 JavaThread "jar transforms Thread 5" [_thread_blocked, id=10208, stack(0x000000f74e000000,0x000000f74e100000)]
  0x000002c0747497f0 JavaThread "jar transforms Thread 6" [_thread_blocked, id=13888, stack(0x000000f74e100000,0x000000f74e200000)]
  0x000002c07474e3e0 JavaThread "jar transforms Thread 7" [_thread_blocked, id=7868, stack(0x000000f74e200000,0x000000f74e300000)]
  0x000002c074748dd0 JavaThread "jar transforms Thread 8" [_thread_blocked, id=3284, stack(0x000000f74e300000,0x000000f74e400000)]
  0x000002c0747492e0 JavaThread "Cache worker for checksums cache (C:\Users\denni\AndroidStudioProjects\Smartband\.gradle\8.11.1\checksums)" [_thread_blocked, id=15044, stack(0x000000f74e400000,0x000000f74e500000)]
  0x000002c074749d00 JavaThread "Cache worker for cache directory md-rule (C:\Users\denni\.gradle\caches\8.11.1\md-rule)" [_thread_blocked, id=3692, stack(0x000000f74e500000,0x000000f74e600000)]
  0x000002c074746f70 JavaThread "Cache worker for cache directory md-supplier (C:\Users\denni\.gradle\caches\8.11.1\md-supplier)" [_thread_blocked, id=1800, stack(0x000000f74e600000,0x000000f74e700000)]
  0x000002c074747480 JavaThread "Unconstrained build operations" [_thread_blocked, id=12204, stack(0x000000f74e700000,0x000000f74e800000)]
  0x000002c074747990 JavaThread "Unconstrained build operations Thread 2" [_thread_blocked, id=1476, stack(0x000000f74e800000,0x000000f74e900000)]
  0x000002c07474c070 JavaThread "Unconstrained build operations Thread 3" [_thread_blocked, id=1888, stack(0x000000f74e900000,0x000000f74ea00000)]
  0x000002c07474c580 JavaThread "Unconstrained build operations Thread 4" [_thread_blocked, id=16028, stack(0x000000f74ea00000,0x000000f74eb00000)]
  0x000002c074747ea0 JavaThread "Unconstrained build operations Thread 5" [_thread_blocked, id=4312, stack(0x000000f74eb00000,0x000000f74ec00000)]
  0x000002c07474b140 JavaThread "Unconstrained build operations Thread 6" [_thread_blocked, id=12548, stack(0x000000f74ec00000,0x000000f74ed00000)]
  0x000002c0747483b0 JavaThread "Unconstrained build operations Thread 7" [_thread_blocked, id=16284, stack(0x000000f74ed00000,0x000000f74ee00000)]
  0x000002c0747488c0 JavaThread "Unconstrained build operations Thread 8" [_thread_blocked, id=3560, stack(0x000000f74ee00000,0x000000f74ef00000)]
  0x000002c07474b650 JavaThread "Unconstrained build operations Thread 9" [_thread_blocked, id=1648, stack(0x000000f74ef00000,0x000000f74f000000)]
  0x000002c07474bb60 JavaThread "Unconstrained build operations Thread 10" [_thread_blocked, id=2808, stack(0x000000f74f000000,0x000000f74f100000)]
  0x000002c075595c50 JavaThread "Unconstrained build operations Thread 11" [_thread_blocked, id=9016, stack(0x000000f74f100000,0x000000f74f200000)]
  0x000002c0755924a0 JavaThread "Unconstrained build operations Thread 12" [_thread_blocked, id=10116, stack(0x000000f74f200000,0x000000f74f300000)]
  0x000002c075591570 JavaThread "Unconstrained build operations Thread 13" [_thread_blocked, id=4336, stack(0x000000f74f300000,0x000000f74f400000)]
  0x000002c0755929b0 JavaThread "Unconstrained build operations Thread 14" [_thread_blocked, id=7004, stack(0x000000f74f400000,0x000000f74f500000)]
  0x000002c075597ab0 JavaThread "Unconstrained build operations Thread 15" [_thread_blocked, id=8960, stack(0x000000f74f500000,0x000000f74f600000)]
  0x000002c0755933d0 JavaThread "Unconstrained build operations Thread 16" [_thread_blocked, id=15636, stack(0x000000f74f600000,0x000000f74f700000)]
  0x000002c0755975a0 JavaThread "Unconstrained build operations Thread 17" [_thread_blocked, id=10372, stack(0x000000f74f700000,0x000000f74f800000)]
  0x000002c075592ec0 JavaThread "Unconstrained build operations Thread 18" [_thread_blocked, id=13716, stack(0x000000f74f800000,0x000000f74f900000)]

Other Threads:
=>0x000002c06d20acd0 VMThread "VM Thread" [stack: 0x000000f74b500000,0x000000f74b600000] [id=8888]
  0x000002c0533d0ec0 WatcherThread [stack: 0x000000f74c100000,0x000000f74c200000] [id=13848]
  0x000002c05342d120 GCTaskThread "GC Thread#0" [stack: 0x000000f74b000000,0x000000f74b100000] [id=3780]
  0x000002c0722161c0 GCTaskThread "GC Thread#1" [stack: 0x000000f74c200000,0x000000f74c300000] [id=2684]
  0x000002c07222c5e0 GCTaskThread "GC Thread#2" [stack: 0x000000f74c300000,0x000000f74c400000] [id=8308]
  0x000002c072876980 GCTaskThread "GC Thread#3" [stack: 0x000000f74c400000,0x000000f74c500000] [id=12632]
  0x000002c0724e9200 GCTaskThread "GC Thread#4" [stack: 0x000000f74c500000,0x000000f74c600000] [id=236]
  0x000002c072e1ddd0 GCTaskThread "GC Thread#5" [stack: 0x000000f74cc00000,0x000000f74cd00000] [id=8784]
  0x000002c072f806e0 GCTaskThread "GC Thread#6" [stack: 0x000000f74cd00000,0x000000f74ce00000] [id=5932]
  0x000002c072f809a0 GCTaskThread "GC Thread#7" [stack: 0x000000f74ce00000,0x000000f74cf00000] [id=9600]
  0x000002c05343f730 ConcurrentGCThread "G1 Main Marker" [stack: 0x000000f74b100000,0x000000f74b200000] [id=14060]
  0x000002c053440060 ConcurrentGCThread "G1 Conc#0" [stack: 0x000000f74b200000,0x000000f74b300000] [id=12404]
  0x000002c073b4f060 ConcurrentGCThread "G1 Conc#1" [stack: 0x000000f74d300000,0x000000f74d400000] [id=4940]
  0x000002c05348d9f0 ConcurrentGCThread "G1 Refine#0" [stack: 0x000000f74b300000,0x000000f74b400000] [id=13288]
  0x000002c075784390 ConcurrentGCThread "G1 Refine#1" [stack: 0x000000f74f900000,0x000000f74fa00000] [id=14304]
  0x000002c075d87040 ConcurrentGCThread "G1 Refine#2" [stack: 0x000000f74fa00000,0x000000f74fb00000] [id=2592]
  0x000002c0753cb090 ConcurrentGCThread "G1 Refine#3" [stack: 0x000000f74fb00000,0x000000f74fc00000] [id=10068]
  0x000002c075c17550 ConcurrentGCThread "G1 Refine#4" [stack: 0x000000f74fc00000,0x000000f74fd00000] [id=3204]
  0x000002c05348e330 ConcurrentGCThread "G1 Service" [stack: 0x000000f74b400000,0x000000f74b500000] [id=6660]

Threads with active compile tasks:
C2 CompilerThread0    10481 5207       4       org.gradle.internal.serialize.HierarchicalNameSerializer::readFirstOccurrenceOfName (60 bytes)
C1 CompilerThread0    10481 5460 %     3       org.gradle.internal.classpath.transforms.InstrumentingBackwardsCompatibilityVisitor::fixInternalNameForBackwardCompatibility @ 9 (55 bytes)

VM state: at safepoint (normal execution)

VM Mutex/Monitor currently owned by a thread:  ([mutex/lock_event])
[0x000002c0533ccbc0] Threads_lock - owner thread: 0x000002c06d20acd0
[0x000002c0533ccce0] Heap_lock - owner thread: 0x000002c0755929b0

Heap address: 0x0000000080000000, size: 2048 MB, Compressed Oops mode: 32-bit

CDS archive(s) not mapped
Compressed class space mapped at: 0x0000000100000000-0x0000000140000000, reserved size: 1073741824
Narrow klass base: 0x0000000000000000, Narrow klass shift: 3, Narrow klass range: 0x140000000

GC Precious Log:
 CPUs: 8 total, 8 available
 Memory: 3838M
 Large Page Support: Disabled
 NUMA Support: Disabled
 Compressed Oops: Enabled (32-bit)
 Heap Region Size: 1M
 Heap Min Capacity: 8M
 Heap Initial Capacity: 60M
 Heap Max Capacity: 2G
 Pre-touch: Disabled
 Parallel Workers: 8
 Concurrent Workers: 2
 Concurrent Refinement Workers: 8
 Periodic GC: Disabled

Heap:
 garbage-first heap   total 165888K, used 89925K [0x0000000080000000, 0x0000000100000000)
  region size 1024K, 3 young (3072K), 3 survivors (3072K)
 Metaspace       used 54220K, committed 54784K, reserved 1114112K
  class space    used 7407K, committed 7680K, reserved 1048576K

Heap Regions: E=young(eden), S=young(survivor), O=old, HS=humongous(starts), HC=humongous(continues), CS=collection set, F=free, OA=open archive, CA=closed archive, TAMS=top-at-mark-start (previous, next)
|   0|0x0000000080000000, 0x0000000080100000, 0x0000000080100000|100%| O|  |TAMS 0x0000000080100000, 0x0000000080000000| Updating 
|   1|0x0000000080100000, 0x0000000080200000, 0x0000000080200000|100%|HS|  |TAMS 0x0000000080200000, 0x0000000080100000| Complete 
|   2|0x0000000080200000, 0x0000000080300000, 0x0000000080300000|100%|HC|  |TAMS 0x0000000080300000, 0x0000000080200000| Complete 
|   3|0x0000000080300000, 0x0000000080400000, 0x0000000080400000|100%|HC|  |TAMS 0x0000000080400000, 0x0000000080300000| Complete 
|   4|0x0000000080400000, 0x0000000080500000, 0x0000000080500000|100%| O|  |TAMS 0x0000000080500000, 0x0000000080400000| Updating 
|   5|0x0000000080500000, 0x0000000080600000, 0x0000000080600000|100%| O|  |TAMS 0x0000000080600000, 0x0000000080500000| Untracked 
|   6|0x0000000080600000, 0x0000000080700000, 0x0000000080700000|100%| O|  |TAMS 0x0000000080700000, 0x0000000080600000| Untracked 
|   7|0x0000000080700000, 0x0000000080800000, 0x0000000080800000|100%| O|  |TAMS 0x0000000080800000, 0x0000000080700000| Untracked 
|   8|0x0000000080800000, 0x0000000080900000, 0x0000000080900000|100%| O|  |TAMS 0x0000000080900000, 0x0000000080800000| Untracked 
|   9|0x0000000080900000, 0x0000000080a00000, 0x0000000080a00000|100%| O|  |TAMS 0x0000000080a00000, 0x0000000080900000| Untracked 
|  10|0x0000000080a00000, 0x0000000080b00000, 0x0000000080b00000|100%| O|  |TAMS 0x0000000080b00000, 0x0000000080a00000| Updating 
|  11|0x0000000080b00000, 0x0000000080c00000, 0x0000000080c00000|100%|HS|  |TAMS 0x0000000080c00000, 0x0000000080b00000| Complete 
|  12|0x0000000080c00000, 0x0000000080d00000, 0x0000000080d00000|100%| O|  |TAMS 0x0000000080d00000, 0x0000000080c00000| Untracked 
|  13|0x0000000080d00000, 0x0000000080e00000, 0x0000000080e00000|100%| O|  |TAMS 0x0000000080e00000, 0x0000000080d00000| Updating 
|  14|0x0000000080e00000, 0x0000000080f00000, 0x0000000080f00000|100%| O|  |TAMS 0x0000000080f00000, 0x0000000080e00000| Untracked 
|  15|0x0000000080f00000, 0x0000000081000000, 0x0000000081000000|100%| O|  |TAMS 0x0000000081000000, 0x0000000080f00000| Untracked 
|  16|0x0000000081000000, 0x0000000081100000, 0x0000000081100000|100%| O|  |TAMS 0x0000000081100000, 0x0000000081000000| Untracked 
|  17|0x0000000081100000, 0x0000000081200000, 0x0000000081200000|100%| O|  |TAMS 0x0000000081200000, 0x0000000081100000| Untracked 
|  18|0x0000000081200000, 0x0000000081300000, 0x0000000081300000|100%| O|  |TAMS 0x0000000081300000, 0x0000000081200000| Untracked 
|  19|0x0000000081300000, 0x0000000081400000, 0x0000000081400000|100%| O|  |TAMS 0x0000000081400000, 0x0000000081300000| Untracked 
|  20|0x0000000081400000, 0x0000000081500000, 0x0000000081500000|100%| O|  |TAMS 0x0000000081500000, 0x0000000081400000| Untracked 
|  21|0x0000000081500000, 0x0000000081600000, 0x0000000081600000|100%| O|  |TAMS 0x0000000081600000, 0x0000000081500000| Untracked 
|  22|0x0000000081600000, 0x0000000081700000, 0x0000000081700000|100%|HS|  |TAMS 0x0000000081700000, 0x0000000081600000| Complete 
|  23|0x0000000081700000, 0x0000000081800000, 0x0000000081800000|100%|HC|  |TAMS 0x0000000081800000, 0x0000000081700000| Complete 
|  24|0x0000000081800000, 0x0000000081900000, 0x0000000081900000|100%|HC|  |TAMS 0x0000000081900000, 0x0000000081800000| Complete 
|  25|0x0000000081900000, 0x0000000081a00000, 0x0000000081a00000|100%|HC|  |TAMS 0x0000000081a00000, 0x0000000081900000| Complete 
|  26|0x0000000081a00000, 0x0000000081b00000, 0x0000000081b00000|100%|HC|  |TAMS 0x0000000081b00000, 0x0000000081a00000| Complete 
|  27|0x0000000081b00000, 0x0000000081c00000, 0x0000000081c00000|100%| O|  |TAMS 0x0000000081c00000, 0x0000000081b00000| Untracked 
|  28|0x0000000081c00000, 0x0000000081d00000, 0x0000000081d00000|100%|HS|  |TAMS 0x0000000081d00000, 0x0000000081c00000| Complete 
|  29|0x0000000081d00000, 0x0000000081e00000, 0x0000000081e00000|100%|HC|  |TAMS 0x0000000081e00000, 0x0000000081d00000| Complete 
|  30|0x0000000081e00000, 0x0000000081f00000, 0x0000000081f00000|100%|HC|  |TAMS 0x0000000081f00000, 0x0000000081e00000| Complete 
|  31|0x0000000081f00000, 0x0000000082000000, 0x0000000082000000|100%| O|  |TAMS 0x0000000082000000, 0x0000000081f00000| Untracked 
|  32|0x0000000082000000, 0x0000000082100000, 0x0000000082100000|100%| O|  |TAMS 0x0000000082100000, 0x0000000082000000| Updating 
|  33|0x0000000082100000, 0x0000000082200000, 0x0000000082200000|100%|HS|  |TAMS 0x0000000082200000, 0x0000000082100000| Complete 
|  34|0x0000000082200000, 0x0000000082300000, 0x0000000082300000|100%|HC|  |TAMS 0x0000000082300000, 0x0000000082200000| Complete 
|  35|0x0000000082300000, 0x0000000082400000, 0x0000000082400000|100%|HC|  |TAMS 0x0000000082400000, 0x0000000082300000| Complete 
|  36|0x0000000082400000, 0x0000000082500000, 0x0000000082500000|100%| O|  |TAMS 0x0000000082500000, 0x0000000082400000| Untracked 
|  37|0x0000000082500000, 0x0000000082600000, 0x0000000082600000|100%|HS|  |TAMS 0x0000000082600000, 0x0000000082500000| Complete 
|  38|0x0000000082600000, 0x0000000082700000, 0x0000000082700000|100%| O|  |TAMS 0x0000000082700000, 0x0000000082600000| Untracked 
|  39|0x0000000082700000, 0x0000000082800000, 0x0000000082800000|100%| O|  |TAMS 0x0000000082800000, 0x0000000082700000| Updating 
|  40|0x0000000082800000, 0x0000000082900000, 0x0000000082900000|100%| O|  |TAMS 0x0000000082900000, 0x0000000082800000| Untracked 
|  41|0x0000000082900000, 0x0000000082a00000, 0x0000000082a00000|100%| O|  |TAMS 0x0000000082a00000, 0x0000000082900000| Untracked 
|  42|0x0000000082a00000, 0x0000000082b00000, 0x0000000082b00000|100%| O|  |TAMS 0x0000000082b00000, 0x0000000082a00000| Updating 
|  43|0x0000000082b00000, 0x0000000082c00000, 0x0000000082c00000|100%| O|  |TAMS 0x0000000082c00000, 0x0000000082b00000| Untracked 
|  44|0x0000000082c00000, 0x0000000082d00000, 0x0000000082d00000|100%| O|  |TAMS 0x0000000082d00000, 0x0000000082c00000| Untracked 
|  45|0x0000000082d00000, 0x0000000082e00000, 0x0000000082e00000|100%| O|  |TAMS 0x0000000082e00000, 0x0000000082d00000| Untracked 
|  46|0x0000000082e00000, 0x0000000082f00000, 0x0000000082f00000|100%| O|  |TAMS 0x0000000082f00000, 0x0000000082e00000| Untracked 
|  47|0x0000000082f00000, 0x0000000083000000, 0x0000000083000000|100%| O|  |TAMS 0x0000000083000000, 0x0000000082f00000| Untracked 
|  48|0x0000000083000000, 0x0000000083100000, 0x0000000083100000|100%| O|  |TAMS 0x0000000083100000, 0x0000000083000000| Untracked 
|  49|0x0000000083100000, 0x0000000083200000, 0x0000000083200000|100%| O|  |TAMS 0x0000000083200000, 0x0000000083100000| Updating 
|  50|0x0000000083200000, 0x0000000083300000, 0x0000000083300000|100%| O|  |TAMS 0x0000000083300000, 0x0000000083200000| Updating 
|  51|0x0000000083300000, 0x0000000083400000, 0x0000000083400000|100%| O|  |TAMS 0x0000000083400000, 0x0000000083300000| Updating 
|  52|0x0000000083400000, 0x0000000083500000, 0x0000000083500000|100%| O|  |TAMS 0x0000000083500000, 0x0000000083400000| Updating 
|  53|0x0000000083500000, 0x0000000083600000, 0x0000000083600000|100%| O|  |TAMS 0x0000000083600000, 0x0000000083500000| Updating 
|  54|0x0000000083600000, 0x0000000083700000, 0x0000000083700000|100%| O|  |TAMS 0x0000000083700000, 0x0000000083600000| Untracked 
|  55|0x0000000083700000, 0x0000000083800000, 0x0000000083800000|100%| O|  |TAMS 0x0000000083800000, 0x0000000083700000| Untracked 
|  56|0x0000000083800000, 0x0000000083900000, 0x0000000083900000|100%| O|  |TAMS 0x0000000083900000, 0x0000000083800000| Updating 
|  57|0x0000000083900000, 0x0000000083a00000, 0x0000000083a00000|100%| O|  |TAMS 0x0000000083a00000, 0x0000000083900000| Updating 
|  58|0x0000000083a00000, 0x0000000083b00000, 0x0000000083b00000|100%| O|  |TAMS 0x0000000083b00000, 0x0000000083a00000| Updating 
|  59|0x0000000083b00000, 0x0000000083c00000, 0x0000000083c00000|100%| O|  |TAMS 0x0000000083c00000, 0x0000000083b00000| Updating 
|  60|0x0000000083c00000, 0x0000000083d00000, 0x0000000083d00000|100%| O|  |TAMS 0x0000000083d00000, 0x0000000083c00000| Untracked 
|  61|0x0000000083d00000, 0x0000000083e00000, 0x0000000083e00000|100%| O|  |TAMS 0x0000000083e00000, 0x0000000083d00000| Updating 
|  62|0x0000000083e00000, 0x0000000083f00000, 0x0000000083f00000|100%| O|  |TAMS 0x0000000083f00000, 0x0000000083e00000| Updating 
|  63|0x0000000083f00000, 0x0000000084000000, 0x0000000084000000|100%| O|  |TAMS 0x0000000084000000, 0x0000000083f00000| Updating 
|  64|0x0000000084000000, 0x0000000084100000, 0x0000000084100000|100%| O|  |TAMS 0x0000000084100000, 0x0000000084000000| Updating 
|  65|0x0000000084100000, 0x0000000084200000, 0x0000000084200000|100%| O|  |TAMS 0x0000000084200000, 0x0000000084100000| Updating 
|  66|0x0000000084200000, 0x0000000084300000, 0x0000000084300000|100%| O|  |TAMS 0x0000000084300000, 0x0000000084200000| Updating 
|  67|0x0000000084300000, 0x0000000084400000, 0x0000000084400000|100%| O|  |TAMS 0x0000000084400000, 0x0000000084300000| Untracked 
|  68|0x0000000084400000, 0x0000000084500000, 0x0000000084500000|100%| O|  |TAMS 0x0000000084500000, 0x0000000084400000| Updating 
|  69|0x0000000084500000, 0x0000000084600000, 0x0000000084600000|100%| O|  |TAMS 0x0000000084600000, 0x0000000084500000| Updating 
|  70|0x0000000084600000, 0x0000000084700000, 0x0000000084700000|100%| O|  |TAMS 0x0000000084700000, 0x0000000084600000| Updating 
|  71|0x0000000084700000, 0x0000000084800000, 0x0000000084800000|100%| O|  |TAMS 0x0000000084800000, 0x0000000084700000| Untracked 
|  72|0x0000000084800000, 0x0000000084900000, 0x0000000084900000|100%| O|  |TAMS 0x0000000084900000, 0x0000000084800000| Untracked 
|  73|0x0000000084900000, 0x0000000084a00000, 0x0000000084a00000|100%| O|  |TAMS 0x0000000084a00000, 0x0000000084900000| Untracked 
|  74|0x0000000084a00000, 0x0000000084b00000, 0x0000000084b00000|100%| O|  |TAMS 0x0000000084b00000, 0x0000000084a00000| Untracked 
|  75|0x0000000084b00000, 0x0000000084c00000, 0x0000000084c00000|100%| O|  |TAMS 0x0000000084c00000, 0x0000000084b00000| Untracked 
|  76|0x0000000084c00000, 0x0000000084d00000, 0x0000000084d00000|100%| O|  |TAMS 0x0000000084c9f200, 0x0000000084c00000| Updating 
|  77|0x0000000084d00000, 0x0000000084e00000, 0x0000000084e00000|100%| O|  |TAMS 0x0000000084d00000, 0x0000000084d00000| Untracked 
|  78|0x0000000084e00000, 0x0000000084f00000, 0x0000000084f00000|100%| O|  |TAMS 0x0000000084e00000, 0x0000000084e00000| Untracked 
|  79|0x0000000084f00000, 0x0000000085000000, 0x0000000085000000|100%| O|  |TAMS 0x0000000084f00000, 0x0000000084f00000| Untracked 
|  80|0x0000000085000000, 0x0000000085100000, 0x0000000085100000|100%|HS|  |TAMS 0x0000000085000000, 0x0000000085000000| Complete 
|  81|0x0000000085100000, 0x0000000085200000, 0x0000000085200000|100%|HS|  |TAMS 0x0000000085100000, 0x0000000085100000| Complete 
|  82|0x0000000085200000, 0x0000000085300000, 0x0000000085300000|100%| O|  |TAMS 0x0000000085200000, 0x0000000085200000| Untracked 
|  83|0x0000000085300000, 0x0000000085400000, 0x0000000085400000|100%| O|  |TAMS 0x0000000085300000, 0x0000000085300000| Untracked 
|  84|0x0000000085400000, 0x00000000854d1600, 0x0000000085500000| 81%| O|  |TAMS 0x0000000085400000, 0x0000000085400000| Untracked 
|  85|0x0000000085500000, 0x0000000085500000, 0x0000000085600000|  0%| F|  |TAMS 0x0000000085500000, 0x0000000085500000| Untracked 
|  86|0x0000000085600000, 0x0000000085600000, 0x0000000085700000|  0%| F|  |TAMS 0x0000000085600000, 0x0000000085600000| Untracked 
|  87|0x0000000085700000, 0x0000000085700000, 0x0000000085800000|  0%| F|  |TAMS 0x0000000085700000, 0x0000000085700000| Untracked 
|  88|0x0000000085800000, 0x0000000085800000, 0x0000000085900000|  0%| F|  |TAMS 0x0000000085800000, 0x0000000085800000| Untracked 
|  89|0x0000000085900000, 0x0000000085900000, 0x0000000085a00000|  0%| F|  |TAMS 0x0000000085900000, 0x0000000085900000| Untracked 
|  90|0x0000000085a00000, 0x0000000085a00000, 0x0000000085b00000|  0%| F|  |TAMS 0x0000000085a00000, 0x0000000085a00000| Untracked 
|  91|0x0000000085b00000, 0x0000000085b00000, 0x0000000085c00000|  0%| F|  |TAMS 0x0000000085b00000, 0x0000000085b00000| Untracked 
|  92|0x0000000085c00000, 0x0000000085c00000, 0x0000000085d00000|  0%| F|  |TAMS 0x0000000085c00000, 0x0000000085c00000| Untracked 
|  93|0x0000000085d00000, 0x0000000085d00000, 0x0000000085e00000|  0%| F|  |TAMS 0x0000000085d00000, 0x0000000085d00000| Untracked 
|  94|0x0000000085e00000, 0x0000000085e00000, 0x0000000085f00000|  0%| F|  |TAMS 0x0000000085e00000, 0x0000000085e00000| Untracked 
|  95|0x0000000085f00000, 0x0000000085f00000, 0x0000000086000000|  0%| F|  |TAMS 0x0000000085f00000, 0x0000000085f00000| Untracked 
|  96|0x0000000086000000, 0x0000000086000000, 0x0000000086100000|  0%| F|  |TAMS 0x0000000086000000, 0x0000000086000000| Untracked 
|  97|0x0000000086100000, 0x0000000086100000, 0x0000000086200000|  0%| F|  |TAMS 0x0000000086100000, 0x0000000086100000| Untracked 
|  98|0x0000000086200000, 0x0000000086200000, 0x0000000086300000|  0%| F|  |TAMS 0x0000000086200000, 0x0000000086200000| Untracked 
|  99|0x0000000086300000, 0x0000000086300000, 0x0000000086400000|  0%| F|  |TAMS 0x0000000086300000, 0x0000000086300000| Untracked 
| 100|0x0000000086400000, 0x0000000086400000, 0x0000000086500000|  0%| F|  |TAMS 0x0000000086400000, 0x0000000086400000| Untracked 
| 101|0x0000000086500000, 0x0000000086500000, 0x0000000086600000|  0%| F|  |TAMS 0x0000000086500000, 0x0000000086500000| Untracked 
| 102|0x0000000086600000, 0x0000000086600000, 0x0000000086700000|  0%| F|  |TAMS 0x0000000086600000, 0x0000000086600000| Untracked 
| 103|0x0000000086700000, 0x0000000086700000, 0x0000000086800000|  0%| F|  |TAMS 0x0000000086700000, 0x0000000086700000| Untracked 
| 104|0x0000000086800000, 0x0000000086800000, 0x0000000086900000|  0%| F|  |TAMS 0x0000000086800000, 0x0000000086800000| Untracked 
| 105|0x0000000086900000, 0x0000000086900000, 0x0000000086a00000|  0%| F|  |TAMS 0x0000000086900000, 0x0000000086900000| Untracked 
| 106|0x0000000086a00000, 0x0000000086a00000, 0x0000000086b00000|  0%| F|  |TAMS 0x0000000086a00000, 0x0000000086a00000| Untracked 
| 107|0x0000000086b00000, 0x0000000086b00000, 0x0000000086c00000|  0%| F|  |TAMS 0x0000000086b00000, 0x0000000086b00000| Untracked 
| 108|0x0000000086c00000, 0x0000000086c00000, 0x0000000086d00000|  0%| F|  |TAMS 0x0000000086c00000, 0x0000000086c00000| Untracked 
| 109|0x0000000086d00000, 0x0000000086d00000, 0x0000000086e00000|  0%| F|  |TAMS 0x0000000086d00000, 0x0000000086d00000| Untracked 
| 110|0x0000000086e00000, 0x0000000086e00000, 0x0000000086f00000|  0%| F|  |TAMS 0x0000000086e00000, 0x0000000086e00000| Untracked 
| 111|0x0000000086f00000, 0x0000000086f00000, 0x0000000087000000|  0%| F|  |TAMS 0x0000000086f00000, 0x0000000086f00000| Untracked 
| 112|0x0000000087000000, 0x0000000087000000, 0x0000000087100000|  0%| F|  |TAMS 0x0000000087000000, 0x0000000087000000| Untracked 
| 113|0x0000000087100000, 0x0000000087100000, 0x0000000087200000|  0%| F|  |TAMS 0x0000000087100000, 0x0000000087100000| Untracked 
| 114|0x0000000087200000, 0x0000000087200000, 0x0000000087300000|  0%| F|  |TAMS 0x0000000087200000, 0x0000000087200000| Untracked 
| 115|0x0000000087300000, 0x0000000087300000, 0x0000000087400000|  0%| F|  |TAMS 0x0000000087300000, 0x0000000087300000| Untracked 
| 116|0x0000000087400000, 0x0000000087400000, 0x0000000087500000|  0%| F|  |TAMS 0x0000000087400000, 0x0000000087400000| Untracked 
| 117|0x0000000087500000, 0x0000000087500000, 0x0000000087600000|  0%| F|  |TAMS 0x0000000087500000, 0x0000000087500000| Untracked 
| 118|0x0000000087600000, 0x0000000087600000, 0x0000000087700000|  0%| F|  |TAMS 0x0000000087600000, 0x0000000087600000| Untracked 
| 119|0x0000000087700000, 0x0000000087700000, 0x0000000087800000|  0%| F|  |TAMS 0x0000000087700000, 0x0000000087700000| Untracked 
| 120|0x0000000087800000, 0x0000000087800000, 0x0000000087900000|  0%| F|  |TAMS 0x0000000087800000, 0x0000000087800000| Untracked 
| 121|0x0000000087900000, 0x0000000087900000, 0x0000000087a00000|  0%| F|  |TAMS 0x0000000087900000, 0x0000000087900000| Untracked 
| 122|0x0000000087a00000, 0x0000000087a00000, 0x0000000087b00000|  0%| F|  |TAMS 0x0000000087a00000, 0x0000000087a00000| Untracked 
| 123|0x0000000087b00000, 0x0000000087b00000, 0x0000000087c00000|  0%| F|  |TAMS 0x0000000087b00000, 0x0000000087b00000| Untracked 
| 124|0x0000000087c00000, 0x0000000087c00000, 0x0000000087d00000|  0%| F|  |TAMS 0x0000000087c00000, 0x0000000087c00000| Untracked 
| 125|0x0000000087d00000, 0x0000000087d00000, 0x0000000087e00000|  0%| F|  |TAMS 0x0000000087d00000, 0x0000000087d00000| Untracked 
| 126|0x0000000087e00000, 0x0000000087e00000, 0x0000000087f00000|  0%| F|  |TAMS 0x0000000087e00000, 0x0000000087e00000| Untracked 
| 127|0x0000000087f00000, 0x0000000087f00000, 0x0000000088000000|  0%| F|  |TAMS 0x0000000087f00000, 0x0000000087f00000| Untracked 
| 128|0x0000000088000000, 0x0000000088000000, 0x0000000088100000|  0%| F|  |TAMS 0x0000000088000000, 0x0000000088000000| Untracked 
| 129|0x0000000088100000, 0x0000000088100000, 0x0000000088200000|  0%| F|  |TAMS 0x0000000088100000, 0x0000000088100000| Untracked 
| 130|0x0000000088200000, 0x0000000088200000, 0x0000000088300000|  0%| F|  |TAMS 0x0000000088200000, 0x0000000088200000| Untracked 
| 131|0x0000000088300000, 0x0000000088300000, 0x0000000088400000|  0%| F|  |TAMS 0x0000000088300000, 0x0000000088300000| Untracked 
| 132|0x0000000088400000, 0x0000000088400000, 0x0000000088500000|  0%| F|  |TAMS 0x0000000088400000, 0x0000000088400000| Untracked 
| 133|0x0000000088500000, 0x0000000088500000, 0x0000000088600000|  0%| F|  |TAMS 0x0000000088500000, 0x0000000088500000| Untracked 
| 134|0x0000000088600000, 0x0000000088600000, 0x0000000088700000|  0%| F|  |TAMS 0x0000000088600000, 0x0000000088600000| Untracked 
| 135|0x0000000088700000, 0x0000000088700000, 0x0000000088800000|  0%| F|  |TAMS 0x0000000088700000, 0x0000000088700000| Untracked 
| 136|0x0000000088800000, 0x0000000088800000, 0x0000000088900000|  0%| F|  |TAMS 0x0000000088800000, 0x0000000088800000| Untracked 
| 137|0x0000000088900000, 0x0000000088900000, 0x0000000088a00000|  0%| F|  |TAMS 0x0000000088900000, 0x0000000088900000| Untracked 
| 138|0x0000000088a00000, 0x0000000088a00000, 0x0000000088b00000|  0%| F|  |TAMS 0x0000000088a00000, 0x0000000088a00000| Untracked 
| 139|0x0000000088b00000, 0x0000000088b00000, 0x0000000088c00000|  0%| F|  |TAMS 0x0000000088b00000, 0x0000000088b00000| Untracked 
| 140|0x0000000088c00000, 0x0000000088c00000, 0x0000000088d00000|  0%| F|  |TAMS 0x0000000088c00000, 0x0000000088c00000| Untracked 
| 141|0x0000000088d00000, 0x0000000088d00000, 0x0000000088e00000|  0%| F|  |TAMS 0x0000000088d00000, 0x0000000088d00000| Untracked 
| 142|0x0000000088e00000, 0x0000000088e00000, 0x0000000088f00000|  0%| F|  |TAMS 0x0000000088e00000, 0x0000000088e00000| Untracked 
| 143|0x0000000088f00000, 0x0000000088f00000, 0x0000000089000000|  0%| F|  |TAMS 0x0000000088f00000, 0x0000000088f00000| Untracked 
| 144|0x0000000089000000, 0x0000000089000000, 0x0000000089100000|  0%| F|  |TAMS 0x0000000089000000, 0x0000000089000000| Untracked 
| 145|0x0000000089100000, 0x0000000089100000, 0x0000000089200000|  0%| F|  |TAMS 0x0000000089100000, 0x0000000089100000| Untracked 
| 146|0x0000000089200000, 0x0000000089200000, 0x0000000089300000|  0%| F|  |TAMS 0x0000000089200000, 0x0000000089200000| Untracked 
| 147|0x0000000089300000, 0x0000000089300000, 0x0000000089400000|  0%| F|  |TAMS 0x0000000089300000, 0x0000000089300000| Untracked 
| 148|0x0000000089400000, 0x0000000089400000, 0x0000000089500000|  0%| F|  |TAMS 0x0000000089400000, 0x0000000089400000| Untracked 
| 149|0x0000000089500000, 0x0000000089500000, 0x0000000089600000|  0%| F|  |TAMS 0x0000000089500000, 0x0000000089500000| Untracked 
| 150|0x0000000089600000, 0x0000000089600000, 0x0000000089700000|  0%| F|  |TAMS 0x0000000089600000, 0x0000000089600000| Untracked 
| 151|0x0000000089700000, 0x0000000089700000, 0x0000000089800000|  0%| F|  |TAMS 0x0000000089700000, 0x0000000089700000| Untracked 
| 152|0x0000000089800000, 0x0000000089800000, 0x0000000089900000|  0%| F|  |TAMS 0x0000000089800000, 0x0000000089800000| Untracked 
| 153|0x0000000089900000, 0x0000000089900000, 0x0000000089a00000|  0%| F|  |TAMS 0x0000000089900000, 0x0000000089900000| Untracked 
| 154|0x0000000089a00000, 0x0000000089a00000, 0x0000000089b00000|  0%| F|  |TAMS 0x0000000089a00000, 0x0000000089a00000| Untracked 
| 155|0x0000000089b00000, 0x0000000089b00000, 0x0000000089c00000|  0%| F|  |TAMS 0x0000000089b00000, 0x0000000089b00000| Untracked 
| 156|0x0000000089c00000, 0x0000000089c00000, 0x0000000089d00000|  0%| F|  |TAMS 0x0000000089c00000, 0x0000000089c00000| Untracked 
| 157|0x0000000089d00000, 0x0000000089e00000, 0x0000000089e00000|100%| S|CS|TAMS 0x0000000089d00000, 0x0000000089d00000| Complete 
| 158|0x0000000089e00000, 0x0000000089f00000, 0x0000000089f00000|100%| S|CS|TAMS 0x0000000089e00000, 0x0000000089e00000| Complete 
| 159|0x0000000089f00000, 0x000000008a000000, 0x000000008a000000|100%| S|CS|TAMS 0x0000000089f00000, 0x0000000089f00000| Complete 
| 160|0x000000008a000000, 0x000000008a000000, 0x000000008a100000|  0%| F|  |TAMS 0x000000008a000000, 0x000000008a000000| Untracked 
| 161|0x000000008a100000, 0x000000008a100000, 0x000000008a200000|  0%| F|  |TAMS 0x000000008a100000, 0x000000008a100000| Untracked 

Card table byte_map: [0x000002c065fe0000,0x000002c0663e0000] _byte_map_base: 0x000002c065be0000

Marking Bits (Prev, Next): (CMBitMap*) 0x000002c05342e6a0, (CMBitMap*) 0x000002c05342e660
 Prev Bits: [0x000002c0687e0000, 0x000002c06a7e0000)
 Next Bits: [0x000002c0667e0000, 0x000002c0687e0000)

Polling page: 0x000002c051560000

Metaspace:

Usage:
  Non-class:     45.72 MB used.
      Class:      7.23 MB used.
       Both:     52.95 MB used.

Virtual space:
  Non-class space:       64.00 MB reserved,      46.00 MB ( 72%) committed,  1 nodes.
      Class space:        1.00 GB reserved,       7.50 MB ( <1%) committed,  1 nodes.
             Both:        1.06 GB reserved,      53.50 MB (  5%) committed. 

Chunk freelists:
   Non-Class:  1.77 MB
       Class:  8.41 MB
        Both:  10.17 MB

MaxMetaspaceSize: unlimited
CompressedClassSpaceSize: 1.00 GB
Initial GC threshold: 21.00 MB
Current GC threshold: 89.00 MB
CDS: off
MetaspaceReclaimPolicy: balanced
 - commit_granule_bytes: 65536.
 - commit_granule_words: 8192.
 - virtual_space_node_default_size: 8388608.
 - enlarge_chunks_in_place: 1.
 - new_chunks_are_fully_committed: 0.
 - uncommit_free_chunks: 1.
 - use_allocation_guard: 0.
 - handle_deallocations: 1.


Internal statistics:

num_allocs_failed_limit: 3.
num_arena_births: 622.
num_arena_deaths: 2.
num_vsnodes_births: 2.
num_vsnodes_deaths: 0.
num_space_committed: 856.
num_space_uncommitted: 0.
num_chunks_returned_to_freelist: 5.
num_chunks_taken_from_freelist: 2448.
num_chunk_merges: 3.
num_chunk_splits: 1565.
num_chunks_enlarged: 1040.
num_inconsistent_stats: 0.

CodeHeap 'non-profiled nmethods': size=120000Kb used=2644Kb max_used=2644Kb free=117355Kb
 bounds [0x000002c05e380000, 0x000002c05e620000, 0x000002c0658b0000]
CodeHeap 'profiled nmethods': size=120000Kb used=10767Kb max_used=10767Kb free=109232Kb
 bounds [0x000002c0568b0000, 0x000002c057340000, 0x000002c05dde0000]
CodeHeap 'non-nmethods': size=5760Kb used=2327Kb max_used=2367Kb free=3432Kb
 bounds [0x000002c05dde0000, 0x000002c05e050000, 0x000002c05e380000]
 total_blobs=6172 nmethods=5341 adapters=743
 compilation: enabled
              stopped_count=0, restarted_count=0
 full_count=0

Compilation events (20 events):
Event: 10.203 Thread 0x000002c06d4ab150 nmethod 5426 0x000002c0572f0e90 code [0x000002c0572f1080, 0x000002c0572f1628]
Event: 10.227 Thread 0x000002c06d4ab150 5435 %     3       java.util.StringTokenizer::scanToken @ 2 (179 bytes)
Event: 10.231 Thread 0x000002c06d4ab150 nmethod 5435% 0x000002c0572f1990 code [0x000002c0572f1d00, 0x000002c0572f34b8]
Event: 10.231 Thread 0x000002c06d4ab150 5438       2       org.apache.commons.compress.archivers.zip.ZipShort::putShort (9 bytes)
Event: 10.233 Thread 0x000002c06d4ab150 nmethod 5438 0x000002c0572f3d10 code [0x000002c0572f3ea0, 0x000002c0572f3fa8]
Event: 10.235 Thread 0x000002c06d4ab150 5427       2       org.gradle.internal.classpath.CallInterceptionClosureInstrumentingClassVisitor::visitMethod (123 bytes)
Event: 10.255 Thread 0x000002c06d4ab150 nmethod 5427 0x000002c0572f4090 code [0x000002c0572f4320, 0x000002c0572f4a88]
Event: 10.255 Thread 0x000002c06d4ab150 5442 %     3       org.objectweb.asm.ClassReader::readCode @ 1738 (5117 bytes)
Event: 10.290 Thread 0x000002c06d4ab150 nmethod 5442% 0x000002c0572f4f90 code [0x000002c0572f6520, 0x000002c057309988]
Event: 10.290 Thread 0x000002c06d4ab150 5446       2       org.objectweb.asm.MethodWriter::visitFrame (811 bytes)
Event: 10.307 Thread 0x000002c06d4ab150 nmethod 5446 0x000002c057311f90 code [0x000002c0573123a0, 0x000002c057313768]
Event: 10.308 Thread 0x000002c06d4ab150 5450 %     3       org.gradle.internal.classpath.transforms.InstrumentingBackwardsCompatibilityVisitor::fixDescriptorForBackwardCompatibility @ 9 (52 bytes)
Event: 10.314 Thread 0x000002c06d4ab150 nmethod 5450% 0x000002c057314590 code [0x000002c0573147a0, 0x000002c057315068]
Event: 10.314 Thread 0x000002c06d4ab150 5449 %     3       org.objectweb.asm.ClassReader::readCode @ 1631 (5117 bytes)
Event: 10.377 Thread 0x000002c06d4ab150 nmethod 5449% 0x000002c057315310 code [0x000002c0573168a0, 0x000002c057329c68]
Event: 10.377 Thread 0x000002c06d4ab150 5456       3       org.gradle.internal.classpath.transforms.InstrumentingBackwardsCompatibilityVisitor::fixDescriptorForBackwardCompatibility (52 bytes)
Event: 10.388 Thread 0x000002c06d4ab150 nmethod 5456 0x000002c057332210 code [0x000002c057332420, 0x000002c057332cf8]
Event: 10.388 Thread 0x000002c06d4ab150 5455 %     3       org.gradle.internal.classpath.transforms.InstrumentingClassTransform$InstrumentingMethodVisitor::visitMethodInsn @ 30 (126 bytes)
Event: 10.403 Thread 0x000002c06d4ab150 nmethod 5455% 0x000002c057332f90 code [0x000002c0573331e0, 0x000002c057333cb8]
Event: 10.405 Thread 0x000002c06d4ab150 5460 %     3       org.gradle.internal.classpath.transforms.InstrumentingBackwardsCompatibilityVisitor::fixInternalNameForBackwardCompatibility @ 9 (55 bytes)

GC Heap History (20 events):
Event: 8.286 GC heap after
{Heap after GC invocations=24 (full 0):
 garbage-first heap   total 75776K, used 47055K [0x0000000080000000, 0x0000000100000000)
  region size 1024K, 3 young (3072K), 3 survivors (3072K)
 Metaspace       used 45750K, committed 46272K, reserved 1114112K
  class space    used 6221K, committed 6464K, reserved 1048576K
}
Event: 8.365 GC heap before
{Heap before GC invocations=25 (full 0):
 garbage-first heap   total 80896K, used 61391K [0x0000000080000000, 0x0000000100000000)
  region size 1024K, 17 young (17408K), 3 survivors (3072K)
 Metaspace       used 45963K, committed 46400K, reserved 1114112K
  class space    used 6236K, committed 6464K, reserved 1048576K
}
Event: 8.369 GC heap after
{Heap after GC invocations=26 (full 0):
 garbage-first heap   total 80896K, used 48602K [0x0000000080000000, 0x0000000100000000)
  region size 1024K, 3 young (3072K), 3 survivors (3072K)
 Metaspace       used 45963K, committed 46400K, reserved 1114112K
  class space    used 6236K, committed 6464K, reserved 1048576K
}
Event: 8.454 GC heap before
{Heap before GC invocations=26 (full 0):
 garbage-first heap   total 80896K, used 56794K [0x0000000080000000, 0x0000000100000000)
  region size 1024K, 13 young (13312K), 3 survivors (3072K)
 Metaspace       used 46473K, committed 46848K, reserved 1114112K
  class space    used 6288K, committed 6464K, reserved 1048576K
}
Event: 8.458 GC heap after
{Heap after GC invocations=27 (full 0):
 garbage-first heap   total 99328K, used 49772K [0x0000000080000000, 0x0000000100000000)
  region size 1024K, 2 young (2048K), 2 survivors (2048K)
 Metaspace       used 46473K, committed 46848K, reserved 1114112K
  class space    used 6288K, committed 6464K, reserved 1048576K
}
Event: 9.020 GC heap before
{Heap before GC invocations=28 (full 0):
 garbage-first heap   total 99328K, used 80492K [0x0000000080000000, 0x0000000100000000)
  region size 1024K, 28 young (28672K), 2 survivors (2048K)
 Metaspace       used 50320K, committed 50752K, reserved 1114112K
  class space    used 6776K, committed 6976K, reserved 1048576K
}
Event: 9.024 GC heap after
{Heap after GC invocations=29 (full 0):
 garbage-first heap   total 99328K, used 50702K [0x0000000080000000, 0x0000000100000000)
  region size 1024K, 3 young (3072K), 3 survivors (3072K)
 Metaspace       used 50320K, committed 50752K, reserved 1114112K
  class space    used 6776K, committed 6976K, reserved 1048576K
}
Event: 9.708 GC heap before
{Heap before GC invocations=29 (full 0):
 garbage-first heap   total 99328K, used 77326K [0x0000000080000000, 0x0000000100000000)
  region size 1024K, 30 young (30720K), 3 survivors (3072K)
 Metaspace       used 52689K, committed 53120K, reserved 1114112K
  class space    used 7174K, committed 7360K, reserved 1048576K
}
Event: 9.714 GC heap after
{Heap after GC invocations=30 (full 0):
 garbage-first heap   total 99328K, used 52299K [0x0000000080000000, 0x0000000100000000)
  region size 1024K, 4 young (4096K), 4 survivors (4096K)
 Metaspace       used 52689K, committed 53120K, reserved 1114112K
  class space    used 7174K, committed 7360K, reserved 1048576K
}
Event: 9.906 GC heap before
{Heap before GC invocations=31 (full 0):
 garbage-first heap   total 99328K, used 77899K [0x0000000080000000, 0x0000000100000000)
  region size 1024K, 30 young (30720K), 4 survivors (4096K)
 Metaspace       used 53503K, committed 54080K, reserved 1114112K
  class space    used 7324K, committed 7616K, reserved 1048576K
}
Event: 9.920 GC heap after
{Heap after GC invocations=32 (full 0):
 garbage-first heap   total 99328K, used 60376K [0x0000000080000000, 0x0000000100000000)
  region size 1024K, 4 young (4096K), 4 survivors (4096K)
 Metaspace       used 53503K, committed 54080K, reserved 1114112K
  class space    used 7324K, committed 7616K, reserved 1048576K
}
Event: 9.980 GC heap before
{Heap before GC invocations=32 (full 0):
 garbage-first heap   total 99328K, used 76760K [0x0000000080000000, 0x0000000100000000)
  region size 1024K, 21 young (21504K), 4 survivors (4096K)
 Metaspace       used 53917K, committed 54464K, reserved 1114112K
  class space    used 7385K, committed 7616K, reserved 1048576K
}
Event: 10.008 GC heap after
{Heap after GC invocations=33 (full 0):
 garbage-first heap   total 99328K, used 68408K [0x0000000080000000, 0x0000000100000000)
  region size 1024K, 3 young (3072K), 3 survivors (3072K)
 Metaspace       used 53917K, committed 54464K, reserved 1114112K
  class space    used 7385K, committed 7616K, reserved 1048576K
}
Event: 10.088 GC heap before
{Heap before GC invocations=34 (full 0):
 garbage-first heap   total 128000K, used 79672K [0x0000000080000000, 0x0000000100000000)
  region size 1024K, 14 young (14336K), 3 survivors (3072K)
 Metaspace       used 54128K, committed 54720K, reserved 1114112K
  class space    used 7407K, committed 7680K, reserved 1048576K
}
Event: 10.103 GC heap after
{Heap after GC invocations=35 (full 0):
 garbage-first heap   total 128000K, used 73971K [0x0000000080000000, 0x0000000100000000)
  region size 1024K, 2 young (2048K), 2 survivors (2048K)
 Metaspace       used 54128K, committed 54720K, reserved 1114112K
  class space    used 7407K, committed 7680K, reserved 1048576K
}
Event: 10.204 GC heap before
{Heap before GC invocations=35 (full 0):
 garbage-first heap   total 128000K, used 94451K [0x0000000080000000, 0x0000000100000000)
  region size 1024K, 22 young (22528K), 2 survivors (2048K)
 Metaspace       used 54212K, committed 54784K, reserved 1114112K
  class space    used 7407K, committed 7680K, reserved 1048576K
}
Event: 10.227 GC heap after
{Heap after GC invocations=36 (full 0):
 garbage-first heap   total 128000K, used 81532K [0x0000000080000000, 0x0000000100000000)
  region size 1024K, 3 young (3072K), 3 survivors (3072K)
 Metaspace       used 54212K, committed 54784K, reserved 1114112K
  class space    used 7407K, committed 7680K, reserved 1048576K
}
Event: 10.240 GC heap before
{Heap before GC invocations=36 (full 0):
 garbage-first heap   total 128000K, used 83580K [0x0000000080000000, 0x0000000100000000)
  region size 1024K, 6 young (6144K), 3 survivors (3072K)
 Metaspace       used 54215K, committed 54784K, reserved 1114112K
  class space    used 7407K, committed 7680K, reserved 1048576K
}
Event: 10.253 GC heap after
{Heap after GC invocations=37 (full 0):
 garbage-first heap   total 128000K, used 83084K [0x0000000080000000, 0x0000000100000000)
  region size 1024K, 2 young (2048K), 2 survivors (2048K)
 Metaspace       used 54215K, committed 54784K, reserved 1114112K
  class space    used 7407K, committed 7680K, reserved 1048576K
}
Event: 10.415 GC heap before
{Heap before GC invocations=37 (full 0):
 garbage-first heap   total 165888K, used 99468K [0x0000000080000000, 0x0000000100000000)
  region size 1024K, 17 young (17408K), 2 survivors (2048K)
 Metaspace       used 54220K, committed 54784K, reserved 1114112K
  class space    used 7407K, committed 7680K, reserved 1048576K
}

Dll operation events (3 events):
Event: 0.054 Loaded shared library C:\Program Files\Android\Android Studio\jbr\bin\java.dll
Event: 0.399 Loaded shared library C:\Program Files\Android\Android Studio\jbr\bin\zip.dll
Event: 1.256 Loaded shared library C:\Program Files\Android\Android Studio\jbr\bin\verify.dll

Deoptimization events (20 events):
Event: 9.826 Thread 0x000002c0755929b0 DEOPT PACKING pc=0x000002c057034d59 sp=0x000000f74f4fb470
Event: 9.826 Thread 0x000002c0755929b0 DEOPT UNPACKING pc=0x000002c05de3ace3 sp=0x000000f74f4fa960 mode 0
Event: 9.827 Thread 0x000002c0755929b0 DEOPT PACKING pc=0x000002c056f15b4e sp=0x000000f74f4fb4a0
Event: 9.827 Thread 0x000002c0755929b0 DEOPT UNPACKING pc=0x000002c05de3ace3 sp=0x000000f74f4fa968 mode 0
Event: 9.827 Thread 0x000002c0755929b0 DEOPT PACKING pc=0x000002c057034d59 sp=0x000000f74f4fb470
Event: 9.827 Thread 0x000002c0755929b0 DEOPT UNPACKING pc=0x000002c05de3ace3 sp=0x000000f74f4fa960 mode 0
Event: 9.863 Thread 0x000002c0755975a0 Uncommon trap: trap_request=0xffffffcc fr.pc=0x000002c05e603bfc relative=0x00000000000013dc
Event: 9.863 Thread 0x000002c0755975a0 Uncommon trap: reason=intrinsic_or_type_checked_inlining action=make_not_entrant pc=0x000002c05e603bfc method=java.util.ArrayList.toArray([Ljava/lang/Object;)[Ljava/lang/Object; @ 36 c2
Event: 9.863 Thread 0x000002c0755975a0 DEOPT PACKING pc=0x000002c05e603bfc sp=0x000000f74f7f9380
Event: 9.863 Thread 0x000002c0755975a0 DEOPT UNPACKING pc=0x000002c05de3a1a3 sp=0x000000f74f7f92c8 mode 2
Event: 9.887 Thread 0x000002c0755975a0 DEOPT PACKING pc=0x000002c056ce2cd4 sp=0x000000f74f7fa090
Event: 9.887 Thread 0x000002c0755975a0 DEOPT UNPACKING pc=0x000002c05de3ace3 sp=0x000000f74f7f95e8 mode 0
Event: 9.949 Thread 0x000002c0755975a0 Uncommon trap: trap_request=0xffffff3d fr.pc=0x000002c05e4fc3d0 relative=0x0000000000000210
Event: 9.950 Thread 0x000002c0755975a0 Uncommon trap: reason=unstable_fused_if action=reinterpret pc=0x000002c05e4fc3d0 method=org.objectweb.asm.ByteVector.putUTF8(Ljava/lang/String;)Lorg/objectweb/asm/ByteVector; @ 93 c2
Event: 9.950 Thread 0x000002c0755975a0 DEOPT PACKING pc=0x000002c05e4fc3d0 sp=0x000000f74f7fa790
Event: 9.950 Thread 0x000002c0755975a0 DEOPT UNPACKING pc=0x000002c05de3a1a3 sp=0x000000f74f7fa710 mode 2
Event: 10.073 Thread 0x000002c0755975a0 DEOPT PACKING pc=0x000002c057281411 sp=0x000000f74f7fa2e0
Event: 10.073 Thread 0x000002c0755975a0 DEOPT UNPACKING pc=0x000002c05de3ace3 sp=0x000000f74f7f97f0 mode 0
Event: 10.318 Thread 0x000002c0755975a0 DEOPT PACKING pc=0x000002c0572a723c sp=0x000000f74f7fa960
Event: 10.318 Thread 0x000002c0755975a0 DEOPT UNPACKING pc=0x000002c05de3ace3 sp=0x000000f74f7f9e38 mode 0

Classes unloaded (1 events):
Event: 10.355 Thread 0x000002c06d20acd0 Unloading class 0x0000000100770400 'java/lang/invoke/LambdaForm$DMH+0x0000000100770400'

Classes redefined (0 events):
No events

Internal exceptions (20 events):
Event: 9.266 Thread 0x000002c0739b2fa0 Exception <a 'java/lang/NoSuchMethodError'{0x00000000853b5020}: 'int java.lang.invoke.DirectMethodHandle$Holder.invokeInterface(java.lang.Object, java.lang.Object, java.lang.Object, java.lang.Object, java.lang.Object)'> (0x00000000853b5020) 
thrown [s\src\hotspot\share\interpreter\linkResolver.cpp, line 771]
Event: 9.295 Thread 0x000002c0739b2fa0 Exception <a 'java/lang/NoSuchMethodError'{0x00000000852f2ae8}: 'java.lang.Object java.lang.invoke.DirectMethodHandle$Holder.newInvokeSpecial(java.lang.Object, java.lang.Object, java.lang.Object, java.lang.Object, int, java.lang.Object)'> (0x00000000852f2ae8) 
thrown [s\src\hotspot\share\interpreter\linkResolver.cpp, line 771]
Event: 9.295 Thread 0x000002c0739b2fa0 Exception <a 'java/lang/NoSuchMethodError'{0x00000000852fb978}: 'java.lang.Object java.lang.invoke.Invokers$Holder.linkToTargetMethod(java.lang.Object, java.lang.Object, java.lang.Object, int, java.lang.Object, java.lang.Object)'> (0x00000000852fb978) 
thrown [s\src\hotspot\share\interpreter\linkResolver.cpp, line 771]
Event: 9.393 Thread 0x000002c0739b2fa0 Exception <a 'java/lang/NoSuchMethodError'{0x0000000084e8b2c0}: 'java.lang.Object java.lang.invoke.DirectMethodHandle$Holder.invokeSpecialIFC(java.lang.Object, java.lang.Object, java.lang.Object)'> (0x0000000084e8b2c0) 
thrown [s\src\hotspot\share\interpreter\linkResolver.cpp, line 771]
Event: 9.502 Thread 0x000002c07474cfa0 Exception <a 'sun/nio/fs/WindowsException'{0x0000000084b151b8}> (0x0000000084b151b8) 
thrown [s\src\hotspot\share\prims\jni.cpp, line 531]
Event: 9.503 Thread 0x000002c07474cfa0 Exception <a 'sun/nio/fs/WindowsException'{0x0000000084b15898}> (0x0000000084b15898) 
thrown [s\src\hotspot\share\prims\jni.cpp, line 531]
Event: 9.505 Thread 0x000002c07474cfa0 Exception <a 'sun/nio/fs/WindowsException'{0x0000000084b254e8}> (0x0000000084b254e8) 
thrown [s\src\hotspot\share\prims\jni.cpp, line 531]
Event: 9.511 Thread 0x000002c07474cfa0 Exception <a 'sun/nio/fs/WindowsException'{0x0000000084b31758}> (0x0000000084b31758) 
thrown [s\src\hotspot\share\prims\jni.cpp, line 531]
Event: 9.529 Thread 0x000002c0739b2fa0 Exception <a 'java/lang/ClassNotFoundException'{0x0000000084b66d48}: sync_studio_tooling2663_ep2u17iv2l5joetcyqst13dk0BeanInfo> (0x0000000084b66d48) 
thrown [s\src\hotspot\share\classfile\systemDictionary.cpp, line 256]
Event: 9.530 Thread 0x000002c0739b2fa0 Exception <a 'java/lang/ClassNotFoundException'{0x0000000084b6e168}: sync_studio_tooling2663_ep2u17iv2l5joetcyqst13dk0Customizer> (0x0000000084b6e168) 
thrown [s\src\hotspot\share\classfile\systemDictionary.cpp, line 256]
Event: 9.577 Thread 0x000002c0739b2fa0 Exception <a 'java/lang/ClassNotFoundException'{0x0000000084a6a360}: ijInit2_cx30y7ewc6g5dj6phepfccrwgBeanInfo> (0x0000000084a6a360) 
thrown [s\src\hotspot\share\classfile\systemDictionary.cpp, line 256]
Event: 9.578 Thread 0x000002c0739b2fa0 Exception <a 'java/lang/ClassNotFoundException'{0x0000000084a71668}: ijInit2_cx30y7ewc6g5dj6phepfccrwgCustomizer> (0x0000000084a71668) 
thrown [s\src\hotspot\share\classfile\systemDictionary.cpp, line 256]
Event: 9.592 Thread 0x000002c0739b2fa0 Exception <a 'java/lang/ClassNotFoundException'{0x0000000084abc068}: ijInit2_cx30y7ewc6g5dj6phepfccrwg$_run_closure1BeanInfo> (0x0000000084abc068) 
thrown [s\src\hotspot\share\classfile\systemDictionary.cpp, line 256]
Event: 9.593 Thread 0x000002c0739b2fa0 Exception <a 'java/lang/ClassNotFoundException'{0x0000000084ac36b0}: ijInit2_cx30y7ewc6g5dj6phepfccrwg$_run_closure1Customizer> (0x0000000084ac36b0) 
thrown [s\src\hotspot\share\classfile\systemDictionary.cpp, line 256]
Event: 9.756 Thread 0x000002c0755975a0 Exception <a 'java/lang/IncompatibleClassChangeError'{0x0000000085e31f58}: Found class java.lang.Object, but interface was expected> (0x0000000085e31f58) 
thrown [s\src\hotspot\share\interpreter\linkResolver.cpp, line 838]
Event: 9.756 Thread 0x000002c0755929b0 Exception <a 'java/lang/IncompatibleClassChangeError'{0x0000000085fc9570}: Found class java.lang.Object, but interface was expected> (0x0000000085fc9570) 
thrown [s\src\hotspot\share\interpreter\linkResolver.cpp, line 838]
Event: 9.804 Thread 0x000002c0755929b0 Exception <a 'java/lang/NoSuchMethodError'{0x0000000085c76920}: 'void java.lang.invoke.DirectMethodHandle$Holder.invokeVirtual(java.lang.Object, java.lang.Object)'> (0x0000000085c76920) 
thrown [s\src\hotspot\share\interpreter\linkResolver.cpp, line 771]
Event: 9.805 Thread 0x000002c0755975a0 Exception <a 'java/lang/NoSuchMethodError'{0x0000000085c5c428}: 'void java.lang.invoke.DirectMethodHandle$Holder.invokeVirtual(java.lang.Object, java.lang.Object)'> (0x0000000085c5c428) 
thrown [s\src\hotspot\share\interpreter\linkResolver.cpp, line 771]
Event: 9.854 Thread 0x000002c0755975a0 Exception <a 'java/lang/NoSuchMethodError'{0x000000008568e908}: 'void java.lang.invoke.DirectMethodHandle$Holder.invokeStaticInit(java.lang.Object, java.lang.Object, java.lang.Object, java.lang.Object, java.lang.Object, java.lang.Object, java.lang.Object, int)'> (0x000000008568e908) 
thrown [s\src\hotspot\share\interpreter\linkResolver.cpp, line 771]
Event: 9.894 Thread 0x000002c0755975a0 Exception <a 'sun/nio/fs/WindowsException'{0x0000000084bcda50}> (0x0000000084bcda50) 
thrown [s\src\hotspot\share\prims\jni.cpp, line 531]

VM Operations (20 events):
Event: 9.920 Executing VM operation: G1CollectForAllocation done
Event: 9.960 Executing VM operation: HandshakeAllThreads
Event: 9.960 Executing VM operation: HandshakeAllThreads done
Event: 9.980 Executing VM operation: G1CollectForAllocation
Event: 10.009 Executing VM operation: G1CollectForAllocation done
Event: 10.017 Executing VM operation: HandshakeAllThreads
Event: 10.017 Executing VM operation: HandshakeAllThreads done
Event: 10.052 Executing VM operation: G1PauseRemark
Event: 10.054 Executing VM operation: G1PauseRemark done
Event: 10.079 Executing VM operation: G1PauseCleanup
Event: 10.079 Executing VM operation: G1PauseCleanup done
Event: 10.084 Executing VM operation: G1CollectForAllocation
Event: 10.103 Executing VM operation: G1CollectForAllocation done
Event: 10.203 Executing VM operation: G1CollectForAllocation
Event: 10.227 Executing VM operation: G1CollectForAllocation done
Event: 10.239 Executing VM operation: G1TryInitiateConcMark
Event: 10.253 Executing VM operation: G1TryInitiateConcMark done
Event: 10.346 Executing VM operation: G1PauseRemark
Event: 10.375 Executing VM operation: G1PauseRemark done
Event: 10.414 Executing VM operation: G1CollectForAllocation

Events (20 events):
Event: 9.681 Thread 0x000002c075597ab0 Thread added: 0x000002c075597ab0
Event: 9.682 Thread 0x000002c0755933d0 Thread added: 0x000002c0755933d0
Event: 9.683 Thread 0x000002c0755975a0 Thread added: 0x000002c0755975a0
Event: 9.683 Thread 0x000002c075592ec0 Thread added: 0x000002c075592ec0
Event: 9.827 loading class java/util/DualPivotQuicksort
Event: 9.828 loading class java/util/DualPivotQuicksort done
Event: 9.902 loading class java/nio/charset/UnsupportedCharsetException
Event: 9.903 loading class java/nio/charset/UnsupportedCharsetException done
Event: 9.904 loading class java/util/Collections$UnmodifiableSortedMap
Event: 9.905 loading class java/util/Collections$UnmodifiableSortedMap done
Event: 9.905 loading class java/util/zip/Deflater
Event: 9.906 loading class java/util/zip/Deflater done
Event: 9.923 loading class java/util/zip/Deflater$DeflaterZStreamRef
Event: 9.923 loading class java/util/zip/Deflater$DeflaterZStreamRef done
Event: 9.934 loading class java/util/zip/ZipInputStream
Event: 9.935 loading class java/util/zip/ZipInputStream done
Event: 10.014 loading class java/nio/StringCharBuffer
Event: 10.016 loading class java/nio/StringCharBuffer done
Event: 10.022 loading class java/security/Key
Event: 10.023 loading class java/security/Key done


Dynamic libraries:
0x00007ff776380000 - 0x00007ff77638a000 	C:\Program Files\Android\Android Studio\jbr\bin\java.exe
0x00007fff2c3f0000 - 0x00007fff2c5e8000 	C:\Windows\SYSTEM32\ntdll.dll
0x00007fff2be70000 - 0x00007fff2bf32000 	C:\Windows\System32\KERNEL32.DLL
0x00007fff29e80000 - 0x00007fff2a176000 	C:\Windows\System32\KERNELBASE.dll
0x00007fff29d80000 - 0x00007fff29e80000 	C:\Windows\System32\ucrtbase.dll
0x00007fff08770000 - 0x00007fff0878b000 	C:\Program Files\Android\Android Studio\jbr\bin\VCRUNTIME140.dll
0x00007fff16e60000 - 0x00007fff16e77000 	C:\Program Files\Android\Android Studio\jbr\bin\jli.dll
0x00007fff2bc50000 - 0x00007fff2bded000 	C:\Windows\System32\USER32.dll
0x00007fff2a330000 - 0x00007fff2a352000 	C:\Windows\System32\win32u.dll
0x00007fff2bff0000 - 0x00007fff2c01b000 	C:\Windows\System32\GDI32.dll
0x00007fff29b20000 - 0x00007fff29c39000 	C:\Windows\System32\gdi32full.dll
0x00007fff29a80000 - 0x00007fff29b1d000 	C:\Windows\System32\msvcp_win.dll
0x00007fff14d60000 - 0x00007fff14ffa000 	C:\Windows\WinSxS\amd64_microsoft.windows.common-controls_6595b64144ccf1df_6.0.19041.5915_none_60b4b9d171f9c7c7\COMCTL32.dll
0x00007fff2b540000 - 0x00007fff2b5de000 	C:\Windows\System32\msvcrt.dll
0x00007fff2b860000 - 0x00007fff2b88f000 	C:\Windows\System32\IMM32.DLL
0x00007fff1f660000 - 0x00007fff1f66c000 	C:\Program Files\Android\Android Studio\jbr\bin\vcruntime140_1.dll
0x00007fff08050000 - 0x00007fff080dd000 	C:\Program Files\Android\Android Studio\jbr\bin\msvcp140.dll
0x00007fff00130000 - 0x00007fff00db3000 	C:\Program Files\Android\Android Studio\jbr\bin\server\jvm.dll
0x00007fff2b7a0000 - 0x00007fff2b851000 	C:\Windows\System32\ADVAPI32.dll
0x00007fff2b4a0000 - 0x00007fff2b53f000 	C:\Windows\System32\sechost.dll
0x00007fff2c270000 - 0x00007fff2c393000 	C:\Windows\System32\RPCRT4.dll
0x00007fff29d50000 - 0x00007fff29d77000 	C:\Windows\System32\bcrypt.dll
0x00007fff15940000 - 0x00007fff15967000 	C:\Windows\SYSTEM32\WINMM.dll
0x00007fff24c90000 - 0x00007fff24c99000 	C:\Windows\SYSTEM32\WSOCK32.dll
0x00007fff298e0000 - 0x00007fff2992b000 	C:\Windows\SYSTEM32\POWRPROF.dll
0x00007fff23000000 - 0x00007fff2300a000 	C:\Windows\SYSTEM32\VERSION.dll
0x00007fff2b420000 - 0x00007fff2b48b000 	C:\Windows\System32\WS2_32.dll
0x00007fff298c0000 - 0x00007fff298d2000 	C:\Windows\SYSTEM32\UMPDC.dll
0x00007fff27900000 - 0x00007fff27912000 	C:\Windows\SYSTEM32\kernel.appcore.dll
0x00007fff24fb0000 - 0x00007fff24fba000 	C:\Program Files\Android\Android Studio\jbr\bin\jimage.dll
0x00007fff25590000 - 0x00007fff25791000 	C:\Windows\SYSTEM32\DBGHELP.DLL
0x00007fff13440000 - 0x00007fff13474000 	C:\Windows\SYSTEM32\dbgcore.DLL
0x00007fff29cc0000 - 0x00007fff29d42000 	C:\Windows\System32\bcryptPrimitives.dll
0x00007fff1f510000 - 0x00007fff1f51e000 	C:\Program Files\Android\Android Studio\jbr\bin\instrument.dll
0x00007fff23ad0000 - 0x00007fff23af5000 	C:\Program Files\Android\Android Studio\jbr\bin\java.dll
0x00007fff23e30000 - 0x00007fff23e48000 	C:\Program Files\Android\Android Studio\jbr\bin\zip.dll
0x00007fff2acb0000 - 0x00007fff2b41e000 	C:\Windows\System32\SHELL32.dll
0x00007fff27b00000 - 0x00007fff282a4000 	C:\Windows\SYSTEM32\windows.storage.dll
0x00007fff2b8f0000 - 0x00007fff2bc43000 	C:\Windows\System32\combase.dll
0x00007fff293e0000 - 0x00007fff2940b000 	C:\Windows\SYSTEM32\Wldp.dll
0x00007fff2b6c0000 - 0x00007fff2b78d000 	C:\Windows\System32\OLEAUT32.dll
0x00007fff2ac00000 - 0x00007fff2acad000 	C:\Windows\System32\SHCORE.dll
0x00007fff2b890000 - 0x00007fff2b8eb000 	C:\Windows\System32\shlwapi.dll
0x00007fff299b0000 - 0x00007fff299d4000 	C:\Windows\SYSTEM32\profapi.dll
0x00007fff20900000 - 0x00007fff20919000 	C:\Program Files\Android\Android Studio\jbr\bin\net.dll
0x00007fff228b0000 - 0x00007fff229ba000 	C:\Windows\SYSTEM32\WINHTTP.dll
0x00007fff29140000 - 0x00007fff291aa000 	C:\Windows\system32\mswsock.dll
0x00007fff16f80000 - 0x00007fff16f96000 	C:\Program Files\Android\Android Studio\jbr\bin\nio.dll
0x00007fff24fa0000 - 0x00007fff24fb0000 	C:\Program Files\Android\Android Studio\jbr\bin\verify.dll
0x00007fff08790000 - 0x00007fff087b7000 	C:\Users\denni\.gradle\native\c067742578af261105cb4f569cf0c3c89f3d7b1fecec35dd04571415982c5e48\windows-amd64\native-platform.dll
0x00007fff05ef0000 - 0x00007fff06034000 	C:\Users\denni\.gradle\native\100fb08df4bc3b14c8652ba06237920a3bd2aa13389f12d3474272988ae205f9\windows-amd64\native-platform-file-events.dll
0x00007fff23b30000 - 0x00007fff23b39000 	C:\Program Files\Android\Android Studio\jbr\bin\management.dll
0x00007fff22640000 - 0x00007fff2264b000 	C:\Program Files\Android\Android Studio\jbr\bin\management_ext.dll
0x00007fff2c3a0000 - 0x00007fff2c3a8000 	C:\Windows\System32\PSAPI.DLL
0x00007fff29340000 - 0x00007fff29358000 	C:\Windows\SYSTEM32\CRYPTSP.dll
0x00007fff28a60000 - 0x00007fff28a98000 	C:\Windows\system32\rsaenh.dll
0x00007fff29930000 - 0x00007fff2995e000 	C:\Windows\SYSTEM32\USERENV.dll
0x00007fff29330000 - 0x00007fff2933c000 	C:\Windows\SYSTEM32\CRYPTBASE.dll
0x00007fff28e20000 - 0x00007fff28e5b000 	C:\Windows\SYSTEM32\IPHLPAPI.DLL
0x00007fff2b490000 - 0x00007fff2b498000 	C:\Windows\System32\NSI.dll
0x00007fff20e70000 - 0x00007fff20e87000 	C:\Windows\SYSTEM32\dhcpcsvc6.DLL
0x00007fff216e0000 - 0x00007fff216fd000 	C:\Windows\SYSTEM32\dhcpcsvc.DLL
0x00007fff28e60000 - 0x00007fff28f2a000 	C:\Windows\SYSTEM32\DNSAPI.dll
0x00007fff24ca0000 - 0x00007fff24ca9000 	C:\Program Files\Android\Android Studio\jbr\bin\extnet.dll
0x00007fff24cc0000 - 0x00007fff24cc7000 	C:\Windows\system32\wshunix.dll

dbghelp: loaded successfully - version: 4.0.5 - missing functions: none
symbol engine: initialized successfully - sym options: 0x614 - pdb path: .;C:\Program Files\Android\Android Studio\jbr\bin;C:\Windows\SYSTEM32;C:\Windows\WinSxS\amd64_microsoft.windows.common-controls_6595b64144ccf1df_6.0.19041.5915_none_60b4b9d171f9c7c7;C:\Program Files\Android\Android Studio\jbr\bin\server;C:\Users\denni\.gradle\native\c067742578af261105cb4f569cf0c3c89f3d7b1fecec35dd04571415982c5e48\windows-amd64;C:\Users\denni\.gradle\native\100fb08df4bc3b14c8652ba06237920a3bd2aa13389f12d3474272988ae205f9\windows-amd64

VM Arguments:
jvm_args: --add-opens=java.base/java.lang=ALL-UNNAMED --add-opens=java.base/java.lang.invoke=ALL-UNNAMED --add-opens=java.base/java.util=ALL-UNNAMED --add-opens=java.prefs/java.util.prefs=ALL-UNNAMED --add-exports=jdk.compiler/com.sun.tools.javac.api=ALL-UNNAMED --add-exports=jdk.compiler/com.sun.tools.javac.util=ALL-UNNAMED --add-opens=java.base/java.util=ALL-UNNAMED --add-opens=java.prefs/java.util.prefs=ALL-UNNAMED --add-opens=java.base/java.nio.charset=ALL-UNNAMED --add-opens=java.base/java.net=ALL-UNNAMED --add-opens=java.base/java.util.concurrent.atomic=ALL-UNNAMED --add-opens=java.xml/javax.xml.namespace=ALL-UNNAMED -Xmx2048m -Dfile.encoding=UTF-8 -Duser.country=US -Duser.language=en -Duser.variant -javaagent:C:\Users\denni\.gradle\wrapper\dists\gradle-8.11.1-bin\bpt9gzteqjrbo1mjrsomdt32c\gradle-8.11.1\lib\agents\gradle-instrumentation-agent-8.11.1.jar 
java_command: org.gradle.launcher.daemon.bootstrap.GradleDaemon 8.11.1
java_class_path (initial): C:\Users\denni\.gradle\wrapper\dists\gradle-8.11.1-bin\bpt9gzteqjrbo1mjrsomdt32c\gradle-8.11.1\lib\gradle-daemon-main-8.11.1.jar
Launcher Type: SUN_STANDARD

[Global flags]
     intx CICompilerCount                          = 4                                         {product} {ergonomic}
     uint ConcGCThreads                            = 2                                         {product} {ergonomic}
     uint G1ConcRefinementThreads                  = 8                                         {product} {ergonomic}
   size_t G1HeapRegionSize                         = 1048576                                   {product} {ergonomic}
    uintx GCDrainStackTargetSize                   = 64                                        {product} {ergonomic}
   size_t InitialHeapSize                          = 62914560                                  {product} {ergonomic}
   size_t MarkStackSize                            = 4194304                                   {product} {ergonomic}
   size_t MaxHeapSize                              = 2147483648                                {product} {command line}
   size_t MaxNewSize                               = 1287651328                                {product} {ergonomic}
   size_t MinHeapDeltaBytes                        = 1048576                                   {product} {ergonomic}
   size_t MinHeapSize                              = 8388608                                   {product} {ergonomic}
    uintx NonNMethodCodeHeapSize                   = 5839372                                {pd product} {ergonomic}
    uintx NonProfiledCodeHeapSize                  = 122909434                              {pd product} {ergonomic}
    uintx ProfiledCodeHeapSize                     = 122909434                              {pd product} {ergonomic}
    uintx ReservedCodeCacheSize                    = 251658240                              {pd product} {ergonomic}
     bool SegmentedCodeCache                       = true                                      {product} {ergonomic}
   size_t SoftMaxHeapSize                          = 2147483648                             {manageable} {ergonomic}
     bool UseCompressedClassPointers               = true                           {product lp64_product} {ergonomic}
     bool UseCompressedOops                        = true                           {product lp64_product} {ergonomic}
     bool UseG1GC                                  = true                                      {product} {ergonomic}
     bool UseLargePagesIndividualAllocation        = false                                  {pd product} {ergonomic}

Logging:
Log output configuration:
 #0: stdout all=warning uptime,level,tags
 #1: stderr all=off uptime,level,tags

Environment Variables:
PATH=C:\Python313\Scripts\;C:\Python313\;C:\Program Files\Python310\Scripts\;C:\Program Files\Python310\;C:\Python312\Scripts\;C:\Python312\;C:\Program Files\Java\jdk-18.0.2.1\bin;C:\xampp\php;C:\ProgramData\ComposerSetup\bin;C:\ProgramData\chocolatey\bin;C:\OpenSSH-Win64\OpenSSH-Win64;C:\Program Files\nodejs\;C:\Program Files\Git\cmd;C:\Ruby33-x64\bin;C:\RailsInstaller\Git\cmd;C:\RailsInstaller\Ruby2.3.3\bin;C:\Program Files\Java\jdk1.8.0_45\bin;C:\Users\denni\AppData\Local\Microsoft\WindowsApps;C:\MinGW\bin;C:\Users\denni\AppData\Local\Programs\Microsoft VS Code\bin;C:\Program Files\Java\jdk-18.0.2.1\bin;C:\Users\denni\AppData\Roaming\Composer\vendor\bin;C:\Users\denni\AppData\Local\GitHubDesktop\bin;C:\Windows\System32;C:\Users\denni\AppData\Roaming\npm;C:\Users\denni\AppData\Roaming\Python\Python313\Scripts;
USERNAME=denni
OS=Windows_NT
PROCESSOR_IDENTIFIER=Intel64 Family 6 Model 126 Stepping 5, GenuineIntel
TMP=C:\Users\denni\AppData\Local\Temp
TEMP=C:\Users\denni\AppData\Local\Temp



Periodic native trim disabled

JNI global refs:
JNI global refs: 28, weak refs: 52

JNI global refs memory usage: 843, weak refs: 841

Process memory usage:
Resident Set Size: 193404K (4% of 3930488K total physical memory with 24668K free physical memory)

OOME stack traces (most recent first):
Classloader memory used:
Loader org.gradle.internal.classloader.VisitableURLClassLoader                         : 3336K
Loader bootstrap                                                                       : 2438K
Loader org.gradle.initialization.MixInLegacyTypesClassLoader                           : 794K
Loader org.gradle.internal.classloader.VisitableURLClassLoader                         : 81015B
Loader jdk.internal.loader.ClassLoaders$PlatformClassLoader                            : 65510B
Loader jdk.internal.loader.ClassLoaders$AppClassLoader                                 : 29275B
Loader jdk.internal.reflect.DelegatingClassLoader                                      : 27856B
Loader org.gradle.groovy.scripts.internal.DefaultScriptCompilationHandler$ScriptClassLoader: 8593B
Loader org.codehaus.groovy.runtime.callsite.CallSiteClassLoader                        : 876B

Classes loaded by more than one classloader:
Class org.gradle.api.GradleException                                                  : loaded 3 times (x 80B)
Class org.gradle.util.GradleVersion                                                   : loaded 2 times (x 81B)
Class org.gradle.internal.classpath.ClassPath                                         : loaded 2 times (x 68B)
Class org.gradle.api.internal.classpath.DefaultModuleRegistry                         : loaded 2 times (x 84B)
Class org.gradle.internal.exceptions.NonGradleCauseExceptionsHolder                   : loaded 2 times (x 68B)
Class org.gradle.api.Action                                                           : loaded 2 times (x 68B)
Class org.gradle.api.internal.DefaultClassPathProvider                                : loaded 2 times (x 74B)
Class org.gradle.internal.installation.GradleInstallation$1                           : loaded 2 times (x 73B)
Class org.gradle.internal.exceptions.DefaultMultiCauseException                       : loaded 2 times (x 93B)
Class org.gradle.internal.time.MonotonicClock                                         : loaded 2 times (x 75B)
Class org.gradle.internal.classloader.FilteringClassLoader                            : loaded 2 times (x 103B)
Class org.gradle.internal.classpath.DefaultClassPath$ImmutableUniqueList$Builder      : loaded 2 times (x 73B)
Class org.gradle.internal.classloader.ClassLoaderVisitor                              : loaded 2 times (x 74B)
Class org.gradle.internal.time.DefaultCountdownTimer                                  : loaded 2 times (x 86B)
Class org.gradle.internal.service.DefaultServiceLocator                               : loaded 2 times (x 81B)
Class org.gradle.internal.service.UnknownServiceException                             : loaded 2 times (x 81B)
Class org.gradle.internal.classloader.DefaultClassLoaderFactory                       : loaded 2 times (x 80B)
Class org.gradle.internal.classloader.VisitableURLClassLoader$Spec                    : loaded 2 times (x 72B)
Class org.gradle.tooling.model.ProjectModel                                           : loaded 2 times (x 68B)
Class org.gradle.internal.installation.GradleInstallation                             : loaded 2 times (x 73B)
Class org.gradle.api.internal.classpath.ModuleRegistry                                : loaded 2 times (x 68B)
Class kotlin.jvm.internal.markers.KMappedMarker                                       : loaded 2 times (x 68B)
Class org.gradle.api.internal.ClassPathProvider                                       : loaded 2 times (x 68B)
Class org.gradle.internal.classloader.ClasspathUtil$1                                 : loaded 2 times (x 74B)
Class sync_studio_tooling2663_ep2u17iv2l5joetcyqst13dk0                               : loaded 2 times (x 177B)
Class org.gradle.internal.classloader.ClassLoaderFactory                              : loaded 2 times (x 68B)
Class org.gradle.api.internal.classpath.ManifestUtil                                  : loaded 2 times (x 69B)
Class org.gradle.api.specs.Spec                                                       : loaded 2 times (x 68B)
Class org.gradle.internal.IoActions                                                   : loaded 2 times (x 69B)
Class org.gradle.api.internal.classpath.EffectiveClassPath                            : loaded 2 times (x 88B)
Class org.gradle.internal.exceptions.ResolutionProvider                               : loaded 2 times (x 68B)
Class org.gradle.internal.installation.CurrentGradleInstallation                      : loaded 2 times (x 71B)
Class org.gradle.internal.installation.CurrentGradleInstallationLocator               : loaded 2 times (x 69B)
Class org.gradle.api.internal.classpath.Module                                        : loaded 2 times (x 68B)
Class org.gradle.internal.service.CachingServiceLocator                               : loaded 2 times (x 80B)
Class org.gradle.internal.time.Timer                                                  : loaded 2 times (x 68B)
Class org.gradle.internal.classpath.DefaultClassPath                                  : loaded 2 times (x 88B)
Class sync_studio_tooling2663_ep2u17iv2l5joetcyqst13dk0$_run_closure1                 : loaded 2 times (x 137B)
Class kotlin.jvm.functions.Function1                                                  : loaded 2 times (x 68B)
Class org.gradle.internal.time.Time                                                   : loaded 2 times (x 69B)
Class org.gradle.internal.time.TimeSource$1                                           : loaded 2 times (x 75B)
Class org.gradle.internal.classloader.SystemClassLoaderSpec                           : loaded 2 times (x 69B)
Class kotlin.Function                                                                 : loaded 2 times (x 68B)
Class org.gradle.api.UncheckedIOException                                             : loaded 2 times (x 80B)
Class org.gradle.api.internal.classpath.GlobalCacheRootsProvider                      : loaded 2 times (x 68B)
Class org.gradle.internal.time.CountdownTimer                                         : loaded 2 times (x 68B)
Class org.gradle.internal.time.Clock                                                  : loaded 2 times (x 68B)
Class org.gradle.internal.classloader.ClasspathUtil                                   : loaded 2 times (x 69B)
Class org.gradle.api.internal.DefaultClassPathRegistry                                : loaded 2 times (x 74B)
Class org.gradle.api.internal.classpath.DefaultModuleRegistry$DefaultModule           : loaded 2 times (x 84B)
Class org.gradle.internal.time.TimeSource                                             : loaded 2 times (x 68B)
Class org.gradle.api.internal.classpath.UnknownModuleException                        : loaded 2 times (x 80B)
Class org.gradle.internal.service.ServiceLookupException                              : loaded 2 times (x 80B)
Class [Lorg.gradle.api.internal.ClassPathProvider;                                    : loaded 2 times (x 67B)
Class org.gradle.internal.operations.MultipleBuildOperationFailures                   : loaded 2 times (x 93B)
Class org.gradle.util.internal.GUtil                                                  : loaded 2 times (x 69B)
Class org.gradle.internal.classloader.ClassLoaderSpec                                 : loaded 2 times (x 69B)
Class org.gradle.internal.classloader.InstrumentingClassLoader                        : loaded 2 times (x 68B)
Class org.gradle.internal.classloader.VisitableURLClassLoader                         : loaded 2 times (x 115B)
Class org.gradle.internal.Cast                                                        : loaded 2 times (x 69B)
Class org.gradle.api.internal.ClassPathRegistry                                       : loaded 2 times (x 68B)
Class org.gradle.internal.classloader.VisitableURLClassLoader$InstrumentingVisitableURLClassLoader: loaded 2 times (x 121B)
Class org.gradle.internal.classloader.ClassLoaderHierarchy                            : loaded 2 times (x 68B)
Class org.gradle.internal.exceptions.MultiCauseException                              : loaded 2 times (x 68B)
Class org.gradle.internal.InternalTransformer                                         : loaded 2 times (x 68B)
Class org.gradle.internal.service.ServiceLocator                                      : loaded 2 times (x 68B)
Class org.gradle.internal.classpath.DefaultClassPath$ImmutableUniqueList              : loaded 2 times (x 159B)
Class org.gradle.internal.time.DefaultTimer                                           : loaded 2 times (x 78B)
Class org.gradle.internal.classpath.TransformedClassPath                              : loaded 2 times (x 94B)


---------------  S Y S T E M  ---------------

OS:
 Windows 10 , 64 bit Build 19041 (10.0.19041.5915)
OS uptime: 0 days 5:37 hours

CPU: total 8 (initial active 8) (4 cores per cpu, 2 threads per core) family 6 model 126 stepping 5 microcode 0xa0, cx8, cmov, fxsr, ht, mmx, 3dnowpref, sse, sse2, sse3, ssse3, sse4.1, sse4.2, popcnt, lzcnt, tsc, tscinvbit, avx, avx2, aes, erms, clmul, bmi1, bmi2, adx, avx512f, avx512dq, avx512cd, avx512bw, avx512vl, sha, fma, vzeroupper, avx512_vpopcntdq, avx512_vpclmulqdq, avx512_vaes, avx512_vnni, clflush, clflushopt, avx512_vbmi2, avx512_vbmi
Processor Information for all 8 processors :
  Max Mhz: 1190, Current Mhz: 991, Mhz Limit: 987

Memory: 4k page, system-wide physical 3838M (22M free)
TotalPageFile size 15614M (AvailPageFile size 73M)
current process WorkingSet (physical memory assigned to process): 189M, peak: 199M
current process commit charge ("private bytes"): 367M, peak: 687M

vm_info: OpenJDK 64-Bit Server VM (17.0.11+0--11852314) for windows-amd64 JRE (17.0.11+0--11852314), built on May 16 2024 21:29:20 by "androidbuild" with MS VC++ 16.10 / 16.11 (VS2019)

END.
