#
# There is insufficient memory for the Java Runtime Environment to continue.
# Native memory allocation (mmap) failed to map 367001600 bytes. Error detail: G1 virtual space
# Possible reasons:
#   The system is out of physical RAM or swap space
#   This process is running with CompressedOops enabled, and the Java Heap may be blocking the growth of the native heap
# Possible solutions:
#   Reduce memory load on the system
#   Increase physical memory or swap space
#   Check if swap backing store is full
#   Decrease Java heap size (-Xmx/-Xms)
#   Decrease number of Java threads
#   Decrease Java thread stack sizes (-Xss)
#   Set larger code cache with -XX:ReservedCodeCacheSize=
#   JVM is running with Unscaled Compressed Oops mode in which the Java heap is
#     placed in the first 4GB address space. The Java Heap base address is the
#     maximum limit for the native heap growth. Please use -XX:HeapBaseMinAddress
#     to set the Java Heap base and to place the Java Heap above 4GB virtual address.
# This output file may be truncated or incomplete.
#
#  Out of Memory Error (os_windows.cpp:3825), pid=1740, tid=5160
#
# JRE version: OpenJDK Runtime Environment (17.0.11) (build 17.0.11+0--11852314)
# Java VM: OpenJDK 64-Bit Server VM (17.0.11+0--11852314, mixed mode, tiered, compressed oops, compressed class ptrs, g1 gc, windows-amd64)
# No core dump will be written. Minidumps are not enabled by default on client versions of Windows
#

---------------  S U M M A R Y ------------

Command Line: --add-opens=java.base/java.lang=ALL-UNNAMED --add-opens=java.base/java.lang.invoke=ALL-UNNAMED --add-opens=java.base/java.util=ALL-UNNAMED --add-opens=java.prefs/java.util.prefs=ALL-UNNAMED --add-exports=jdk.compiler/com.sun.tools.javac.api=ALL-UNNAMED --add-exports=jdk.compiler/com.sun.tools.javac.util=ALL-UNNAMED --add-opens=java.base/java.util=ALL-UNNAMED --add-opens=java.prefs/java.util.prefs=ALL-UNNAMED --add-opens=java.base/java.nio.charset=ALL-UNNAMED --add-opens=java.base/java.net=ALL-UNNAMED --add-opens=java.base/java.util.concurrent.atomic=ALL-UNNAMED --add-opens=java.xml/javax.xml.namespace=ALL-UNNAMED -Xmx2048m -Dfile.encoding=UTF-8 -Duser.country=US -Duser.language=en -Duser.variant -javaagent:C:\Users\denni\.gradle\wrapper\dists\gradle-8.11.1-bin\bpt9gzteqjrbo1mjrsomdt32c\gradle-8.11.1\lib\agents\gradle-instrumentation-agent-8.11.1.jar org.gradle.launcher.daemon.bootstrap.GradleDaemon 8.11.1

Host: Intel(R) Core(TM) i5-1035G1 CPU @ 1.00GHz, 8 cores, 3G,  Windows 10 , 64 bit Build 19041 (10.0.19041.5915)
Time: Tue Aug 12 14:22:45 2025 E. Africa Standard Time elapsed time: 12.934936 seconds (0d 0h 0m 12s)

---------------  T H R E A D  ---------------

Current thread (0x000001577b8ec9c0):  VMThread "VM Thread" [stack: 0x0000004f91100000,0x0000004f91200000] [id=5160]

Stack: [0x0000004f91100000,0x0000004f91200000]
Native frames: (J=compiled Java code, j=interpreted, Vv=VM code, C=native code)
V  [jvm.dll+0x687bb9]
V  [jvm.dll+0x84142a]
V  [jvm.dll+0x8430ae]
V  [jvm.dll+0x843713]
V  [jvm.dll+0x24a35f]
V  [jvm.dll+0x684989]
V  [jvm.dll+0x67923a]
V  [jvm.dll+0x30af0b]
V  [jvm.dll+0x3123b6]
V  [jvm.dll+0x361dfe]
V  [jvm.dll+0x36202f]
V  [jvm.dll+0x2e0d38]
V  [jvm.dll+0x2df144]
V  [jvm.dll+0x2de74c]
V  [jvm.dll+0x32305b]
V  [jvm.dll+0x847e0b]
V  [jvm.dll+0x848b42]
V  [jvm.dll+0x84905d]
V  [jvm.dll+0x849434]
V  [jvm.dll+0x849500]
V  [jvm.dll+0x7efa4a]
V  [jvm.dll+0x686a35]
C  [ucrtbase.dll+0x21bb2]
C  [KERNEL32.DLL+0x17374]
C  [ntdll.dll+0x4cc91]

VM_Operation (0x0000004f950fa000): G1CollectForAllocation, mode: safepoint, requested by thread 0x0000015716625600


---------------  P R O C E S S  ---------------

Threads class SMR info:
_java_thread_list=0x0000015716ec8b80, length=59, elements={
0x0000015770b07320, 0x000001577b93aea0, 0x000001577b94f2d0, 0x000001577b98c3a0,
0x00000157131150a0, 0x0000015713118520, 0x000001571311d640, 0x000001571311e9e0,
0x000001571311f2f0, 0x0000015713122010, 0x000001577b8d0550, 0x000001571335fab0,
0x0000015714c8dec0, 0x0000015714c84040, 0x0000015714d80a20, 0x0000015714e0f510,
0x0000015714de63f0, 0x0000015714f4a150, 0x0000015714ec9250, 0x0000015714f0a0c0,
0x0000015714f0ce50, 0x0000015714f0c940, 0x0000015714f0c430, 0x0000015714f0bf20,
0x0000015714f0aae0, 0x0000015714f0d360, 0x0000015714f0d870, 0x0000015714f0b500,
0x0000015714f0a5d0, 0x0000015714f0aff0, 0x0000015714f0ba10, 0x000001571506bca0,
0x000001571506ad70, 0x000001571506c1b0, 0x0000015715068f10, 0x000001571506c6c0,
0x0000015715067ad0, 0x000001571506b790, 0x0000015715067fe0, 0x0000015715069930,
0x000001571506cbd0, 0x0000015715069e40, 0x0000015715066180, 0x00000157150675c0,
0x000001571506a350, 0x000001571506d5f0, 0x0000015715066690, 0x0000015715066ba0,
0x0000015715068a00, 0x00000157150684f0, 0x000001571506a860, 0x0000015716626f50,
0x0000015716623cb0, 0x0000015716623290, 0x0000015716625600, 0x00000157166246d0,
0x0000015716621430, 0x0000015716627460, 0x0000015716625b10
}

Java Threads: ( => current thread )
  0x0000015770b07320 JavaThread "main" [_thread_blocked, id=15044, stack(0x0000004f90b00000,0x0000004f90c00000)]
  0x000001577b93aea0 JavaThread "Reference Handler" daemon [_thread_blocked, id=15632, stack(0x0000004f91200000,0x0000004f91300000)]
  0x000001577b94f2d0 JavaThread "Finalizer" daemon [_thread_blocked, id=15492, stack(0x0000004f91300000,0x0000004f91400000)]
  0x000001577b98c3a0 JavaThread "Signal Dispatcher" daemon [_thread_blocked, id=15584, stack(0x0000004f91400000,0x0000004f91500000)]
  0x00000157131150a0 JavaThread "Attach Listener" daemon [_thread_blocked, id=6968, stack(0x0000004f91500000,0x0000004f91600000)]
  0x0000015713118520 JavaThread "Service Thread" daemon [_thread_blocked, id=8628, stack(0x0000004f91600000,0x0000004f91700000)]
  0x000001571311d640 JavaThread "Monitor Deflation Thread" daemon [_thread_blocked, id=9820, stack(0x0000004f91700000,0x0000004f91800000)]
  0x000001571311e9e0 JavaThread "C2 CompilerThread0" daemon [_thread_blocked, id=11896, stack(0x0000004f91800000,0x0000004f91900000)]
  0x000001571311f2f0 JavaThread "C1 CompilerThread0" daemon [_thread_blocked, id=7160, stack(0x0000004f91900000,0x0000004f91a00000)]
  0x0000015713122010 JavaThread "Sweeper thread" daemon [_thread_blocked, id=12928, stack(0x0000004f91a00000,0x0000004f91b00000)]
  0x000001577b8d0550 JavaThread "Common-Cleaner" daemon [_thread_blocked, id=3576, stack(0x0000004f91b00000,0x0000004f91c00000)]
  0x000001571335fab0 JavaThread "Notification Thread" daemon [_thread_blocked, id=4408, stack(0x0000004f91c00000,0x0000004f91d00000)]
  0x0000015714c8dec0 JavaThread "Daemon health stats" [_thread_blocked, id=7868, stack(0x0000004f92200000,0x0000004f92300000)]
  0x0000015714c84040 JavaThread "Incoming local TCP Connector on port 63879" [_thread_in_native, id=3284, stack(0x0000004f92300000,0x0000004f92400000)]
  0x0000015714d80a20 JavaThread "Daemon periodic checks" [_thread_blocked, id=3692, stack(0x0000004f92400000,0x0000004f92500000)]
  0x0000015714e0f510 JavaThread "Daemon" [_thread_blocked, id=1800, stack(0x0000004f92500000,0x0000004f92600000)]
  0x0000015714de63f0 JavaThread "Handler for socket connection from /127.0.0.1:63879 to /127.0.0.1:63880" [_thread_in_native, id=9908, stack(0x0000004f92600000,0x0000004f92700000)]
  0x0000015714f4a150 JavaThread "Cancel handler" [_thread_blocked, id=12204, stack(0x0000004f92700000,0x0000004f92800000)]
  0x0000015714ec9250 JavaThread "Daemon worker" [_thread_blocked, id=1476, stack(0x0000004f92800000,0x0000004f92900000)]
  0x0000015714f0a0c0 JavaThread "Asynchronous log dispatcher for DefaultDaemonConnection: socket connection from /127.0.0.1:63879 to /127.0.0.1:63880" [_thread_blocked, id=10116, stack(0x0000004f92900000,0x0000004f92a00000)]
  0x0000015714f0ce50 JavaThread "Stdin handler" [_thread_blocked, id=12548, stack(0x0000004f92d00000,0x0000004f92e00000)]
  0x0000015714f0c940 JavaThread "Daemon client event forwarder" [_thread_blocked, id=16284, stack(0x0000004f92e00000,0x0000004f92f00000)]
  0x0000015714f0c430 JavaThread "Cache worker for journal cache (C:\Users\denni\.gradle\caches\journal-1)" [_thread_blocked, id=1648, stack(0x0000004f93000000,0x0000004f93100000)]
  0x0000015714f0bf20 JavaThread "File lock request listener" [_thread_in_native, id=2808, stack(0x0000004f93100000,0x0000004f93200000)]
  0x0000015714f0aae0 JavaThread "Cache worker for file hash cache (C:\Users\denni\.gradle\caches\8.11.1\fileHashes)" [_thread_blocked, id=9016, stack(0x0000004f93200000,0x0000004f93300000)]
  0x0000015714f0d360 JavaThread "Cache worker for file content cache (C:\Users\denni\.gradle\caches\8.11.1\fileContent)" [_thread_blocked, id=4336, stack(0x0000004f93300000,0x0000004f93400000)]
  0x0000015714f0d870 JavaThread "Cache worker for file hash cache (C:\Users\denni\AndroidStudioProjects\Smartband\.gradle\8.11.1\fileHashes)" [_thread_blocked, id=7004, stack(0x0000004f93400000,0x0000004f93500000)]
  0x0000015714f0b500 JavaThread "Cache worker for Build Output Cleanup Cache (C:\Users\denni\AndroidStudioProjects\Smartband\.gradle\buildOutputCleanup)" [_thread_blocked, id=8960, stack(0x0000004f93500000,0x0000004f93600000)]
  0x0000015714f0a5d0 JavaThread "File watcher server" daemon [_thread_in_native, id=15636, stack(0x0000004f93600000,0x0000004f93700000)]
  0x0000015714f0aff0 JavaThread "File watcher consumer" daemon [_thread_blocked, id=10372, stack(0x0000004f93700000,0x0000004f93800000)]
  0x0000015714f0ba10 JavaThread "jar transforms" [_thread_blocked, id=13716, stack(0x0000004f93800000,0x0000004f93900000)]
  0x000001571506bca0 JavaThread "jar transforms Thread 2" [_thread_blocked, id=14304, stack(0x0000004f93900000,0x0000004f93a00000)]
  0x000001571506ad70 JavaThread "jar transforms Thread 3" [_thread_blocked, id=2592, stack(0x0000004f93a00000,0x0000004f93b00000)]
  0x000001571506c1b0 JavaThread "jar transforms Thread 4" [_thread_blocked, id=10068, stack(0x0000004f93b00000,0x0000004f93c00000)]
  0x0000015715068f10 JavaThread "jar transforms Thread 5" [_thread_blocked, id=3204, stack(0x0000004f93c00000,0x0000004f93d00000)]
  0x000001571506c6c0 JavaThread "jar transforms Thread 6" [_thread_blocked, id=13468, stack(0x0000004f93d00000,0x0000004f93e00000)]
  0x0000015715067ad0 JavaThread "jar transforms Thread 7" [_thread_blocked, id=11308, stack(0x0000004f93e00000,0x0000004f93f00000)]
  0x000001571506b790 JavaThread "jar transforms Thread 8" [_thread_blocked, id=15420, stack(0x0000004f93f00000,0x0000004f94000000)]
  0x0000015715067fe0 JavaThread "Cache worker for checksums cache (C:\Users\denni\AndroidStudioProjects\Smartband\.gradle\8.11.1\checksums)" [_thread_blocked, id=2840, stack(0x0000004f94000000,0x0000004f94100000)]
  0x0000015715069930 JavaThread "Cache worker for cache directory md-rule (C:\Users\denni\.gradle\caches\8.11.1\md-rule)" [_thread_blocked, id=10992, stack(0x0000004f94100000,0x0000004f94200000)]
  0x000001571506cbd0 JavaThread "Cache worker for cache directory md-supplier (C:\Users\denni\.gradle\caches\8.11.1\md-supplier)" [_thread_blocked, id=2120, stack(0x0000004f94200000,0x0000004f94300000)]
  0x0000015715069e40 JavaThread "Unconstrained build operations" [_thread_blocked, id=15596, stack(0x0000004f94300000,0x0000004f94400000)]
  0x0000015715066180 JavaThread "Unconstrained build operations Thread 2" [_thread_blocked, id=3656, stack(0x0000004f94400000,0x0000004f94500000)]
  0x00000157150675c0 JavaThread "Unconstrained build operations Thread 3" [_thread_blocked, id=16004, stack(0x0000004f94500000,0x0000004f94600000)]
  0x000001571506a350 JavaThread "Unconstrained build operations Thread 4" [_thread_blocked, id=12308, stack(0x0000004f94600000,0x0000004f94700000)]
  0x000001571506d5f0 JavaThread "Unconstrained build operations Thread 5" [_thread_blocked, id=6328, stack(0x0000004f94700000,0x0000004f94800000)]
  0x0000015715066690 JavaThread "Unconstrained build operations Thread 6" [_thread_blocked, id=8936, stack(0x0000004f94800000,0x0000004f94900000)]
  0x0000015715066ba0 JavaThread "Unconstrained build operations Thread 7" [_thread_blocked, id=5848, stack(0x0000004f94900000,0x0000004f94a00000)]
  0x0000015715068a00 JavaThread "Unconstrained build operations Thread 8" [_thread_blocked, id=8872, stack(0x0000004f94a00000,0x0000004f94b00000)]
  0x00000157150684f0 JavaThread "Unconstrained build operations Thread 9" [_thread_blocked, id=2616, stack(0x0000004f94b00000,0x0000004f94c00000)]
  0x000001571506a860 JavaThread "Unconstrained build operations Thread 10" [_thread_blocked, id=14040, stack(0x0000004f94c00000,0x0000004f94d00000)]
  0x0000015716626f50 JavaThread "Unconstrained build operations Thread 11" [_thread_blocked, id=7232, stack(0x0000004f94d00000,0x0000004f94e00000)]
  0x0000015716623cb0 JavaThread "Unconstrained build operations Thread 12" [_thread_blocked, id=11580, stack(0x0000004f94e00000,0x0000004f94f00000)]
  0x0000015716623290 JavaThread "Unconstrained build operations Thread 13" [_thread_blocked, id=8900, stack(0x0000004f94f00000,0x0000004f95000000)]
  0x0000015716625600 JavaThread "Unconstrained build operations Thread 14" [_thread_blocked, id=11948, stack(0x0000004f95000000,0x0000004f95100000)]
  0x00000157166246d0 JavaThread "Unconstrained build operations Thread 15" [_thread_blocked, id=13940, stack(0x0000004f95100000,0x0000004f95200000)]
  0x0000015716621430 JavaThread "Unconstrained build operations Thread 16" [_thread_blocked, id=3464, stack(0x0000004f95200000,0x0000004f95300000)]
  0x0000015716627460 JavaThread "Unconstrained build operations Thread 17" [_thread_blocked, id=6316, stack(0x0000004f95300000,0x0000004f95400000)]
  0x0000015716625b10 JavaThread "Unconstrained build operations Thread 18" [_thread_blocked, id=9004, stack(0x0000004f95400000,0x0000004f95500000)]

Other Threads:
=>0x000001577b8ec9c0 VMThread "VM Thread" [stack: 0x0000004f91100000,0x0000004f91200000] [id=5160]
  0x0000015770b081f0 WatcherThread [stack: 0x0000004f91d00000,0x0000004f91e00000] [id=7956]
  0x000001576ea8e7c0 GCTaskThread "GC Thread#0" [stack: 0x0000004f90c00000,0x0000004f90d00000] [id=4940]
  0x00000157137f06c0 GCTaskThread "GC Thread#1" [stack: 0x0000004f91e00000,0x0000004f91f00000] [id=10852]
  0x0000015713ae0ce0 GCTaskThread "GC Thread#2" [stack: 0x0000004f91f00000,0x0000004f92000000] [id=12096]
  0x00000157142e19b0 GCTaskThread "GC Thread#3" [stack: 0x0000004f92000000,0x0000004f92100000] [id=10208]
  0x00000157134b2aa0 GCTaskThread "GC Thread#4" [stack: 0x0000004f92100000,0x0000004f92200000] [id=13888]
  0x0000015714de68d0 GCTaskThread "GC Thread#5" [stack: 0x0000004f92a00000,0x0000004f92b00000] [id=1888]
  0x0000015714ec9730 GCTaskThread "GC Thread#6" [stack: 0x0000004f92b00000,0x0000004f92c00000] [id=16028]
  0x0000015714ec99f0 GCTaskThread "GC Thread#7" [stack: 0x0000004f92c00000,0x0000004f92d00000] [id=4312]
  0x0000015770b6fc30 ConcurrentGCThread "G1 Main Marker" [stack: 0x0000004f90d00000,0x0000004f90e00000] [id=15412]
  0x0000015770b70560 ConcurrentGCThread "G1 Conc#0" [stack: 0x0000004f90e00000,0x0000004f90f00000] [id=3096]
  0x0000015714eec050 ConcurrentGCThread "G1 Conc#1" [stack: 0x0000004f92f00000,0x0000004f93000000] [id=3560]
  0x0000015770bbd580 ConcurrentGCThread "G1 Refine#0" [stack: 0x0000004f90f00000,0x0000004f91000000] [id=10212]
  0x00000157151522e0 ConcurrentGCThread "G1 Refine#1" [stack: 0x0000004f95500000,0x0000004f95600000] [id=6124]
  0x0000015715152ea0 ConcurrentGCThread "G1 Refine#2" [stack: 0x0000004f95600000,0x0000004f95700000] [id=15476]
  0x0000015715153190 ConcurrentGCThread "G1 Refine#3" [stack: 0x0000004f95700000,0x0000004f95800000] [id=3960]
  0x0000015715151ff0 ConcurrentGCThread "G1 Refine#4" [stack: 0x0000004f95800000,0x0000004f95900000] [id=15396]
  0x0000015770bbdec0 ConcurrentGCThread "G1 Service" [stack: 0x0000004f91000000,0x0000004f91100000] [id=3228]

Threads with active compile tasks:
C2 CompilerThread0    12980 5577       4       org.gradle.internal.serialize.AbstractCollectionSerializer::read (47 bytes)

VM state: at safepoint (normal execution)

VM Mutex/Monitor currently owned by a thread:  ([mutex/lock_event])
[0x0000015770b04520] Threads_lock - owner thread: 0x000001577b8ec9c0
[0x0000015770b03560] Heap_lock - owner thread: 0x0000015716625600

Heap address: 0x0000000080000000, size: 2048 MB, Compressed Oops mode: 32-bit

CDS archive(s) not mapped
Compressed class space mapped at: 0x0000000100000000-0x0000000140000000, reserved size: 1073741824
Narrow klass base: 0x0000000000000000, Narrow klass shift: 3, Narrow klass range: 0x140000000

GC Precious Log:
 CPUs: 8 total, 8 available
 Memory: 3838M
 Large Page Support: Disabled
 NUMA Support: Disabled
 Compressed Oops: Enabled (32-bit)
 Heap Region Size: 1M
 Heap Min Capacity: 8M
 Heap Initial Capacity: 60M
 Heap Max Capacity: 2G
 Pre-touch: Disabled
 Parallel Workers: 8
 Concurrent Workers: 2
 Concurrent Refinement Workers: 8
 Periodic GC: Disabled

Heap:
 garbage-first heap   total 179200K, used 99328K [0x0000000080000000, 0x0000000100000000)
  region size 1024K, 1 young (1024K), 1 survivors (1024K)
 Metaspace       used 54340K, committed 54848K, reserved 1114112K
  class space    used 7404K, committed 7680K, reserved 1048576K

Heap Regions: E=young(eden), S=young(survivor), O=old, HS=humongous(starts), HC=humongous(continues), CS=collection set, F=free, OA=open archive, CA=closed archive, TAMS=top-at-mark-start (previous, next)
|   0|0x0000000080000000, 0x0000000080100000, 0x0000000080100000|100%| O|  |TAMS 0x0000000080100000, 0x0000000080000000| Untracked 
|   1|0x0000000080100000, 0x0000000080200000, 0x0000000080200000|100%|HS|  |TAMS 0x0000000080200000, 0x0000000080100000| Complete 
|   2|0x0000000080200000, 0x0000000080300000, 0x0000000080300000|100%|HC|  |TAMS 0x0000000080300000, 0x0000000080200000| Complete 
|   3|0x0000000080300000, 0x0000000080400000, 0x0000000080400000|100%|HC|  |TAMS 0x0000000080400000, 0x0000000080300000| Complete 
|   4|0x0000000080400000, 0x0000000080500000, 0x0000000080500000|100%| O|  |TAMS 0x0000000080500000, 0x0000000080400000| Untracked 
|   5|0x0000000080500000, 0x0000000080600000, 0x0000000080600000|100%| O|  |TAMS 0x0000000080600000, 0x0000000080500000| Untracked 
|   6|0x0000000080600000, 0x0000000080700000, 0x0000000080700000|100%| O|  |TAMS 0x0000000080700000, 0x0000000080600000| Untracked 
|   7|0x0000000080700000, 0x0000000080800000, 0x0000000080800000|100%| O|  |TAMS 0x0000000080800000, 0x0000000080700000| Untracked 
|   8|0x0000000080800000, 0x0000000080900000, 0x0000000080900000|100%| O|  |TAMS 0x0000000080900000, 0x0000000080800000| Untracked 
|   9|0x0000000080900000, 0x0000000080a00000, 0x0000000080a00000|100%| O|  |TAMS 0x0000000080a00000, 0x0000000080900000| Untracked 
|  10|0x0000000080a00000, 0x0000000080b00000, 0x0000000080b00000|100%| O|  |TAMS 0x0000000080b00000, 0x0000000080a00000| Untracked 
|  11|0x0000000080b00000, 0x0000000080c00000, 0x0000000080c00000|100%|HS|  |TAMS 0x0000000080c00000, 0x0000000080b00000| Complete 
|  12|0x0000000080c00000, 0x0000000080d00000, 0x0000000080d00000|100%| O|  |TAMS 0x0000000080d00000, 0x0000000080c00000| Untracked 
|  13|0x0000000080d00000, 0x0000000080e00000, 0x0000000080e00000|100%| O|  |TAMS 0x0000000080e00000, 0x0000000080d00000| Untracked 
|  14|0x0000000080e00000, 0x0000000080f00000, 0x0000000080f00000|100%| O|  |TAMS 0x0000000080f00000, 0x0000000080e00000| Untracked 
|  15|0x0000000080f00000, 0x0000000081000000, 0x0000000081000000|100%| O|  |TAMS 0x0000000081000000, 0x0000000080f00000| Untracked 
|  16|0x0000000081000000, 0x0000000081100000, 0x0000000081100000|100%| O|  |TAMS 0x0000000081100000, 0x0000000081000000| Untracked 
|  17|0x0000000081100000, 0x0000000081200000, 0x0000000081200000|100%| O|  |TAMS 0x0000000081200000, 0x0000000081100000| Untracked 
|  18|0x0000000081200000, 0x0000000081300000, 0x0000000081300000|100%| O|  |TAMS 0x0000000081300000, 0x0000000081200000| Untracked 
|  19|0x0000000081300000, 0x0000000081400000, 0x0000000081400000|100%| O|  |TAMS 0x0000000081400000, 0x0000000081300000| Untracked 
|  20|0x0000000081400000, 0x0000000081500000, 0x0000000081500000|100%| O|  |TAMS 0x0000000081500000, 0x0000000081400000| Untracked 
|  21|0x0000000081500000, 0x0000000081600000, 0x0000000081600000|100%| O|  |TAMS 0x0000000081600000, 0x0000000081500000| Untracked 
|  22|0x0000000081600000, 0x0000000081700000, 0x0000000081700000|100%|HS|  |TAMS 0x0000000081700000, 0x0000000081600000| Complete 
|  23|0x0000000081700000, 0x0000000081800000, 0x0000000081800000|100%|HC|  |TAMS 0x0000000081800000, 0x0000000081700000| Complete 
|  24|0x0000000081800000, 0x0000000081900000, 0x0000000081900000|100%|HC|  |TAMS 0x0000000081900000, 0x0000000081800000| Complete 
|  25|0x0000000081900000, 0x0000000081a00000, 0x0000000081a00000|100%|HC|  |TAMS 0x0000000081a00000, 0x0000000081900000| Complete 
|  26|0x0000000081a00000, 0x0000000081b00000, 0x0000000081b00000|100%|HC|  |TAMS 0x0000000081b00000, 0x0000000081a00000| Complete 
|  27|0x0000000081b00000, 0x0000000081c00000, 0x0000000081c00000|100%| O|  |TAMS 0x0000000081c00000, 0x0000000081b00000| Untracked 
|  28|0x0000000081c00000, 0x0000000081d00000, 0x0000000081d00000|100%|HS|  |TAMS 0x0000000081d00000, 0x0000000081c00000| Complete 
|  29|0x0000000081d00000, 0x0000000081e00000, 0x0000000081e00000|100%|HC|  |TAMS 0x0000000081e00000, 0x0000000081d00000| Complete 
|  30|0x0000000081e00000, 0x0000000081f00000, 0x0000000081f00000|100%|HC|  |TAMS 0x0000000081f00000, 0x0000000081e00000| Complete 
|  31|0x0000000081f00000, 0x0000000082000000, 0x0000000082000000|100%| O|  |TAMS 0x0000000082000000, 0x0000000081f00000| Untracked 
|  32|0x0000000082000000, 0x0000000082100000, 0x0000000082100000|100%| O|  |TAMS 0x0000000082100000, 0x0000000082000000| Untracked 
|  33|0x0000000082100000, 0x0000000082200000, 0x0000000082200000|100%|HS|  |TAMS 0x0000000082200000, 0x0000000082100000| Complete 
|  34|0x0000000082200000, 0x0000000082300000, 0x0000000082300000|100%|HC|  |TAMS 0x0000000082300000, 0x0000000082200000| Complete 
|  35|0x0000000082300000, 0x0000000082400000, 0x0000000082400000|100%|HC|  |TAMS 0x0000000082400000, 0x0000000082300000| Complete 
|  36|0x0000000082400000, 0x0000000082500000, 0x0000000082500000|100%| O|  |TAMS 0x0000000082500000, 0x0000000082400000| Untracked 
|  37|0x0000000082500000, 0x0000000082600000, 0x0000000082600000|100%| O|  |TAMS 0x0000000082600000, 0x0000000082500000| Untracked 
|  38|0x0000000082600000, 0x0000000082700000, 0x0000000082700000|100%| O|  |TAMS 0x0000000082700000, 0x0000000082600000| Untracked 
|  39|0x0000000082700000, 0x0000000082800000, 0x0000000082800000|100%|HS|  |TAMS 0x0000000082800000, 0x0000000082700000| Complete 
|  40|0x0000000082800000, 0x0000000082900000, 0x0000000082900000|100%| O|  |TAMS 0x0000000082900000, 0x0000000082800000| Untracked 
|  41|0x0000000082900000, 0x0000000082a00000, 0x0000000082a00000|100%| O|  |TAMS 0x0000000082a00000, 0x0000000082900000| Untracked 
|  42|0x0000000082a00000, 0x0000000082b00000, 0x0000000082b00000|100%| O|  |TAMS 0x0000000082b00000, 0x0000000082a00000| Untracked 
|  43|0x0000000082b00000, 0x0000000082c00000, 0x0000000082c00000|100%| O|  |TAMS 0x0000000082c00000, 0x0000000082b00000| Untracked 
|  44|0x0000000082c00000, 0x0000000082d00000, 0x0000000082d00000|100%| O|  |TAMS 0x0000000082d00000, 0x0000000082c00000| Untracked 
|  45|0x0000000082d00000, 0x0000000082e00000, 0x0000000082e00000|100%| O|  |TAMS 0x0000000082e00000, 0x0000000082d00000| Untracked 
|  46|0x0000000082e00000, 0x0000000082f00000, 0x0000000082f00000|100%| O|  |TAMS 0x0000000082f00000, 0x0000000082e00000| Untracked 
|  47|0x0000000082f00000, 0x0000000083000000, 0x0000000083000000|100%| O|  |TAMS 0x0000000083000000, 0x0000000082f00000| Untracked 
|  48|0x0000000083000000, 0x0000000083100000, 0x0000000083100000|100%| O|  |TAMS 0x0000000083100000, 0x0000000083000000| Untracked 
|  49|0x0000000083100000, 0x0000000083200000, 0x0000000083200000|100%| O|  |TAMS 0x0000000083200000, 0x0000000083100000| Untracked 
|  50|0x0000000083200000, 0x0000000083300000, 0x0000000083300000|100%| O|  |TAMS 0x0000000083300000, 0x0000000083200000| Untracked 
|  51|0x0000000083300000, 0x0000000083400000, 0x0000000083400000|100%| O|  |TAMS 0x0000000083400000, 0x0000000083300000| Untracked 
|  52|0x0000000083400000, 0x0000000083500000, 0x0000000083500000|100%| O|  |TAMS 0x0000000083500000, 0x0000000083400000| Untracked 
|  53|0x0000000083500000, 0x0000000083600000, 0x0000000083600000|100%| O|  |TAMS 0x0000000083600000, 0x0000000083500000| Untracked 
|  54|0x0000000083600000, 0x0000000083700000, 0x0000000083700000|100%| O|  |TAMS 0x0000000083700000, 0x0000000083600000| Untracked 
|  55|0x0000000083700000, 0x0000000083800000, 0x0000000083800000|100%| O|  |TAMS 0x0000000083700000, 0x0000000083700000| Untracked 
|  56|0x0000000083800000, 0x0000000083900000, 0x0000000083900000|100%| O|  |TAMS 0x0000000083800000, 0x0000000083800000| Untracked 
|  57|0x0000000083900000, 0x0000000083a00000, 0x0000000083a00000|100%| O|  |TAMS 0x0000000083900000, 0x0000000083900000| Untracked 
|  58|0x0000000083a00000, 0x0000000083b00000, 0x0000000083b00000|100%| O|  |TAMS 0x0000000083b00000, 0x0000000083a00000| Untracked 
|  59|0x0000000083b00000, 0x0000000083c00000, 0x0000000083c00000|100%| O|  |TAMS 0x0000000083c00000, 0x0000000083b00000| Untracked 
|  60|0x0000000083c00000, 0x0000000083d00000, 0x0000000083d00000|100%| O|  |TAMS 0x0000000083d00000, 0x0000000083c00000| Untracked 
|  61|0x0000000083d00000, 0x0000000083e00000, 0x0000000083e00000|100%| O|  |TAMS 0x0000000083e00000, 0x0000000083d00000| Untracked 
|  62|0x0000000083e00000, 0x0000000083f00000, 0x0000000083f00000|100%| O|  |TAMS 0x0000000083f00000, 0x0000000083e00000| Untracked 
|  63|0x0000000083f00000, 0x0000000084000000, 0x0000000084000000|100%| O|  |TAMS 0x0000000084000000, 0x0000000083f00000| Untracked 
|  64|0x0000000084000000, 0x0000000084100000, 0x0000000084100000|100%| O|  |TAMS 0x0000000084100000, 0x0000000084000000| Untracked 
|  65|0x0000000084100000, 0x0000000084200000, 0x0000000084200000|100%| O|  |TAMS 0x0000000084200000, 0x0000000084100000| Untracked 
|  66|0x0000000084200000, 0x0000000084300000, 0x0000000084300000|100%| O|  |TAMS 0x0000000084300000, 0x0000000084200000| Untracked 
|  67|0x0000000084300000, 0x0000000084300000, 0x0000000084400000|  0%| F|  |TAMS 0x0000000084300000, 0x0000000084300000| Untracked 
|  68|0x0000000084400000, 0x0000000084500000, 0x0000000084500000|100%| O|  |TAMS 0x0000000084500000, 0x0000000084400000| Untracked 
|  69|0x0000000084500000, 0x0000000084600000, 0x0000000084600000|100%| O|  |TAMS 0x0000000084600000, 0x0000000084500000| Untracked 
|  70|0x0000000084600000, 0x0000000084700000, 0x0000000084700000|100%| O|  |TAMS 0x0000000084700000, 0x0000000084600000| Untracked 
|  71|0x0000000084700000, 0x0000000084800000, 0x0000000084800000|100%| O|  |TAMS 0x0000000084800000, 0x0000000084700000| Untracked 
|  72|0x0000000084800000, 0x0000000084900000, 0x0000000084900000|100%| O|  |TAMS 0x0000000084900000, 0x0000000084800000| Untracked 
|  73|0x0000000084900000, 0x0000000084a00000, 0x0000000084a00000|100%| O|  |TAMS 0x0000000084a00000, 0x0000000084900000| Untracked 
|  74|0x0000000084a00000, 0x0000000084b00000, 0x0000000084b00000|100%| O|  |TAMS 0x0000000084b00000, 0x0000000084a00000| Untracked 
|  75|0x0000000084b00000, 0x0000000084c00000, 0x0000000084c00000|100%| O|  |TAMS 0x0000000084c00000, 0x0000000084b00000| Untracked 
|  76|0x0000000084c00000, 0x0000000084d00000, 0x0000000084d00000|100%| O|  |TAMS 0x0000000084d00000, 0x0000000084c00000| Untracked 
|  77|0x0000000084d00000, 0x0000000084e00000, 0x0000000084e00000|100%| O|  |TAMS 0x0000000084e00000, 0x0000000084d00000| Untracked 
|  78|0x0000000084e00000, 0x0000000084f00000, 0x0000000084f00000|100%| O|  |TAMS 0x0000000084f00000, 0x0000000084e00000| Untracked 
|  79|0x0000000084f00000, 0x0000000084f00000, 0x0000000085000000|  0%| F|  |TAMS 0x0000000084f00000, 0x0000000084f00000| Untracked 
|  80|0x0000000085000000, 0x0000000085100000, 0x0000000085100000|100%| O|  |TAMS 0x0000000085100000, 0x0000000085000000| Untracked 
|  81|0x0000000085100000, 0x0000000085200000, 0x0000000085200000|100%| O|  |TAMS 0x0000000085200000, 0x0000000085100000| Untracked 
|  82|0x0000000085200000, 0x0000000085300000, 0x0000000085300000|100%| O|  |TAMS 0x0000000085300000, 0x0000000085200000| Untracked 
|  83|0x0000000085300000, 0x0000000085400000, 0x0000000085400000|100%| O|  |TAMS 0x0000000085400000, 0x0000000085300000| Untracked 
|  84|0x0000000085400000, 0x0000000085500000, 0x0000000085500000|100%| O|  |TAMS 0x0000000085500000, 0x0000000085400000| Untracked 
|  85|0x0000000085500000, 0x0000000085600000, 0x0000000085600000|100%| O|  |TAMS 0x00000000855a7a00, 0x0000000085500000| Untracked 
|  86|0x0000000085600000, 0x0000000085700000, 0x0000000085700000|100%| O|  |TAMS 0x0000000085600000, 0x0000000085600000| Untracked 
|  87|0x0000000085700000, 0x0000000085800000, 0x0000000085800000|100%| O|  |TAMS 0x0000000085700000, 0x0000000085700000| Untracked 
|  88|0x0000000085800000, 0x0000000085900000, 0x0000000085900000|100%| O|  |TAMS 0x0000000085800000, 0x0000000085800000| Untracked 
|  89|0x0000000085900000, 0x0000000085a00000, 0x0000000085a00000|100%| O|  |TAMS 0x0000000085900000, 0x0000000085900000| Untracked 
|  90|0x0000000085a00000, 0x0000000085b00000, 0x0000000085b00000|100%| O|  |TAMS 0x0000000085a00000, 0x0000000085a00000| Untracked 
|  91|0x0000000085b00000, 0x0000000085c00000, 0x0000000085c00000|100%| O|  |TAMS 0x0000000085b00000, 0x0000000085b00000| Untracked 
|  92|0x0000000085c00000, 0x0000000085d00000, 0x0000000085d00000|100%| O|  |TAMS 0x0000000085c00000, 0x0000000085c00000| Untracked 
|  93|0x0000000085d00000, 0x0000000085e00000, 0x0000000085e00000|100%| O|  |TAMS 0x0000000085d00000, 0x0000000085d00000| Untracked 
|  94|0x0000000085e00000, 0x0000000085f00000, 0x0000000085f00000|100%| O|  |TAMS 0x0000000085e00000, 0x0000000085e00000| Untracked 
|  95|0x0000000085f00000, 0x0000000086000000, 0x0000000086000000|100%| O|  |TAMS 0x0000000085f00000, 0x0000000085f00000| Untracked 
|  96|0x0000000086000000, 0x0000000086100000, 0x0000000086100000|100%| O|  |TAMS 0x0000000086000000, 0x0000000086000000| Untracked 
|  97|0x0000000086100000, 0x0000000086200000, 0x0000000086200000|100%| O|  |TAMS 0x0000000086100000, 0x0000000086100000| Untracked 
|  98|0x0000000086200000, 0x0000000086200000, 0x0000000086300000|  0%| F|  |TAMS 0x0000000086200000, 0x0000000086200000| Untracked 
|  99|0x0000000086300000, 0x0000000086300000, 0x0000000086400000|  0%| F|  |TAMS 0x0000000086300000, 0x0000000086300000| Untracked 
| 100|0x0000000086400000, 0x0000000086400000, 0x0000000086500000|  0%| F|  |TAMS 0x0000000086400000, 0x0000000086400000| Untracked 
| 101|0x0000000086500000, 0x0000000086500000, 0x0000000086600000|  0%| F|  |TAMS 0x0000000086500000, 0x0000000086500000| Untracked 
| 102|0x0000000086600000, 0x0000000086600000, 0x0000000086700000|  0%| F|  |TAMS 0x0000000086600000, 0x0000000086600000| Untracked 
| 103|0x0000000086700000, 0x0000000086700000, 0x0000000086800000|  0%| F|  |TAMS 0x0000000086700000, 0x0000000086700000| Untracked 
| 104|0x0000000086800000, 0x0000000086800000, 0x0000000086900000|  0%| F|  |TAMS 0x0000000086800000, 0x0000000086800000| Untracked 
| 105|0x0000000086900000, 0x0000000086900000, 0x0000000086a00000|  0%| F|  |TAMS 0x0000000086900000, 0x0000000086900000| Untracked 
| 106|0x0000000086a00000, 0x0000000086a00000, 0x0000000086b00000|  0%| F|  |TAMS 0x0000000086a00000, 0x0000000086a00000| Untracked 
| 107|0x0000000086b00000, 0x0000000086b00000, 0x0000000086c00000|  0%| F|  |TAMS 0x0000000086b00000, 0x0000000086b00000| Untracked 
| 108|0x0000000086c00000, 0x0000000086c00000, 0x0000000086d00000|  0%| F|  |TAMS 0x0000000086c00000, 0x0000000086c00000| Untracked 
| 109|0x0000000086d00000, 0x0000000086d00000, 0x0000000086e00000|  0%| F|  |TAMS 0x0000000086d00000, 0x0000000086d00000| Untracked 
| 110|0x0000000086e00000, 0x0000000086e00000, 0x0000000086f00000|  0%| F|  |TAMS 0x0000000086e00000, 0x0000000086e00000| Untracked 
| 111|0x0000000086f00000, 0x0000000086f00000, 0x0000000087000000|  0%| F|  |TAMS 0x0000000086f00000, 0x0000000086f00000| Untracked 
| 112|0x0000000087000000, 0x0000000087000000, 0x0000000087100000|  0%| F|  |TAMS 0x0000000087000000, 0x0000000087000000| Untracked 
| 113|0x0000000087100000, 0x0000000087100000, 0x0000000087200000|  0%| F|  |TAMS 0x0000000087100000, 0x0000000087100000| Untracked 
| 114|0x0000000087200000, 0x0000000087200000, 0x0000000087300000|  0%| F|  |TAMS 0x0000000087200000, 0x0000000087200000| Untracked 
| 115|0x0000000087300000, 0x0000000087300000, 0x0000000087400000|  0%| F|  |TAMS 0x0000000087300000, 0x0000000087300000| Untracked 
| 116|0x0000000087400000, 0x0000000087400000, 0x0000000087500000|  0%| F|  |TAMS 0x0000000087400000, 0x0000000087400000| Untracked 
| 117|0x0000000087500000, 0x0000000087500000, 0x0000000087600000|  0%| F|  |TAMS 0x0000000087500000, 0x0000000087500000| Untracked 
| 118|0x0000000087600000, 0x0000000087600000, 0x0000000087700000|  0%| F|  |TAMS 0x0000000087600000, 0x0000000087600000| Untracked 
| 119|0x0000000087700000, 0x0000000087700000, 0x0000000087800000|  0%| F|  |TAMS 0x0000000087700000, 0x0000000087700000| Untracked 
| 120|0x0000000087800000, 0x0000000087800000, 0x0000000087900000|  0%| F|  |TAMS 0x0000000087800000, 0x0000000087800000| Untracked 
| 121|0x0000000087900000, 0x0000000087900000, 0x0000000087a00000|  0%| F|  |TAMS 0x0000000087900000, 0x0000000087900000| Untracked 
| 122|0x0000000087a00000, 0x0000000087a00000, 0x0000000087b00000|  0%| F|  |TAMS 0x0000000087a00000, 0x0000000087a00000| Untracked 
| 123|0x0000000087b00000, 0x0000000087b00000, 0x0000000087c00000|  0%| F|  |TAMS 0x0000000087b00000, 0x0000000087b00000| Untracked 
| 124|0x0000000087c00000, 0x0000000087c00000, 0x0000000087d00000|  0%| F|  |TAMS 0x0000000087c00000, 0x0000000087c00000| Untracked 
| 125|0x0000000087d00000, 0x0000000087d00000, 0x0000000087e00000|  0%| F|  |TAMS 0x0000000087d00000, 0x0000000087d00000| Untracked 
| 126|0x0000000087e00000, 0x0000000087e00000, 0x0000000087f00000|  0%| F|  |TAMS 0x0000000087e00000, 0x0000000087e00000| Untracked 
| 127|0x0000000087f00000, 0x0000000087f00000, 0x0000000088000000|  0%| F|  |TAMS 0x0000000087f00000, 0x0000000087f00000| Untracked 
| 128|0x0000000088000000, 0x0000000088000000, 0x0000000088100000|  0%| F|  |TAMS 0x0000000088000000, 0x0000000088000000| Untracked 
| 129|0x0000000088100000, 0x0000000088100000, 0x0000000088200000|  0%| F|  |TAMS 0x0000000088100000, 0x0000000088100000| Untracked 
| 130|0x0000000088200000, 0x0000000088200000, 0x0000000088300000|  0%| F|  |TAMS 0x0000000088200000, 0x0000000088200000| Untracked 
| 131|0x0000000088300000, 0x0000000088300000, 0x0000000088400000|  0%| F|  |TAMS 0x0000000088300000, 0x0000000088300000| Untracked 
| 132|0x0000000088400000, 0x0000000088400000, 0x0000000088500000|  0%| F|  |TAMS 0x0000000088400000, 0x0000000088400000| Untracked 
| 133|0x0000000088500000, 0x0000000088500000, 0x0000000088600000|  0%| F|  |TAMS 0x0000000088500000, 0x0000000088500000| Untracked 
| 134|0x0000000088600000, 0x0000000088600000, 0x0000000088700000|  0%| F|  |TAMS 0x0000000088600000, 0x0000000088600000| Untracked 
| 135|0x0000000088700000, 0x0000000088700000, 0x0000000088800000|  0%| F|  |TAMS 0x0000000088700000, 0x0000000088700000| Untracked 
| 136|0x0000000088800000, 0x0000000088800000, 0x0000000088900000|  0%| F|  |TAMS 0x0000000088800000, 0x0000000088800000| Untracked 
| 137|0x0000000088900000, 0x0000000088900000, 0x0000000088a00000|  0%| F|  |TAMS 0x0000000088900000, 0x0000000088900000| Untracked 
| 138|0x0000000088a00000, 0x0000000088a00000, 0x0000000088b00000|  0%| F|  |TAMS 0x0000000088a00000, 0x0000000088a00000| Untracked 
| 139|0x0000000088b00000, 0x0000000088b00000, 0x0000000088c00000|  0%| F|  |TAMS 0x0000000088b00000, 0x0000000088b00000| Untracked 
| 140|0x0000000088c00000, 0x0000000088c00000, 0x0000000088d00000|  0%| F|  |TAMS 0x0000000088c00000, 0x0000000088c00000| Untracked 
| 141|0x0000000088d00000, 0x0000000088d00000, 0x0000000088e00000|  0%| F|  |TAMS 0x0000000088d00000, 0x0000000088d00000| Untracked 
| 142|0x0000000088e00000, 0x0000000088e00000, 0x0000000088f00000|  0%| F|  |TAMS 0x0000000088e00000, 0x0000000088e00000| Untracked 
| 143|0x0000000088f00000, 0x0000000088f00000, 0x0000000089000000|  0%| F|  |TAMS 0x0000000088f00000, 0x0000000088f00000| Untracked 
| 144|0x0000000089000000, 0x0000000089000000, 0x0000000089100000|  0%| F|  |TAMS 0x0000000089000000, 0x0000000089000000| Untracked 
| 145|0x0000000089100000, 0x0000000089100000, 0x0000000089200000|  0%| F|  |TAMS 0x0000000089100000, 0x0000000089100000| Untracked 
| 146|0x0000000089200000, 0x0000000089200000, 0x0000000089300000|  0%| F|  |TAMS 0x0000000089200000, 0x0000000089200000| Untracked 
| 147|0x0000000089300000, 0x0000000089300000, 0x0000000089400000|  0%| F|  |TAMS 0x0000000089300000, 0x0000000089300000| Untracked 
| 148|0x0000000089400000, 0x0000000089400000, 0x0000000089500000|  0%| F|  |TAMS 0x0000000089400000, 0x0000000089400000| Untracked 
| 149|0x0000000089500000, 0x0000000089500000, 0x0000000089600000|  0%| F|  |TAMS 0x0000000089500000, 0x0000000089500000| Untracked 
| 150|0x0000000089600000, 0x0000000089600000, 0x0000000089700000|  0%| F|  |TAMS 0x0000000089600000, 0x0000000089600000| Untracked 
| 151|0x0000000089700000, 0x0000000089700000, 0x0000000089800000|  0%| F|  |TAMS 0x0000000089700000, 0x0000000089700000| Untracked 
| 152|0x0000000089800000, 0x0000000089800000, 0x0000000089900000|  0%| F|  |TAMS 0x0000000089800000, 0x0000000089800000| Untracked 
| 153|0x0000000089900000, 0x0000000089900000, 0x0000000089a00000|  0%| F|  |TAMS 0x0000000089900000, 0x0000000089900000| Untracked 
| 154|0x0000000089a00000, 0x0000000089a00000, 0x0000000089b00000|  0%| F|  |TAMS 0x0000000089a00000, 0x0000000089a00000| Untracked 
| 155|0x0000000089b00000, 0x0000000089b00000, 0x0000000089c00000|  0%| F|  |TAMS 0x0000000089b00000, 0x0000000089b00000| Untracked 
| 156|0x0000000089c00000, 0x0000000089c00000, 0x0000000089d00000|  0%| F|  |TAMS 0x0000000089c00000, 0x0000000089c00000| Untracked 
| 157|0x0000000089d00000, 0x0000000089d00000, 0x0000000089e00000|  0%| F|  |TAMS 0x0000000089d00000, 0x0000000089d00000| Untracked 
| 158|0x0000000089e00000, 0x0000000089e00000, 0x0000000089f00000|  0%| F|  |TAMS 0x0000000089e00000, 0x0000000089e00000| Untracked 
| 159|0x0000000089f00000, 0x0000000089f00000, 0x000000008a000000|  0%| F|  |TAMS 0x0000000089f00000, 0x0000000089f00000| Untracked 
| 160|0x000000008a000000, 0x000000008a000000, 0x000000008a100000|  0%| F|  |TAMS 0x000000008a000000, 0x000000008a000000| Untracked 
| 161|0x000000008a100000, 0x000000008a100000, 0x000000008a200000|  0%| F|  |TAMS 0x000000008a100000, 0x000000008a100000| Untracked 
| 162|0x000000008a200000, 0x000000008a200000, 0x000000008a300000|  0%| F|  |TAMS 0x000000008a200000, 0x000000008a200000| Untracked 
| 163|0x000000008a300000, 0x000000008a300000, 0x000000008a400000|  0%| F|  |TAMS 0x000000008a300000, 0x000000008a300000| Untracked 
| 164|0x000000008a400000, 0x000000008a400000, 0x000000008a500000|  0%| F|  |TAMS 0x000000008a400000, 0x000000008a400000| Untracked 
| 165|0x000000008a500000, 0x000000008a500000, 0x000000008a600000|  0%| F|  |TAMS 0x000000008a500000, 0x000000008a500000| Untracked 
| 166|0x000000008a600000, 0x000000008a700000, 0x000000008a700000|100%| S|CS|TAMS 0x000000008a600000, 0x000000008a600000| Complete 
| 167|0x000000008a700000, 0x000000008a700000, 0x000000008a800000|  0%| F|  |TAMS 0x000000008a700000, 0x000000008a700000| Untracked 
| 168|0x000000008a800000, 0x000000008a800000, 0x000000008a900000|  0%| F|  |TAMS 0x000000008a800000, 0x000000008a800000| Untracked 
| 169|0x000000008a900000, 0x000000008a900000, 0x000000008aa00000|  0%| F|  |TAMS 0x000000008a900000, 0x000000008a900000| Untracked 
| 170|0x000000008aa00000, 0x000000008aa00000, 0x000000008ab00000|  0%| F|  |TAMS 0x000000008aa00000, 0x000000008aa00000| Untracked 
| 171|0x000000008ab00000, 0x000000008ab00000, 0x000000008ac00000|  0%| F|  |TAMS 0x000000008ab00000, 0x000000008ab00000| Untracked 
| 172|0x000000008ac00000, 0x000000008ac00000, 0x000000008ad00000|  0%| F|  |TAMS 0x000000008ac00000, 0x000000008ac00000| Untracked 
| 173|0x000000008ad00000, 0x000000008ad00000, 0x000000008ae00000|  0%| F|  |TAMS 0x000000008ad00000, 0x000000008ad00000| Untracked 
| 174|0x000000008ae00000, 0x000000008ae00000, 0x000000008af00000|  0%| F|  |TAMS 0x000000008ae00000, 0x000000008ae00000| Untracked 

Card table byte_map: [0x0000015774710000,0x0000015774b10000] _byte_map_base: 0x0000015774310000

Marking Bits (Prev, Next): (CMBitMap*) 0x0000015770b5f580, (CMBitMap*) 0x0000015770b5f540
 Prev Bits: [0x0000015776f10000, 0x0000015778f10000)
 Next Bits: [0x0000015774f10000, 0x0000015776f10000)

Polling page: 0x00000157702c0000

Metaspace:

Usage:
  Non-class:     45.84 MB used.
      Class:      7.23 MB used.
       Both:     53.07 MB used.

Virtual space:
  Non-class space:       64.00 MB reserved,      46.06 MB ( 72%) committed,  1 nodes.
      Class space:        1.00 GB reserved,       7.50 MB ( <1%) committed,  1 nodes.
             Both:        1.06 GB reserved,      53.56 MB (  5%) committed. 

Chunk freelists:
   Non-Class:  1.69 MB
       Class:  8.41 MB
        Both:  10.09 MB

MaxMetaspaceSize: unlimited
CompressedClassSpaceSize: 1.00 GB
Initial GC threshold: 21.00 MB
Current GC threshold: 89.31 MB
CDS: off
MetaspaceReclaimPolicy: balanced
 - commit_granule_bytes: 65536.
 - commit_granule_words: 8192.
 - virtual_space_node_default_size: 8388608.
 - enlarge_chunks_in_place: 1.
 - new_chunks_are_fully_committed: 0.
 - uncommit_free_chunks: 1.
 - use_allocation_guard: 0.
 - handle_deallocations: 1.


Internal statistics:

num_allocs_failed_limit: 3.
num_arena_births: 622.
num_arena_deaths: 2.
num_vsnodes_births: 2.
num_vsnodes_deaths: 0.
num_space_committed: 857.
num_space_uncommitted: 0.
num_chunks_returned_to_freelist: 5.
num_chunks_taken_from_freelist: 2469.
num_chunk_merges: 3.
num_chunk_splits: 1566.
num_chunks_enlarged: 1032.
num_inconsistent_stats: 0.

CodeHeap 'non-profiled nmethods': size=120000Kb used=2837Kb max_used=2837Kb free=117162Kb
 bounds [0x0000015707ad0000, 0x0000015707da0000, 0x000001570f000000]
CodeHeap 'profiled nmethods': size=120000Kb used=11518Kb max_used=11518Kb free=108481Kb
 bounds [0x0000015700000000, 0x0000015700b40000, 0x0000015707530000]
CodeHeap 'non-nmethods': size=5760Kb used=2328Kb max_used=2379Kb free=3431Kb
 bounds [0x0000015707530000, 0x00000157077a0000, 0x0000015707ad0000]
 total_blobs=6425 nmethods=5593 adapters=743
 compilation: enabled
              stopped_count=0, restarted_count=0
 full_count=0

Compilation events (20 events):
Event: 12.813 Thread 0x000001571311f2f0 5678       2       java.util.regex.Pattern$Begin::match (62 bytes)
Event: 12.813 Thread 0x000001571311f2f0 nmethod 5678 0x0000015700b3a790 code [0x0000015700b3a940, 0x0000015700b3ab48]
Event: 12.813 Thread 0x000001571311f2f0 5679       2       org.gradle.model.internal.asm.AsmConstants::isSupportedVersion (12 bytes)
Event: 12.813 Thread 0x000001571311f2f0 nmethod 5679 0x0000015700b3ac90 code [0x0000015700b3ae20, 0x0000015700b3af18]
Event: 12.813 Thread 0x000001571311f2f0 5680       2       org.gradle.internal.classpath.ClasspathWalker$ZipClasspathEntry::getContent (10 bytes)
Event: 12.813 Thread 0x000001571311f2f0 nmethod 5680 0x0000015700b3af90 code [0x0000015700b3b140, 0x0000015700b3b388]
Event: 12.813 Thread 0x000001571311f2f0 5681       2       org.gradle.internal.classpath.transforms.InstrumentingClassTransform::apply (105 bytes)
Event: 12.815 Thread 0x000001571311f2f0 nmethod 5681 0x0000015700b3b510 code [0x0000015700b3b7a0, 0x0000015700b3c268]
Event: 12.815 Thread 0x000001571311f2f0 5684       3       org.objectweb.asm.SymbolTable::addConstantUtf8 (98 bytes)
Event: 12.815 Thread 0x000001571311f2f0 nmethod 5684 0x0000015700b3c910 code [0x0000015700b3cb40, 0x0000015700b3d118]
Event: 12.815 Thread 0x000001571311f2f0 5682       2       org.gradle.internal.classpath.transforms.InstrumentingClassTransform$InstrumentingVisitor::visitEnd (36 bytes)
Event: 12.816 Thread 0x000001571311f2f0 nmethod 5682 0x0000015700b3d490 code [0x0000015700b3d660, 0x0000015700b3d8c8]
Event: 12.816 Thread 0x000001571311f2f0 5683       2       org.apache.commons.compress.archivers.zip.ZipArchiveOutputStream::versionNeededToExtractMethod (14 bytes)
Event: 12.816 Thread 0x000001571311f2f0 nmethod 5683 0x0000015700b3da90 code [0x0000015700b3dc20, 0x0000015700b3dd38]
Event: 12.829 Thread 0x000001571311f2f0 5685  s    2       java.nio.channels.Channels$1::write (107 bytes)
Event: 12.830 Thread 0x000001571311f2f0 nmethod 5685 0x0000015700b3de10 code [0x0000015700b3e000, 0x0000015700b3e4c8]
Event: 12.830 Thread 0x000001571311f2f0 5687       2       java.nio.channels.Channels::writeFullyImpl (33 bytes)
Event: 12.830 Thread 0x000001571311f2f0 nmethod 5687 0x0000015700b3e710 code [0x0000015700b3e8c0, 0x0000015700b3eb18]
Event: 12.830 Thread 0x000001571311f2f0 5686   !   2       java.nio.channels.Channels::writeFully (60 bytes)
Event: 12.831 Thread 0x000001571311f2f0 nmethod 5686 0x0000015700b3ec90 code [0x0000015700b3eea0, 0x0000015700b3f468]

GC Heap History (20 events):
Event: 10.837 GC heap after
{Heap after GC invocations=26 (full 0):
 garbage-first heap   total 94208K, used 49746K [0x0000000080000000, 0x0000000100000000)
  region size 1024K, 2 young (2048K), 2 survivors (2048K)
 Metaspace       used 49258K, committed 49728K, reserved 1114112K
  class space    used 6605K, committed 6848K, reserved 1048576K
}
Event: 11.265 GC heap before
{Heap before GC invocations=26 (full 0):
 garbage-first heap   total 94208K, used 74322K [0x0000000080000000, 0x0000000100000000)
  region size 1024K, 26 young (26624K), 2 survivors (2048K)
 Metaspace       used 51928K, committed 52416K, reserved 1114112K
  class space    used 7059K, committed 7296K, reserved 1048576K
}
Event: 11.269 GC heap after
{Heap after GC invocations=27 (full 0):
 garbage-first heap   total 94208K, used 50687K [0x0000000080000000, 0x0000000100000000)
  region size 1024K, 2 young (2048K), 2 survivors (2048K)
 Metaspace       used 51928K, committed 52416K, reserved 1114112K
  class space    used 7059K, committed 7296K, reserved 1048576K
}
Event: 11.842 GC heap before
{Heap before GC invocations=28 (full 0):
 garbage-first heap   total 94208K, used 75263K [0x0000000080000000, 0x0000000100000000)
  region size 1024K, 26 young (26624K), 2 survivors (2048K)
 Metaspace       used 53277K, committed 53760K, reserved 1114112K
  class space    used 7284K, committed 7488K, reserved 1048576K
}
Event: 11.848 GC heap after
{Heap after GC invocations=29 (full 0):
 garbage-first heap   total 94208K, used 54651K [0x0000000080000000, 0x0000000100000000)
  region size 1024K, 4 young (4096K), 4 survivors (4096K)
 Metaspace       used 53277K, committed 53760K, reserved 1114112K
  class space    used 7284K, committed 7488K, reserved 1048576K
}
Event: 11.957 GC heap before
{Heap before GC invocations=29 (full 0):
 garbage-first heap   total 94208K, used 74107K [0x0000000080000000, 0x0000000100000000)
  region size 1024K, 24 young (24576K), 4 survivors (4096K)
 Metaspace       used 53684K, committed 54272K, reserved 1114112K
  class space    used 7350K, committed 7616K, reserved 1048576K
}
Event: 11.976 GC heap after
{Heap after GC invocations=30 (full 0):
 garbage-first heap   total 94208K, used 62500K [0x0000000080000000, 0x0000000100000000)
  region size 1024K, 3 young (3072K), 3 survivors (3072K)
 Metaspace       used 53684K, committed 54272K, reserved 1114112K
  class space    used 7350K, committed 7616K, reserved 1048576K
}
Event: 12.063 GC heap before
{Heap before GC invocations=31 (full 0):
 garbage-first heap   total 116736K, used 72740K [0x0000000080000000, 0x0000000100000000)
  region size 1024K, 14 young (14336K), 3 survivors (3072K)
 Metaspace       used 54075K, committed 54656K, reserved 1114112K
  class space    used 7404K, committed 7680K, reserved 1048576K
}
Event: 12.078 GC heap after
{Heap after GC invocations=32 (full 0):
 garbage-first heap   total 140288K, used 67756K [0x0000000080000000, 0x0000000100000000)
  region size 1024K, 2 young (2048K), 2 survivors (2048K)
 Metaspace       used 54075K, committed 54656K, reserved 1114112K
  class space    used 7404K, committed 7680K, reserved 1048576K
}
Event: 12.334 GC heap before
{Heap before GC invocations=32 (full 0):
 garbage-first heap   total 140288K, used 97452K [0x0000000080000000, 0x0000000100000000)
  region size 1024K, 32 young (32768K), 2 survivors (2048K)
 Metaspace       used 54276K, committed 54848K, reserved 1114112K
  class space    used 7405K, committed 7680K, reserved 1048576K
}
Event: 12.371 GC heap after
{Heap after GC invocations=33 (full 0):
 garbage-first heap   total 140288K, used 77961K [0x0000000080000000, 0x0000000100000000)
  region size 1024K, 4 young (4096K), 4 survivors (4096K)
 Metaspace       used 54276K, committed 54848K, reserved 1114112K
  class space    used 7405K, committed 7680K, reserved 1048576K
}
Event: 12.580 GC heap before
{Heap before GC invocations=34 (full 0):
 garbage-first heap   total 145408K, used 101513K [0x0000000080000000, 0x0000000100000000)
  region size 1024K, 28 young (28672K), 4 survivors (4096K)
 Metaspace       used 54288K, committed 54848K, reserved 1114112K
  class space    used 7404K, committed 7680K, reserved 1048576K
}
Event: 12.594 GC heap after
{Heap after GC invocations=35 (full 0):
 garbage-first heap   total 145408K, used 86272K [0x0000000080000000, 0x0000000100000000)
  region size 1024K, 4 young (4096K), 4 survivors (4096K)
 Metaspace       used 54288K, committed 54848K, reserved 1114112K
  class space    used 7404K, committed 7680K, reserved 1048576K
}
Event: 12.611 GC heap before
{Heap before GC invocations=35 (full 0):
 garbage-first heap   total 145408K, used 88320K [0x0000000080000000, 0x0000000100000000)
  region size 1024K, 7 young (7168K), 4 survivors (4096K)
 Metaspace       used 54291K, committed 54848K, reserved 1114112K
  class space    used 7404K, committed 7680K, reserved 1048576K
}
Event: 12.621 GC heap after
{Heap after GC invocations=36 (full 0):
 garbage-first heap   total 145408K, used 87710K [0x0000000080000000, 0x0000000100000000)
  region size 1024K, 1 young (1024K), 1 survivors (1024K)
 Metaspace       used 54291K, committed 54848K, reserved 1114112K
  class space    used 7404K, committed 7680K, reserved 1048576K
}
Event: 12.717 GC heap before
{Heap before GC invocations=36 (full 0):
 garbage-first heap   total 145408K, used 110238K [0x0000000080000000, 0x0000000100000000)
  region size 1024K, 23 young (23552K), 1 survivors (1024K)
 Metaspace       used 54313K, committed 54848K, reserved 1114112K
  class space    used 7404K, committed 7680K, reserved 1048576K
}
Event: 12.727 GC heap after
{Heap after GC invocations=37 (full 0):
 garbage-first heap   total 145408K, used 94856K [0x0000000080000000, 0x0000000100000000)
  region size 1024K, 3 young (3072K), 3 survivors (3072K)
 Metaspace       used 54313K, committed 54848K, reserved 1114112K
  class space    used 7404K, committed 7680K, reserved 1048576K
}
Event: 12.844 GC heap before
{Heap before GC invocations=38 (full 0):
 garbage-first heap   total 179200K, used 111240K [0x0000000080000000, 0x0000000100000000)
  region size 1024K, 21 young (21504K), 3 survivors (3072K)
 Metaspace       used 54340K, committed 54848K, reserved 1114112K
  class space    used 7404K, committed 7680K, reserved 1048576K
}
Event: 12.856 GC heap after
{Heap after GC invocations=39 (full 0):
 garbage-first heap   total 179200K, used 99007K [0x0000000080000000, 0x0000000100000000)
  region size 1024K, 3 young (3072K), 3 survivors (3072K)
 Metaspace       used 54340K, committed 54848K, reserved 1114112K
  class space    used 7404K, committed 7680K, reserved 1048576K
}
Event: 12.908 GC heap before
{Heap before GC invocations=39 (full 0):
 garbage-first heap   total 179200K, used 104127K [0x0000000080000000, 0x0000000100000000)
  region size 1024K, 8 young (8192K), 3 survivors (3072K)
 Metaspace       used 54340K, committed 54848K, reserved 1114112K
  class space    used 7404K, committed 7680K, reserved 1048576K
}

Dll operation events (3 events):
Event: 0.140 Loaded shared library C:\Program Files\Android\Android Studio\jbr\bin\java.dll
Event: 1.126 Loaded shared library C:\Program Files\Android\Android Studio\jbr\bin\zip.dll
Event: 2.941 Loaded shared library C:\Program Files\Android\Android Studio\jbr\bin\verify.dll

Deoptimization events (20 events):
Event: 12.283 Thread 0x0000015716627460 DEOPT PACKING pc=0x0000015707d39bf0 sp=0x0000004f953fa1c0
Event: 12.283 Thread 0x0000015716627460 DEOPT UNPACKING pc=0x000001570758a1a3 sp=0x0000004f953fa108 mode 2
Event: 12.307 Thread 0x0000015716627460 DEOPT PACKING pc=0x0000015700a7a5bc sp=0x0000004f953fab20
Event: 12.307 Thread 0x0000015716627460 DEOPT UNPACKING pc=0x000001570758ace3 sp=0x0000004f953f9ff8 mode 0
Event: 12.577 Thread 0x0000015716627460 DEOPT PACKING pc=0x0000015700ab8a1f sp=0x0000004f953fadd0
Event: 12.577 Thread 0x0000015716627460 DEOPT UNPACKING pc=0x000001570758ace3 sp=0x0000004f953fa2d0 mode 0
Event: 12.624 Thread 0x0000015716625600 Uncommon trap: trap_request=0xffffff45 fr.pc=0x0000015707d8cfa4 relative=0x0000000000006924
Event: 12.624 Thread 0x0000015716625600 Uncommon trap: reason=unstable_if action=reinterpret pc=0x0000015707d8cfa4 method=com.google.common.collect.HashBiMap.insert(Lcom/google/common/collect/HashBiMap$BiEntry;Lcom/google/common/collect/HashBiMap$BiEntry;)V @ 78 c2
Event: 12.624 Thread 0x0000015716625600 DEOPT PACKING pc=0x0000015707d8cfa4 sp=0x0000004f950f9450
Event: 12.624 Thread 0x0000015716625600 DEOPT UNPACKING pc=0x000001570758a1a3 sp=0x0000004f950f9188 mode 2
Event: 12.631 Thread 0x0000015716627460 Uncommon trap: trap_request=0xffffff3d fr.pc=0x0000015707c4d8d0 relative=0x0000000000000210
Event: 12.631 Thread 0x0000015716627460 Uncommon trap: reason=unstable_fused_if action=reinterpret pc=0x0000015707c4d8d0 method=org.objectweb.asm.ByteVector.putUTF8(Ljava/lang/String;)Lorg/objectweb/asm/ByteVector; @ 93 c2
Event: 12.631 Thread 0x0000015716627460 DEOPT PACKING pc=0x0000015707c4d8d0 sp=0x0000004f953fa190
Event: 12.631 Thread 0x0000015716627460 DEOPT UNPACKING pc=0x000001570758a1a3 sp=0x0000004f953fa110 mode 2
Event: 12.637 Thread 0x0000015716625600 DEOPT PACKING pc=0x00000157004243d4 sp=0x0000004f950f9680
Event: 12.637 Thread 0x0000015716625600 DEOPT UNPACKING pc=0x000001570758ace3 sp=0x0000004f950f8bd8 mode 0
Event: 12.638 Thread 0x0000015716627460 DEOPT PACKING pc=0x0000015700b0fc91 sp=0x0000004f953fa3b0
Event: 12.638 Thread 0x0000015716627460 DEOPT UNPACKING pc=0x000001570758ace3 sp=0x0000004f953f98c0 mode 0
Event: 12.728 Thread 0x0000015716627460 DEOPT PACKING pc=0x0000015700ab9a10 sp=0x0000004f953fa350
Event: 12.728 Thread 0x0000015716627460 DEOPT UNPACKING pc=0x000001570758ace3 sp=0x0000004f953f9868 mode 0

Classes unloaded (1 events):
Event: 12.452 Thread 0x000001577b8ec9c0 Unloading class 0x0000000100770400 'java/lang/invoke/LambdaForm$DMH+0x0000000100770400'

Classes redefined (0 events):
No events

Internal exceptions (20 events):
Event: 11.149 Thread 0x0000015714ec9250 Exception <a 'java/lang/NoSuchMethodError'{0x00000000847b4988}: 'java.lang.Object java.lang.invoke.DirectMethodHandle$Holder.invokeSpecial(java.lang.Object, java.lang.Object, long, java.lang.Object, java.lang.Object)'> (0x00000000847b4988) 
thrown [s\src\hotspot\share\interpreter\linkResolver.cpp, line 771]
Event: 11.239 Thread 0x0000015714ec9250 Exception <a 'java/lang/NoSuchMethodError'{0x00000000843e5ac0}: 'int java.lang.invoke.DirectMethodHandle$Holder.invokeInterface(java.lang.Object, java.lang.Object, java.lang.Object, java.lang.Object, java.lang.Object)'> (0x00000000843e5ac0) 
thrown [s\src\hotspot\share\interpreter\linkResolver.cpp, line 771]
Event: 11.274 Thread 0x0000015714ec9250 Exception <a 'java/lang/NoSuchMethodError'{0x0000000085b253b0}: 'java.lang.Object java.lang.invoke.DirectMethodHandle$Holder.newInvokeSpecial(java.lang.Object, java.lang.Object, java.lang.Object, java.lang.Object, int, java.lang.Object)'> (0x0000000085b253b0) 
thrown [s\src\hotspot\share\interpreter\linkResolver.cpp, line 771]
Event: 11.275 Thread 0x0000015714ec9250 Exception <a 'java/lang/NoSuchMethodError'{0x0000000085b2e240}: 'java.lang.Object java.lang.invoke.Invokers$Holder.linkToTargetMethod(java.lang.Object, java.lang.Object, java.lang.Object, int, java.lang.Object, java.lang.Object)'> (0x0000000085b2e240) 
thrown [s\src\hotspot\share\interpreter\linkResolver.cpp, line 771]
Event: 11.367 Thread 0x0000015714ec9250 Exception <a 'java/lang/NoSuchMethodError'{0x0000000085743948}: 'java.lang.Object java.lang.invoke.DirectMethodHandle$Holder.invokeSpecialIFC(java.lang.Object, java.lang.Object, java.lang.Object)'> (0x0000000085743948) 
thrown [s\src\hotspot\share\interpreter\linkResolver.cpp, line 771]
Event: 11.474 Thread 0x000001571506ad70 Exception <a 'sun/nio/fs/WindowsException'{0x00000000855aedf8}> (0x00000000855aedf8) 
thrown [s\src\hotspot\share\prims\jni.cpp, line 531]
Event: 11.474 Thread 0x000001571506ad70 Exception <a 'sun/nio/fs/WindowsException'{0x00000000855af4d8}> (0x00000000855af4d8) 
thrown [s\src\hotspot\share\prims\jni.cpp, line 531]
Event: 11.477 Thread 0x000001571506ad70 Exception <a 'sun/nio/fs/WindowsException'{0x00000000855bdf48}> (0x00000000855bdf48) 
thrown [s\src\hotspot\share\prims\jni.cpp, line 531]
Event: 11.482 Thread 0x000001571506ad70 Exception <a 'sun/nio/fs/WindowsException'{0x00000000855c9878}> (0x00000000855c9878) 
thrown [s\src\hotspot\share\prims\jni.cpp, line 531]
Event: 11.504 Thread 0x0000015714ec9250 Exception <a 'java/lang/ClassNotFoundException'{0x0000000085412b00}: sync_studio_tooling7591_3apsm8n0dke9o96n0pe6vqxckBeanInfo> (0x0000000085412b00) 
thrown [s\src\hotspot\share\classfile\systemDictionary.cpp, line 256]
Event: 11.505 Thread 0x0000015714ec9250 Exception <a 'java/lang/ClassNotFoundException'{0x0000000085419f20}: sync_studio_tooling7591_3apsm8n0dke9o96n0pe6vqxckCustomizer> (0x0000000085419f20) 
thrown [s\src\hotspot\share\classfile\systemDictionary.cpp, line 256]
Event: 11.545 Thread 0x0000015714ec9250 Exception <a 'java/lang/ClassNotFoundException'{0x00000000854fb1c8}: ijInit2_cx30y7ewc6g5dj6phepfccrwgBeanInfo> (0x00000000854fb1c8) 
thrown [s\src\hotspot\share\classfile\systemDictionary.cpp, line 256]
Event: 11.546 Thread 0x0000015714ec9250 Exception <a 'java/lang/ClassNotFoundException'{0x0000000085317d78}: ijInit2_cx30y7ewc6g5dj6phepfccrwgCustomizer> (0x0000000085317d78) 
thrown [s\src\hotspot\share\classfile\systemDictionary.cpp, line 256]
Event: 11.561 Thread 0x0000015714ec9250 Exception <a 'java/lang/ClassNotFoundException'{0x0000000085362508}: ijInit2_cx30y7ewc6g5dj6phepfccrwg$_run_closure1BeanInfo> (0x0000000085362508) 
thrown [s\src\hotspot\share\classfile\systemDictionary.cpp, line 256]
Event: 11.562 Thread 0x0000015714ec9250 Exception <a 'java/lang/ClassNotFoundException'{0x0000000085369b50}: ijInit2_cx30y7ewc6g5dj6phepfccrwg$_run_closure1Customizer> (0x0000000085369b50) 
thrown [s\src\hotspot\share\classfile\systemDictionary.cpp, line 256]
Event: 11.711 Thread 0x0000015716625600 Exception <a 'java/lang/IncompatibleClassChangeError'{0x0000000084fe8a88}: Found class java.lang.Object, but interface was expected> (0x0000000084fe8a88) 
thrown [s\src\hotspot\share\interpreter\linkResolver.cpp, line 838]
Event: 11.779 Thread 0x0000015716627460 Exception <a 'java/lang/NoSuchMethodError'{0x0000000084cc7048}: 'void java.lang.invoke.DirectMethodHandle$Holder.invokeVirtual(java.lang.Object, java.lang.Object)'> (0x0000000084cc7048) 
thrown [s\src\hotspot\share\interpreter\linkResolver.cpp, line 771]
Event: 11.780 Thread 0x0000015716625600 Exception <a 'java/lang/NoSuchMethodError'{0x0000000084c7f698}: 'void java.lang.invoke.DirectMethodHandle$Holder.invokeVirtual(java.lang.Object, java.lang.Object)'> (0x0000000084c7f698) 
thrown [s\src\hotspot\share\interpreter\linkResolver.cpp, line 771]
Event: 11.830 Thread 0x0000015716627460 Exception <a 'java/lang/NoSuchMethodError'{0x0000000084683c50}: 'void java.lang.invoke.DirectMethodHandle$Holder.invokeStaticInit(java.lang.Object, java.lang.Object, java.lang.Object, java.lang.Object, java.lang.Object, java.lang.Object, java.lang.Object, int)'> (0x0000000084683c50) 
thrown [s\src\hotspot\share\interpreter\linkResolver.cpp, line 771]
Event: 11.895 Thread 0x0000015716627460 Exception <a 'sun/nio/fs/WindowsException'{0x00000000854def30}> (0x00000000854def30) 
thrown [s\src\hotspot\share\prims\jni.cpp, line 531]

VM Operations (20 events):
Event: 12.079 Executing VM operation: G1CollectForAllocation done
Event: 12.332 Executing VM operation: G1CollectForAllocation
Event: 12.375 Executing VM operation: G1CollectForAllocation done
Event: 12.451 Executing VM operation: G1PauseRemark
Event: 12.473 Executing VM operation: G1PauseRemark done
Event: 12.501 Executing VM operation: G1PauseCleanup
Event: 12.523 Executing VM operation: G1PauseCleanup done
Event: 12.580 Executing VM operation: G1CollectForAllocation
Event: 12.594 Executing VM operation: G1CollectForAllocation done
Event: 12.610 Executing VM operation: G1CollectForAllocation
Event: 12.621 Executing VM operation: G1CollectForAllocation done
Event: 12.717 Executing VM operation: G1CollectForAllocation
Event: 12.727 Executing VM operation: G1CollectForAllocation done
Event: 12.806 Executing VM operation: G1PauseRemark
Event: 12.809 Executing VM operation: G1PauseRemark done
Event: 12.843 Executing VM operation: G1PauseCleanup
Event: 12.843 Executing VM operation: G1PauseCleanup done
Event: 12.844 Executing VM operation: G1CollectForAllocation
Event: 12.856 Executing VM operation: G1CollectForAllocation done
Event: 12.880 Executing VM operation: G1CollectForAllocation

Events (20 events):
Event: 11.662 Thread 0x00000157166246d0 Thread added: 0x00000157166246d0
Event: 11.663 Thread 0x0000015716621430 Thread added: 0x0000015716621430
Event: 11.666 Thread 0x0000015716627460 Thread added: 0x0000015716627460
Event: 11.667 Thread 0x0000015716625b10 Thread added: 0x0000015716625b10
Event: 11.796 loading class java/util/DualPivotQuicksort
Event: 11.797 loading class java/util/DualPivotQuicksort done
Event: 11.908 loading class java/nio/charset/UnsupportedCharsetException
Event: 11.909 loading class java/nio/charset/UnsupportedCharsetException done
Event: 11.912 loading class java/util/Collections$UnmodifiableSortedMap
Event: 11.913 loading class java/util/Collections$UnmodifiableSortedMap done
Event: 11.914 loading class java/util/zip/Deflater
Event: 11.915 loading class java/util/zip/Deflater done
Event: 11.916 loading class java/util/zip/Deflater$DeflaterZStreamRef
Event: 11.916 loading class java/util/zip/Deflater$DeflaterZStreamRef done
Event: 11.936 loading class java/util/zip/ZipInputStream
Event: 11.937 loading class java/util/zip/ZipInputStream done
Event: 12.022 loading class java/nio/StringCharBuffer
Event: 12.023 loading class java/nio/StringCharBuffer done
Event: 12.030 loading class java/security/Key
Event: 12.031 loading class java/security/Key done


Dynamic libraries:
0x00007ff776380000 - 0x00007ff77638a000 	C:\Program Files\Android\Android Studio\jbr\bin\java.exe
0x00007fff2c3f0000 - 0x00007fff2c5e8000 	C:\Windows\SYSTEM32\ntdll.dll
0x00007fff2be70000 - 0x00007fff2bf32000 	C:\Windows\System32\KERNEL32.DLL
0x00007fff29e80000 - 0x00007fff2a176000 	C:\Windows\System32\KERNELBASE.dll
0x00007fff29d80000 - 0x00007fff29e80000 	C:\Windows\System32\ucrtbase.dll
0x00007fff08770000 - 0x00007fff0878b000 	C:\Program Files\Android\Android Studio\jbr\bin\VCRUNTIME140.dll
0x00007fff16e60000 - 0x00007fff16e77000 	C:\Program Files\Android\Android Studio\jbr\bin\jli.dll
0x00007fff2bc50000 - 0x00007fff2bded000 	C:\Windows\System32\USER32.dll
0x00007fff2a330000 - 0x00007fff2a352000 	C:\Windows\System32\win32u.dll
0x00007fff2bff0000 - 0x00007fff2c01b000 	C:\Windows\System32\GDI32.dll
0x00007fff14d60000 - 0x00007fff14ffa000 	C:\Windows\WinSxS\amd64_microsoft.windows.common-controls_6595b64144ccf1df_6.0.19041.5915_none_60b4b9d171f9c7c7\COMCTL32.dll
0x00007fff29b20000 - 0x00007fff29c39000 	C:\Windows\System32\gdi32full.dll
0x00007fff2b540000 - 0x00007fff2b5de000 	C:\Windows\System32\msvcrt.dll
0x00007fff29a80000 - 0x00007fff29b1d000 	C:\Windows\System32\msvcp_win.dll
0x00007fff2b860000 - 0x00007fff2b88f000 	C:\Windows\System32\IMM32.DLL
0x00007fff1f660000 - 0x00007fff1f66c000 	C:\Program Files\Android\Android Studio\jbr\bin\vcruntime140_1.dll
0x00007fff08050000 - 0x00007fff080dd000 	C:\Program Files\Android\Android Studio\jbr\bin\msvcp140.dll
0x00007fff00130000 - 0x00007fff00db3000 	C:\Program Files\Android\Android Studio\jbr\bin\server\jvm.dll
0x00007fff2b7a0000 - 0x00007fff2b851000 	C:\Windows\System32\ADVAPI32.dll
0x00007fff2b4a0000 - 0x00007fff2b53f000 	C:\Windows\System32\sechost.dll
0x00007fff2c270000 - 0x00007fff2c393000 	C:\Windows\System32\RPCRT4.dll
0x00007fff29d50000 - 0x00007fff29d77000 	C:\Windows\System32\bcrypt.dll
0x00007fff15940000 - 0x00007fff15967000 	C:\Windows\SYSTEM32\WINMM.dll
0x00007fff24c90000 - 0x00007fff24c99000 	C:\Windows\SYSTEM32\WSOCK32.dll
0x00007fff23000000 - 0x00007fff2300a000 	C:\Windows\SYSTEM32\VERSION.dll
0x00007fff298e0000 - 0x00007fff2992b000 	C:\Windows\SYSTEM32\POWRPROF.dll
0x00007fff2b420000 - 0x00007fff2b48b000 	C:\Windows\System32\ws2_32.DLL
0x00007fff298c0000 - 0x00007fff298d2000 	C:\Windows\SYSTEM32\UMPDC.dll
0x00007fff27900000 - 0x00007fff27912000 	C:\Windows\SYSTEM32\kernel.appcore.dll
0x00007fff24fb0000 - 0x00007fff24fba000 	C:\Program Files\Android\Android Studio\jbr\bin\jimage.dll
0x00007fff25590000 - 0x00007fff25791000 	C:\Windows\SYSTEM32\DBGHELP.DLL
0x00007fff13440000 - 0x00007fff13474000 	C:\Windows\SYSTEM32\dbgcore.DLL
0x00007fff29cc0000 - 0x00007fff29d42000 	C:\Windows\System32\bcryptPrimitives.dll
0x00007fff1f510000 - 0x00007fff1f51e000 	C:\Program Files\Android\Android Studio\jbr\bin\instrument.dll
0x00007fff23ad0000 - 0x00007fff23af5000 	C:\Program Files\Android\Android Studio\jbr\bin\java.dll
0x00007fff23e30000 - 0x00007fff23e48000 	C:\Program Files\Android\Android Studio\jbr\bin\zip.dll
0x00007fff2acb0000 - 0x00007fff2b41e000 	C:\Windows\System32\SHELL32.dll
0x00007fff27b00000 - 0x00007fff282a4000 	C:\Windows\SYSTEM32\windows.storage.dll
0x00007fff2b8f0000 - 0x00007fff2bc43000 	C:\Windows\System32\combase.dll
0x00007fff293e0000 - 0x00007fff2940b000 	C:\Windows\SYSTEM32\Wldp.dll
0x00007fff2b6c0000 - 0x00007fff2b78d000 	C:\Windows\System32\OLEAUT32.dll
0x00007fff2ac00000 - 0x00007fff2acad000 	C:\Windows\System32\SHCORE.dll
0x00007fff2b890000 - 0x00007fff2b8eb000 	C:\Windows\System32\shlwapi.dll
0x00007fff299b0000 - 0x00007fff299d4000 	C:\Windows\SYSTEM32\profapi.dll
0x00007fff20900000 - 0x00007fff20919000 	C:\Program Files\Android\Android Studio\jbr\bin\net.dll
0x00007fff228b0000 - 0x00007fff229ba000 	C:\Windows\SYSTEM32\WINHTTP.dll
0x00007fff29140000 - 0x00007fff291aa000 	C:\Windows\system32\mswsock.dll
0x00007fff16f80000 - 0x00007fff16f96000 	C:\Program Files\Android\Android Studio\jbr\bin\nio.dll
0x00007fff24fa0000 - 0x00007fff24fb0000 	C:\Program Files\Android\Android Studio\jbr\bin\verify.dll
0x00007fff08790000 - 0x00007fff087b7000 	C:\Users\denni\.gradle\native\c067742578af261105cb4f569cf0c3c89f3d7b1fecec35dd04571415982c5e48\windows-amd64\native-platform.dll
0x00007fff05ef0000 - 0x00007fff06034000 	C:\Users\denni\.gradle\native\100fb08df4bc3b14c8652ba06237920a3bd2aa13389f12d3474272988ae205f9\windows-amd64\native-platform-file-events.dll
0x00007fff23b30000 - 0x00007fff23b39000 	C:\Program Files\Android\Android Studio\jbr\bin\management.dll
0x00007fff22640000 - 0x00007fff2264b000 	C:\Program Files\Android\Android Studio\jbr\bin\management_ext.dll
0x00007fff2c3a0000 - 0x00007fff2c3a8000 	C:\Windows\System32\PSAPI.DLL
0x00007fff29340000 - 0x00007fff29358000 	C:\Windows\SYSTEM32\CRYPTSP.dll
0x00007fff28a60000 - 0x00007fff28a98000 	C:\Windows\system32\rsaenh.dll
0x00007fff29930000 - 0x00007fff2995e000 	C:\Windows\SYSTEM32\USERENV.dll
0x00007fff29330000 - 0x00007fff2933c000 	C:\Windows\SYSTEM32\CRYPTBASE.dll
0x00007fff28e20000 - 0x00007fff28e5b000 	C:\Windows\SYSTEM32\IPHLPAPI.DLL
0x00007fff2b490000 - 0x00007fff2b498000 	C:\Windows\System32\NSI.dll
0x00007fff20e70000 - 0x00007fff20e87000 	C:\Windows\SYSTEM32\dhcpcsvc6.DLL
0x00007fff216e0000 - 0x00007fff216fd000 	C:\Windows\SYSTEM32\dhcpcsvc.DLL
0x00007fff28e60000 - 0x00007fff28f2a000 	C:\Windows\SYSTEM32\DNSAPI.dll
0x00007fff24ca0000 - 0x00007fff24ca9000 	C:\Program Files\Android\Android Studio\jbr\bin\extnet.dll
0x00007fff24cc0000 - 0x00007fff24cc7000 	C:\Windows\system32\wshunix.dll

dbghelp: loaded successfully - version: 4.0.5 - missing functions: none
symbol engine: initialized successfully - sym options: 0x614 - pdb path: .;C:\Program Files\Android\Android Studio\jbr\bin;C:\Windows\SYSTEM32;C:\Windows\WinSxS\amd64_microsoft.windows.common-controls_6595b64144ccf1df_6.0.19041.5915_none_60b4b9d171f9c7c7;C:\Program Files\Android\Android Studio\jbr\bin\server;C:\Users\denni\.gradle\native\c067742578af261105cb4f569cf0c3c89f3d7b1fecec35dd04571415982c5e48\windows-amd64;C:\Users\denni\.gradle\native\100fb08df4bc3b14c8652ba06237920a3bd2aa13389f12d3474272988ae205f9\windows-amd64

VM Arguments:
jvm_args: --add-opens=java.base/java.lang=ALL-UNNAMED --add-opens=java.base/java.lang.invoke=ALL-UNNAMED --add-opens=java.base/java.util=ALL-UNNAMED --add-opens=java.prefs/java.util.prefs=ALL-UNNAMED --add-exports=jdk.compiler/com.sun.tools.javac.api=ALL-UNNAMED --add-exports=jdk.compiler/com.sun.tools.javac.util=ALL-UNNAMED --add-opens=java.base/java.util=ALL-UNNAMED --add-opens=java.prefs/java.util.prefs=ALL-UNNAMED --add-opens=java.base/java.nio.charset=ALL-UNNAMED --add-opens=java.base/java.net=ALL-UNNAMED --add-opens=java.base/java.util.concurrent.atomic=ALL-UNNAMED --add-opens=java.xml/javax.xml.namespace=ALL-UNNAMED -Xmx2048m -Dfile.encoding=UTF-8 -Duser.country=US -Duser.language=en -Duser.variant -javaagent:C:\Users\denni\.gradle\wrapper\dists\gradle-8.11.1-bin\bpt9gzteqjrbo1mjrsomdt32c\gradle-8.11.1\lib\agents\gradle-instrumentation-agent-8.11.1.jar 
java_command: org.gradle.launcher.daemon.bootstrap.GradleDaemon 8.11.1
java_class_path (initial): C:\Users\denni\.gradle\wrapper\dists\gradle-8.11.1-bin\bpt9gzteqjrbo1mjrsomdt32c\gradle-8.11.1\lib\gradle-daemon-main-8.11.1.jar
Launcher Type: SUN_STANDARD

[Global flags]
     intx CICompilerCount                          = 4                                         {product} {ergonomic}
     uint ConcGCThreads                            = 2                                         {product} {ergonomic}
     uint G1ConcRefinementThreads                  = 8                                         {product} {ergonomic}
   size_t G1HeapRegionSize                         = 1048576                                   {product} {ergonomic}
    uintx GCDrainStackTargetSize                   = 64                                        {product} {ergonomic}
   size_t InitialHeapSize                          = 62914560                                  {product} {ergonomic}
   size_t MarkStackSize                            = 4194304                                   {product} {ergonomic}
   size_t MaxHeapSize                              = 2147483648                                {product} {command line}
   size_t MaxNewSize                               = 1287651328                                {product} {ergonomic}
   size_t MinHeapDeltaBytes                        = 1048576                                   {product} {ergonomic}
   size_t MinHeapSize                              = 8388608                                   {product} {ergonomic}
    uintx NonNMethodCodeHeapSize                   = 5839372                                {pd product} {ergonomic}
    uintx NonProfiledCodeHeapSize                  = 122909434                              {pd product} {ergonomic}
    uintx ProfiledCodeHeapSize                     = 122909434                              {pd product} {ergonomic}
    uintx ReservedCodeCacheSize                    = 251658240                              {pd product} {ergonomic}
     bool SegmentedCodeCache                       = true                                      {product} {ergonomic}
   size_t SoftMaxHeapSize                          = 2147483648                             {manageable} {ergonomic}
     bool UseCompressedClassPointers               = true                           {product lp64_product} {ergonomic}
     bool UseCompressedOops                        = true                           {product lp64_product} {ergonomic}
     bool UseG1GC                                  = true                                      {product} {ergonomic}
     bool UseLargePagesIndividualAllocation        = false                                  {pd product} {ergonomic}

Logging:
Log output configuration:
 #0: stdout all=warning uptime,level,tags
 #1: stderr all=off uptime,level,tags

Environment Variables:
PATH=C:\Python313\Scripts\;C:\Python313\;C:\Program Files\Python310\Scripts\;C:\Program Files\Python310\;C:\Python312\Scripts\;C:\Python312\;C:\Program Files\Java\jdk-18.0.2.1\bin;C:\xampp\php;C:\ProgramData\ComposerSetup\bin;C:\ProgramData\chocolatey\bin;C:\OpenSSH-Win64\OpenSSH-Win64;C:\Program Files\nodejs\;C:\Program Files\Git\cmd;C:\Ruby33-x64\bin;C:\RailsInstaller\Git\cmd;C:\RailsInstaller\Ruby2.3.3\bin;C:\Program Files\Java\jdk1.8.0_45\bin;C:\Users\denni\AppData\Local\Microsoft\WindowsApps;C:\MinGW\bin;C:\Users\denni\AppData\Local\Programs\Microsoft VS Code\bin;C:\Program Files\Java\jdk-18.0.2.1\bin;C:\Users\denni\AppData\Roaming\Composer\vendor\bin;C:\Users\denni\AppData\Local\GitHubDesktop\bin;C:\Windows\System32;C:\Users\denni\AppData\Roaming\npm;C:\Users\denni\AppData\Roaming\Python\Python313\Scripts;
USERNAME=denni
OS=Windows_NT
PROCESSOR_IDENTIFIER=Intel64 Family 6 Model 126 Stepping 5, GenuineIntel
TMP=C:\Users\denni\AppData\Local\Temp
TEMP=C:\Users\denni\AppData\Local\Temp



Periodic native trim disabled

JNI global refs:
JNI global refs: 27, weak refs: 40

JNI global refs memory usage: 843, weak refs: 841

Process memory usage:
Resident Set Size: 219672K (5% of 3930488K total physical memory with 46264K free physical memory)

OOME stack traces (most recent first):
Classloader memory used:
Loader org.gradle.internal.classloader.VisitableURLClassLoader                         : 3347K
Loader bootstrap                                                                       : 2441K
Loader org.gradle.initialization.MixInLegacyTypesClassLoader                           : 795K
Loader org.gradle.internal.classloader.VisitableURLClassLoader                         : 81142B
Loader jdk.internal.loader.ClassLoaders$PlatformClassLoader                            : 64838B
Loader jdk.internal.loader.ClassLoaders$AppClassLoader                                 : 29230B
Loader jdk.internal.reflect.DelegatingClassLoader                                      : 27887B
Loader org.gradle.groovy.scripts.internal.DefaultScriptCompilationHandler$ScriptClassLoader: 8672B
Loader org.codehaus.groovy.runtime.callsite.CallSiteClassLoader                        : 876B

Classes loaded by more than one classloader:
Class org.gradle.api.GradleException                                                  : loaded 3 times (x 80B)
Class org.gradle.util.GradleVersion                                                   : loaded 2 times (x 81B)
Class org.gradle.internal.classpath.ClassPath                                         : loaded 2 times (x 68B)
Class org.gradle.api.internal.classpath.DefaultModuleRegistry                         : loaded 2 times (x 84B)
Class org.gradle.internal.exceptions.NonGradleCauseExceptionsHolder                   : loaded 2 times (x 68B)
Class org.gradle.api.Action                                                           : loaded 2 times (x 68B)
Class org.gradle.api.internal.DefaultClassPathProvider                                : loaded 2 times (x 74B)
Class org.gradle.internal.installation.GradleInstallation$1                           : loaded 2 times (x 73B)
Class org.gradle.internal.exceptions.DefaultMultiCauseException                       : loaded 2 times (x 93B)
Class org.gradle.internal.time.MonotonicClock                                         : loaded 2 times (x 75B)
Class org.gradle.internal.classloader.FilteringClassLoader                            : loaded 2 times (x 103B)
Class org.gradle.internal.classpath.DefaultClassPath$ImmutableUniqueList$Builder      : loaded 2 times (x 73B)
Class org.gradle.internal.classloader.ClassLoaderVisitor                              : loaded 2 times (x 74B)
Class org.gradle.internal.time.DefaultCountdownTimer                                  : loaded 2 times (x 86B)
Class org.gradle.internal.service.DefaultServiceLocator                               : loaded 2 times (x 81B)
Class org.gradle.internal.service.UnknownServiceException                             : loaded 2 times (x 81B)
Class org.gradle.internal.classloader.DefaultClassLoaderFactory                       : loaded 2 times (x 80B)
Class org.gradle.internal.classloader.VisitableURLClassLoader$Spec                    : loaded 2 times (x 72B)
Class org.gradle.tooling.model.ProjectModel                                           : loaded 2 times (x 68B)
Class org.gradle.internal.installation.GradleInstallation                             : loaded 2 times (x 73B)
Class org.gradle.api.internal.classpath.ModuleRegistry                                : loaded 2 times (x 68B)
Class kotlin.jvm.internal.markers.KMappedMarker                                       : loaded 2 times (x 68B)
Class org.gradle.api.internal.ClassPathProvider                                       : loaded 2 times (x 68B)
Class org.gradle.internal.classloader.ClasspathUtil$1                                 : loaded 2 times (x 74B)
Class org.gradle.internal.classloader.ClassLoaderFactory                              : loaded 2 times (x 68B)
Class org.gradle.api.internal.classpath.ManifestUtil                                  : loaded 2 times (x 69B)
Class org.gradle.api.specs.Spec                                                       : loaded 2 times (x 68B)
Class org.gradle.internal.IoActions                                                   : loaded 2 times (x 69B)
Class org.gradle.api.internal.classpath.EffectiveClassPath                            : loaded 2 times (x 88B)
Class org.gradle.internal.exceptions.ResolutionProvider                               : loaded 2 times (x 68B)
Class org.gradle.internal.installation.CurrentGradleInstallation                      : loaded 2 times (x 71B)
Class org.gradle.internal.installation.CurrentGradleInstallationLocator               : loaded 2 times (x 69B)
Class org.gradle.api.internal.classpath.Module                                        : loaded 2 times (x 68B)
Class org.gradle.internal.service.CachingServiceLocator                               : loaded 2 times (x 80B)
Class org.gradle.internal.time.Timer                                                  : loaded 2 times (x 68B)
Class org.gradle.internal.classpath.DefaultClassPath                                  : loaded 2 times (x 88B)
Class kotlin.jvm.functions.Function1                                                  : loaded 2 times (x 68B)
Class org.gradle.internal.time.Time                                                   : loaded 2 times (x 69B)
Class org.gradle.internal.time.TimeSource$1                                           : loaded 2 times (x 75B)
Class org.gradle.internal.classloader.SystemClassLoaderSpec                           : loaded 2 times (x 69B)
Class kotlin.Function                                                                 : loaded 2 times (x 68B)
Class org.gradle.api.UncheckedIOException                                             : loaded 2 times (x 80B)
Class org.gradle.api.internal.classpath.GlobalCacheRootsProvider                      : loaded 2 times (x 68B)
Class org.gradle.internal.time.Clock                                                  : loaded 2 times (x 68B)
Class org.gradle.internal.time.CountdownTimer                                         : loaded 2 times (x 68B)
Class org.gradle.internal.classloader.ClasspathUtil                                   : loaded 2 times (x 69B)
Class org.gradle.api.internal.DefaultClassPathRegistry                                : loaded 2 times (x 74B)
Class org.gradle.api.internal.classpath.DefaultModuleRegistry$DefaultModule           : loaded 2 times (x 84B)
Class sync_studio_tooling7591_3apsm8n0dke9o96n0pe6vqxck                               : loaded 2 times (x 177B)
Class org.gradle.internal.time.TimeSource                                             : loaded 2 times (x 68B)
Class sync_studio_tooling7591_3apsm8n0dke9o96n0pe6vqxck$_run_closure1                 : loaded 2 times (x 137B)
Class org.gradle.api.internal.classpath.UnknownModuleException                        : loaded 2 times (x 80B)
Class org.gradle.internal.service.ServiceLookupException                              : loaded 2 times (x 80B)
Class [Lorg.gradle.api.internal.ClassPathProvider;                                    : loaded 2 times (x 67B)
Class org.gradle.internal.operations.MultipleBuildOperationFailures                   : loaded 2 times (x 93B)
Class org.gradle.util.internal.GUtil                                                  : loaded 2 times (x 69B)
Class org.gradle.internal.classloader.ClassLoaderSpec                                 : loaded 2 times (x 69B)
Class org.gradle.internal.classloader.InstrumentingClassLoader                        : loaded 2 times (x 68B)
Class org.gradle.internal.classloader.VisitableURLClassLoader                         : loaded 2 times (x 115B)
Class org.gradle.internal.Cast                                                        : loaded 2 times (x 69B)
Class org.gradle.api.internal.ClassPathRegistry                                       : loaded 2 times (x 68B)
Class org.gradle.internal.classloader.VisitableURLClassLoader$InstrumentingVisitableURLClassLoader: loaded 2 times (x 121B)
Class org.gradle.internal.classloader.ClassLoaderHierarchy                            : loaded 2 times (x 68B)
Class org.gradle.internal.exceptions.MultiCauseException                              : loaded 2 times (x 68B)
Class org.gradle.internal.InternalTransformer                                         : loaded 2 times (x 68B)
Class org.gradle.internal.service.ServiceLocator                                      : loaded 2 times (x 68B)
Class org.gradle.internal.classpath.DefaultClassPath$ImmutableUniqueList              : loaded 2 times (x 159B)
Class org.gradle.internal.time.DefaultTimer                                           : loaded 2 times (x 78B)
Class org.gradle.internal.classpath.TransformedClassPath                              : loaded 2 times (x 94B)


---------------  S Y S T E M  ---------------

OS:
 Windows 10 , 64 bit Build 19041 (10.0.19041.5915)
OS uptime: 0 days 5:30 hours

CPU: total 8 (initial active 8) (4 cores per cpu, 2 threads per core) family 6 model 126 stepping 5 microcode 0xa0, cx8, cmov, fxsr, ht, mmx, 3dnowpref, sse, sse2, sse3, ssse3, sse4.1, sse4.2, popcnt, lzcnt, tsc, tscinvbit, avx, avx2, aes, erms, clmul, bmi1, bmi2, adx, avx512f, avx512dq, avx512cd, avx512bw, avx512vl, sha, fma, vzeroupper, avx512_vpopcntdq, avx512_vpclmulqdq, avx512_vaes, avx512_vnni, clflush, clflushopt, avx512_vbmi2, avx512_vbmi
Processor Information for all 8 processors :
  Max Mhz: 1190, Current Mhz: 991, Mhz Limit: 987

Memory: 4k page, system-wide physical 3838M (43M free)
TotalPageFile size 15614M (AvailPageFile size 165M)
current process WorkingSet (physical memory assigned to process): 214M, peak: 228M
current process commit charge ("private bytes"): 379M, peak: 730M

vm_info: OpenJDK 64-Bit Server VM (17.0.11+0--11852314) for windows-amd64 JRE (17.0.11+0--11852314), built on May 16 2024 21:29:20 by "androidbuild" with MS VC++ 16.10 / 16.11 (VS2019)

END.
