#
# There is insufficient memory for the Java Runtime Environment to continue.
# Native memory allocation (mmap) failed to map 34603008 bytes. Error detail: G1 virtual space
# Possible reasons:
#   The system is out of physical RAM or swap space
#   This process is running with CompressedOops enabled, and the Java Heap may be blocking the growth of the native heap
# Possible solutions:
#   Reduce memory load on the system
#   Increase physical memory or swap space
#   Check if swap backing store is full
#   Decrease Java heap size (-Xmx/-Xms)
#   Decrease number of Java threads
#   Decrease Java thread stack sizes (-Xss)
#   Set larger code cache with -XX:ReservedCodeCacheSize=
#   JVM is running with Unscaled Compressed Oops mode in which the Java heap is
#     placed in the first 4GB address space. The Java Heap base address is the
#     maximum limit for the native heap growth. Please use -XX:HeapBaseMinAddress
#     to set the Java Heap base and to place the Java Heap above 4GB virtual address.
# This output file may be truncated or incomplete.
#
#  Out of Memory Error (os_windows.cpp:3825), pid=7492, tid=5760
#
# JRE version: OpenJDK Runtime Environment (17.0.11) (build 17.0.11+0--11852314)
# Java VM: OpenJDK 64-Bit Server VM (17.0.11+0--11852314, mixed mode, tiered, compressed oops, compressed class ptrs, g1 gc, windows-amd64)
# No core dump will be written. Minidumps are not enabled by default on client versions of Windows
#

---------------  S U M M A R Y ------------

Command Line: --add-opens=java.base/java.lang=ALL-UNNAMED --add-opens=java.base/java.lang.invoke=ALL-UNNAMED --add-opens=java.base/java.util=ALL-UNNAMED --add-opens=java.prefs/java.util.prefs=ALL-UNNAMED --add-exports=jdk.compiler/com.sun.tools.javac.api=ALL-UNNAMED --add-exports=jdk.compiler/com.sun.tools.javac.util=ALL-UNNAMED --add-opens=java.base/java.util=ALL-UNNAMED --add-opens=java.prefs/java.util.prefs=ALL-UNNAMED --add-opens=java.base/java.nio.charset=ALL-UNNAMED --add-opens=java.base/java.net=ALL-UNNAMED --add-opens=java.base/java.util.concurrent.atomic=ALL-UNNAMED --add-opens=java.xml/javax.xml.namespace=ALL-UNNAMED -Xmx2048m -Dfile.encoding=UTF-8 -Duser.country=US -Duser.language=en -Duser.variant -javaagent:C:\Users\denni\.gradle\wrapper\dists\gradle-8.13-bin\5xuhj0ry160q40clulazy9h7d\gradle-8.13\lib\agents\gradle-instrumentation-agent-8.13.jar org.gradle.launcher.daemon.bootstrap.GradleDaemon 8.13

Host: Intel(R) Core(TM) i5-1035G1 CPU @ 1.00GHz, 8 cores, 3G,  Windows 10 , 64 bit Build 19041 (10.0.19041.5915)
Time: Tue Aug 12 14:57:44 2025 E. Africa Standard Time elapsed time: 11.019699 seconds (0d 0h 0m 11s)

---------------  T H R E A D  ---------------

Current thread (0x0000020bcbef4340):  VMThread "VM Thread" [stack: 0x0000001e4c200000,0x0000001e4c300000] [id=5760]

Stack: [0x0000001e4c200000,0x0000001e4c300000]
Native frames: (J=compiled Java code, j=interpreted, Vv=VM code, C=native code)
V  [jvm.dll+0x687bb9]
V  [jvm.dll+0x84142a]
V  [jvm.dll+0x8430ae]
V  [jvm.dll+0x843713]
V  [jvm.dll+0x24a35f]
V  [jvm.dll+0x684989]
V  [jvm.dll+0x67923a]
V  [jvm.dll+0x30af0b]
V  [jvm.dll+0x3123b6]
V  [jvm.dll+0x361dfe]
V  [jvm.dll+0x36202f]
V  [jvm.dll+0x2e0d38]
V  [jvm.dll+0x2df144]
V  [jvm.dll+0x2de74c]
V  [jvm.dll+0x32305b]
V  [jvm.dll+0x847e0b]
V  [jvm.dll+0x848b42]
V  [jvm.dll+0x84905d]
V  [jvm.dll+0x849434]
V  [jvm.dll+0x849500]
V  [jvm.dll+0x7efa4a]
V  [jvm.dll+0x686a35]
C  [ucrtbase.dll+0x21bb2]
C  [KERNEL32.DLL+0x17374]
C  [ntdll.dll+0x4cc91]

VM_Operation (0x0000001e4d9f20b0): G1CollectForAllocation, mode: safepoint, requested by thread 0x0000020bd2003580


---------------  P R O C E S S  ---------------

Threads class SMR info:
_java_thread_list=0x0000020bd445fc90, length=45, elements={
0x0000020bb010f190, 0x0000020bcbf0e660, 0x0000020bcbf0f130, 0x0000020bcbf4b290,
0x0000020bcbf4dc70, 0x0000020bcbf4e540, 0x0000020bcc19a080, 0x0000020bcc19b420,
0x0000020bcc19e4e0, 0x0000020bcc19edf0, 0x0000020bcc2b2860, 0x0000020bcc42f720,
0x0000020bd1fdf500, 0x0000020bd1c2b160, 0x0000020bd20f0060, 0x0000020bd20725d0,
0x0000020bd2072ab0, 0x0000020bd2003070, 0x0000020bd2003580, 0x0000020bd2003fa0,
0x0000020bd2004ed0, 0x0000020bd20053e0, 0x0000020bd2005e00, 0x0000020bd2006310,
0x0000020bd2006820, 0x0000020bd20049c0, 0x0000020bd2f3f320, 0x0000020bd2f3bb70,
0x0000020bd2f3d4c0, 0x0000020bd2f3d9d0, 0x0000020bd2f3c080, 0x0000020bd2f3dee0,
0x0000020bd2f3e900, 0x0000020bd2f3e3f0, 0x0000020bd2f3cfb0, 0x0000020bd2f3c590,
0x0000020bd2f3ee10, 0x0000020bd3ca7410, 0x0000020bd3ca4b90, 0x0000020bd3ca4680,
0x0000020bd3ca50a0, 0x0000020bd3ca9c90, 0x0000020bd3ca3c60, 0x0000020bd3ca55b0,
0x0000020bd3ca8340
}

Java Threads: ( => current thread )
  0x0000020bb010f190 JavaThread "main" [_thread_blocked, id=3812, stack(0x0000001e4bc00000,0x0000001e4bd00000)]
  0x0000020bcbf0e660 JavaThread "Reference Handler" daemon [_thread_blocked, id=6884, stack(0x0000001e4c300000,0x0000001e4c400000)]
  0x0000020bcbf0f130 JavaThread "Finalizer" daemon [_thread_blocked, id=9532, stack(0x0000001e4c400000,0x0000001e4c500000)]
  0x0000020bcbf4b290 JavaThread "Signal Dispatcher" daemon [_thread_blocked, id=14848, stack(0x0000001e4c500000,0x0000001e4c600000)]
  0x0000020bcbf4dc70 JavaThread "Attach Listener" daemon [_thread_blocked, id=11796, stack(0x0000001e4c600000,0x0000001e4c700000)]
  0x0000020bcbf4e540 JavaThread "Service Thread" daemon [_thread_blocked, id=15492, stack(0x0000001e4c700000,0x0000001e4c800000)]
  0x0000020bcc19a080 JavaThread "Monitor Deflation Thread" daemon [_thread_blocked, id=8352, stack(0x0000001e4c800000,0x0000001e4c900000)]
  0x0000020bcc19b420 JavaThread "C2 CompilerThread0" daemon [_thread_blocked, id=12624, stack(0x0000001e4c900000,0x0000001e4ca00000)]
  0x0000020bcc19e4e0 JavaThread "C1 CompilerThread0" daemon [_thread_blocked, id=8000, stack(0x0000001e4ca00000,0x0000001e4cb00000)]
  0x0000020bcc19edf0 JavaThread "Sweeper thread" daemon [_thread_blocked, id=11304, stack(0x0000001e4cb00000,0x0000001e4cc00000)]
  0x0000020bcc2b2860 JavaThread "Common-Cleaner" daemon [_thread_blocked, id=10236, stack(0x0000001e4cc00000,0x0000001e4cd00000)]
  0x0000020bcc42f720 JavaThread "Notification Thread" daemon [_thread_blocked, id=15692, stack(0x0000001e4cd00000,0x0000001e4ce00000)]
  0x0000020bd1fdf500 JavaThread "Daemon health stats" [_thread_blocked, id=4180, stack(0x0000001e4d300000,0x0000001e4d400000)]
  0x0000020bd1c2b160 JavaThread "Incoming local TCP Connector on port 64198" [_thread_in_native, id=3848, stack(0x0000001e4d400000,0x0000001e4d500000)]
  0x0000020bd20f0060 JavaThread "Daemon periodic checks" [_thread_blocked, id=15096, stack(0x0000001e4d500000,0x0000001e4d600000)]
  0x0000020bd20725d0 JavaThread "Daemon" [_thread_blocked, id=6536, stack(0x0000001e4d600000,0x0000001e4d700000)]
  0x0000020bd2072ab0 JavaThread "Handler for socket connection from /127.0.0.1:64198 to /127.0.0.1:64199" [_thread_in_native, id=7100, stack(0x0000001e4d700000,0x0000001e4d800000)]
  0x0000020bd2003070 JavaThread "Cancel handler" [_thread_blocked, id=7140, stack(0x0000001e4d800000,0x0000001e4d900000)]
  0x0000020bd2003580 JavaThread "Daemon worker" [_thread_blocked, id=2960, stack(0x0000001e4d900000,0x0000001e4da00000)]
  0x0000020bd2003fa0 JavaThread "Asynchronous log dispatcher for DefaultDaemonConnection: socket connection from /127.0.0.1:64198 to /127.0.0.1:64199" [_thread_blocked, id=15712, stack(0x0000001e4da00000,0x0000001e4db00000)]
  0x0000020bd2004ed0 JavaThread "Stdin handler" [_thread_blocked, id=9380, stack(0x0000001e4db00000,0x0000001e4dc00000)]
  0x0000020bd20053e0 JavaThread "Daemon client event forwarder" [_thread_blocked, id=8672, stack(0x0000001e4dc00000,0x0000001e4dd00000)]
  0x0000020bd2005e00 JavaThread "Cache worker for journal cache (C:\Users\denni\.gradle\caches\journal-1)" [_thread_blocked, id=8020, stack(0x0000001e4e100000,0x0000001e4e200000)]
  0x0000020bd2006310 JavaThread "File lock request listener" [_thread_in_native, id=8256, stack(0x0000001e4e200000,0x0000001e4e300000)]
  0x0000020bd2006820 JavaThread "Cache worker for file hash cache (C:\Users\denni\.gradle\caches\8.13\fileHashes)" [_thread_blocked, id=8312, stack(0x0000001e4e300000,0x0000001e4e400000)]
  0x0000020bd20049c0 JavaThread "Cache worker for file hash cache (C:\Users\denni\AndroidStudioProjects\Smartband\.gradle\8.13\fileHashes)" [_thread_blocked, id=11480, stack(0x0000001e4e400000,0x0000001e4e500000)]
  0x0000020bd2f3f320 JavaThread "Cache worker for Build Output Cleanup Cache (C:\Users\denni\AndroidStudioProjects\Smartband\.gradle\buildOutputCleanup)" [_thread_blocked, id=9252, stack(0x0000001e4e500000,0x0000001e4e600000)]
  0x0000020bd2f3bb70 JavaThread "File watcher server" daemon [_thread_in_native, id=15592, stack(0x0000001e4e600000,0x0000001e4e700000)]
  0x0000020bd2f3d4c0 JavaThread "File watcher consumer" daemon [_thread_blocked, id=11296, stack(0x0000001e4e700000,0x0000001e4e800000)]
  0x0000020bd2f3d9d0 JavaThread "jar transforms" [_thread_blocked, id=2872, stack(0x0000001e4e800000,0x0000001e4e900000)]
  0x0000020bd2f3c080 JavaThread "jar transforms Thread 2" [_thread_blocked, id=2176, stack(0x0000001e4e900000,0x0000001e4ea00000)]
  0x0000020bd2f3dee0 JavaThread "jar transforms Thread 3" [_thread_blocked, id=5848, stack(0x0000001e4ea00000,0x0000001e4eb00000)]
  0x0000020bd2f3e900 JavaThread "jar transforms Thread 4" [_thread_blocked, id=7680, stack(0x0000001e4eb00000,0x0000001e4ec00000)]
  0x0000020bd2f3e3f0 JavaThread "jar transforms Thread 5" [_thread_blocked, id=12088, stack(0x0000001e4ec00000,0x0000001e4ed00000)]
  0x0000020bd2f3cfb0 JavaThread "jar transforms Thread 6" [_thread_blocked, id=6832, stack(0x0000001e4ed00000,0x0000001e4ee00000)]
  0x0000020bd2f3c590 JavaThread "jar transforms Thread 7" [_thread_blocked, id=3880, stack(0x0000001e4ee00000,0x0000001e4ef00000)]
  0x0000020bd2f3ee10 JavaThread "jar transforms Thread 8" [_thread_blocked, id=9404, stack(0x0000001e4ef00000,0x0000001e4f000000)]
  0x0000020bd3ca7410 JavaThread "Cache worker for checksums cache (C:\Users\denni\AndroidStudioProjects\Smartband\.gradle\8.13\checksums)" [_thread_blocked, id=8996, stack(0x0000001e4f000000,0x0000001e4f100000)]
  0x0000020bd3ca4b90 JavaThread "Cache worker for file content cache (C:\Users\denni\.gradle\caches\8.13\fileContent)" [_thread_blocked, id=4804, stack(0x0000001e4f100000,0x0000001e4f200000)]
  0x0000020bd3ca4680 JavaThread "Cache worker for cache directory md-supplier (C:\Users\denni\.gradle\caches\8.13\md-supplier)" [_thread_blocked, id=7224, stack(0x0000001e4f200000,0x0000001e4f300000)]
  0x0000020bd3ca50a0 JavaThread "Cache worker for cache directory md-rule (C:\Users\denni\.gradle\caches\8.13\md-rule)" [_thread_blocked, id=6368, stack(0x0000001e4f300000,0x0000001e4f400000)]
  0x0000020bd3ca9c90 JavaThread "Unconstrained build operations" [_thread_blocked, id=15848, stack(0x0000001e4f400000,0x0000001e4f500000)]
  0x0000020bd3ca3c60 JavaThread "Unconstrained build operations Thread 2" [_thread_blocked, id=9120, stack(0x0000001e4f500000,0x0000001e4f600000)]
  0x0000020bd3ca55b0 JavaThread "Unconstrained build operations Thread 3" [_thread_blocked, id=9136, stack(0x0000001e4f600000,0x0000001e4f700000)]
  0x0000020bd3ca8340 JavaThread "Unconstrained build operations Thread 4" [_thread_blocked, id=9472, stack(0x0000001e4f700000,0x0000001e4f800000)]

Other Threads:
=>0x0000020bcbef4340 VMThread "VM Thread" [stack: 0x0000001e4c200000,0x0000001e4c300000] [id=5760]
  0x0000020bb0110060 WatcherThread [stack: 0x0000001e4ce00000,0x0000001e4cf00000] [id=10944]
  0x0000020bb016b400 GCTaskThread "GC Thread#0" [stack: 0x0000001e4bd00000,0x0000001e4be00000] [id=11768]
  0x0000020bcc7437b0 GCTaskThread "GC Thread#1" [stack: 0x0000001e4cf00000,0x0000001e4d000000] [id=15764]
  0x0000020bcc685020 GCTaskThread "GC Thread#2" [stack: 0x0000001e4d000000,0x0000001e4d100000] [id=1324]
  0x0000020bd1499ca0 GCTaskThread "GC Thread#3" [stack: 0x0000001e4d100000,0x0000001e4d200000] [id=8632]
  0x0000020bccc068b0 GCTaskThread "GC Thread#4" [stack: 0x0000001e4d200000,0x0000001e4d300000] [id=4260]
  0x0000020bd2174020 GCTaskThread "GC Thread#5" [stack: 0x0000001e4dd00000,0x0000001e4de00000] [id=10792]
  0x0000020bd1981d10 GCTaskThread "GC Thread#6" [stack: 0x0000001e4de00000,0x0000001e4df00000] [id=13888]
  0x0000020bd21689c0 GCTaskThread "GC Thread#7" [stack: 0x0000001e4df00000,0x0000001e4e000000] [id=6264]
  0x0000020bb017da10 ConcurrentGCThread "G1 Main Marker" [stack: 0x0000001e4be00000,0x0000001e4bf00000] [id=11512]
  0x0000020bb017e340 ConcurrentGCThread "G1 Conc#0" [stack: 0x0000001e4bf00000,0x0000001e4c000000] [id=6608]
  0x0000020bd2091390 ConcurrentGCThread "G1 Conc#1" [stack: 0x0000001e4e000000,0x0000001e4e100000] [id=5904]
  0x0000020bb01cd0a0 ConcurrentGCThread "G1 Refine#0" [stack: 0x0000001e4c000000,0x0000001e4c100000] [id=3236]
  0x0000020bb01cd9e0 ConcurrentGCThread "G1 Service" [stack: 0x0000001e4c100000,0x0000001e4c200000] [id=2112]

Threads with active compile tasks:
C2 CompilerThread0    11069 5321       4       org.objectweb.asm.ClassReader::readMethod (1070 bytes)

VM state: at safepoint (normal execution)

VM Mutex/Monitor currently owned by a thread:  ([mutex/lock_event])
[0x0000020bb010a9b0] Threads_lock - owner thread: 0x0000020bcbef4340
[0x0000020bb010c030] Heap_lock - owner thread: 0x0000020bd2003580

Heap address: 0x0000000080000000, size: 2048 MB, Compressed Oops mode: 32-bit

CDS archive(s) not mapped
Compressed class space mapped at: 0x0000000100000000-0x0000000140000000, reserved size: 1073741824
Narrow klass base: 0x0000000000000000, Narrow klass shift: 3, Narrow klass range: 0x140000000

GC Precious Log:
 CPUs: 8 total, 8 available
 Memory: 3838M
 Large Page Support: Disabled
 NUMA Support: Disabled
 Compressed Oops: Enabled (32-bit)
 Heap Region Size: 1M
 Heap Min Capacity: 8M
 Heap Initial Capacity: 60M
 Heap Max Capacity: 2G
 Pre-touch: Disabled
 Parallel Workers: 8
 Concurrent Workers: 2
 Concurrent Refinement Workers: 8
 Periodic GC: Disabled

Heap:
 garbage-first heap   total 115712K, used 55085K [0x0000000080000000, 0x0000000100000000)
  region size 1024K, 2 young (2048K), 2 survivors (2048K)
 Metaspace       used 54711K, committed 55168K, reserved 1114112K
  class space    used 7467K, committed 7680K, reserved 1048576K

Heap Regions: E=young(eden), S=young(survivor), O=old, HS=humongous(starts), HC=humongous(continues), CS=collection set, F=free, OA=open archive, CA=closed archive, TAMS=top-at-mark-start (previous, next)
|   0|0x0000000080000000, 0x0000000080100000, 0x0000000080100000|100%|HS|  |TAMS 0x0000000080100000, 0x0000000080000000| Complete 
|   1|0x0000000080100000, 0x0000000080200000, 0x0000000080200000|100%|HC|  |TAMS 0x0000000080200000, 0x0000000080100000| Complete 
|   2|0x0000000080200000, 0x0000000080300000, 0x0000000080300000|100%|HC|  |TAMS 0x0000000080300000, 0x0000000080200000| Complete 
|   3|0x0000000080300000, 0x0000000080400000, 0x0000000080400000|100%| O|  |TAMS 0x0000000080400000, 0x0000000080300000| Untracked 
|   4|0x0000000080400000, 0x0000000080500000, 0x0000000080500000|100%| O|  |TAMS 0x0000000080500000, 0x0000000080400000| Untracked 
|   5|0x0000000080500000, 0x0000000080600000, 0x0000000080600000|100%| O|  |TAMS 0x0000000080600000, 0x0000000080500000| Untracked 
|   6|0x0000000080600000, 0x0000000080700000, 0x0000000080700000|100%| O|  |TAMS 0x0000000080700000, 0x0000000080600000| Untracked 
|   7|0x0000000080700000, 0x0000000080800000, 0x0000000080800000|100%| O|  |TAMS 0x0000000080800000, 0x0000000080700000| Untracked 
|   8|0x0000000080800000, 0x0000000080900000, 0x0000000080900000|100%| O|  |TAMS 0x0000000080900000, 0x0000000080800000| Untracked 
|   9|0x0000000080900000, 0x0000000080a00000, 0x0000000080a00000|100%| O|  |TAMS 0x0000000080a00000, 0x0000000080900000| Untracked 
|  10|0x0000000080a00000, 0x0000000080b00000, 0x0000000080b00000|100%| O|  |TAMS 0x0000000080b00000, 0x0000000080a00000| Untracked 
|  11|0x0000000080b00000, 0x0000000080c00000, 0x0000000080c00000|100%|HS|  |TAMS 0x0000000080c00000, 0x0000000080b00000| Complete 
|  12|0x0000000080c00000, 0x0000000080d00000, 0x0000000080d00000|100%| O|  |TAMS 0x0000000080d00000, 0x0000000080c00000| Untracked 
|  13|0x0000000080d00000, 0x0000000080e00000, 0x0000000080e00000|100%| O|  |TAMS 0x0000000080e00000, 0x0000000080d00000| Untracked 
|  14|0x0000000080e00000, 0x0000000080f00000, 0x0000000080f00000|100%| O|  |TAMS 0x0000000080f00000, 0x0000000080e00000| Untracked 
|  15|0x0000000080f00000, 0x0000000081000000, 0x0000000081000000|100%| O|  |TAMS 0x0000000081000000, 0x0000000080f00000| Untracked 
|  16|0x0000000081000000, 0x0000000081100000, 0x0000000081100000|100%| O|  |TAMS 0x0000000081100000, 0x0000000081000000| Untracked 
|  17|0x0000000081100000, 0x0000000081200000, 0x0000000081200000|100%| O|  |TAMS 0x0000000081200000, 0x0000000081100000| Untracked 
|  18|0x0000000081200000, 0x0000000081300000, 0x0000000081300000|100%| O|  |TAMS 0x0000000081300000, 0x0000000081200000| Untracked 
|  19|0x0000000081300000, 0x0000000081400000, 0x0000000081400000|100%| O|  |TAMS 0x0000000081400000, 0x0000000081300000| Untracked 
|  20|0x0000000081400000, 0x0000000081500000, 0x0000000081500000|100%| O|  |TAMS 0x0000000081500000, 0x0000000081400000| Untracked 
|  21|0x0000000081500000, 0x0000000081600000, 0x0000000081600000|100%|HS|  |TAMS 0x0000000081600000, 0x0000000081500000| Complete 
|  22|0x0000000081600000, 0x0000000081700000, 0x0000000081700000|100%|HC|  |TAMS 0x0000000081700000, 0x0000000081600000| Complete 
|  23|0x0000000081700000, 0x0000000081800000, 0x0000000081800000|100%|HC|  |TAMS 0x0000000081800000, 0x0000000081700000| Complete 
|  24|0x0000000081800000, 0x0000000081900000, 0x0000000081900000|100%|HC|  |TAMS 0x0000000081900000, 0x0000000081800000| Complete 
|  25|0x0000000081900000, 0x0000000081a00000, 0x0000000081a00000|100%|HC|  |TAMS 0x0000000081a00000, 0x0000000081900000| Complete 
|  26|0x0000000081a00000, 0x0000000081b00000, 0x0000000081b00000|100%|HS|  |TAMS 0x0000000081b00000, 0x0000000081a00000| Complete 
|  27|0x0000000081b00000, 0x0000000081c00000, 0x0000000081c00000|100%|HC|  |TAMS 0x0000000081c00000, 0x0000000081b00000| Complete 
|  28|0x0000000081c00000, 0x0000000081d00000, 0x0000000081d00000|100%|HC|  |TAMS 0x0000000081d00000, 0x0000000081c00000| Complete 
|  29|0x0000000081d00000, 0x0000000081e00000, 0x0000000081e00000|100%|HS|  |TAMS 0x0000000081e00000, 0x0000000081d00000| Complete 
|  30|0x0000000081e00000, 0x0000000081f00000, 0x0000000081f00000|100%|HC|  |TAMS 0x0000000081f00000, 0x0000000081e00000| Complete 
|  31|0x0000000081f00000, 0x0000000082000000, 0x0000000082000000|100%|HC|  |TAMS 0x0000000082000000, 0x0000000081f00000| Complete 
|  32|0x0000000082000000, 0x0000000082100000, 0x0000000082100000|100%| O|  |TAMS 0x0000000082100000, 0x0000000082000000| Untracked 
|  33|0x0000000082100000, 0x0000000082200000, 0x0000000082200000|100%|HS|  |TAMS 0x0000000082200000, 0x0000000082100000| Complete 
|  34|0x0000000082200000, 0x0000000082300000, 0x0000000082300000|100%| O|  |TAMS 0x0000000082300000, 0x0000000082200000| Untracked 
|  35|0x0000000082300000, 0x0000000082400000, 0x0000000082400000|100%| O|  |TAMS 0x0000000082400000, 0x0000000082300000| Untracked 
|  36|0x0000000082400000, 0x0000000082500000, 0x0000000082500000|100%| O|  |TAMS 0x0000000082500000, 0x0000000082400000| Untracked 
|  37|0x0000000082500000, 0x0000000082600000, 0x0000000082600000|100%| O|  |TAMS 0x0000000082600000, 0x0000000082500000| Untracked 
|  38|0x0000000082600000, 0x0000000082700000, 0x0000000082700000|100%| O|  |TAMS 0x0000000082700000, 0x0000000082600000| Untracked 
|  39|0x0000000082700000, 0x0000000082800000, 0x0000000082800000|100%| O|  |TAMS 0x0000000082800000, 0x0000000082700000| Untracked 
|  40|0x0000000082800000, 0x0000000082900000, 0x0000000082900000|100%| O|  |TAMS 0x0000000082900000, 0x0000000082800000| Untracked 
|  41|0x0000000082900000, 0x0000000082a00000, 0x0000000082a00000|100%| O|  |TAMS 0x0000000082a00000, 0x0000000082900000| Untracked 
|  42|0x0000000082a00000, 0x0000000082b00000, 0x0000000082b00000|100%| O|  |TAMS 0x0000000082b00000, 0x0000000082a00000| Untracked 
|  43|0x0000000082b00000, 0x0000000082c00000, 0x0000000082c00000|100%| O|  |TAMS 0x0000000082c00000, 0x0000000082b00000| Untracked 
|  44|0x0000000082c00000, 0x0000000082d00000, 0x0000000082d00000|100%|HS|  |TAMS 0x0000000082d00000, 0x0000000082c00000| Complete 
|  45|0x0000000082d00000, 0x0000000082e00000, 0x0000000082e00000|100%|HC|  |TAMS 0x0000000082e00000, 0x0000000082d00000| Complete 
|  46|0x0000000082e00000, 0x0000000082f00000, 0x0000000082f00000|100%|HC|  |TAMS 0x0000000082f00000, 0x0000000082e00000| Complete 
|  47|0x0000000082f00000, 0x0000000083000000, 0x0000000083000000|100%| O|  |TAMS 0x0000000083000000, 0x0000000082f00000| Untracked 
|  48|0x0000000083000000, 0x0000000083100000, 0x0000000083100000|100%| O|  |TAMS 0x0000000083100000, 0x0000000083000000| Untracked 
|  49|0x0000000083100000, 0x0000000083200000, 0x0000000083200000|100%| O|  |TAMS 0x0000000083200000, 0x0000000083100000| Untracked 
|  50|0x0000000083200000, 0x0000000083300000, 0x0000000083300000|100%| O|  |TAMS 0x0000000083300000, 0x0000000083200000| Untracked 
|  51|0x0000000083300000, 0x0000000083400000, 0x0000000083400000|100%| O|  |TAMS 0x0000000083400000, 0x0000000083300000| Untracked 
|  52|0x0000000083400000, 0x0000000083400000, 0x0000000083500000|  0%| F|  |TAMS 0x0000000083400000, 0x0000000083400000| Untracked 
|  53|0x0000000083500000, 0x0000000083500000, 0x0000000083600000|  0%| F|  |TAMS 0x0000000083500000, 0x0000000083500000| Untracked 
|  54|0x0000000083600000, 0x0000000083680c00, 0x0000000083700000| 50%| O|  |TAMS 0x0000000083680c00, 0x0000000083600000| Untracked 
|  55|0x0000000083700000, 0x0000000083700000, 0x0000000083800000|  0%| F|  |TAMS 0x0000000083700000, 0x0000000083700000| Untracked 
|  56|0x0000000083800000, 0x0000000083800000, 0x0000000083900000|  0%| F|  |TAMS 0x0000000083800000, 0x0000000083800000| Untracked 
|  57|0x0000000083900000, 0x0000000083900000, 0x0000000083a00000|  0%| F|  |TAMS 0x0000000083900000, 0x0000000083900000| Untracked 
|  58|0x0000000083a00000, 0x0000000083a00000, 0x0000000083b00000|  0%| F|  |TAMS 0x0000000083a00000, 0x0000000083a00000| Untracked 
|  59|0x0000000083b00000, 0x0000000083b00000, 0x0000000083c00000|  0%| F|  |TAMS 0x0000000083b00000, 0x0000000083b00000| Untracked 
|  60|0x0000000083c00000, 0x0000000083c00000, 0x0000000083d00000|  0%| F|  |TAMS 0x0000000083c00000, 0x0000000083c00000| Untracked 
|  61|0x0000000083d00000, 0x0000000083d00000, 0x0000000083e00000|  0%| F|  |TAMS 0x0000000083d00000, 0x0000000083d00000| Untracked 
|  62|0x0000000083e00000, 0x0000000083e00000, 0x0000000083f00000|  0%| F|  |TAMS 0x0000000083e00000, 0x0000000083e00000| Untracked 
|  63|0x0000000083f00000, 0x0000000083f00000, 0x0000000084000000|  0%| F|  |TAMS 0x0000000083f00000, 0x0000000083f00000| Untracked 
|  64|0x0000000084000000, 0x0000000084000000, 0x0000000084100000|  0%| F|  |TAMS 0x0000000084000000, 0x0000000084000000| Untracked 
|  65|0x0000000084100000, 0x0000000084100000, 0x0000000084200000|  0%| F|  |TAMS 0x0000000084100000, 0x0000000084100000| Untracked 
|  66|0x0000000084200000, 0x0000000084200000, 0x0000000084300000|  0%| F|  |TAMS 0x0000000084200000, 0x0000000084200000| Untracked 
|  67|0x0000000084300000, 0x0000000084300000, 0x0000000084400000|  0%| F|  |TAMS 0x0000000084300000, 0x0000000084300000| Untracked 
|  68|0x0000000084400000, 0x0000000084400000, 0x0000000084500000|  0%| F|  |TAMS 0x0000000084400000, 0x0000000084400000| Untracked 
|  69|0x0000000084500000, 0x0000000084500000, 0x0000000084600000|  0%| F|  |TAMS 0x0000000084500000, 0x0000000084500000| Untracked 
|  70|0x0000000084600000, 0x000000008464aad0, 0x0000000084700000| 29%| S|CS|TAMS 0x0000000084600000, 0x0000000084600000| Complete 
|  71|0x0000000084700000, 0x0000000084800000, 0x0000000084800000|100%| S|CS|TAMS 0x0000000084700000, 0x0000000084700000| Complete 
|  72|0x0000000084800000, 0x0000000084800000, 0x0000000084900000|  0%| F|  |TAMS 0x0000000084800000, 0x0000000084800000| Untracked 
|  73|0x0000000084900000, 0x0000000084900000, 0x0000000084a00000|  0%| F|  |TAMS 0x0000000084900000, 0x0000000084900000| Untracked 
|  74|0x0000000084a00000, 0x0000000084a00000, 0x0000000084b00000|  0%| F|  |TAMS 0x0000000084a00000, 0x0000000084a00000| Untracked 
|  75|0x0000000084b00000, 0x0000000084b00000, 0x0000000084c00000|  0%| F|  |TAMS 0x0000000084b00000, 0x0000000084b00000| Untracked 
|  76|0x0000000084c00000, 0x0000000084c00000, 0x0000000084d00000|  0%| F|  |TAMS 0x0000000084c00000, 0x0000000084c00000| Untracked 
|  77|0x0000000084d00000, 0x0000000084d00000, 0x0000000084e00000|  0%| F|  |TAMS 0x0000000084d00000, 0x0000000084d00000| Untracked 
|  78|0x0000000084e00000, 0x0000000084e00000, 0x0000000084f00000|  0%| F|  |TAMS 0x0000000084e00000, 0x0000000084e00000| Untracked 
|  79|0x0000000084f00000, 0x0000000084f00000, 0x0000000085000000|  0%| F|  |TAMS 0x0000000084f00000, 0x0000000084f00000| Untracked 
|  80|0x0000000085000000, 0x0000000085000000, 0x0000000085100000|  0%| F|  |TAMS 0x0000000085000000, 0x0000000085000000| Untracked 
|  81|0x0000000085100000, 0x0000000085100000, 0x0000000085200000|  0%| F|  |TAMS 0x0000000085100000, 0x0000000085100000| Untracked 
|  82|0x0000000085200000, 0x0000000085200000, 0x0000000085300000|  0%| F|  |TAMS 0x0000000085200000, 0x0000000085200000| Untracked 
|  83|0x0000000085300000, 0x0000000085300000, 0x0000000085400000|  0%| F|  |TAMS 0x0000000085300000, 0x0000000085300000| Untracked 
|  84|0x0000000085400000, 0x0000000085400000, 0x0000000085500000|  0%| F|  |TAMS 0x0000000085400000, 0x0000000085400000| Untracked 
|  85|0x0000000085500000, 0x0000000085500000, 0x0000000085600000|  0%| F|  |TAMS 0x0000000085500000, 0x0000000085500000| Untracked 
|  86|0x0000000085600000, 0x0000000085600000, 0x0000000085700000|  0%| F|  |TAMS 0x0000000085600000, 0x0000000085600000| Untracked 
|  87|0x0000000085700000, 0x0000000085700000, 0x0000000085800000|  0%| F|  |TAMS 0x0000000085700000, 0x0000000085700000| Untracked 
|  88|0x0000000085800000, 0x0000000085800000, 0x0000000085900000|  0%| F|  |TAMS 0x0000000085800000, 0x0000000085800000| Untracked 
|  89|0x0000000085900000, 0x0000000085900000, 0x0000000085a00000|  0%| F|  |TAMS 0x0000000085900000, 0x0000000085900000| Untracked 
|  90|0x0000000085a00000, 0x0000000085a00000, 0x0000000085b00000|  0%| F|  |TAMS 0x0000000085a00000, 0x0000000085a00000| Untracked 
|  91|0x0000000085b00000, 0x0000000085b00000, 0x0000000085c00000|  0%| F|  |TAMS 0x0000000085b00000, 0x0000000085b00000| Untracked 
|  92|0x0000000085c00000, 0x0000000085c00000, 0x0000000085d00000|  0%| F|  |TAMS 0x0000000085c00000, 0x0000000085c00000| Untracked 
|  93|0x0000000085d00000, 0x0000000085d00000, 0x0000000085e00000|  0%| F|  |TAMS 0x0000000085d00000, 0x0000000085d00000| Untracked 
|  94|0x0000000085e00000, 0x0000000085e00000, 0x0000000085f00000|  0%| F|  |TAMS 0x0000000085e00000, 0x0000000085e00000| Untracked 
|  95|0x0000000085f00000, 0x0000000085f00000, 0x0000000086000000|  0%| F|  |TAMS 0x0000000085f00000, 0x0000000085f00000| Untracked 
|  96|0x0000000086000000, 0x0000000086000000, 0x0000000086100000|  0%| F|  |TAMS 0x0000000086000000, 0x0000000086000000| Untracked 
|  97|0x0000000086100000, 0x0000000086100000, 0x0000000086200000|  0%| F|  |TAMS 0x0000000086100000, 0x0000000086100000| Untracked 
|  98|0x0000000086200000, 0x0000000086200000, 0x0000000086300000|  0%| F|  |TAMS 0x0000000086200000, 0x0000000086200000| Untracked 
|  99|0x0000000086300000, 0x0000000086300000, 0x0000000086400000|  0%| F|  |TAMS 0x0000000086300000, 0x0000000086300000| Untracked 
| 100|0x0000000086400000, 0x0000000086400000, 0x0000000086500000|  0%| F|  |TAMS 0x0000000086400000, 0x0000000086400000| Untracked 
| 101|0x0000000086500000, 0x0000000086500000, 0x0000000086600000|  0%| F|  |TAMS 0x0000000086500000, 0x0000000086500000| Untracked 
| 102|0x0000000086600000, 0x0000000086600000, 0x0000000086700000|  0%| F|  |TAMS 0x0000000086600000, 0x0000000086600000| Untracked 
| 103|0x0000000086700000, 0x0000000086700000, 0x0000000086800000|  0%| F|  |TAMS 0x0000000086700000, 0x0000000086700000| Untracked 
| 104|0x0000000086800000, 0x0000000086800000, 0x0000000086900000|  0%| F|  |TAMS 0x0000000086800000, 0x0000000086800000| Untracked 
| 105|0x0000000086900000, 0x0000000086900000, 0x0000000086a00000|  0%| F|  |TAMS 0x0000000086900000, 0x0000000086900000| Untracked 
| 106|0x0000000086a00000, 0x0000000086a00000, 0x0000000086b00000|  0%| F|  |TAMS 0x0000000086a00000, 0x0000000086a00000| Untracked 
| 107|0x0000000086b00000, 0x0000000086b00000, 0x0000000086c00000|  0%| F|  |TAMS 0x0000000086b00000, 0x0000000086b00000| Untracked 
| 108|0x0000000086c00000, 0x0000000086c00000, 0x0000000086d00000|  0%| F|  |TAMS 0x0000000086c00000, 0x0000000086c00000| Untracked 
| 109|0x0000000086d00000, 0x0000000086d00000, 0x0000000086e00000|  0%| F|  |TAMS 0x0000000086d00000, 0x0000000086d00000| Untracked 
| 110|0x0000000086e00000, 0x0000000086e00000, 0x0000000086f00000|  0%| F|  |TAMS 0x0000000086e00000, 0x0000000086e00000| Untracked 
| 111|0x0000000086f00000, 0x0000000086f00000, 0x0000000087000000|  0%| F|  |TAMS 0x0000000086f00000, 0x0000000086f00000| Untracked 
| 112|0x0000000087000000, 0x0000000087000000, 0x0000000087100000|  0%| F|  |TAMS 0x0000000087000000, 0x0000000087000000| Untracked 

Card table byte_map: [0x0000020bc4c40000,0x0000020bc5040000] _byte_map_base: 0x0000020bc4840000

Marking Bits (Prev, Next): (CMBitMap*) 0x0000020bb016c980, (CMBitMap*) 0x0000020bb016c940
 Prev Bits: [0x0000020bc7440000, 0x0000020bc9440000)
 Next Bits: [0x0000020bc5440000, 0x0000020bc7440000)

Polling page: 0x0000020bb01d0000

Metaspace:

Usage:
  Non-class:     46.14 MB used.
      Class:      7.29 MB used.
       Both:     53.43 MB used.

Virtual space:
  Non-class space:       64.00 MB reserved,      46.38 MB ( 72%) committed,  1 nodes.
      Class space:        1.00 GB reserved,       7.50 MB ( <1%) committed,  1 nodes.
             Both:        1.06 GB reserved,      53.88 MB (  5%) committed. 

Chunk freelists:
   Non-Class:  1.56 MB
       Class:  8.50 MB
        Both:  10.06 MB

MaxMetaspaceSize: unlimited
CompressedClassSpaceSize: 1.00 GB
Initial GC threshold: 21.00 MB
Current GC threshold: 89.81 MB
CDS: off
MetaspaceReclaimPolicy: balanced
 - commit_granule_bytes: 65536.
 - commit_granule_words: 8192.
 - virtual_space_node_default_size: 8388608.
 - enlarge_chunks_in_place: 1.
 - new_chunks_are_fully_committed: 0.
 - uncommit_free_chunks: 1.
 - use_allocation_guard: 0.
 - handle_deallocations: 1.


Internal statistics:

num_allocs_failed_limit: 3.
num_arena_births: 618.
num_arena_deaths: 0.
num_vsnodes_births: 2.
num_vsnodes_deaths: 0.
num_space_committed: 862.
num_space_uncommitted: 0.
num_chunks_returned_to_freelist: 3.
num_chunks_taken_from_freelist: 2476.
num_chunk_merges: 3.
num_chunk_splits: 1573.
num_chunks_enlarged: 1041.
num_inconsistent_stats: 0.

CodeHeap 'non-profiled nmethods': size=120000Kb used=2651Kb max_used=2651Kb free=117348Kb
 bounds [0x0000020bbc890000, 0x0000020bbcb30000, 0x0000020bc3dc0000]
CodeHeap 'profiled nmethods': size=120000Kb used=10835Kb max_used=10835Kb free=109164Kb
 bounds [0x0000020bb4dc0000, 0x0000020bb5860000, 0x0000020bbc2f0000]
CodeHeap 'non-nmethods': size=5760Kb used=2330Kb max_used=2409Kb free=3430Kb
 bounds [0x0000020bbc2f0000, 0x0000020bbc560000, 0x0000020bbc890000]
 total_blobs=6079 nmethods=5246 adapters=745
 compilation: enabled
              stopped_count=0, restarted_count=0
 full_count=0

Compilation events (20 events):
Event: 10.790 Thread 0x0000020bcc19e4e0 5374       2       org.objectweb.asm.tree.LocalVariableNode::<init> (38 bytes)
Event: 10.790 Thread 0x0000020bcc19e4e0 nmethod 5374 0x0000020bb5845690 code [0x0000020bb5845840, 0x0000020bb5845b18]
Event: 10.793 Thread 0x0000020bcc19e4e0 5378       3       org.objectweb.asm.MethodWriter::computeMaxStackAndLocal (420 bytes)
Event: 10.793 Thread 0x0000020bcc19e4e0 nmethod 5378 0x0000020bb5845c10 code [0x0000020bb5845ea0, 0x0000020bb5846e48]
Event: 10.795 Thread 0x0000020bcc19e4e0 5380       3       java.util.Arrays::binarySearch0 (74 bytes)
Event: 10.795 Thread 0x0000020bcc19e4e0 nmethod 5380 0x0000020bb5847490 code [0x0000020bb5847640, 0x0000020bb58478f8]
Event: 10.841 Thread 0x0000020bcc19e4e0 5384       3       org.objectweb.asm.ClassReader::accept (1419 bytes)
Event: 10.848 Thread 0x0000020bcc19e4e0 nmethod 5384 0x0000020bb5847a10 code [0x0000020bb58485a0, 0x0000020bb584f968]
Event: 10.871 Thread 0x0000020bcc19e4e0 5390       1       org.gradle.internal.classpath.transforms.LambdaSerializationTransformer::access$700 (5 bytes)
Event: 10.872 Thread 0x0000020bcc19e4e0 nmethod 5390 0x0000020bbcb26b90 code [0x0000020bbcb26d20, 0x0000020bbcb26dd8]
Event: 10.880 Thread 0x0000020bcc19e4e0 5392       2       java.lang.StringBuilder::append (6 bytes)
Event: 10.881 Thread 0x0000020bcc19e4e0 nmethod 5392 0x0000020bb5852f90 code [0x0000020bb5853120, 0x0000020bb5853248]
Event: 10.901 Thread 0x0000020bcc19e4e0 5393       3       org.objectweb.asm.ClassReader::readParameterAnnotations (106 bytes)
Event: 10.901 Thread 0x0000020bcc19e4e0 nmethod 5393 0x0000020bb5853310 code [0x0000020bb5853520, 0x0000020bb5853bd8]
Event: 10.901 Thread 0x0000020bcc19e4e0 5394       2       org.apache.commons.compress.archivers.zip.StreamCompressor::deflate (33 bytes)
Event: 10.901 Thread 0x0000020bcc19e4e0 nmethod 5394 0x0000020bb5853f90 code [0x0000020bb5854140, 0x0000020bb58542b8]
Event: 10.932 Thread 0x0000020bcc19e4e0 5395       2       org.objectweb.asm.ClassWriter::visitOuterClass (37 bytes)
Event: 10.932 Thread 0x0000020bcc19e4e0 nmethod 5395 0x0000020bb5854410 code [0x0000020bb58545c0, 0x0000020bb5854778]
Event: 10.978 Thread 0x0000020bcc19e4e0 5397       2       java.lang.StringBuilder::append (8 bytes)
Event: 10.978 Thread 0x0000020bcc19e4e0 nmethod 5397 0x0000020bb5854910 code [0x0000020bb5854aa0, 0x0000020bb5854bc8]

GC Heap History (20 events):
Event: 7.680 GC heap after
{Heap after GC invocations=21 (full 0):
 garbage-first heap   total 91136K, used 48220K [0x0000000080000000, 0x0000000100000000)
  region size 1024K, 2 young (2048K), 2 survivors (2048K)
 Metaspace       used 47485K, committed 47936K, reserved 1114112K
  class space    used 6318K, committed 6528K, reserved 1048576K
}
Event: 8.297 GC heap before
{Heap before GC invocations=21 (full 0):
 garbage-first heap   total 91136K, used 72796K [0x0000000080000000, 0x0000000100000000)
  region size 1024K, 27 young (27648K), 2 survivors (2048K)
 Metaspace       used 50467K, committed 51008K, reserved 1114112K
  class space    used 6788K, committed 7040K, reserved 1048576K
}
Event: 8.359 GC heap after
{Heap after GC invocations=22 (full 0):
 garbage-first heap   total 91136K, used 49302K [0x0000000080000000, 0x0000000100000000)
  region size 1024K, 3 young (3072K), 3 survivors (3072K)
 Metaspace       used 50467K, committed 51008K, reserved 1114112K
  class space    used 6788K, committed 7040K, reserved 1048576K
}
Event: 9.286 GC heap before
{Heap before GC invocations=23 (full 0):
 garbage-first heap   total 91136K, used 73878K [0x0000000080000000, 0x0000000100000000)
  region size 1024K, 28 young (28672K), 3 survivors (3072K)
 Metaspace       used 53047K, committed 53568K, reserved 1114112K
  class space    used 7270K, committed 7488K, reserved 1048576K
}
Event: 9.296 GC heap after
{Heap after GC invocations=24 (full 0):
 garbage-first heap   total 91136K, used 50326K [0x0000000080000000, 0x0000000100000000)
  region size 1024K, 3 young (3072K), 3 survivors (3072K)
 Metaspace       used 53047K, committed 53568K, reserved 1114112K
  class space    used 7270K, committed 7488K, reserved 1048576K
}
Event: 9.485 GC heap before
{Heap before GC invocations=24 (full 0):
 garbage-first heap   total 91136K, used 55446K [0x0000000080000000, 0x0000000100000000)
  region size 1024K, 9 young (9216K), 3 survivors (3072K)
 Metaspace       used 53613K, committed 54144K, reserved 1114112K
  class space    used 7363K, committed 7616K, reserved 1048576K
}
Event: 9.494 GC heap after
{Heap after GC invocations=25 (full 0):
 garbage-first heap   total 91136K, used 50441K [0x0000000080000000, 0x0000000100000000)
  region size 1024K, 3 young (3072K), 3 survivors (3072K)
 Metaspace       used 53613K, committed 54144K, reserved 1114112K
  class space    used 7363K, committed 7616K, reserved 1048576K
}
Event: 9.606 GC heap before
{Heap before GC invocations=26 (full 0):
 garbage-first heap   total 96256K, used 57609K [0x0000000080000000, 0x0000000100000000)
  region size 1024K, 9 young (9216K), 3 survivors (3072K)
 Metaspace       used 54171K, committed 54720K, reserved 1114112K
  class space    used 7441K, committed 7680K, reserved 1048576K
}
Event: 9.612 GC heap after
{Heap after GC invocations=27 (full 0):
 garbage-first heap   total 115712K, used 54004K [0x0000000080000000, 0x0000000100000000)
  region size 1024K, 2 young (2048K), 2 survivors (2048K)
 Metaspace       used 54171K, committed 54720K, reserved 1114112K
  class space    used 7441K, committed 7680K, reserved 1048576K
}
Event: 9.723 GC heap before
{Heap before GC invocations=28 (full 0):
 garbage-first heap   total 115712K, used 64244K [0x0000000080000000, 0x0000000100000000)
  region size 1024K, 12 young (12288K), 2 survivors (2048K)
 Metaspace       used 54268K, committed 54784K, reserved 1114112K
  class space    used 7442K, committed 7680K, reserved 1048576K
}
Event: 9.736 GC heap after
{Heap after GC invocations=29 (full 0):
 garbage-first heap   total 115712K, used 57967K [0x0000000080000000, 0x0000000100000000)
  region size 1024K, 5 young (5120K), 5 survivors (5120K)
 Metaspace       used 54268K, committed 54784K, reserved 1114112K
  class space    used 7442K, committed 7680K, reserved 1048576K
}
Event: 10.014 GC heap before
{Heap before GC invocations=30 (full 0):
 garbage-first heap   total 115712K, used 87663K [0x0000000080000000, 0x0000000100000000)
  region size 1024K, 33 young (33792K), 5 survivors (5120K)
 Metaspace       used 54443K, committed 54976K, reserved 1114112K
  class space    used 7447K, committed 7680K, reserved 1048576K
}
Event: 10.027 GC heap after
{Heap after GC invocations=31 (full 0):
 garbage-first heap   total 115712K, used 54440K [0x0000000080000000, 0x0000000100000000)
  region size 1024K, 1 young (1024K), 1 survivors (1024K)
 Metaspace       used 54443K, committed 54976K, reserved 1114112K
  class space    used 7447K, committed 7680K, reserved 1048576K
}
Event: 10.284 GC heap before
{Heap before GC invocations=31 (full 0):
 garbage-first heap   total 115712K, used 88232K [0x0000000080000000, 0x0000000100000000)
  region size 1024K, 34 young (34816K), 1 survivors (1024K)
 Metaspace       used 54674K, committed 55168K, reserved 1114112K
  class space    used 7467K, committed 7680K, reserved 1048576K
}
Event: 10.286 GC heap after
{Heap after GC invocations=32 (full 0):
 garbage-first heap   total 115712K, used 54450K [0x0000000080000000, 0x0000000100000000)
  region size 1024K, 1 young (1024K), 1 survivors (1024K)
 Metaspace       used 54674K, committed 55168K, reserved 1114112K
  class space    used 7467K, committed 7680K, reserved 1048576K
}
Event: 10.634 GC heap before
{Heap before GC invocations=33 (full 0):
 garbage-first heap   total 115712K, used 92338K [0x0000000080000000, 0x0000000100000000)
  region size 1024K, 38 young (38912K), 1 survivors (1024K)
 Metaspace       used 54690K, committed 55168K, reserved 1114112K
  class space    used 7467K, committed 7680K, reserved 1048576K
}
Event: 10.637 GC heap after
{Heap after GC invocations=34 (full 0):
 garbage-first heap   total 115712K, used 54492K [0x0000000080000000, 0x0000000100000000)
  region size 1024K, 1 young (1024K), 1 survivors (1024K)
 Metaspace       used 54690K, committed 55168K, reserved 1114112K
  class space    used 7467K, committed 7680K, reserved 1048576K
}
Event: 10.831 GC heap before
{Heap before GC invocations=34 (full 0):
 garbage-first heap   total 115712K, used 93404K [0x0000000080000000, 0x0000000100000000)
  region size 1024K, 39 young (39936K), 1 survivors (1024K)
 Metaspace       used 54709K, committed 55168K, reserved 1114112K
  class space    used 7467K, committed 7680K, reserved 1048576K
}
Event: 10.834 GC heap after
{Heap after GC invocations=35 (full 0):
 garbage-first heap   total 115712K, used 54787K [0x0000000080000000, 0x0000000100000000)
  region size 1024K, 1 young (1024K), 1 survivors (1024K)
 Metaspace       used 54709K, committed 55168K, reserved 1114112K
  class space    used 7467K, committed 7680K, reserved 1048576K
}
Event: 11.006 GC heap before
{Heap before GC invocations=36 (full 0):
 garbage-first heap   total 115712K, used 95747K [0x0000000080000000, 0x0000000100000000)
  region size 1024K, 41 young (41984K), 1 survivors (1024K)
 Metaspace       used 54711K, committed 55168K, reserved 1114112K
  class space    used 7467K, committed 7680K, reserved 1048576K
}

Dll operation events (3 events):
Event: 0.075 Loaded shared library C:\Program Files\Android\Android Studio\jbr\bin\java.dll
Event: 0.503 Loaded shared library C:\Program Files\Android\Android Studio\jbr\bin\zip.dll
Event: 1.955 Loaded shared library C:\Program Files\Android\Android Studio\jbr\bin\verify.dll

Deoptimization events (20 events):
Event: 10.938 Thread 0x0000020bd2003580 DEOPT PACKING pc=0x0000020bb5713fd9 sp=0x0000001e4d9f3900
Event: 10.938 Thread 0x0000020bd2003580 DEOPT UNPACKING pc=0x0000020bbc34ace3 sp=0x0000001e4d9f3010 mode 0
Event: 10.942 Thread 0x0000020bd2003580 DEOPT PACKING pc=0x0000020bb5713fd9 sp=0x0000001e4d9f3900
Event: 10.942 Thread 0x0000020bd2003580 DEOPT UNPACKING pc=0x0000020bbc34ace3 sp=0x0000001e4d9f3010 mode 0
Event: 10.946 Thread 0x0000020bd2003580 DEOPT PACKING pc=0x0000020bb5713fd9 sp=0x0000001e4d9f3900
Event: 10.946 Thread 0x0000020bd2003580 DEOPT UNPACKING pc=0x0000020bbc34ace3 sp=0x0000001e4d9f3010 mode 0
Event: 10.949 Thread 0x0000020bd2003580 DEOPT PACKING pc=0x0000020bb5713fd9 sp=0x0000001e4d9f3900
Event: 10.949 Thread 0x0000020bd2003580 DEOPT UNPACKING pc=0x0000020bbc34ace3 sp=0x0000001e4d9f3010 mode 0
Event: 10.954 Thread 0x0000020bd2003580 DEOPT PACKING pc=0x0000020bb5713fd9 sp=0x0000001e4d9f3900
Event: 10.954 Thread 0x0000020bd2003580 DEOPT UNPACKING pc=0x0000020bbc34ace3 sp=0x0000001e4d9f3010 mode 0
Event: 10.958 Thread 0x0000020bd2003580 DEOPT PACKING pc=0x0000020bb5713fd9 sp=0x0000001e4d9f3900
Event: 10.958 Thread 0x0000020bd2003580 DEOPT UNPACKING pc=0x0000020bbc34ace3 sp=0x0000001e4d9f3010 mode 0
Event: 10.970 Thread 0x0000020bd2003580 DEOPT PACKING pc=0x0000020bb5713fd9 sp=0x0000001e4d9f3900
Event: 10.970 Thread 0x0000020bd2003580 DEOPT UNPACKING pc=0x0000020bbc34ace3 sp=0x0000001e4d9f3010 mode 0
Event: 10.972 Thread 0x0000020bd2003580 DEOPT PACKING pc=0x0000020bb5713fd9 sp=0x0000001e4d9f3900
Event: 10.972 Thread 0x0000020bd2003580 DEOPT UNPACKING pc=0x0000020bbc34ace3 sp=0x0000001e4d9f3010 mode 0
Event: 10.980 Thread 0x0000020bd2003580 DEOPT PACKING pc=0x0000020bb5713fd9 sp=0x0000001e4d9f3900
Event: 10.980 Thread 0x0000020bd2003580 DEOPT UNPACKING pc=0x0000020bbc34ace3 sp=0x0000001e4d9f3010 mode 0
Event: 11.002 Thread 0x0000020bd2003580 DEOPT PACKING pc=0x0000020bb5713fd9 sp=0x0000001e4d9f3900
Event: 11.002 Thread 0x0000020bd2003580 DEOPT UNPACKING pc=0x0000020bbc34ace3 sp=0x0000001e4d9f3010 mode 0

Classes unloaded (0 events):
No events

Classes redefined (0 events):
No events

Internal exceptions (20 events):
Event: 8.160 Thread 0x0000020bd2003580 Exception <a 'java/lang/NoSuchMethodError'{0x000000008463c098}: 'java.lang.Object java.lang.invoke.Invokers$Holder.linkToTargetMethod(java.lang.Object, java.lang.Object, java.lang.Object, java.lang.Object, long, java.lang.Object, java.lang.Object)'> (0x000000008463c098) 
thrown [s\src\hotspot\share\interpreter\linkResolver.cpp, line 771]
Event: 8.164 Thread 0x0000020bd2003580 Exception <a 'java/lang/NoSuchMethodError'{0x0000000084683040}: 'java.lang.Object java.lang.invoke.DirectMethodHandle$Holder.newInvokeSpecial(java.lang.Object, java.lang.Object, java.lang.Object, long, java.lang.Object)'> (0x0000000084683040) 
thrown [s\src\hotspot\share\interpreter\linkResolver.cpp, line 771]
Event: 8.165 Thread 0x0000020bd2003580 Exception <a 'java/lang/NoSuchMethodError'{0x0000000084688460}: 'java.lang.Object java.lang.invoke.DirectMethodHandle$Holder.invokeSpecial(java.lang.Object, java.lang.Object, java.lang.Object, java.lang.Object, long, java.lang.Object)'> (0x0000000084688460) 
thrown [s\src\hotspot\share\interpreter\linkResolver.cpp, line 771]
Event: 8.165 Thread 0x0000020bd2003580 Exception <a 'java/lang/NoSuchMethodError'{0x000000008468cf38}: 'java.lang.Object java.lang.invoke.Invokers$Holder.linkToTargetMethod(java.lang.Object, java.lang.Object, long, java.lang.Object, java.lang.Object)'> (0x000000008468cf38) 
thrown [s\src\hotspot\share\interpreter\linkResolver.cpp, line 771]
Event: 8.282 Thread 0x0000020bd2003580 Exception <a 'java/lang/ClassNotFoundException'{0x0000000084049398}: org/gradle/api/internal/artifacts/dsl/dependencies/DefaultDependencyHandler_DecoratedBeanInfo> (0x0000000084049398) 
thrown [s\src\hotspot\share\classfile\systemDictionary.cpp, line 256]
Event: 8.284 Thread 0x0000020bd2003580 Exception <a 'java/lang/ClassNotFoundException'{0x0000000084060dc8}: org/gradle/api/internal/artifacts/dsl/dependencies/DefaultDependencyHandlerBeanInfo> (0x0000000084060dc8) 
thrown [s\src\hotspot\share\classfile\systemDictionary.cpp, line 256]
Event: 8.285 Thread 0x0000020bd2003580 Exception <a 'java/lang/ClassNotFoundException'{0x00000000840787b8}: org/gradle/api/internal/artifacts/dsl/dependencies/DefaultDependencyHandlerCustomizer> (0x00000000840787b8) 
thrown [s\src\hotspot\share\classfile\systemDictionary.cpp, line 256]
Event: 8.289 Thread 0x0000020bd2003580 Exception <a 'java/lang/ClassNotFoundException'{0x00000000840bacb0}: org/gradle/api/internal/artifacts/dsl/dependencies/DefaultDependencyHandler_DecoratedCustomizer> (0x00000000840bacb0) 
thrown [s\src\hotspot\share\classfile\systemDictionary.cpp, line 256]
Event: 8.359 Thread 0x0000020bd2003580 Exception <a 'java/lang/ClassNotFoundException'{0x00000000858012b8}: sync_studio_tooling3_d73u42v3ds0w1rajlzkg3qsvy$_run_closure1BeanInfo> (0x00000000858012b8) 
thrown [s\src\hotspot\share\classfile\systemDictionary.cpp, line 256]
Event: 8.360 Thread 0x0000020bd2003580 Exception <a 'java/lang/ClassNotFoundException'{0x00000000858097f0}: sync_studio_tooling3_d73u42v3ds0w1rajlzkg3qsvy$_run_closure1Customizer> (0x00000000858097f0) 
thrown [s\src\hotspot\share\classfile\systemDictionary.cpp, line 256]
Event: 8.557 Thread 0x0000020bd2003580 Exception <a 'java/lang/NoSuchMethodError'{0x00000000856ecef8}: 'java.lang.Object java.lang.invoke.DirectMethodHandle$Holder.newInvokeSpecial(java.lang.Object, int, java.lang.Object)'> (0x00000000856ecef8) 
thrown [s\src\hotspot\share\interpreter\linkResolver.cpp, line 771]
Event: 8.896 Thread 0x0000020bd2003580 Exception <a 'java/lang/NoSuchMethodError'{0x0000000084c5b528}: 'java.lang.Object java.lang.invoke.DirectMethodHandle$Holder.invokeSpecial(java.lang.Object, java.lang.Object, long, java.lang.Object, java.lang.Object)'> (0x0000000084c5b528) 
thrown [s\src\hotspot\share\interpreter\linkResolver.cpp, line 771]
Event: 8.984 Thread 0x0000020bd2003580 Exception <a 'java/lang/NoSuchMethodError'{0x00000000848c6098}: 'int java.lang.invoke.DirectMethodHandle$Holder.invokeInterface(java.lang.Object, java.lang.Object, java.lang.Object, java.lang.Object, java.lang.Object)'> (0x00000000848c6098) 
thrown [s\src\hotspot\share\interpreter\linkResolver.cpp, line 771]
Event: 9.079 Thread 0x0000020bd2003580 Exception <a 'java/lang/NoSuchMethodError'{0x0000000084613858}: 'java.lang.Object java.lang.invoke.DirectMethodHandle$Holder.newInvokeSpecial(java.lang.Object, java.lang.Object, java.lang.Object, java.lang.Object, int, java.lang.Object)'> (0x0000000084613858) 
thrown [s\src\hotspot\share\interpreter\linkResolver.cpp, line 771]
Event: 9.080 Thread 0x0000020bd2003580 Exception <a 'java/lang/NoSuchMethodError'{0x000000008461c6e8}: 'java.lang.Object java.lang.invoke.Invokers$Holder.linkToTargetMethod(java.lang.Object, java.lang.Object, java.lang.Object, int, java.lang.Object, java.lang.Object)'> (0x000000008461c6e8) 
thrown [s\src\hotspot\share\interpreter\linkResolver.cpp, line 771]
Event: 9.199 Thread 0x0000020bd2003580 Exception <a 'java/lang/NoSuchMethodError'{0x00000000842334a8}: 'java.lang.Object java.lang.invoke.DirectMethodHandle$Holder.invokeSpecialIFC(java.lang.Object, java.lang.Object, java.lang.Object)'> (0x00000000842334a8) 
thrown [s\src\hotspot\share\interpreter\linkResolver.cpp, line 771]
Event: 9.265 Thread 0x0000020bd2003580 Exception <a 'java/lang/IncompatibleClassChangeError'{0x0000000084015190}: Found class java.lang.Object, but interface was expected> (0x0000000084015190) 
thrown [s\src\hotspot\share\interpreter\linkResolver.cpp, line 838]
Event: 9.311 Thread 0x0000020bd2003580 Exception <a 'java/lang/NoSuchMethodError'{0x0000000085868300}: 'void java.lang.invoke.DirectMethodHandle$Holder.invokeVirtual(java.lang.Object, java.lang.Object)'> (0x0000000085868300) 
thrown [s\src\hotspot\share\interpreter\linkResolver.cpp, line 771]
Event: 9.363 Thread 0x0000020bd2003580 Exception <a 'java/lang/NoSuchMethodError'{0x000000008566a3b8}: 'void java.lang.invoke.DirectMethodHandle$Holder.invokeStaticInit(java.lang.Object, java.lang.Object, java.lang.Object, java.lang.Object, java.lang.Object, java.lang.Object, java.lang.Object, int)'> (0x000000008566a3b8) 
thrown [s\src\hotspot\share\interpreter\linkResolver.cpp, line 771]
Event: 9.456 Thread 0x0000020bd2003580 Exception <a 'sun/nio/fs/WindowsException'{0x00000000854fc0b8}> (0x00000000854fc0b8) 
thrown [s\src\hotspot\share\prims\jni.cpp, line 531]

VM Operations (20 events):
Event: 10.027 Executing VM operation: G1CollectForAllocation done
Event: 10.174 Executing VM operation: HandshakeAllThreads
Event: 10.175 Executing VM operation: HandshakeAllThreads done
Event: 10.244 Executing VM operation: HandshakeAllThreads
Event: 10.244 Executing VM operation: HandshakeAllThreads done
Event: 10.283 Executing VM operation: G1CollectForAllocation
Event: 10.286 Executing VM operation: G1CollectForAllocation done
Event: 10.317 Executing VM operation: G1PauseRemark
Event: 10.320 Executing VM operation: G1PauseRemark done
Event: 10.332 Executing VM operation: G1PauseCleanup
Event: 10.332 Executing VM operation: G1PauseCleanup done
Event: 10.634 Executing VM operation: G1CollectForAllocation
Event: 10.637 Executing VM operation: G1CollectForAllocation done
Event: 10.831 Executing VM operation: G1CollectForAllocation
Event: 10.834 Executing VM operation: G1CollectForAllocation done
Event: 10.856 Executing VM operation: G1PauseRemark
Event: 10.859 Executing VM operation: G1PauseRemark done
Event: 10.872 Executing VM operation: G1PauseCleanup
Event: 10.872 Executing VM operation: G1PauseCleanup done
Event: 11.005 Executing VM operation: G1CollectForAllocation

Events (20 events):
Event: 9.124 Thread 0x0000020bd3ca9c90 Thread added: 0x0000020bd3ca9c90
Event: 9.125 Thread 0x0000020bd3ca3c60 Thread added: 0x0000020bd3ca3c60
Event: 9.201 Thread 0x0000020bd3ca55b0 Thread added: 0x0000020bd3ca55b0
Event: 9.202 Thread 0x0000020bd3ca8340 Thread added: 0x0000020bd3ca8340
Event: 9.332 loading class java/util/DualPivotQuicksort
Event: 9.334 loading class java/util/DualPivotQuicksort done
Event: 9.469 loading class java/nio/charset/UnsupportedCharsetException
Event: 9.469 loading class java/nio/charset/UnsupportedCharsetException done
Event: 9.472 loading class java/util/Collections$UnmodifiableSortedMap
Event: 9.472 loading class java/util/Collections$UnmodifiableSortedMap done
Event: 9.473 loading class java/util/zip/Deflater
Event: 9.473 loading class java/util/zip/Deflater done
Event: 9.474 loading class java/util/zip/Deflater$DeflaterZStreamRef
Event: 9.475 loading class java/util/zip/Deflater$DeflaterZStreamRef done
Event: 9.511 loading class java/util/zip/ZipInputStream
Event: 9.512 loading class java/util/zip/ZipInputStream done
Event: 9.565 loading class java/nio/StringCharBuffer
Event: 9.565 loading class java/nio/StringCharBuffer done
Event: 9.569 loading class java/security/Key
Event: 9.570 loading class java/security/Key done


Dynamic libraries:
0x00007ff776380000 - 0x00007ff77638a000 	C:\Program Files\Android\Android Studio\jbr\bin\java.exe
0x00007fff2c3f0000 - 0x00007fff2c5e8000 	C:\Windows\SYSTEM32\ntdll.dll
0x00007fff2be70000 - 0x00007fff2bf32000 	C:\Windows\System32\KERNEL32.DLL
0x00007fff29e80000 - 0x00007fff2a176000 	C:\Windows\System32\KERNELBASE.dll
0x00007fff29d80000 - 0x00007fff29e80000 	C:\Windows\System32\ucrtbase.dll
0x00007fff16e60000 - 0x00007fff16e77000 	C:\Program Files\Android\Android Studio\jbr\bin\jli.dll
0x00007fff08770000 - 0x00007fff0878b000 	C:\Program Files\Android\Android Studio\jbr\bin\VCRUNTIME140.dll
0x00007fff2bc50000 - 0x00007fff2bded000 	C:\Windows\System32\USER32.dll
0x00007fff2a330000 - 0x00007fff2a352000 	C:\Windows\System32\win32u.dll
0x00007fff2bff0000 - 0x00007fff2c01b000 	C:\Windows\System32\GDI32.dll
0x00007fff14d60000 - 0x00007fff14ffa000 	C:\Windows\WinSxS\amd64_microsoft.windows.common-controls_6595b64144ccf1df_6.0.19041.5915_none_60b4b9d171f9c7c7\COMCTL32.dll
0x00007fff29b20000 - 0x00007fff29c39000 	C:\Windows\System32\gdi32full.dll
0x00007fff2b540000 - 0x00007fff2b5de000 	C:\Windows\System32\msvcrt.dll
0x00007fff29a80000 - 0x00007fff29b1d000 	C:\Windows\System32\msvcp_win.dll
0x00007fff2b860000 - 0x00007fff2b88f000 	C:\Windows\System32\IMM32.DLL
0x00007fff1f660000 - 0x00007fff1f66c000 	C:\Program Files\Android\Android Studio\jbr\bin\vcruntime140_1.dll
0x00007fff08050000 - 0x00007fff080dd000 	C:\Program Files\Android\Android Studio\jbr\bin\msvcp140.dll
0x00007fff00130000 - 0x00007fff00db3000 	C:\Program Files\Android\Android Studio\jbr\bin\server\jvm.dll
0x00007fff2b7a0000 - 0x00007fff2b851000 	C:\Windows\System32\ADVAPI32.dll
0x00007fff2b4a0000 - 0x00007fff2b53f000 	C:\Windows\System32\sechost.dll
0x00007fff2c270000 - 0x00007fff2c393000 	C:\Windows\System32\RPCRT4.dll
0x00007fff29d50000 - 0x00007fff29d77000 	C:\Windows\System32\bcrypt.dll
0x00007fff15940000 - 0x00007fff15967000 	C:\Windows\SYSTEM32\WINMM.dll
0x00007fff298e0000 - 0x00007fff2992b000 	C:\Windows\SYSTEM32\POWRPROF.dll
0x00007fff24c90000 - 0x00007fff24c99000 	C:\Windows\SYSTEM32\WSOCK32.dll
0x00007fff23000000 - 0x00007fff2300a000 	C:\Windows\SYSTEM32\VERSION.dll
0x00007fff2b420000 - 0x00007fff2b48b000 	C:\Windows\System32\WS2_32.dll
0x00007fff298c0000 - 0x00007fff298d2000 	C:\Windows\SYSTEM32\UMPDC.dll
0x00007fff27900000 - 0x00007fff27912000 	C:\Windows\SYSTEM32\kernel.appcore.dll
0x00007fff24fb0000 - 0x00007fff24fba000 	C:\Program Files\Android\Android Studio\jbr\bin\jimage.dll
0x00007fff25590000 - 0x00007fff25791000 	C:\Windows\SYSTEM32\DBGHELP.DLL
0x00007fff13440000 - 0x00007fff13474000 	C:\Windows\SYSTEM32\dbgcore.DLL
0x00007fff29cc0000 - 0x00007fff29d42000 	C:\Windows\System32\bcryptPrimitives.dll
0x00007fff1f510000 - 0x00007fff1f51e000 	C:\Program Files\Android\Android Studio\jbr\bin\instrument.dll
0x00007fff23ad0000 - 0x00007fff23af5000 	C:\Program Files\Android\Android Studio\jbr\bin\java.dll
0x00007fff23e30000 - 0x00007fff23e48000 	C:\Program Files\Android\Android Studio\jbr\bin\zip.dll
0x00007fff2acb0000 - 0x00007fff2b41e000 	C:\Windows\System32\SHELL32.dll
0x00007fff27b00000 - 0x00007fff282a4000 	C:\Windows\SYSTEM32\windows.storage.dll
0x00007fff2b8f0000 - 0x00007fff2bc43000 	C:\Windows\System32\combase.dll
0x00007fff293e0000 - 0x00007fff2940b000 	C:\Windows\SYSTEM32\Wldp.dll
0x00007fff2b6c0000 - 0x00007fff2b78d000 	C:\Windows\System32\OLEAUT32.dll
0x00007fff2ac00000 - 0x00007fff2acad000 	C:\Windows\System32\SHCORE.dll
0x00007fff2b890000 - 0x00007fff2b8eb000 	C:\Windows\System32\shlwapi.dll
0x00007fff299b0000 - 0x00007fff299d4000 	C:\Windows\SYSTEM32\profapi.dll
0x00007fff20900000 - 0x00007fff20919000 	C:\Program Files\Android\Android Studio\jbr\bin\net.dll
0x00007fff228b0000 - 0x00007fff229ba000 	C:\Windows\SYSTEM32\WINHTTP.dll
0x00007fff29140000 - 0x00007fff291aa000 	C:\Windows\system32\mswsock.dll
0x00007fff16f80000 - 0x00007fff16f96000 	C:\Program Files\Android\Android Studio\jbr\bin\nio.dll
0x00007fff24fa0000 - 0x00007fff24fb0000 	C:\Program Files\Android\Android Studio\jbr\bin\verify.dll
0x00007fff1f5a0000 - 0x00007fff1f5c7000 	C:\Users\denni\.gradle\native\1def1411415f61bf3af743bc5b6707747c0891f09f0c88961ee8f79bc544acac\windows-amd64\native-platform.dll
0x00007fff081c0000 - 0x00007fff08238000 	C:\Users\denni\.gradle\native\0.2.7\x86_64-windows-gnu\gradle-fileevents.dll
0x00007fff23b30000 - 0x00007fff23b39000 	C:\Program Files\Android\Android Studio\jbr\bin\management.dll
0x00007fff22640000 - 0x00007fff2264b000 	C:\Program Files\Android\Android Studio\jbr\bin\management_ext.dll
0x00007fff2c3a0000 - 0x00007fff2c3a8000 	C:\Windows\System32\PSAPI.DLL
0x00007fff28e20000 - 0x00007fff28e5b000 	C:\Windows\SYSTEM32\IPHLPAPI.DLL
0x00007fff2b490000 - 0x00007fff2b498000 	C:\Windows\System32\NSI.dll
0x00007fff20e70000 - 0x00007fff20e87000 	C:\Windows\SYSTEM32\dhcpcsvc6.DLL
0x00007fff216e0000 - 0x00007fff216fd000 	C:\Windows\SYSTEM32\dhcpcsvc.DLL
0x00007fff28e60000 - 0x00007fff28f2a000 	C:\Windows\SYSTEM32\DNSAPI.dll
0x00007fff24ca0000 - 0x00007fff24ca9000 	C:\Program Files\Android\Android Studio\jbr\bin\extnet.dll
0x00007fff29340000 - 0x00007fff29358000 	C:\Windows\SYSTEM32\CRYPTSP.dll
0x00007fff28a60000 - 0x00007fff28a98000 	C:\Windows\system32\rsaenh.dll
0x00007fff29930000 - 0x00007fff2995e000 	C:\Windows\SYSTEM32\USERENV.dll
0x00007fff29330000 - 0x00007fff2933c000 	C:\Windows\SYSTEM32\CRYPTBASE.dll
0x00007fff24cc0000 - 0x00007fff24cc7000 	C:\Windows\system32\wshunix.dll

dbghelp: loaded successfully - version: 4.0.5 - missing functions: none
symbol engine: initialized successfully - sym options: 0x614 - pdb path: .;C:\Program Files\Android\Android Studio\jbr\bin;C:\Windows\SYSTEM32;C:\Windows\WinSxS\amd64_microsoft.windows.common-controls_6595b64144ccf1df_6.0.19041.5915_none_60b4b9d171f9c7c7;C:\Program Files\Android\Android Studio\jbr\bin\server;C:\Users\denni\.gradle\native\1def1411415f61bf3af743bc5b6707747c0891f09f0c88961ee8f79bc544acac\windows-amd64;C:\Users\denni\.gradle\native\0.2.7\x86_64-windows-gnu

VM Arguments:
jvm_args: --add-opens=java.base/java.lang=ALL-UNNAMED --add-opens=java.base/java.lang.invoke=ALL-UNNAMED --add-opens=java.base/java.util=ALL-UNNAMED --add-opens=java.prefs/java.util.prefs=ALL-UNNAMED --add-exports=jdk.compiler/com.sun.tools.javac.api=ALL-UNNAMED --add-exports=jdk.compiler/com.sun.tools.javac.util=ALL-UNNAMED --add-opens=java.base/java.util=ALL-UNNAMED --add-opens=java.prefs/java.util.prefs=ALL-UNNAMED --add-opens=java.base/java.nio.charset=ALL-UNNAMED --add-opens=java.base/java.net=ALL-UNNAMED --add-opens=java.base/java.util.concurrent.atomic=ALL-UNNAMED --add-opens=java.xml/javax.xml.namespace=ALL-UNNAMED -Xmx2048m -Dfile.encoding=UTF-8 -Duser.country=US -Duser.language=en -Duser.variant -javaagent:C:\Users\denni\.gradle\wrapper\dists\gradle-8.13-bin\5xuhj0ry160q40clulazy9h7d\gradle-8.13\lib\agents\gradle-instrumentation-agent-8.13.jar 
java_command: org.gradle.launcher.daemon.bootstrap.GradleDaemon 8.13
java_class_path (initial): C:\Users\denni\.gradle\wrapper\dists\gradle-8.13-bin\5xuhj0ry160q40clulazy9h7d\gradle-8.13\lib\gradle-daemon-main-8.13.jar
Launcher Type: SUN_STANDARD

[Global flags]
     intx CICompilerCount                          = 4                                         {product} {ergonomic}
     uint ConcGCThreads                            = 2                                         {product} {ergonomic}
     uint G1ConcRefinementThreads                  = 8                                         {product} {ergonomic}
   size_t G1HeapRegionSize                         = 1048576                                   {product} {ergonomic}
    uintx GCDrainStackTargetSize                   = 64                                        {product} {ergonomic}
   size_t InitialHeapSize                          = 62914560                                  {product} {ergonomic}
   size_t MarkStackSize                            = 4194304                                   {product} {ergonomic}
   size_t MaxHeapSize                              = 2147483648                                {product} {command line}
   size_t MaxNewSize                               = 1287651328                                {product} {ergonomic}
   size_t MinHeapDeltaBytes                        = 1048576                                   {product} {ergonomic}
   size_t MinHeapSize                              = 8388608                                   {product} {ergonomic}
    uintx NonNMethodCodeHeapSize                   = 5839372                                {pd product} {ergonomic}
    uintx NonProfiledCodeHeapSize                  = 122909434                              {pd product} {ergonomic}
    uintx ProfiledCodeHeapSize                     = 122909434                              {pd product} {ergonomic}
    uintx ReservedCodeCacheSize                    = 251658240                              {pd product} {ergonomic}
     bool SegmentedCodeCache                       = true                                      {product} {ergonomic}
   size_t SoftMaxHeapSize                          = 2147483648                             {manageable} {ergonomic}
     bool UseCompressedClassPointers               = true                           {product lp64_product} {ergonomic}
     bool UseCompressedOops                        = true                           {product lp64_product} {ergonomic}
     bool UseG1GC                                  = true                                      {product} {ergonomic}
     bool UseLargePagesIndividualAllocation        = false                                  {pd product} {ergonomic}

Logging:
Log output configuration:
 #0: stdout all=warning uptime,level,tags
 #1: stderr all=off uptime,level,tags

Environment Variables:
PATH=C:\Python313\Scripts\;C:\Python313\;C:\Program Files\Python310\Scripts\;C:\Program Files\Python310\;C:\Python312\Scripts\;C:\Python312\;C:\Program Files\Java\jdk-18.0.2.1\bin;C:\xampp\php;C:\ProgramData\ComposerSetup\bin;C:\ProgramData\chocolatey\bin;C:\OpenSSH-Win64\OpenSSH-Win64;C:\Program Files\nodejs\;C:\Program Files\Git\cmd;C:\Ruby33-x64\bin;C:\RailsInstaller\Git\cmd;C:\RailsInstaller\Ruby2.3.3\bin;C:\Program Files\Java\jdk1.8.0_45\bin;C:\Users\denni\AppData\Local\Microsoft\WindowsApps;C:\MinGW\bin;C:\Users\denni\AppData\Local\Programs\Microsoft VS Code\bin;C:\Program Files\Java\jdk-18.0.2.1\bin;C:\Users\denni\AppData\Roaming\Composer\vendor\bin;C:\Users\denni\AppData\Local\GitHubDesktop\bin;C:\Windows\System32;C:\Users\denni\AppData\Roaming\npm;C:\Users\denni\AppData\Roaming\Python\Python313\Scripts;
USERNAME=denni
OS=Windows_NT
PROCESSOR_IDENTIFIER=Intel64 Family 6 Model 126 Stepping 5, GenuineIntel
TMP=C:\Users\denni\AppData\Local\Temp
TEMP=C:\Users\denni\AppData\Local\Temp



Periodic native trim disabled

JNI global refs:
JNI global refs: 27, weak refs: 68

JNI global refs memory usage: 843, weak refs: 1473

Process memory usage:
Resident Set Size: 207992K (5% of 3930488K total physical memory with 179940K free physical memory)

OOME stack traces (most recent first):
Classloader memory used:
Loader org.gradle.internal.classloader.VisitableURLClassLoader                         : 3398K
Loader bootstrap                                                                       : 2434K
Loader org.gradle.initialization.MixInLegacyTypesClassLoader                           : 804K
Loader org.gradle.internal.classloader.VisitableURLClassLoader                         : 81157B
Loader jdk.internal.loader.ClassLoaders$PlatformClassLoader                            : 65126B
Loader jdk.internal.loader.ClassLoaders$AppClassLoader                                 : 29371B
Loader jdk.internal.reflect.DelegatingClassLoader                                      : 25733B
Loader org.gradle.groovy.scripts.internal.DefaultScriptCompilationHandler$ScriptClassLoader: 4362B
Loader org.codehaus.groovy.runtime.callsite.CallSiteClassLoader                        : 876B

Classes loaded by more than one classloader:
Class org.gradle.api.GradleException                                                  : loaded 3 times (x 80B)
Class org.gradle.util.GradleVersion                                                   : loaded 2 times (x 81B)
Class org.gradle.internal.classpath.ClassPath                                         : loaded 2 times (x 68B)
Class org.gradle.api.internal.classpath.DefaultModuleRegistry                         : loaded 2 times (x 84B)
Class org.gradle.internal.exceptions.NonGradleCauseExceptionsHolder                   : loaded 2 times (x 68B)
Class org.gradle.api.Action                                                           : loaded 2 times (x 68B)
Class org.gradle.api.internal.DefaultClassPathProvider                                : loaded 2 times (x 74B)
Class org.gradle.internal.installation.GradleInstallation$1                           : loaded 2 times (x 73B)
Class org.gradle.internal.exceptions.DefaultMultiCauseException                       : loaded 2 times (x 93B)
Class org.gradle.internal.time.MonotonicClock                                         : loaded 2 times (x 75B)
Class org.gradle.internal.classloader.FilteringClassLoader                            : loaded 2 times (x 103B)
Class org.gradle.internal.classpath.DefaultClassPath$ImmutableUniqueList$Builder      : loaded 2 times (x 73B)
Class org.gradle.internal.classloader.ClassLoaderVisitor                              : loaded 2 times (x 74B)
Class org.gradle.internal.time.DefaultCountdownTimer                                  : loaded 2 times (x 86B)
Class org.gradle.internal.service.DefaultServiceLocator                               : loaded 2 times (x 81B)
Class org.gradle.internal.service.UnknownServiceException                             : loaded 2 times (x 81B)
Class org.gradle.internal.classloader.DefaultClassLoaderFactory                       : loaded 2 times (x 80B)
Class org.gradle.internal.classloader.VisitableURLClassLoader$Spec                    : loaded 2 times (x 72B)
Class org.gradle.tooling.model.ProjectModel                                           : loaded 2 times (x 68B)
Class org.gradle.internal.installation.GradleInstallation                             : loaded 2 times (x 73B)
Class org.gradle.api.internal.classpath.ModuleRegistry                                : loaded 2 times (x 68B)
Class kotlin.jvm.internal.markers.KMappedMarker                                       : loaded 2 times (x 68B)
Class org.gradle.api.internal.ClassPathProvider                                       : loaded 2 times (x 68B)
Class org.gradle.internal.classloader.ClasspathUtil$1                                 : loaded 2 times (x 74B)
Class org.gradle.internal.classloader.ClassLoaderFactory                              : loaded 2 times (x 68B)
Class org.gradle.api.internal.classpath.ManifestUtil                                  : loaded 2 times (x 69B)
Class org.gradle.api.specs.Spec                                                       : loaded 2 times (x 68B)
Class org.gradle.internal.IoActions                                                   : loaded 2 times (x 69B)
Class org.gradle.api.internal.classpath.EffectiveClassPath                            : loaded 2 times (x 88B)
Class org.gradle.internal.exceptions.ResolutionProvider                               : loaded 2 times (x 68B)
Class org.gradle.internal.installation.CurrentGradleInstallation                      : loaded 2 times (x 71B)
Class org.gradle.internal.installation.CurrentGradleInstallationLocator               : loaded 2 times (x 69B)
Class org.gradle.api.internal.classpath.Module                                        : loaded 2 times (x 68B)
Class org.gradle.internal.service.CachingServiceLocator                               : loaded 2 times (x 80B)
Class org.gradle.internal.time.Timer                                                  : loaded 2 times (x 68B)
Class org.gradle.internal.classpath.DefaultClassPath                                  : loaded 2 times (x 88B)
Class kotlin.jvm.functions.Function1                                                  : loaded 2 times (x 68B)
Class org.gradle.internal.time.Time                                                   : loaded 2 times (x 69B)
Class org.gradle.internal.time.TimeSource$1                                           : loaded 2 times (x 75B)
Class org.gradle.internal.classloader.SystemClassLoaderSpec                           : loaded 2 times (x 69B)
Class kotlin.Function                                                                 : loaded 2 times (x 68B)
Class org.gradle.api.UncheckedIOException                                             : loaded 2 times (x 80B)
Class org.gradle.api.internal.classpath.GlobalCacheRootsProvider                      : loaded 2 times (x 68B)
Class org.gradle.internal.time.CountdownTimer                                         : loaded 2 times (x 68B)
Class org.gradle.internal.time.Clock                                                  : loaded 2 times (x 68B)
Class org.gradle.internal.classloader.ClasspathUtil                                   : loaded 2 times (x 69B)
Class org.gradle.api.internal.DefaultClassPathRegistry                                : loaded 2 times (x 74B)
Class org.gradle.api.internal.classpath.DefaultModuleRegistry$DefaultModule           : loaded 2 times (x 84B)
Class org.gradle.internal.time.TimeSource                                             : loaded 2 times (x 68B)
Class org.gradle.api.internal.classpath.UnknownModuleException                        : loaded 2 times (x 80B)
Class org.gradle.internal.service.ServiceLookupException                              : loaded 2 times (x 80B)
Class [Lorg.gradle.api.internal.ClassPathProvider;                                    : loaded 2 times (x 67B)
Class org.gradle.internal.operations.MultipleBuildOperationFailures                   : loaded 2 times (x 93B)
Class org.gradle.util.internal.GUtil                                                  : loaded 2 times (x 69B)
Class org.gradle.internal.classloader.ClassLoaderSpec                                 : loaded 2 times (x 69B)
Class org.gradle.internal.classloader.InstrumentingClassLoader                        : loaded 2 times (x 68B)
Class org.gradle.internal.classloader.VisitableURLClassLoader                         : loaded 2 times (x 115B)
Class org.gradle.internal.Cast                                                        : loaded 2 times (x 69B)
Class org.gradle.api.internal.ClassPathRegistry                                       : loaded 2 times (x 68B)
Class org.gradle.internal.classloader.VisitableURLClassLoader$InstrumentingVisitableURLClassLoader: loaded 2 times (x 121B)
Class org.gradle.internal.classloader.ClassLoaderHierarchy                            : loaded 2 times (x 68B)
Class org.gradle.internal.exceptions.MultiCauseException                              : loaded 2 times (x 68B)
Class org.gradle.internal.InternalTransformer                                         : loaded 2 times (x 68B)
Class org.gradle.internal.service.ServiceLocator                                      : loaded 2 times (x 68B)
Class org.gradle.internal.classpath.DefaultClassPath$ImmutableUniqueList              : loaded 2 times (x 159B)
Class org.gradle.internal.time.DefaultTimer                                           : loaded 2 times (x 78B)
Class org.gradle.internal.classpath.TransformedClassPath                              : loaded 2 times (x 94B)


---------------  S Y S T E M  ---------------

OS:
 Windows 10 , 64 bit Build 19041 (10.0.19041.5915)
OS uptime: 0 days 6:05 hours

CPU: total 8 (initial active 8) (4 cores per cpu, 2 threads per core) family 6 model 126 stepping 5 microcode 0xa0, cx8, cmov, fxsr, ht, mmx, 3dnowpref, sse, sse2, sse3, ssse3, sse4.1, sse4.2, popcnt, lzcnt, tsc, tscinvbit, avx, avx2, aes, erms, clmul, bmi1, bmi2, adx, avx512f, avx512dq, avx512cd, avx512bw, avx512vl, sha, fma, vzeroupper, avx512_vpopcntdq, avx512_vpclmulqdq, avx512_vaes, avx512_vnni, clflush, clflushopt, avx512_vbmi2, avx512_vbmi
Processor Information for all 8 processors :
  Max Mhz: 1190, Current Mhz: 991, Mhz Limit: 987

Memory: 4k page, system-wide physical 3838M (175M free)
TotalPageFile size 15614M (AvailPageFile size 18M)
current process WorkingSet (physical memory assigned to process): 203M, peak: 212M
current process commit charge ("private bytes"): 323M, peak: 361M

vm_info: OpenJDK 64-Bit Server VM (17.0.11+0--11852314) for windows-amd64 JRE (17.0.11+0--11852314), built on May 16 2024 21:29:20 by "androidbuild" with MS VC++ 16.10 / 16.11 (VS2019)

END.
