#
# There is insufficient memory for the Java Runtime Environment to continue.
# Native memory allocation (mmap) failed to map 228589568 bytes. Error detail: G1 virtual space
# Possible reasons:
#   The system is out of physical RAM or swap space
#   This process is running with CompressedOops enabled, and the Java Heap may be blocking the growth of the native heap
# Possible solutions:
#   Reduce memory load on the system
#   Increase physical memory or swap space
#   Check if swap backing store is full
#   Decrease Java heap size (-Xmx/-Xms)
#   Decrease number of Java threads
#   Decrease Java thread stack sizes (-Xss)
#   Set larger code cache with -XX:ReservedCodeCacheSize=
#   JVM is running with Unscaled Compressed Oops mode in which the Java heap is
#     placed in the first 4GB address space. The Java Heap base address is the
#     maximum limit for the native heap growth. Please use -XX:HeapBaseMinAddress
#     to set the Java Heap base and to place the Java Heap above 4GB virtual address.
# This output file may be truncated or incomplete.
#
#  Out of Memory Error (os_windows.cpp:3825), pid=6948, tid=5232
#
# JRE version: OpenJDK Runtime Environment (17.0.11) (build 17.0.11+0--11852314)
# Java VM: OpenJDK 64-Bit Server VM (17.0.11+0--11852314, mixed mode, tiered, compressed oops, compressed class ptrs, g1 gc, windows-amd64)
# No core dump will be written. Minidumps are not enabled by default on client versions of Windows
#

---------------  S U M M A R Y ------------

Command Line: --add-opens=java.base/java.lang=ALL-UNNAMED --add-opens=java.base/java.lang.invoke=ALL-UNNAMED --add-opens=java.base/java.util=ALL-UNNAMED --add-opens=java.prefs/java.util.prefs=ALL-UNNAMED --add-exports=jdk.compiler/com.sun.tools.javac.api=ALL-UNNAMED --add-exports=jdk.compiler/com.sun.tools.javac.util=ALL-UNNAMED --add-opens=java.base/java.util=ALL-UNNAMED --add-opens=java.prefs/java.util.prefs=ALL-UNNAMED --add-opens=java.base/java.nio.charset=ALL-UNNAMED --add-opens=java.base/java.net=ALL-UNNAMED --add-opens=java.base/java.util.concurrent.atomic=ALL-UNNAMED --add-opens=java.xml/javax.xml.namespace=ALL-UNNAMED -Xmx2048m -Dfile.encoding=UTF-8 -Duser.country=US -Duser.language=en -Duser.variant -javaagent:C:\Users\denni\.gradle\wrapper\dists\gradle-8.11.1-bin\bpt9gzteqjrbo1mjrsomdt32c\gradle-8.11.1\lib\agents\gradle-instrumentation-agent-8.11.1.jar org.gradle.launcher.daemon.bootstrap.GradleDaemon 8.11.1

Host: Intel(R) Core(TM) i5-1035G1 CPU @ 1.00GHz, 8 cores, 3G,  Windows 10 , 64 bit Build 19041 (10.0.19041.5915)
Time: Tue Aug 12 14:33:11 2025 E. Africa Standard Time elapsed time: 11.413759 seconds (0d 0h 0m 11s)

---------------  T H R E A D  ---------------

Current thread (0x00000197ccda7840):  VMThread "VM Thread" [stack: 0x00000051fdf00000,0x00000051fe000000] [id=5232]

Stack: [0x00000051fdf00000,0x00000051fe000000]
Native frames: (J=compiled Java code, j=interpreted, Vv=VM code, C=native code)
V  [jvm.dll+0x687bb9]
V  [jvm.dll+0x84142a]
V  [jvm.dll+0x8430ae]
V  [jvm.dll+0x843713]
V  [jvm.dll+0x24a35f]
V  [jvm.dll+0x684989]
V  [jvm.dll+0x67923a]
V  [jvm.dll+0x30af0b]
V  [jvm.dll+0x3123b6]
V  [jvm.dll+0x361dfe]
V  [jvm.dll+0x36202f]
V  [jvm.dll+0x2e0d38]
V  [jvm.dll+0x2df144]
V  [jvm.dll+0x2de74c]
V  [jvm.dll+0x32305b]
V  [jvm.dll+0x847e0b]
V  [jvm.dll+0x848b42]
V  [jvm.dll+0x84905d]
V  [jvm.dll+0x849434]
V  [jvm.dll+0x849500]
V  [jvm.dll+0x7efa4a]
V  [jvm.dll+0x686a35]
C  [ucrtbase.dll+0x21bb2]
C  [KERNEL32.DLL+0x17374]
C  [ntdll.dll+0x4cc91]

VM_Operation (0x00000051821f9aa0): G1CollectForAllocation, mode: safepoint, requested by thread 0x00000197d52f56f0


---------------  P R O C E S S  ---------------

Threads class SMR info:
_java_thread_list=0x00000197d4fc3690, length=59, elements={
0x00000197b2f30e70, 0x00000197ccdcd270, 0x00000197ccdce600, 0x00000197ccdb5880,
0x00000197d102a420, 0x00000197d102b490, 0x00000197d102bd60, 0x00000197d102eb00,
0x00000197d102f0d0, 0x00000197d102f5f0, 0x00000197d11637d0, 0x00000197d134d000,
0x00000197d1f4b8c0, 0x00000197d1c99490, 0x00000197d2ca6870, 0x00000197d2fb1f00,
0x00000197d2fab600, 0x00000197d2ff2140, 0x00000197d2e451b0, 0x00000197d30175d0,
0x00000197d2c74a10, 0x00000197d2e2a0b0, 0x00000197d3065670, 0x00000197d3064c50,
0x00000197d30665a0, 0x00000197d3063d20, 0x00000197d3063300, 0x00000197d3065160,
0x00000197d3064230, 0x00000197d3062df0, 0x00000197d3065b80, 0x00000197d3066090,
0x00000197d3063810, 0x00000197d3064740, 0x00000197d4070f80, 0x00000197d4076fb0,
0x00000197d40728d0, 0x00000197d40774c0, 0x00000197d4071490, 0x00000197d4076590,
0x00000197d4072de0, 0x00000197d4071eb0, 0x00000197d40719a0, 0x00000197d4076aa0,
0x00000197d40779d0, 0x00000197d4075b70, 0x00000197d40732f0, 0x00000197d4073d10,
0x00000197d4070560, 0x00000197d4070a70, 0x00000197d40723c0, 0x00000197d4073800,
0x00000197d4074220, 0x00000197d4074730, 0x00000197d4074c40, 0x00000197d4075660,
0x00000197d4075150, 0x00000197d52f56f0, 0x00000197d52f7550
}

Java Threads: ( => current thread )
  0x00000197b2f30e70 JavaThread "main" [_thread_blocked, id=8488, stack(0x00000051fd900000,0x00000051fda00000)]
  0x00000197ccdcd270 JavaThread "Reference Handler" daemon [_thread_blocked, id=5464, stack(0x00000051fe000000,0x00000051fe100000)]
  0x00000197ccdce600 JavaThread "Finalizer" daemon [_thread_blocked, id=4412, stack(0x00000051fe100000,0x00000051fe200000)]
  0x00000197ccdb5880 JavaThread "Signal Dispatcher" daemon [_thread_blocked, id=11108, stack(0x00000051fe200000,0x00000051fe300000)]
  0x00000197d102a420 JavaThread "Attach Listener" daemon [_thread_blocked, id=12268, stack(0x00000051fe300000,0x00000051fe400000)]
  0x00000197d102b490 JavaThread "Service Thread" daemon [_thread_blocked, id=13136, stack(0x00000051fe400000,0x00000051fe500000)]
  0x00000197d102bd60 JavaThread "Monitor Deflation Thread" daemon [_thread_blocked, id=13232, stack(0x00000051fe500000,0x00000051fe600000)]
  0x00000197d102eb00 JavaThread "C2 CompilerThread0" daemon [_thread_in_native, id=10760, stack(0x00000051fe600000,0x00000051fe700000)]
  0x00000197d102f0d0 JavaThread "C1 CompilerThread0" daemon [_thread_blocked, id=1788, stack(0x00000051fe700000,0x00000051fe800000)]
  0x00000197d102f5f0 JavaThread "Sweeper thread" daemon [_thread_blocked, id=9904, stack(0x00000051fe800000,0x00000051fe900000)]
  0x00000197d11637d0 JavaThread "Common-Cleaner" daemon [_thread_blocked, id=3512, stack(0x00000051fe900000,0x00000051fea00000)]
  0x00000197d134d000 JavaThread "Notification Thread" daemon [_thread_blocked, id=9892, stack(0x00000051fea00000,0x00000051feb00000)]
  0x00000197d1f4b8c0 JavaThread "Daemon health stats" [_thread_blocked, id=9212, stack(0x00000051ff000000,0x00000051ff100000)]
  0x00000197d1c99490 JavaThread "Incoming local TCP Connector on port 63966" [_thread_in_native, id=11536, stack(0x00000051ff100000,0x00000051ff200000)]
  0x00000197d2ca6870 JavaThread "Daemon periodic checks" [_thread_blocked, id=5832, stack(0x00000051ff200000,0x00000051ff300000)]
  0x00000197d2fb1f00 JavaThread "Daemon" [_thread_blocked, id=6132, stack(0x00000051ff300000,0x00000051ff400000)]
  0x00000197d2fab600 JavaThread "Handler for socket connection from /127.0.0.1:63966 to /127.0.0.1:63967" [_thread_in_native, id=4520, stack(0x00000051ff400000,0x00000051ff500000)]
  0x00000197d2ff2140 JavaThread "Cancel handler" [_thread_blocked, id=6912, stack(0x00000051ff500000,0x00000051ff600000)]
  0x00000197d2e451b0 JavaThread "Daemon worker" [_thread_blocked, id=2820, stack(0x00000051ff600000,0x00000051ff700000)]
  0x00000197d30175d0 JavaThread "Asynchronous log dispatcher for DefaultDaemonConnection: socket connection from /127.0.0.1:63966 to /127.0.0.1:63967" [_thread_blocked, id=9704, stack(0x00000051ff700000,0x00000051ff800000)]
  0x00000197d2c74a10 JavaThread "Stdin handler" [_thread_blocked, id=10676, stack(0x00000051ffb00000,0x00000051ffc00000)]
  0x00000197d2e2a0b0 JavaThread "Daemon client event forwarder" [_thread_blocked, id=7656, stack(0x00000051ffc00000,0x00000051ffd00000)]
  0x00000197d3065670 JavaThread "Cache worker for journal cache (C:\Users\denni\.gradle\caches\journal-1)" [_thread_blocked, id=10808, stack(0x00000051ffe00000,0x00000051fff00000)]
  0x00000197d3064c50 JavaThread "File lock request listener" [_thread_in_native, id=11080, stack(0x00000051fff00000,0x0000005200000000)]
  0x00000197d30665a0 JavaThread "Cache worker for file hash cache (C:\Users\denni\.gradle\caches\8.11.1\fileHashes)" [_thread_blocked, id=10276, stack(0x0000005180000000,0x0000005180100000)]
  0x00000197d3063d20 JavaThread "Cache worker for file content cache (C:\Users\denni\.gradle\caches\8.11.1\fileContent)" [_thread_blocked, id=7132, stack(0x0000005180100000,0x0000005180200000)]
  0x00000197d3063300 JavaThread "Cache worker for file hash cache (C:\Users\denni\AndroidStudioProjects\Smartband\.gradle\8.11.1\fileHashes)" [_thread_blocked, id=13452, stack(0x0000005180200000,0x0000005180300000)]
  0x00000197d3065160 JavaThread "Cache worker for Build Output Cleanup Cache (C:\Users\denni\AndroidStudioProjects\Smartband\.gradle\buildOutputCleanup)" [_thread_blocked, id=1248, stack(0x0000005180300000,0x0000005180400000)]
  0x00000197d3064230 JavaThread "File watcher server" daemon [_thread_in_native, id=6884, stack(0x0000005180400000,0x0000005180500000)]
  0x00000197d3062df0 JavaThread "File watcher consumer" daemon [_thread_blocked, id=15748, stack(0x0000005180500000,0x0000005180600000)]
  0x00000197d3065b80 JavaThread "jar transforms" [_thread_blocked, id=9876, stack(0x0000005180600000,0x0000005180700000)]
  0x00000197d3066090 JavaThread "jar transforms Thread 2" [_thread_blocked, id=15644, stack(0x0000005180700000,0x0000005180800000)]
  0x00000197d3063810 JavaThread "jar transforms Thread 3" [_thread_blocked, id=4584, stack(0x0000005180800000,0x0000005180900000)]
  0x00000197d3064740 JavaThread "jar transforms Thread 4" [_thread_blocked, id=15300, stack(0x0000005180900000,0x0000005180a00000)]
  0x00000197d4070f80 JavaThread "jar transforms Thread 5" [_thread_blocked, id=15512, stack(0x0000005180a00000,0x0000005180b00000)]
  0x00000197d4076fb0 JavaThread "jar transforms Thread 6" [_thread_blocked, id=4628, stack(0x0000005180b00000,0x0000005180c00000)]
  0x00000197d40728d0 JavaThread "jar transforms Thread 7" [_thread_blocked, id=6696, stack(0x0000005180c00000,0x0000005180d00000)]
  0x00000197d40774c0 JavaThread "jar transforms Thread 8" [_thread_blocked, id=10836, stack(0x0000005180d00000,0x0000005180e00000)]
  0x00000197d4071490 JavaThread "Cache worker for checksums cache (C:\Users\denni\AndroidStudioProjects\Smartband\.gradle\8.11.1\checksums)" [_thread_blocked, id=5472, stack(0x0000005180e00000,0x0000005180f00000)]
  0x00000197d4076590 JavaThread "Cache worker for cache directory md-rule (C:\Users\denni\.gradle\caches\8.11.1\md-rule)" [_thread_blocked, id=4260, stack(0x0000005180f00000,0x0000005181000000)]
  0x00000197d4072de0 JavaThread "Cache worker for cache directory md-supplier (C:\Users\denni\.gradle\caches\8.11.1\md-supplier)" [_thread_blocked, id=11448, stack(0x0000005181000000,0x0000005181100000)]
  0x00000197d4071eb0 JavaThread "Unconstrained build operations" [_thread_blocked, id=10224, stack(0x0000005181100000,0x0000005181200000)]
  0x00000197d40719a0 JavaThread "Unconstrained build operations Thread 2" [_thread_blocked, id=10912, stack(0x0000005181200000,0x0000005181300000)]
  0x00000197d4076aa0 JavaThread "Unconstrained build operations Thread 3" [_thread_blocked, id=8464, stack(0x0000005181300000,0x0000005181400000)]
  0x00000197d40779d0 JavaThread "Unconstrained build operations Thread 4" [_thread_blocked, id=4308, stack(0x0000005181400000,0x0000005181500000)]
  0x00000197d4075b70 JavaThread "Unconstrained build operations Thread 5" [_thread_blocked, id=10864, stack(0x0000005181500000,0x0000005181600000)]
  0x00000197d40732f0 JavaThread "Unconstrained build operations Thread 6" [_thread_blocked, id=2916, stack(0x0000005181600000,0x0000005181700000)]
  0x00000197d4073d10 JavaThread "Unconstrained build operations Thread 7" [_thread_blocked, id=11364, stack(0x0000005181700000,0x0000005181800000)]
  0x00000197d4070560 JavaThread "Unconstrained build operations Thread 8" [_thread_blocked, id=6440, stack(0x0000005181800000,0x0000005181900000)]
  0x00000197d4070a70 JavaThread "Unconstrained build operations Thread 9" [_thread_blocked, id=8860, stack(0x0000005181900000,0x0000005181a00000)]
  0x00000197d40723c0 JavaThread "Unconstrained build operations Thread 10" [_thread_blocked, id=15560, stack(0x0000005181a00000,0x0000005181b00000)]
  0x00000197d4073800 JavaThread "Unconstrained build operations Thread 11" [_thread_blocked, id=15484, stack(0x0000005181b00000,0x0000005181c00000)]
  0x00000197d4074220 JavaThread "Unconstrained build operations Thread 12" [_thread_blocked, id=8568, stack(0x0000005181c00000,0x0000005181d00000)]
  0x00000197d4074730 JavaThread "Unconstrained build operations Thread 13" [_thread_blocked, id=9220, stack(0x0000005181d00000,0x0000005181e00000)]
  0x00000197d4074c40 JavaThread "Unconstrained build operations Thread 14" [_thread_blocked, id=11332, stack(0x0000005181e00000,0x0000005181f00000)]
  0x00000197d4075660 JavaThread "Unconstrained build operations Thread 15" [_thread_blocked, id=8576, stack(0x0000005181f00000,0x0000005182000000)]
  0x00000197d4075150 JavaThread "Unconstrained build operations Thread 16" [_thread_blocked, id=11432, stack(0x0000005182000000,0x0000005182100000)]
  0x00000197d52f56f0 JavaThread "Unconstrained build operations Thread 17" [_thread_blocked, id=2872, stack(0x0000005182100000,0x0000005182200000)]
  0x00000197d52f7550 JavaThread "Unconstrained build operations Thread 18" [_thread_blocked, id=9244, stack(0x0000005182200000,0x0000005182300000)]

Other Threads:
=>0x00000197ccda7840 VMThread "VM Thread" [stack: 0x00000051fdf00000,0x00000051fe000000] [id=5232]
  0x00000197d12662e0 WatcherThread [stack: 0x00000051feb00000,0x00000051fec00000] [id=3396]
  0x00000197b2f8cf90 GCTaskThread "GC Thread#0" [stack: 0x00000051fda00000,0x00000051fdb00000] [id=7388]
  0x00000197d141c910 GCTaskThread "GC Thread#1" [stack: 0x00000051fec00000,0x00000051fed00000] [id=6752]
  0x00000197d15c8840 GCTaskThread "GC Thread#2" [stack: 0x00000051fed00000,0x00000051fee00000] [id=12120]
  0x00000197d20fe840 GCTaskThread "GC Thread#3" [stack: 0x00000051fee00000,0x00000051fef00000] [id=13816]
  0x00000197d22a5050 GCTaskThread "GC Thread#4" [stack: 0x00000051fef00000,0x00000051ff000000] [id=15256]
  0x00000197d2fa3db0 GCTaskThread "GC Thread#5" [stack: 0x00000051ff800000,0x00000051ff900000] [id=6616]
  0x00000197d2ff2a30 GCTaskThread "GC Thread#6" [stack: 0x00000051ff900000,0x00000051ffa00000] [id=6848]
  0x00000197d1a713f0 GCTaskThread "GC Thread#7" [stack: 0x00000051ffa00000,0x00000051ffb00000] [id=10388]
  0x00000197b2f9ee00 ConcurrentGCThread "G1 Main Marker" [stack: 0x00000051fdb00000,0x00000051fdc00000] [id=5152]
  0x00000197b2f9fed0 ConcurrentGCThread "G1 Conc#0" [stack: 0x00000051fdc00000,0x00000051fdd00000] [id=9800]
  0x00000197d302bc90 ConcurrentGCThread "G1 Conc#1" [stack: 0x00000051ffd00000,0x00000051ffe00000] [id=16080]
  0x00000197b2fedc10 ConcurrentGCThread "G1 Refine#0" [stack: 0x00000051fdd00000,0x00000051fde00000] [id=16360]
  0x00000197d4342640 ConcurrentGCThread "G1 Refine#1" [stack: 0x0000005182300000,0x0000005182400000] [id=2140]
  0x00000197d58439e0 ConcurrentGCThread "G1 Refine#2" [stack: 0x0000005182400000,0x0000005182500000] [id=10340]
  0x00000197d5843fc0 ConcurrentGCThread "G1 Refine#3" [stack: 0x0000005182500000,0x0000005182600000] [id=1544]
  0x00000197d58442b0 ConcurrentGCThread "G1 Refine#4" [stack: 0x0000005182600000,0x0000005182700000] [id=10452]
  0x00000197d5841f70 ConcurrentGCThread "G1 Refine#5" [stack: 0x0000005182700000,0x0000005182800000] [id=5280]
  0x00000197b2fee550 ConcurrentGCThread "G1 Service" [stack: 0x00000051fde00000,0x00000051fdf00000] [id=12600]

Threads with active compile tasks:
C2 CompilerThread0    11480 5538       4       org.objectweb.asm.ClassReader::readCode (5117 bytes)

VM state: at safepoint (normal execution)

VM Mutex/Monitor currently owned by a thread:  ([mutex/lock_event])
[0x00000197b2f2cc30] Threads_lock - owner thread: 0x00000197ccda7840
[0x00000197b2f2c7b0] Heap_lock - owner thread: 0x00000197d52f56f0

Heap address: 0x0000000080000000, size: 2048 MB, Compressed Oops mode: 32-bit

CDS archive(s) not mapped
Compressed class space mapped at: 0x0000000100000000-0x0000000140000000, reserved size: 1073741824
Narrow klass base: 0x0000000000000000, Narrow klass shift: 3, Narrow klass range: 0x140000000

GC Precious Log:
 CPUs: 8 total, 8 available
 Memory: 3838M
 Large Page Support: Disabled
 NUMA Support: Disabled
 Compressed Oops: Enabled (32-bit)
 Heap Region Size: 1M
 Heap Min Capacity: 8M
 Heap Initial Capacity: 60M
 Heap Max Capacity: 2G
 Pre-touch: Disabled
 Parallel Workers: 8
 Concurrent Workers: 2
 Concurrent Refinement Workers: 8
 Periodic GC: Disabled

Heap:
 garbage-first heap   total 171008K, used 94526K [0x0000000080000000, 0x0000000100000000)
  region size 1024K, 1 young (1024K), 1 survivors (1024K)
 Metaspace       used 54385K, committed 54912K, reserved 1114112K
  class space    used 7415K, committed 7680K, reserved 1048576K

Heap Regions: E=young(eden), S=young(survivor), O=old, HS=humongous(starts), HC=humongous(continues), CS=collection set, F=free, OA=open archive, CA=closed archive, TAMS=top-at-mark-start (previous, next)
|   0|0x0000000080000000, 0x0000000080100000, 0x0000000080100000|100%| O|  |TAMS 0x0000000080100000, 0x0000000080000000| Untracked 
|   1|0x0000000080100000, 0x0000000080200000, 0x0000000080200000|100%|HS|  |TAMS 0x0000000080200000, 0x0000000080100000| Complete 
|   2|0x0000000080200000, 0x0000000080300000, 0x0000000080300000|100%|HC|  |TAMS 0x0000000080300000, 0x0000000080200000| Complete 
|   3|0x0000000080300000, 0x0000000080400000, 0x0000000080400000|100%|HC|  |TAMS 0x0000000080400000, 0x0000000080300000| Complete 
|   4|0x0000000080400000, 0x0000000080500000, 0x0000000080500000|100%| O|  |TAMS 0x0000000080500000, 0x0000000080400000| Untracked 
|   5|0x0000000080500000, 0x0000000080600000, 0x0000000080600000|100%| O|  |TAMS 0x0000000080600000, 0x0000000080500000| Untracked 
|   6|0x0000000080600000, 0x0000000080700000, 0x0000000080700000|100%| O|  |TAMS 0x0000000080700000, 0x0000000080600000| Untracked 
|   7|0x0000000080700000, 0x0000000080800000, 0x0000000080800000|100%| O|  |TAMS 0x0000000080800000, 0x0000000080700000| Untracked 
|   8|0x0000000080800000, 0x0000000080900000, 0x0000000080900000|100%| O|  |TAMS 0x0000000080900000, 0x0000000080800000| Untracked 
|   9|0x0000000080900000, 0x0000000080a00000, 0x0000000080a00000|100%| O|  |TAMS 0x0000000080a00000, 0x0000000080900000| Untracked 
|  10|0x0000000080a00000, 0x0000000080b00000, 0x0000000080b00000|100%| O|  |TAMS 0x0000000080b00000, 0x0000000080a00000| Untracked 
|  11|0x0000000080b00000, 0x0000000080c00000, 0x0000000080c00000|100%|HS|  |TAMS 0x0000000080c00000, 0x0000000080b00000| Complete 
|  12|0x0000000080c00000, 0x0000000080d00000, 0x0000000080d00000|100%| O|  |TAMS 0x0000000080d00000, 0x0000000080c00000| Untracked 
|  13|0x0000000080d00000, 0x0000000080e00000, 0x0000000080e00000|100%| O|  |TAMS 0x0000000080e00000, 0x0000000080d00000| Untracked 
|  14|0x0000000080e00000, 0x0000000080f00000, 0x0000000080f00000|100%| O|  |TAMS 0x0000000080f00000, 0x0000000080e00000| Untracked 
|  15|0x0000000080f00000, 0x0000000081000000, 0x0000000081000000|100%| O|  |TAMS 0x0000000081000000, 0x0000000080f00000| Untracked 
|  16|0x0000000081000000, 0x0000000081100000, 0x0000000081100000|100%| O|  |TAMS 0x0000000081100000, 0x0000000081000000| Untracked 
|  17|0x0000000081100000, 0x0000000081200000, 0x0000000081200000|100%| O|  |TAMS 0x0000000081200000, 0x0000000081100000| Untracked 
|  18|0x0000000081200000, 0x0000000081300000, 0x0000000081300000|100%| O|  |TAMS 0x0000000081300000, 0x0000000081200000| Untracked 
|  19|0x0000000081300000, 0x0000000081400000, 0x0000000081400000|100%| O|  |TAMS 0x0000000081400000, 0x0000000081300000| Untracked 
|  20|0x0000000081400000, 0x0000000081500000, 0x0000000081500000|100%| O|  |TAMS 0x0000000081500000, 0x0000000081400000| Untracked 
|  21|0x0000000081500000, 0x0000000081600000, 0x0000000081600000|100%|HS|  |TAMS 0x0000000081600000, 0x0000000081500000| Complete 
|  22|0x0000000081600000, 0x0000000081700000, 0x0000000081700000|100%|HC|  |TAMS 0x0000000081700000, 0x0000000081600000| Complete 
|  23|0x0000000081700000, 0x0000000081800000, 0x0000000081800000|100%|HC|  |TAMS 0x0000000081800000, 0x0000000081700000| Complete 
|  24|0x0000000081800000, 0x0000000081900000, 0x0000000081900000|100%|HC|  |TAMS 0x0000000081900000, 0x0000000081800000| Complete 
|  25|0x0000000081900000, 0x0000000081a00000, 0x0000000081a00000|100%|HC|  |TAMS 0x0000000081a00000, 0x0000000081900000| Complete 
|  26|0x0000000081a00000, 0x0000000081b00000, 0x0000000081b00000|100%| O|  |TAMS 0x0000000081b00000, 0x0000000081a00000| Untracked 
|  27|0x0000000081b00000, 0x0000000081c00000, 0x0000000081c00000|100%| O|  |TAMS 0x0000000081c00000, 0x0000000081b00000| Untracked 
|  28|0x0000000081c00000, 0x0000000081d00000, 0x0000000081d00000|100%|HS|  |TAMS 0x0000000081d00000, 0x0000000081c00000| Complete 
|  29|0x0000000081d00000, 0x0000000081e00000, 0x0000000081e00000|100%|HC|  |TAMS 0x0000000081e00000, 0x0000000081d00000| Complete 
|  30|0x0000000081e00000, 0x0000000081f00000, 0x0000000081f00000|100%|HC|  |TAMS 0x0000000081f00000, 0x0000000081e00000| Complete 
|  31|0x0000000081f00000, 0x0000000082000000, 0x0000000082000000|100%| O|  |TAMS 0x0000000082000000, 0x0000000081f00000| Untracked 
|  32|0x0000000082000000, 0x0000000082100000, 0x0000000082100000|100%|HS|  |TAMS 0x0000000082100000, 0x0000000082000000| Complete 
|  33|0x0000000082100000, 0x0000000082200000, 0x0000000082200000|100%|HC|  |TAMS 0x0000000082200000, 0x0000000082100000| Complete 
|  34|0x0000000082200000, 0x0000000082300000, 0x0000000082300000|100%|HC|  |TAMS 0x0000000082300000, 0x0000000082200000| Complete 
|  35|0x0000000082300000, 0x0000000082400000, 0x0000000082400000|100%| O|  |TAMS 0x0000000082400000, 0x0000000082300000| Untracked 
|  36|0x0000000082400000, 0x0000000082500000, 0x0000000082500000|100%| O|  |TAMS 0x0000000082400000, 0x0000000082400000| Untracked 
|  37|0x0000000082500000, 0x0000000082600000, 0x0000000082600000|100%| O|  |TAMS 0x0000000082600000, 0x0000000082500000| Untracked 
|  38|0x0000000082600000, 0x0000000082700000, 0x0000000082700000|100%| O|  |TAMS 0x0000000082700000, 0x0000000082600000| Untracked 
|  39|0x0000000082700000, 0x0000000082800000, 0x0000000082800000|100%|HS|  |TAMS 0x0000000082800000, 0x0000000082700000| Complete 
|  40|0x0000000082800000, 0x0000000082900000, 0x0000000082900000|100%| O|  |TAMS 0x0000000082900000, 0x0000000082800000| Untracked 
|  41|0x0000000082900000, 0x0000000082a00000, 0x0000000082a00000|100%| O|  |TAMS 0x0000000082a00000, 0x0000000082900000| Untracked 
|  42|0x0000000082a00000, 0x0000000082b00000, 0x0000000082b00000|100%| O|  |TAMS 0x0000000082b00000, 0x0000000082a00000| Untracked 
|  43|0x0000000082b00000, 0x0000000082c00000, 0x0000000082c00000|100%| O|  |TAMS 0x0000000082c00000, 0x0000000082b00000| Untracked 
|  44|0x0000000082c00000, 0x0000000082d00000, 0x0000000082d00000|100%| O|  |TAMS 0x0000000082d00000, 0x0000000082c00000| Untracked 
|  45|0x0000000082d00000, 0x0000000082e00000, 0x0000000082e00000|100%| O|  |TAMS 0x0000000082e00000, 0x0000000082d00000| Untracked 
|  46|0x0000000082e00000, 0x0000000082f00000, 0x0000000082f00000|100%| O|  |TAMS 0x0000000082f00000, 0x0000000082e00000| Untracked 
|  47|0x0000000082f00000, 0x0000000083000000, 0x0000000083000000|100%| O|  |TAMS 0x0000000083000000, 0x0000000082f00000| Untracked 
|  48|0x0000000083000000, 0x0000000083100000, 0x0000000083100000|100%| O|  |TAMS 0x0000000083100000, 0x0000000083000000| Untracked 
|  49|0x0000000083100000, 0x0000000083100000, 0x0000000083200000|  0%| F|  |TAMS 0x0000000083100000, 0x0000000083100000| Untracked 
|  50|0x0000000083200000, 0x0000000083200000, 0x0000000083300000|  0%| F|  |TAMS 0x0000000083200000, 0x0000000083200000| Untracked 
|  51|0x0000000083300000, 0x0000000083400000, 0x0000000083400000|100%| O|  |TAMS 0x0000000083400000, 0x0000000083300000| Untracked 
|  52|0x0000000083400000, 0x0000000083500000, 0x0000000083500000|100%| O|  |TAMS 0x0000000083500000, 0x0000000083400000| Untracked 
|  53|0x0000000083500000, 0x0000000083500000, 0x0000000083600000|  0%| F|  |TAMS 0x0000000083500000, 0x0000000083500000| Untracked 
|  54|0x0000000083600000, 0x0000000083600000, 0x0000000083700000|  0%| F|  |TAMS 0x0000000083600000, 0x0000000083600000| Untracked 
|  55|0x0000000083700000, 0x0000000083700000, 0x0000000083800000|  0%| F|  |TAMS 0x0000000083700000, 0x0000000083700000| Untracked 
|  56|0x0000000083800000, 0x0000000083900000, 0x0000000083900000|100%| O|  |TAMS 0x0000000083900000, 0x0000000083800000| Untracked 
|  57|0x0000000083900000, 0x0000000083a00000, 0x0000000083a00000|100%| O|  |TAMS 0x0000000083a00000, 0x0000000083900000| Untracked 
|  58|0x0000000083a00000, 0x0000000083b00000, 0x0000000083b00000|100%| O|  |TAMS 0x0000000083b00000, 0x0000000083a00000| Untracked 
|  59|0x0000000083b00000, 0x0000000083c00000, 0x0000000083c00000|100%| O|  |TAMS 0x0000000083c00000, 0x0000000083b00000| Untracked 
|  60|0x0000000083c00000, 0x0000000083d00000, 0x0000000083d00000|100%| O|  |TAMS 0x0000000083d00000, 0x0000000083c00000| Untracked 
|  61|0x0000000083d00000, 0x0000000083e00000, 0x0000000083e00000|100%| O|  |TAMS 0x0000000083e00000, 0x0000000083d00000| Untracked 
|  62|0x0000000083e00000, 0x0000000083e00000, 0x0000000083f00000|  0%| F|  |TAMS 0x0000000083e00000, 0x0000000083e00000| Untracked 
|  63|0x0000000083f00000, 0x0000000083f00000, 0x0000000084000000|  0%| F|  |TAMS 0x0000000083f00000, 0x0000000083f00000| Untracked 
|  64|0x0000000084000000, 0x0000000084000000, 0x0000000084100000|  0%| F|  |TAMS 0x0000000084000000, 0x0000000084000000| Untracked 
|  65|0x0000000084100000, 0x0000000084100000, 0x0000000084200000|  0%| F|  |TAMS 0x0000000084100000, 0x0000000084100000| Untracked 
|  66|0x0000000084200000, 0x0000000084200000, 0x0000000084300000|  0%| F|  |TAMS 0x0000000084200000, 0x0000000084200000| Untracked 
|  67|0x0000000084300000, 0x0000000084300000, 0x0000000084400000|  0%| F|  |TAMS 0x0000000084300000, 0x0000000084300000| Untracked 
|  68|0x0000000084400000, 0x0000000084400000, 0x0000000084500000|  0%| F|  |TAMS 0x0000000084400000, 0x0000000084400000| Untracked 
|  69|0x0000000084500000, 0x0000000084500000, 0x0000000084600000|  0%| F|  |TAMS 0x0000000084500000, 0x0000000084500000| Untracked 
|  70|0x0000000084600000, 0x0000000084700000, 0x0000000084700000|100%| O|  |TAMS 0x0000000084700000, 0x0000000084600000| Untracked 
|  71|0x0000000084700000, 0x0000000084800000, 0x0000000084800000|100%| O|  |TAMS 0x0000000084800000, 0x0000000084700000| Untracked 
|  72|0x0000000084800000, 0x0000000084900000, 0x0000000084900000|100%| O|  |TAMS 0x0000000084900000, 0x0000000084800000| Untracked 
|  73|0x0000000084900000, 0x0000000084a00000, 0x0000000084a00000|100%| O|  |TAMS 0x0000000084a00000, 0x0000000084900000| Untracked 
|  74|0x0000000084a00000, 0x0000000084a00000, 0x0000000084b00000|  0%| F|  |TAMS 0x0000000084a00000, 0x0000000084a00000| Untracked 
|  75|0x0000000084b00000, 0x0000000084b00000, 0x0000000084c00000|  0%| F|  |TAMS 0x0000000084b00000, 0x0000000084b00000| Untracked 
|  76|0x0000000084c00000, 0x0000000084c00000, 0x0000000084d00000|  0%| F|  |TAMS 0x0000000084c00000, 0x0000000084c00000| Untracked 
|  77|0x0000000084d00000, 0x0000000084e00000, 0x0000000084e00000|100%| O|  |TAMS 0x0000000084d00000, 0x0000000084d00000| Untracked 
|  78|0x0000000084e00000, 0x0000000084f00000, 0x0000000084f00000|100%| O|  |TAMS 0x0000000084e00000, 0x0000000084e00000| Untracked 
|  79|0x0000000084f00000, 0x0000000085000000, 0x0000000085000000|100%| O|  |TAMS 0x0000000085000000, 0x0000000084f00000| Untracked 
|  80|0x0000000085000000, 0x0000000085100000, 0x0000000085100000|100%| O|  |TAMS 0x0000000085100000, 0x0000000085000000| Untracked 
|  81|0x0000000085100000, 0x0000000085200000, 0x0000000085200000|100%| O|  |TAMS 0x0000000085200000, 0x0000000085100000| Untracked 
|  82|0x0000000085200000, 0x0000000085300000, 0x0000000085300000|100%| O|  |TAMS 0x0000000085300000, 0x0000000085200000| Untracked 
|  83|0x0000000085300000, 0x0000000085400000, 0x0000000085400000|100%| O|  |TAMS 0x0000000085400000, 0x0000000085300000| Untracked 
|  84|0x0000000085400000, 0x0000000085500000, 0x0000000085500000|100%| O|  |TAMS 0x0000000085500000, 0x0000000085400000| Untracked 
|  85|0x0000000085500000, 0x0000000085600000, 0x0000000085600000|100%| O|  |TAMS 0x0000000085600000, 0x0000000085500000| Untracked 
|  86|0x0000000085600000, 0x0000000085700000, 0x0000000085700000|100%| O|  |TAMS 0x0000000085700000, 0x0000000085600000| Untracked 
|  87|0x0000000085700000, 0x0000000085800000, 0x0000000085800000|100%| O|  |TAMS 0x0000000085800000, 0x0000000085700000| Untracked 
|  88|0x0000000085800000, 0x0000000085800000, 0x0000000085900000|  0%| F|  |TAMS 0x0000000085800000, 0x0000000085800000| Untracked 
|  89|0x0000000085900000, 0x0000000085a00000, 0x0000000085a00000|100%| O|  |TAMS 0x00000000859fb800, 0x0000000085900000| Untracked 
|  90|0x0000000085a00000, 0x0000000085b00000, 0x0000000085b00000|100%| O|  |TAMS 0x0000000085a00000, 0x0000000085a00000| Untracked 
|  91|0x0000000085b00000, 0x0000000085c00000, 0x0000000085c00000|100%| O|  |TAMS 0x0000000085b00000, 0x0000000085b00000| Untracked 
|  92|0x0000000085c00000, 0x0000000085d00000, 0x0000000085d00000|100%| O|  |TAMS 0x0000000085c00000, 0x0000000085c00000| Untracked 
|  93|0x0000000085d00000, 0x0000000085e00000, 0x0000000085e00000|100%| O|  |TAMS 0x0000000085d00000, 0x0000000085d00000| Untracked 
|  94|0x0000000085e00000, 0x0000000085f00000, 0x0000000085f00000|100%| O|  |TAMS 0x0000000085e00000, 0x0000000085e00000| Untracked 
|  95|0x0000000085f00000, 0x0000000086000000, 0x0000000086000000|100%| O|  |TAMS 0x0000000085f00000, 0x0000000085f00000| Untracked 
|  96|0x0000000086000000, 0x0000000086100000, 0x0000000086100000|100%| O|  |TAMS 0x0000000086000000, 0x0000000086000000| Untracked 
|  97|0x0000000086100000, 0x0000000086200000, 0x0000000086200000|100%| O|  |TAMS 0x0000000086100000, 0x0000000086100000| Untracked 
|  98|0x0000000086200000, 0x0000000086300000, 0x0000000086300000|100%| O|  |TAMS 0x0000000086200000, 0x0000000086200000| Untracked 
|  99|0x0000000086300000, 0x0000000086400000, 0x0000000086400000|100%| O|  |TAMS 0x0000000086300000, 0x0000000086300000| Untracked 
| 100|0x0000000086400000, 0x0000000086500000, 0x0000000086500000|100%| O|  |TAMS 0x0000000086400000, 0x0000000086400000| Untracked 
| 101|0x0000000086500000, 0x0000000086600000, 0x0000000086600000|100%|HS|  |TAMS 0x0000000086500000, 0x0000000086500000| Complete 
| 102|0x0000000086600000, 0x0000000086700000, 0x0000000086700000|100%|HS|  |TAMS 0x0000000086600000, 0x0000000086600000| Complete 
| 103|0x0000000086700000, 0x0000000086800000, 0x0000000086800000|100%| O|  |TAMS 0x0000000086700000, 0x0000000086700000| Untracked 
| 104|0x0000000086800000, 0x0000000086900000, 0x0000000086900000|100%| O|  |TAMS 0x0000000086800000, 0x0000000086800000| Untracked 
| 105|0x0000000086900000, 0x0000000086a00000, 0x0000000086a00000|100%| O|  |TAMS 0x0000000086900000, 0x0000000086900000| Untracked 
| 106|0x0000000086a00000, 0x0000000086b00000, 0x0000000086b00000|100%| O|  |TAMS 0x0000000086a00000, 0x0000000086a00000| Untracked 
| 107|0x0000000086b00000, 0x0000000086c00000, 0x0000000086c00000|100%| O|  |TAMS 0x0000000086b00000, 0x0000000086b00000| Untracked 
| 108|0x0000000086c00000, 0x0000000086c4f800, 0x0000000086d00000| 31%| O|  |TAMS 0x0000000086c00000, 0x0000000086c00000| Untracked 
| 109|0x0000000086d00000, 0x0000000086d00000, 0x0000000086e00000|  0%| F|  |TAMS 0x0000000086d00000, 0x0000000086d00000| Untracked 
| 110|0x0000000086e00000, 0x0000000086e00000, 0x0000000086f00000|  0%| F|  |TAMS 0x0000000086e00000, 0x0000000086e00000| Untracked 
| 111|0x0000000086f00000, 0x0000000086f00000, 0x0000000087000000|  0%| F|  |TAMS 0x0000000086f00000, 0x0000000086f00000| Untracked 
| 112|0x0000000087000000, 0x0000000087000000, 0x0000000087100000|  0%| F|  |TAMS 0x0000000087000000, 0x0000000087000000| Untracked 
| 113|0x0000000087100000, 0x0000000087100000, 0x0000000087200000|  0%| F|  |TAMS 0x0000000087100000, 0x0000000087100000| Untracked 
| 114|0x0000000087200000, 0x0000000087200000, 0x0000000087300000|  0%| F|  |TAMS 0x0000000087200000, 0x0000000087200000| Untracked 
| 115|0x0000000087300000, 0x0000000087300000, 0x0000000087400000|  0%| F|  |TAMS 0x0000000087300000, 0x0000000087300000| Untracked 
| 116|0x0000000087400000, 0x0000000087400000, 0x0000000087500000|  0%| F|  |TAMS 0x0000000087400000, 0x0000000087400000| Untracked 
| 117|0x0000000087500000, 0x0000000087500000, 0x0000000087600000|  0%| F|  |TAMS 0x0000000087500000, 0x0000000087500000| Untracked 
| 118|0x0000000087600000, 0x0000000087600000, 0x0000000087700000|  0%| F|  |TAMS 0x0000000087600000, 0x0000000087600000| Untracked 
| 119|0x0000000087700000, 0x0000000087700000, 0x0000000087800000|  0%| F|  |TAMS 0x0000000087700000, 0x0000000087700000| Untracked 
| 120|0x0000000087800000, 0x0000000087800000, 0x0000000087900000|  0%| F|  |TAMS 0x0000000087800000, 0x0000000087800000| Untracked 
| 121|0x0000000087900000, 0x0000000087900000, 0x0000000087a00000|  0%| F|  |TAMS 0x0000000087900000, 0x0000000087900000| Untracked 
| 122|0x0000000087a00000, 0x0000000087a00000, 0x0000000087b00000|  0%| F|  |TAMS 0x0000000087a00000, 0x0000000087a00000| Untracked 
| 123|0x0000000087b00000, 0x0000000087b00000, 0x0000000087c00000|  0%| F|  |TAMS 0x0000000087b00000, 0x0000000087b00000| Untracked 
| 124|0x0000000087c00000, 0x0000000087c00000, 0x0000000087d00000|  0%| F|  |TAMS 0x0000000087c00000, 0x0000000087c00000| Untracked 
| 125|0x0000000087d00000, 0x0000000087d00000, 0x0000000087e00000|  0%| F|  |TAMS 0x0000000087d00000, 0x0000000087d00000| Untracked 
| 126|0x0000000087e00000, 0x0000000087e00000, 0x0000000087f00000|  0%| F|  |TAMS 0x0000000087e00000, 0x0000000087e00000| Untracked 
| 127|0x0000000087f00000, 0x0000000087f00000, 0x0000000088000000|  0%| F|  |TAMS 0x0000000087f00000, 0x0000000087f00000| Untracked 
| 128|0x0000000088000000, 0x0000000088000000, 0x0000000088100000|  0%| F|  |TAMS 0x0000000088000000, 0x0000000088000000| Untracked 
| 129|0x0000000088100000, 0x0000000088100000, 0x0000000088200000|  0%| F|  |TAMS 0x0000000088100000, 0x0000000088100000| Untracked 
| 130|0x0000000088200000, 0x0000000088200000, 0x0000000088300000|  0%| F|  |TAMS 0x0000000088200000, 0x0000000088200000| Untracked 
| 131|0x0000000088300000, 0x0000000088300000, 0x0000000088400000|  0%| F|  |TAMS 0x0000000088300000, 0x0000000088300000| Untracked 
| 132|0x0000000088400000, 0x0000000088400000, 0x0000000088500000|  0%| F|  |TAMS 0x0000000088400000, 0x0000000088400000| Untracked 
| 133|0x0000000088500000, 0x0000000088500000, 0x0000000088600000|  0%| F|  |TAMS 0x0000000088500000, 0x0000000088500000| Untracked 
| 134|0x0000000088600000, 0x0000000088600000, 0x0000000088700000|  0%| F|  |TAMS 0x0000000088600000, 0x0000000088600000| Untracked 
| 135|0x0000000088700000, 0x0000000088700000, 0x0000000088800000|  0%| F|  |TAMS 0x0000000088700000, 0x0000000088700000| Untracked 
| 136|0x0000000088800000, 0x0000000088800000, 0x0000000088900000|  0%| F|  |TAMS 0x0000000088800000, 0x0000000088800000| Untracked 
| 137|0x0000000088900000, 0x0000000088900000, 0x0000000088a00000|  0%| F|  |TAMS 0x0000000088900000, 0x0000000088900000| Untracked 
| 138|0x0000000088a00000, 0x0000000088a00000, 0x0000000088b00000|  0%| F|  |TAMS 0x0000000088a00000, 0x0000000088a00000| Untracked 
| 139|0x0000000088b00000, 0x0000000088b00000, 0x0000000088c00000|  0%| F|  |TAMS 0x0000000088b00000, 0x0000000088b00000| Untracked 
| 140|0x0000000088c00000, 0x0000000088c00000, 0x0000000088d00000|  0%| F|  |TAMS 0x0000000088c00000, 0x0000000088c00000| Untracked 
| 141|0x0000000088d00000, 0x0000000088d00000, 0x0000000088e00000|  0%| F|  |TAMS 0x0000000088d00000, 0x0000000088d00000| Untracked 
| 142|0x0000000088e00000, 0x0000000088e00000, 0x0000000088f00000|  0%| F|  |TAMS 0x0000000088e00000, 0x0000000088e00000| Untracked 
| 143|0x0000000088f00000, 0x0000000088f00000, 0x0000000089000000|  0%| F|  |TAMS 0x0000000088f00000, 0x0000000088f00000| Untracked 
| 144|0x0000000089000000, 0x0000000089000000, 0x0000000089100000|  0%| F|  |TAMS 0x0000000089000000, 0x0000000089000000| Untracked 
| 145|0x0000000089100000, 0x0000000089100000, 0x0000000089200000|  0%| F|  |TAMS 0x0000000089100000, 0x0000000089100000| Untracked 
| 146|0x0000000089200000, 0x0000000089200000, 0x0000000089300000|  0%| F|  |TAMS 0x0000000089200000, 0x0000000089200000| Untracked 
| 147|0x0000000089300000, 0x0000000089300000, 0x0000000089400000|  0%| F|  |TAMS 0x0000000089300000, 0x0000000089300000| Untracked 
| 148|0x0000000089400000, 0x0000000089400000, 0x0000000089500000|  0%| F|  |TAMS 0x0000000089400000, 0x0000000089400000| Untracked 
| 149|0x0000000089500000, 0x0000000089500000, 0x0000000089600000|  0%| F|  |TAMS 0x0000000089500000, 0x0000000089500000| Untracked 
| 150|0x0000000089600000, 0x0000000089600000, 0x0000000089700000|  0%| F|  |TAMS 0x0000000089600000, 0x0000000089600000| Untracked 
| 151|0x0000000089700000, 0x0000000089700000, 0x0000000089800000|  0%| F|  |TAMS 0x0000000089700000, 0x0000000089700000| Untracked 
| 152|0x0000000089800000, 0x0000000089800000, 0x0000000089900000|  0%| F|  |TAMS 0x0000000089800000, 0x0000000089800000| Untracked 
| 153|0x0000000089900000, 0x0000000089900000, 0x0000000089a00000|  0%| F|  |TAMS 0x0000000089900000, 0x0000000089900000| Untracked 
| 154|0x0000000089a00000, 0x0000000089a00000, 0x0000000089b00000|  0%| F|  |TAMS 0x0000000089a00000, 0x0000000089a00000| Untracked 
| 155|0x0000000089b00000, 0x0000000089b00000, 0x0000000089c00000|  0%| F|  |TAMS 0x0000000089b00000, 0x0000000089b00000| Untracked 
| 156|0x0000000089c00000, 0x0000000089c00000, 0x0000000089d00000|  0%| F|  |TAMS 0x0000000089c00000, 0x0000000089c00000| Untracked 
| 157|0x0000000089d00000, 0x0000000089d00000, 0x0000000089e00000|  0%| F|  |TAMS 0x0000000089d00000, 0x0000000089d00000| Untracked 
| 158|0x0000000089e00000, 0x0000000089e00000, 0x0000000089f00000|  0%| F|  |TAMS 0x0000000089e00000, 0x0000000089e00000| Untracked 
| 159|0x0000000089f00000, 0x0000000089f00000, 0x000000008a000000|  0%| F|  |TAMS 0x0000000089f00000, 0x0000000089f00000| Untracked 
| 160|0x000000008a000000, 0x000000008a100000, 0x000000008a100000|100%| S|CS|TAMS 0x000000008a000000, 0x000000008a000000| Complete 
| 161|0x000000008a100000, 0x000000008a100000, 0x000000008a200000|  0%| F|  |TAMS 0x000000008a100000, 0x000000008a100000| Untracked 
| 162|0x000000008a200000, 0x000000008a200000, 0x000000008a300000|  0%| F|  |TAMS 0x000000008a200000, 0x000000008a200000| Untracked 
| 163|0x000000008a300000, 0x000000008a300000, 0x000000008a400000|  0%| F|  |TAMS 0x000000008a300000, 0x000000008a300000| Untracked 
| 164|0x000000008a400000, 0x000000008a400000, 0x000000008a500000|  0%| F|  |TAMS 0x000000008a400000, 0x000000008a400000| Untracked 
| 165|0x000000008a500000, 0x000000008a500000, 0x000000008a600000|  0%| F|  |TAMS 0x000000008a500000, 0x000000008a500000| Untracked 
| 166|0x000000008a600000, 0x000000008a600000, 0x000000008a700000|  0%| F|  |TAMS 0x000000008a600000, 0x000000008a600000| Untracked 

Card table byte_map: [0x00000197c5b40000,0x00000197c5f40000] _byte_map_base: 0x00000197c5740000

Marking Bits (Prev, Next): (CMBitMap*) 0x00000197b2f8e510, (CMBitMap*) 0x00000197b2f8e4d0
 Prev Bits: [0x00000197c8340000, 0x00000197ca340000)
 Next Bits: [0x00000197c6340000, 0x00000197c8340000)

Polling page: 0x00000197b0ea0000

Metaspace:

Usage:
  Non-class:     45.87 MB used.
      Class:      7.24 MB used.
       Both:     53.11 MB used.

Virtual space:
  Non-class space:       64.00 MB reserved,      46.12 MB ( 72%) committed,  1 nodes.
      Class space:        1.00 GB reserved,       7.50 MB ( <1%) committed,  1 nodes.
             Both:        1.06 GB reserved,      53.62 MB (  5%) committed. 

Chunk freelists:
   Non-Class:  1.67 MB
       Class:  8.39 MB
        Both:  10.06 MB

MaxMetaspaceSize: unlimited
CompressedClassSpaceSize: 1.00 GB
Initial GC threshold: 21.00 MB
Current GC threshold: 89.06 MB
CDS: off
MetaspaceReclaimPolicy: balanced
 - commit_granule_bytes: 65536.
 - commit_granule_words: 8192.
 - virtual_space_node_default_size: 8388608.
 - enlarge_chunks_in_place: 1.
 - new_chunks_are_fully_committed: 0.
 - uncommit_free_chunks: 1.
 - use_allocation_guard: 0.
 - handle_deallocations: 1.


Internal statistics:

num_allocs_failed_limit: 3.
num_arena_births: 620.
num_arena_deaths: 0.
num_vsnodes_births: 2.
num_vsnodes_deaths: 0.
num_space_committed: 858.
num_space_uncommitted: 0.
num_chunks_returned_to_freelist: 3.
num_chunks_taken_from_freelist: 2460.
num_chunk_merges: 3.
num_chunk_splits: 1561.
num_chunks_enlarged: 1033.
num_inconsistent_stats: 0.

CodeHeap 'non-profiled nmethods': size=120000Kb used=2888Kb max_used=2888Kb free=117111Kb
 bounds [0x00000197bdee0000, 0x00000197be1c0000, 0x00000197c5410000]
CodeHeap 'profiled nmethods': size=120000Kb used=11684Kb max_used=11684Kb free=108315Kb
 bounds [0x00000197b6410000, 0x00000197b6f80000, 0x00000197bd940000]
CodeHeap 'non-nmethods': size=5760Kb used=2327Kb max_used=2371Kb free=3432Kb
 bounds [0x00000197bd940000, 0x00000197bdbb0000, 0x00000197bdee0000]
 total_blobs=6445 nmethods=5614 adapters=743
 compilation: enabled
              stopped_count=0, restarted_count=0
 full_count=0

Compilation events (20 events):
Event: 11.380 Thread 0x00000197d102f0d0 5685       2       org.gradle.api.internal.file.archive.impl.AbstractZipEntry::<init> (10 bytes)
Event: 11.380 Thread 0x00000197d102f0d0 nmethod 5685 0x00000197b6f75110 code [0x00000197b6f752a0, 0x00000197b6f753f8]
Event: 11.380 Thread 0x00000197d102f0d0 5686       2       org.gradle.api.internal.file.archive.impl.AbstractZipEntry::isDirectory (8 bytes)
Event: 11.380 Thread 0x00000197d102f0d0 nmethod 5686 0x00000197b6f75490 code [0x00000197b6f75620, 0x00000197b6f75748]
Event: 11.380 Thread 0x00000197d102f0d0 5687       2       org.gradle.internal.classpath.ClasspathWalker$ZipClasspathEntry::<init> (10 bytes)
Event: 11.380 Thread 0x00000197d102f0d0 nmethod 5687 0x00000197b6f75810 code [0x00000197b6f759a0, 0x00000197b6f75af8]
Event: 11.381 Thread 0x00000197d102f0d0 5688       2       java.util.regex.Pattern$Begin::match (62 bytes)
Event: 11.381 Thread 0x00000197d102f0d0 nmethod 5688 0x00000197b6f75b90 code [0x00000197b6f75d40, 0x00000197b6f75f48]
Event: 11.381 Thread 0x00000197d102f0d0 5689       2       org.gradle.internal.classpath.transforms.BaseClasspathElementTransform::processClassFile (98 bytes)
Event: 11.382 Thread 0x00000197d102f0d0 nmethod 5689 0x00000197b6f76090 code [0x00000197b6f762e0, 0x00000197b6f76a38]
Event: 11.382 Thread 0x00000197d102f0d0 5690       2       org.gradle.internal.classpath.ClasspathWalker$ZipClasspathEntry::getContent (10 bytes)
Event: 11.382 Thread 0x00000197d102f0d0 nmethod 5690 0x00000197b6f76f90 code [0x00000197b6f77140, 0x00000197b6f77388]
Event: 11.382 Thread 0x00000197d102f0d0 5691       2       org.gradle.api.internal.file.archive.impl.AbstractZipEntry::getContent (16 bytes)
Event: 11.382 Thread 0x00000197d102f0d0 nmethod 5691 0x00000197b6f77510 code [0x00000197b6f776c0, 0x00000197b6f778c8]
Event: 11.382 Thread 0x00000197d102f0d0 5692       2       org.gradle.api.internal.file.archive.impl.AbstractZipEntry$1::<init> (10 bytes)
Event: 11.382 Thread 0x00000197d102f0d0 nmethod 5692 0x00000197b6f77a10 code [0x00000197b6f77ba0, 0x00000197b6f77cf8]
Event: 11.382 Thread 0x00000197d102f0d0 5693   !   2       org.gradle.api.internal.file.archive.impl.FileZipInput$FileZipEntry::withInputStream (28 bytes)
Event: 11.383 Thread 0x00000197d102f0d0 nmethod 5693 0x00000197b6f77d90 code [0x00000197b6f77fc0, 0x00000197b6f78548]
Event: 11.383 Thread 0x00000197d102f0d0 5694       2       org.gradle.internal.classpath.CallInterceptionClosureInstrumentingClassVisitor::visitEnd (157 bytes)
Event: 11.383 Thread 0x00000197d102f0d0 nmethod 5694 0x00000197b6f78a90 code [0x00000197b6f78cc0, 0x00000197b6f790a8]

GC Heap History (20 events):
Event: 10.445 GC heap after
{Heap after GC invocations=29 (full 0):
 garbage-first heap   total 91136K, used 53046K [0x0000000080000000, 0x0000000100000000)
  region size 1024K, 4 young (4096K), 4 survivors (4096K)
 Metaspace       used 53233K, committed 53696K, reserved 1114112K
  class space    used 7282K, committed 7488K, reserved 1048576K
}
Event: 10.532 GC heap before
{Heap before GC invocations=29 (full 0):
 garbage-first heap   total 91136K, used 73526K [0x0000000080000000, 0x0000000100000000)
  region size 1024K, 25 young (25600K), 4 survivors (4096K)
 Metaspace       used 53549K, committed 54144K, reserved 1114112K
  class space    used 7332K, committed 7616K, reserved 1048576K
}
Event: 10.543 GC heap after
{Heap after GC invocations=30 (full 0):
 garbage-first heap   total 91136K, used 61617K [0x0000000080000000, 0x0000000100000000)
  region size 1024K, 4 young (4096K), 4 survivors (4096K)
 Metaspace       used 53549K, committed 54144K, reserved 1114112K
  class space    used 7332K, committed 7616K, reserved 1048576K
}
Event: 10.608 GC heap before
{Heap before GC invocations=31 (full 0):
 garbage-first heap   total 114688K, used 71857K [0x0000000080000000, 0x0000000100000000)
  region size 1024K, 15 young (15360K), 4 survivors (4096K)
 Metaspace       used 53820K, committed 54336K, reserved 1114112K
  class space    used 7373K, committed 7616K, reserved 1048576K
}
Event: 10.619 GC heap after
{Heap after GC invocations=32 (full 0):
 garbage-first heap   total 114688K, used 67154K [0x0000000080000000, 0x0000000100000000)
  region size 1024K, 2 young (2048K), 2 survivors (2048K)
 Metaspace       used 53820K, committed 54336K, reserved 1114112K
  class space    used 7373K, committed 7616K, reserved 1048576K
}
Event: 10.721 GC heap before
{Heap before GC invocations=32 (full 0):
 garbage-first heap   total 114688K, used 84562K [0x0000000080000000, 0x0000000100000000)
  region size 1024K, 20 young (20480K), 2 survivors (2048K)
 Metaspace       used 54176K, committed 54720K, reserved 1114112K
  class space    used 7414K, committed 7680K, reserved 1048576K
}
Event: 10.735 GC heap after
{Heap after GC invocations=33 (full 0):
 garbage-first heap   total 114688K, used 74752K [0x0000000080000000, 0x0000000100000000)
  region size 1024K, 3 young (3072K), 3 survivors (3072K)
 Metaspace       used 54176K, committed 54720K, reserved 1114112K
  class space    used 7414K, committed 7680K, reserved 1048576K
}
Event: 10.878 GC heap before
{Heap before GC invocations=33 (full 0):
 garbage-first heap   total 114688K, used 88064K [0x0000000080000000, 0x0000000100000000)
  region size 1024K, 16 young (16384K), 3 survivors (3072K)
 Metaspace       used 54186K, committed 54720K, reserved 1114112K
  class space    used 7414K, committed 7680K, reserved 1048576K
}
Event: 10.915 GC heap after
{Heap after GC invocations=34 (full 0):
 garbage-first heap   total 144384K, used 80553K [0x0000000080000000, 0x0000000100000000)
  region size 1024K, 2 young (2048K), 2 survivors (2048K)
 Metaspace       used 54186K, committed 54720K, reserved 1114112K
  class space    used 7414K, committed 7680K, reserved 1048576K
}
Event: 11.084 GC heap before
{Heap before GC invocations=35 (full 0):
 garbage-first heap   total 144384K, used 107177K [0x0000000080000000, 0x0000000100000000)
  region size 1024K, 26 young (26624K), 2 survivors (2048K)
 Metaspace       used 54319K, committed 54848K, reserved 1114112K
  class space    used 7415K, committed 7680K, reserved 1048576K
}
Event: 11.097 GC heap after
{Heap after GC invocations=36 (full 0):
 garbage-first heap   total 144384K, used 90706K [0x0000000080000000, 0x0000000100000000)
  region size 1024K, 4 young (4096K), 4 survivors (4096K)
 Metaspace       used 54319K, committed 54848K, reserved 1114112K
  class space    used 7415K, committed 7680K, reserved 1048576K
}
Event: 11.114 GC heap before
{Heap before GC invocations=36 (full 0):
 garbage-first heap   total 144384K, used 93778K [0x0000000080000000, 0x0000000100000000)
  region size 1024K, 7 young (7168K), 4 survivors (4096K)
 Metaspace       used 54332K, committed 54848K, reserved 1114112K
  class space    used 7415K, committed 7680K, reserved 1048576K
}
Event: 11.122 GC heap after
{Heap after GC invocations=37 (full 0):
 garbage-first heap   total 144384K, used 92017K [0x0000000080000000, 0x0000000100000000)
  region size 1024K, 1 young (1024K), 1 survivors (1024K)
 Metaspace       used 54332K, committed 54848K, reserved 1114112K
  class space    used 7415K, committed 7680K, reserved 1048576K
}
Event: 11.196 GC heap before
{Heap before GC invocations=37 (full 0):
 garbage-first heap   total 144384K, used 110449K [0x0000000080000000, 0x0000000100000000)
  region size 1024K, 20 young (20480K), 1 survivors (1024K)
 Metaspace       used 54345K, committed 54848K, reserved 1114112K
  class space    used 7415K, committed 7680K, reserved 1048576K
}
Event: 11.203 GC heap after
{Heap after GC invocations=38 (full 0):
 garbage-first heap   total 144384K, used 98176K [0x0000000080000000, 0x0000000100000000)
  region size 1024K, 3 young (3072K), 3 survivors (3072K)
 Metaspace       used 54345K, committed 54848K, reserved 1114112K
  class space    used 7415K, committed 7680K, reserved 1048576K
}
Event: 11.261 GC heap before
{Heap before GC invocations=38 (full 0):
 garbage-first heap   total 144384K, used 113536K [0x0000000080000000, 0x0000000100000000)
  region size 1024K, 19 young (19456K), 3 survivors (3072K)
 Metaspace       used 54357K, committed 54848K, reserved 1114112K
  class space    used 7415K, committed 7680K, reserved 1048576K
}
Event: 11.270 GC heap after
{Heap after GC invocations=39 (full 0):
 garbage-first heap   total 144384K, used 102896K [0x0000000080000000, 0x0000000100000000)
  region size 1024K, 3 young (3072K), 3 survivors (3072K)
 Metaspace       used 54357K, committed 54848K, reserved 1114112K
  class space    used 7415K, committed 7680K, reserved 1048576K
}
Event: 11.347 GC heap before
{Heap before GC invocations=40 (full 0):
 garbage-first heap   total 171008K, used 114160K [0x0000000080000000, 0x0000000100000000)
  region size 1024K, 16 young (16384K), 3 survivors (3072K)
 Metaspace       used 54361K, committed 54848K, reserved 1114112K
  class space    used 7415K, committed 7680K, reserved 1048576K
}
Event: 11.355 GC heap after
{Heap after GC invocations=41 (full 0):
 garbage-first heap   total 171008K, used 104697K [0x0000000080000000, 0x0000000100000000)
  region size 1024K, 2 young (2048K), 2 survivors (2048K)
 Metaspace       used 54361K, committed 54848K, reserved 1114112K
  class space    used 7415K, committed 7680K, reserved 1048576K
}
Event: 11.387 GC heap before
{Heap before GC invocations=41 (full 0):
 garbage-first heap   total 171008K, used 111865K [0x0000000080000000, 0x0000000100000000)
  region size 1024K, 8 young (8192K), 2 survivors (2048K)
 Metaspace       used 54385K, committed 54912K, reserved 1114112K
  class space    used 7415K, committed 7680K, reserved 1048576K
}

Dll operation events (3 events):
Event: 0.064 Loaded shared library C:\Program Files\Android\Android Studio\jbr\bin\java.dll
Event: 0.340 Loaded shared library C:\Program Files\Android\Android Studio\jbr\bin\zip.dll
Event: 1.253 Loaded shared library C:\Program Files\Android\Android Studio\jbr\bin\verify.dll

Deoptimization events (20 events):
Event: 10.997 Thread 0x00000197d52f56f0 Uncommon trap: trap_request=0xffffff45 fr.pc=0x00000197be160494 relative=0x0000000000001a94
Event: 10.998 Thread 0x00000197d52f56f0 Uncommon trap: reason=unstable_if action=reinterpret pc=0x00000197be160494 method=org.objectweb.asm.ByteVector.putUTF8(Ljava/lang/String;)Lorg/objectweb/asm/ByteVector; @ 100 c2
Event: 10.998 Thread 0x00000197d52f56f0 DEOPT PACKING pc=0x00000197be160494 sp=0x00000051821f9fa0
Event: 10.998 Thread 0x00000197d52f56f0 DEOPT UNPACKING pc=0x00000197bd99a1a3 sp=0x00000051821f9e88 mode 2
Event: 11.050 Thread 0x00000197d52f56f0 DEOPT PACKING pc=0x00000197b6eb5b3c sp=0x00000051821fa730
Event: 11.050 Thread 0x00000197d52f56f0 DEOPT UNPACKING pc=0x00000197bd99ace3 sp=0x00000051821f9c08 mode 0
Event: 11.160 Thread 0x00000197d52f56f0 DEOPT PACKING pc=0x00000197b6ee5f9f sp=0x00000051821fa9e0
Event: 11.160 Thread 0x00000197d52f56f0 DEOPT UNPACKING pc=0x00000197bd99ace3 sp=0x00000051821f9ee0 mode 0
Event: 11.190 Thread 0x00000197d52f56f0 Uncommon trap: trap_request=0xffffff45 fr.pc=0x00000197be1632f0 relative=0x0000000000000d50
Event: 11.190 Thread 0x00000197d52f56f0 Uncommon trap: reason=unstable_if action=reinterpret pc=0x00000197be1632f0 method=org.objectweb.asm.ByteVector.putUTF8(Ljava/lang/String;)Lorg/objectweb/asm/ByteVector; @ 100 c2
Event: 11.191 Thread 0x00000197d52f56f0 DEOPT PACKING pc=0x00000197be1632f0 sp=0x00000051821f9e00
Event: 11.191 Thread 0x00000197d52f56f0 DEOPT UNPACKING pc=0x00000197bd99a1a3 sp=0x00000051821f9d48 mode 2
Event: 11.291 Thread 0x00000197d52f56f0 Uncommon trap: trap_request=0xffffff3d fr.pc=0x00000197be068250 relative=0x0000000000000210
Event: 11.291 Thread 0x00000197d52f56f0 Uncommon trap: reason=unstable_fused_if action=reinterpret pc=0x00000197be068250 method=org.objectweb.asm.ByteVector.putUTF8(Ljava/lang/String;)Lorg/objectweb/asm/ByteVector; @ 93 c2
Event: 11.291 Thread 0x00000197d52f56f0 DEOPT PACKING pc=0x00000197be068250 sp=0x00000051821f9da0
Event: 11.292 Thread 0x00000197d52f56f0 DEOPT UNPACKING pc=0x00000197bd99a1a3 sp=0x00000051821f9d20 mode 2
Event: 11.306 Thread 0x00000197d52f56f0 DEOPT PACKING pc=0x00000197b6f5fe91 sp=0x00000051821f9c00
Event: 11.306 Thread 0x00000197d52f56f0 DEOPT UNPACKING pc=0x00000197bd99ace3 sp=0x00000051821f9110 mode 0
Event: 11.340 Thread 0x00000197d52f56f0 DEOPT PACKING pc=0x00000197b6ee7790 sp=0x00000051821fa560
Event: 11.340 Thread 0x00000197d52f56f0 DEOPT UNPACKING pc=0x00000197bd99ace3 sp=0x00000051821f9a78 mode 0

Classes unloaded (0 events):
No events

Classes redefined (0 events):
No events

Internal exceptions (20 events):
Event: 9.371 Thread 0x00000197d2e451b0 Exception <a 'java/lang/NoSuchMethodError'{0x0000000084d37860}: 'java.lang.Object java.lang.invoke.DirectMethodHandle$Holder.newInvokeSpecial(java.lang.Object, int, java.lang.Object)'> (0x0000000084d37860) 
thrown [s\src\hotspot\share\interpreter\linkResolver.cpp, line 771]
Event: 9.587 Thread 0x00000197d2e451b0 Exception <a 'java/lang/NoSuchMethodError'{0x0000000084304d10}: 'java.lang.Object java.lang.invoke.DirectMethodHandle$Holder.invokeSpecial(java.lang.Object, java.lang.Object, long, java.lang.Object, java.lang.Object)'> (0x0000000084304d10) 
thrown [s\src\hotspot\share\interpreter\linkResolver.cpp, line 771]
Event: 9.772 Thread 0x00000197d2e451b0 Exception <a 'java/lang/NoSuchMethodError'{0x000000008574f2b0}: 'int java.lang.invoke.DirectMethodHandle$Holder.invokeInterface(java.lang.Object, java.lang.Object, java.lang.Object, java.lang.Object, java.lang.Object)'> (0x000000008574f2b0) 
thrown [s\src\hotspot\share\interpreter\linkResolver.cpp, line 771]
Event: 9.809 Thread 0x00000197d2e451b0 Exception <a 'java/lang/NoSuchMethodError'{0x00000000856922f0}: 'java.lang.Object java.lang.invoke.DirectMethodHandle$Holder.newInvokeSpecial(java.lang.Object, java.lang.Object, java.lang.Object, java.lang.Object, int, java.lang.Object)'> (0x00000000856922f0) 
thrown [s\src\hotspot\share\interpreter\linkResolver.cpp, line 771]
Event: 9.810 Thread 0x00000197d2e451b0 Exception <a 'java/lang/NoSuchMethodError'{0x000000008569b180}: 'java.lang.Object java.lang.invoke.Invokers$Holder.linkToTargetMethod(java.lang.Object, java.lang.Object, java.lang.Object, int, java.lang.Object, java.lang.Object)'> (0x000000008569b180) 
thrown [s\src\hotspot\share\interpreter\linkResolver.cpp, line 771]
Event: 9.897 Thread 0x00000197d2e451b0 Exception <a 'java/lang/NoSuchMethodError'{0x000000008528ffb0}: 'java.lang.Object java.lang.invoke.DirectMethodHandle$Holder.invokeSpecialIFC(java.lang.Object, java.lang.Object, java.lang.Object)'> (0x000000008528ffb0) 
thrown [s\src\hotspot\share\interpreter\linkResolver.cpp, line 771]
Event: 10.097 Thread 0x00000197d40774c0 Exception <a 'sun/nio/fs/WindowsException'{0x0000000084f18fd8}> (0x0000000084f18fd8) 
thrown [s\src\hotspot\share\prims\jni.cpp, line 531]
Event: 10.100 Thread 0x00000197d40774c0 Exception <a 'sun/nio/fs/WindowsException'{0x0000000084f196b8}> (0x0000000084f196b8) 
thrown [s\src\hotspot\share\prims\jni.cpp, line 531]
Event: 10.103 Thread 0x00000197d40774c0 Exception <a 'sun/nio/fs/WindowsException'{0x0000000084f29318}> (0x0000000084f29318) 
thrown [s\src\hotspot\share\prims\jni.cpp, line 531]
Event: 10.107 Thread 0x00000197d40774c0 Exception <a 'sun/nio/fs/WindowsException'{0x0000000084f35590}> (0x0000000084f35590) 
thrown [s\src\hotspot\share\prims\jni.cpp, line 531]
Event: 10.145 Thread 0x00000197d2e451b0 Exception <a 'java/lang/ClassNotFoundException'{0x0000000084f65958}: sync_studio_tooling9203_22weg513i29bkt1ytfmp9w8k9BeanInfo> (0x0000000084f65958) 
thrown [s\src\hotspot\share\classfile\systemDictionary.cpp, line 256]
Event: 10.146 Thread 0x00000197d2e451b0 Exception <a 'java/lang/ClassNotFoundException'{0x0000000084f6cd78}: sync_studio_tooling9203_22weg513i29bkt1ytfmp9w8k9Customizer> (0x0000000084f6cd78) 
thrown [s\src\hotspot\share\classfile\systemDictionary.cpp, line 256]
Event: 10.188 Thread 0x00000197d2e451b0 Exception <a 'java/lang/ClassNotFoundException'{0x0000000084e6b9d0}: ijInit2_cx30y7ewc6g5dj6phepfccrwgBeanInfo> (0x0000000084e6b9d0) 
thrown [s\src\hotspot\share\classfile\systemDictionary.cpp, line 256]
Event: 10.189 Thread 0x00000197d2e451b0 Exception <a 'java/lang/ClassNotFoundException'{0x0000000084e72cd8}: ijInit2_cx30y7ewc6g5dj6phepfccrwgCustomizer> (0x0000000084e72cd8) 
thrown [s\src\hotspot\share\classfile\systemDictionary.cpp, line 256]
Event: 10.211 Thread 0x00000197d2e451b0 Exception <a 'java/lang/ClassNotFoundException'{0x0000000084ebd6f0}: ijInit2_cx30y7ewc6g5dj6phepfccrwg$_run_closure1BeanInfo> (0x0000000084ebd6f0) 
thrown [s\src\hotspot\share\classfile\systemDictionary.cpp, line 256]
Event: 10.211 Thread 0x00000197d2e451b0 Exception <a 'java/lang/ClassNotFoundException'{0x0000000084ec4d38}: ijInit2_cx30y7ewc6g5dj6phepfccrwg$_run_closure1Customizer> (0x0000000084ec4d38) 
thrown [s\src\hotspot\share\classfile\systemDictionary.cpp, line 256]
Event: 10.333 Thread 0x00000197d4074c40 Exception <a 'java/lang/IncompatibleClassChangeError'{0x000000008491c278}: Found class java.lang.Object, but interface was expected> (0x000000008491c278) 
thrown [s\src\hotspot\share\interpreter\linkResolver.cpp, line 838]
Event: 10.398 Thread 0x00000197d52f56f0 Exception <a 'java/lang/NoSuchMethodError'{0x00000000847dcbb0}: 'void java.lang.invoke.DirectMethodHandle$Holder.invokeVirtual(java.lang.Object, java.lang.Object)'> (0x00000000847dcbb0) 
thrown [s\src\hotspot\share\interpreter\linkResolver.cpp, line 771]
Event: 10.457 Thread 0x00000197d52f56f0 Exception <a 'java/lang/NoSuchMethodError'{0x0000000085670838}: 'void java.lang.invoke.DirectMethodHandle$Holder.invokeStaticInit(java.lang.Object, java.lang.Object, java.lang.Object, java.lang.Object, java.lang.Object, java.lang.Object, java.lang.Object, int)'> (0x0000000085670838) 
thrown [s\src\hotspot\share\interpreter\linkResolver.cpp, line 771]
Event: 10.505 Thread 0x00000197d52f56f0 Exception <a 'sun/nio/fs/WindowsException'{0x0000000084955fc8}> (0x0000000084955fc8) 
thrown [s\src\hotspot\share\prims\jni.cpp, line 531]

VM Operations (20 events):
Event: 10.915 Executing VM operation: G1CollectForAllocation done
Event: 10.918 Executing VM operation: G1PauseRemark
Event: 10.926 Executing VM operation: G1PauseRemark done
Event: 10.956 Executing VM operation: G1PauseCleanup
Event: 10.956 Executing VM operation: G1PauseCleanup done
Event: 11.084 Executing VM operation: G1CollectForAllocation
Event: 11.097 Executing VM operation: G1CollectForAllocation done
Event: 11.113 Executing VM operation: G1CollectForAllocation
Event: 11.122 Executing VM operation: G1CollectForAllocation done
Event: 11.196 Executing VM operation: G1CollectForAllocation
Event: 11.203 Executing VM operation: G1CollectForAllocation done
Event: 11.261 Executing VM operation: G1CollectForAllocation
Event: 11.270 Executing VM operation: G1CollectForAllocation done
Event: 11.272 Executing VM operation: G1PauseRemark
Event: 11.275 Executing VM operation: G1PauseRemark done
Event: 11.313 Executing VM operation: G1PauseCleanup
Event: 11.313 Executing VM operation: G1PauseCleanup done
Event: 11.347 Executing VM operation: G1CollectForAllocation
Event: 11.355 Executing VM operation: G1CollectForAllocation done
Event: 11.387 Executing VM operation: G1CollectForAllocation

Events (20 events):
Event: 10.266 Thread 0x00000197d4075660 Thread added: 0x00000197d4075660
Event: 10.267 Thread 0x00000197d4075150 Thread added: 0x00000197d4075150
Event: 10.268 Thread 0x00000197d52f56f0 Thread added: 0x00000197d52f56f0
Event: 10.269 Thread 0x00000197d52f7550 Thread added: 0x00000197d52f7550
Event: 10.418 loading class java/util/DualPivotQuicksort
Event: 10.419 loading class java/util/DualPivotQuicksort done
Event: 10.519 loading class java/nio/charset/UnsupportedCharsetException
Event: 10.520 loading class java/nio/charset/UnsupportedCharsetException done
Event: 10.523 loading class java/util/Collections$UnmodifiableSortedMap
Event: 10.525 loading class java/util/Collections$UnmodifiableSortedMap done
Event: 10.525 loading class java/util/zip/Deflater
Event: 10.526 loading class java/util/zip/Deflater done
Event: 10.527 loading class java/util/zip/Deflater$DeflaterZStreamRef
Event: 10.527 loading class java/util/zip/Deflater$DeflaterZStreamRef done
Event: 10.563 loading class java/util/zip/ZipInputStream
Event: 10.564 loading class java/util/zip/ZipInputStream done
Event: 10.632 loading class java/nio/StringCharBuffer
Event: 10.633 loading class java/nio/StringCharBuffer done
Event: 10.638 loading class java/security/Key
Event: 10.638 loading class java/security/Key done


Dynamic libraries:
0x00007ff776380000 - 0x00007ff77638a000 	C:\Program Files\Android\Android Studio\jbr\bin\java.exe
0x00007fff2c3f0000 - 0x00007fff2c5e8000 	C:\Windows\SYSTEM32\ntdll.dll
0x00007fff2be70000 - 0x00007fff2bf32000 	C:\Windows\System32\KERNEL32.DLL
0x00007fff29e80000 - 0x00007fff2a176000 	C:\Windows\System32\KERNELBASE.dll
0x00007fff29d80000 - 0x00007fff29e80000 	C:\Windows\System32\ucrtbase.dll
0x00007fff16e60000 - 0x00007fff16e77000 	C:\Program Files\Android\Android Studio\jbr\bin\jli.dll
0x00007fff08770000 - 0x00007fff0878b000 	C:\Program Files\Android\Android Studio\jbr\bin\VCRUNTIME140.dll
0x00007fff2bc50000 - 0x00007fff2bded000 	C:\Windows\System32\USER32.dll
0x00007fff2a330000 - 0x00007fff2a352000 	C:\Windows\System32\win32u.dll
0x00007fff2bff0000 - 0x00007fff2c01b000 	C:\Windows\System32\GDI32.dll
0x00007fff14d60000 - 0x00007fff14ffa000 	C:\Windows\WinSxS\amd64_microsoft.windows.common-controls_6595b64144ccf1df_6.0.19041.5915_none_60b4b9d171f9c7c7\COMCTL32.dll
0x00007fff29b20000 - 0x00007fff29c39000 	C:\Windows\System32\gdi32full.dll
0x00007fff2b540000 - 0x00007fff2b5de000 	C:\Windows\System32\msvcrt.dll
0x00007fff29a80000 - 0x00007fff29b1d000 	C:\Windows\System32\msvcp_win.dll
0x00007fff2b860000 - 0x00007fff2b88f000 	C:\Windows\System32\IMM32.DLL
0x00007fff1f660000 - 0x00007fff1f66c000 	C:\Program Files\Android\Android Studio\jbr\bin\vcruntime140_1.dll
0x00007fff08050000 - 0x00007fff080dd000 	C:\Program Files\Android\Android Studio\jbr\bin\msvcp140.dll
0x00007fff00130000 - 0x00007fff00db3000 	C:\Program Files\Android\Android Studio\jbr\bin\server\jvm.dll
0x00007fff2b7a0000 - 0x00007fff2b851000 	C:\Windows\System32\ADVAPI32.dll
0x00007fff2b4a0000 - 0x00007fff2b53f000 	C:\Windows\System32\sechost.dll
0x00007fff2c270000 - 0x00007fff2c393000 	C:\Windows\System32\RPCRT4.dll
0x00007fff29d50000 - 0x00007fff29d77000 	C:\Windows\System32\bcrypt.dll
0x00007fff15940000 - 0x00007fff15967000 	C:\Windows\SYSTEM32\WINMM.dll
0x00007fff298e0000 - 0x00007fff2992b000 	C:\Windows\SYSTEM32\POWRPROF.dll
0x00007fff24c90000 - 0x00007fff24c99000 	C:\Windows\SYSTEM32\WSOCK32.dll
0x00007fff23000000 - 0x00007fff2300a000 	C:\Windows\SYSTEM32\VERSION.dll
0x00007fff2b420000 - 0x00007fff2b48b000 	C:\Windows\System32\WS2_32.dll
0x00007fff298c0000 - 0x00007fff298d2000 	C:\Windows\SYSTEM32\UMPDC.dll
0x00007fff27900000 - 0x00007fff27912000 	C:\Windows\SYSTEM32\kernel.appcore.dll
0x00007fff24fb0000 - 0x00007fff24fba000 	C:\Program Files\Android\Android Studio\jbr\bin\jimage.dll
0x00007fff25590000 - 0x00007fff25791000 	C:\Windows\SYSTEM32\DBGHELP.DLL
0x00007fff13440000 - 0x00007fff13474000 	C:\Windows\SYSTEM32\dbgcore.DLL
0x00007fff29cc0000 - 0x00007fff29d42000 	C:\Windows\System32\bcryptPrimitives.dll
0x00007fff1f510000 - 0x00007fff1f51e000 	C:\Program Files\Android\Android Studio\jbr\bin\instrument.dll
0x00007fff23ad0000 - 0x00007fff23af5000 	C:\Program Files\Android\Android Studio\jbr\bin\java.dll
0x00007fff23e30000 - 0x00007fff23e48000 	C:\Program Files\Android\Android Studio\jbr\bin\zip.dll
0x00007fff2acb0000 - 0x00007fff2b41e000 	C:\Windows\System32\SHELL32.dll
0x00007fff27b00000 - 0x00007fff282a4000 	C:\Windows\SYSTEM32\windows.storage.dll
0x00007fff2b8f0000 - 0x00007fff2bc43000 	C:\Windows\System32\combase.dll
0x00007fff293e0000 - 0x00007fff2940b000 	C:\Windows\SYSTEM32\Wldp.dll
0x00007fff2b6c0000 - 0x00007fff2b78d000 	C:\Windows\System32\OLEAUT32.dll
0x00007fff2ac00000 - 0x00007fff2acad000 	C:\Windows\System32\SHCORE.dll
0x00007fff2b890000 - 0x00007fff2b8eb000 	C:\Windows\System32\shlwapi.dll
0x00007fff299b0000 - 0x00007fff299d4000 	C:\Windows\SYSTEM32\profapi.dll
0x00007fff20900000 - 0x00007fff20919000 	C:\Program Files\Android\Android Studio\jbr\bin\net.dll
0x00007fff228b0000 - 0x00007fff229ba000 	C:\Windows\SYSTEM32\WINHTTP.dll
0x00007fff29140000 - 0x00007fff291aa000 	C:\Windows\system32\mswsock.dll
0x00007fff16f80000 - 0x00007fff16f96000 	C:\Program Files\Android\Android Studio\jbr\bin\nio.dll
0x00007fff24fa0000 - 0x00007fff24fb0000 	C:\Program Files\Android\Android Studio\jbr\bin\verify.dll
0x00007fff08790000 - 0x00007fff087b7000 	C:\Users\denni\.gradle\native\c067742578af261105cb4f569cf0c3c89f3d7b1fecec35dd04571415982c5e48\windows-amd64\native-platform.dll
0x00007fff05ef0000 - 0x00007fff06034000 	C:\Users\denni\.gradle\native\100fb08df4bc3b14c8652ba06237920a3bd2aa13389f12d3474272988ae205f9\windows-amd64\native-platform-file-events.dll
0x00007fff23b30000 - 0x00007fff23b39000 	C:\Program Files\Android\Android Studio\jbr\bin\management.dll
0x00007fff22640000 - 0x00007fff2264b000 	C:\Program Files\Android\Android Studio\jbr\bin\management_ext.dll
0x00007fff2c3a0000 - 0x00007fff2c3a8000 	C:\Windows\System32\PSAPI.DLL
0x00007fff29340000 - 0x00007fff29358000 	C:\Windows\SYSTEM32\CRYPTSP.dll
0x00007fff28a60000 - 0x00007fff28a98000 	C:\Windows\system32\rsaenh.dll
0x00007fff29930000 - 0x00007fff2995e000 	C:\Windows\SYSTEM32\USERENV.dll
0x00007fff29330000 - 0x00007fff2933c000 	C:\Windows\SYSTEM32\CRYPTBASE.dll
0x00007fff28e20000 - 0x00007fff28e5b000 	C:\Windows\SYSTEM32\IPHLPAPI.DLL
0x00007fff2b490000 - 0x00007fff2b498000 	C:\Windows\System32\NSI.dll
0x00007fff20e70000 - 0x00007fff20e87000 	C:\Windows\SYSTEM32\dhcpcsvc6.DLL
0x00007fff216e0000 - 0x00007fff216fd000 	C:\Windows\SYSTEM32\dhcpcsvc.DLL
0x00007fff28e60000 - 0x00007fff28f2a000 	C:\Windows\SYSTEM32\DNSAPI.dll
0x00007fff24ca0000 - 0x00007fff24ca9000 	C:\Program Files\Android\Android Studio\jbr\bin\extnet.dll
0x00007fff24cc0000 - 0x00007fff24cc7000 	C:\Windows\system32\wshunix.dll

dbghelp: loaded successfully - version: 4.0.5 - missing functions: none
symbol engine: initialized successfully - sym options: 0x614 - pdb path: .;C:\Program Files\Android\Android Studio\jbr\bin;C:\Windows\SYSTEM32;C:\Windows\WinSxS\amd64_microsoft.windows.common-controls_6595b64144ccf1df_6.0.19041.5915_none_60b4b9d171f9c7c7;C:\Program Files\Android\Android Studio\jbr\bin\server;C:\Users\denni\.gradle\native\c067742578af261105cb4f569cf0c3c89f3d7b1fecec35dd04571415982c5e48\windows-amd64;C:\Users\denni\.gradle\native\100fb08df4bc3b14c8652ba06237920a3bd2aa13389f12d3474272988ae205f9\windows-amd64

VM Arguments:
jvm_args: --add-opens=java.base/java.lang=ALL-UNNAMED --add-opens=java.base/java.lang.invoke=ALL-UNNAMED --add-opens=java.base/java.util=ALL-UNNAMED --add-opens=java.prefs/java.util.prefs=ALL-UNNAMED --add-exports=jdk.compiler/com.sun.tools.javac.api=ALL-UNNAMED --add-exports=jdk.compiler/com.sun.tools.javac.util=ALL-UNNAMED --add-opens=java.base/java.util=ALL-UNNAMED --add-opens=java.prefs/java.util.prefs=ALL-UNNAMED --add-opens=java.base/java.nio.charset=ALL-UNNAMED --add-opens=java.base/java.net=ALL-UNNAMED --add-opens=java.base/java.util.concurrent.atomic=ALL-UNNAMED --add-opens=java.xml/javax.xml.namespace=ALL-UNNAMED -Xmx2048m -Dfile.encoding=UTF-8 -Duser.country=US -Duser.language=en -Duser.variant -javaagent:C:\Users\denni\.gradle\wrapper\dists\gradle-8.11.1-bin\bpt9gzteqjrbo1mjrsomdt32c\gradle-8.11.1\lib\agents\gradle-instrumentation-agent-8.11.1.jar 
java_command: org.gradle.launcher.daemon.bootstrap.GradleDaemon 8.11.1
java_class_path (initial): C:\Users\denni\.gradle\wrapper\dists\gradle-8.11.1-bin\bpt9gzteqjrbo1mjrsomdt32c\gradle-8.11.1\lib\gradle-daemon-main-8.11.1.jar
Launcher Type: SUN_STANDARD

[Global flags]
     intx CICompilerCount                          = 4                                         {product} {ergonomic}
     uint ConcGCThreads                            = 2                                         {product} {ergonomic}
     uint G1ConcRefinementThreads                  = 8                                         {product} {ergonomic}
   size_t G1HeapRegionSize                         = 1048576                                   {product} {ergonomic}
    uintx GCDrainStackTargetSize                   = 64                                        {product} {ergonomic}
   size_t InitialHeapSize                          = 62914560                                  {product} {ergonomic}
   size_t MarkStackSize                            = 4194304                                   {product} {ergonomic}
   size_t MaxHeapSize                              = 2147483648                                {product} {command line}
   size_t MaxNewSize                               = 1287651328                                {product} {ergonomic}
   size_t MinHeapDeltaBytes                        = 1048576                                   {product} {ergonomic}
   size_t MinHeapSize                              = 8388608                                   {product} {ergonomic}
    uintx NonNMethodCodeHeapSize                   = 5839372                                {pd product} {ergonomic}
    uintx NonProfiledCodeHeapSize                  = 122909434                              {pd product} {ergonomic}
    uintx ProfiledCodeHeapSize                     = 122909434                              {pd product} {ergonomic}
    uintx ReservedCodeCacheSize                    = 251658240                              {pd product} {ergonomic}
     bool SegmentedCodeCache                       = true                                      {product} {ergonomic}
   size_t SoftMaxHeapSize                          = 2147483648                             {manageable} {ergonomic}
     bool UseCompressedClassPointers               = true                           {product lp64_product} {ergonomic}
     bool UseCompressedOops                        = true                           {product lp64_product} {ergonomic}
     bool UseG1GC                                  = true                                      {product} {ergonomic}
     bool UseLargePagesIndividualAllocation        = false                                  {pd product} {ergonomic}

Logging:
Log output configuration:
 #0: stdout all=warning uptime,level,tags
 #1: stderr all=off uptime,level,tags

Environment Variables:
PATH=C:\Python313\Scripts\;C:\Python313\;C:\Program Files\Python310\Scripts\;C:\Program Files\Python310\;C:\Python312\Scripts\;C:\Python312\;C:\Program Files\Java\jdk-18.0.2.1\bin;C:\xampp\php;C:\ProgramData\ComposerSetup\bin;C:\ProgramData\chocolatey\bin;C:\OpenSSH-Win64\OpenSSH-Win64;C:\Program Files\nodejs\;C:\Program Files\Git\cmd;C:\Ruby33-x64\bin;C:\RailsInstaller\Git\cmd;C:\RailsInstaller\Ruby2.3.3\bin;C:\Program Files\Java\jdk1.8.0_45\bin;C:\Users\denni\AppData\Local\Microsoft\WindowsApps;C:\MinGW\bin;C:\Users\denni\AppData\Local\Programs\Microsoft VS Code\bin;C:\Program Files\Java\jdk-18.0.2.1\bin;C:\Users\denni\AppData\Roaming\Composer\vendor\bin;C:\Users\denni\AppData\Local\GitHubDesktop\bin;C:\Windows\System32;C:\Users\denni\AppData\Roaming\npm;C:\Users\denni\AppData\Roaming\Python\Python313\Scripts;
USERNAME=denni
OS=Windows_NT
PROCESSOR_IDENTIFIER=Intel64 Family 6 Model 126 Stepping 5, GenuineIntel
TMP=C:\Users\denni\AppData\Local\Temp
TEMP=C:\Users\denni\AppData\Local\Temp



Periodic native trim disabled

JNI global refs:
JNI global refs: 27, weak refs: 23

JNI global refs memory usage: 843, weak refs: 841

Process memory usage:
Resident Set Size: 263896K (6% of 3930488K total physical memory with 11608K free physical memory)

OOME stack traces (most recent first):
Classloader memory used:
Loader org.gradle.internal.classloader.VisitableURLClassLoader                         : 3349K
Loader bootstrap                                                                       : 2444K
Loader org.gradle.initialization.MixInLegacyTypesClassLoader                           : 795K
Loader org.gradle.internal.classloader.VisitableURLClassLoader                         : 81155B
Loader jdk.internal.loader.ClassLoaders$PlatformClassLoader                            : 65391B
Loader jdk.internal.loader.ClassLoaders$AppClassLoader                                 : 29275B
Loader jdk.internal.reflect.DelegatingClassLoader                                      : 27887B
Loader org.gradle.groovy.scripts.internal.DefaultScriptCompilationHandler$ScriptClassLoader: 8628B
Loader org.codehaus.groovy.runtime.callsite.CallSiteClassLoader                        : 876B

Classes loaded by more than one classloader:
Class org.gradle.api.GradleException                                                  : loaded 3 times (x 80B)
Class org.gradle.util.GradleVersion                                                   : loaded 2 times (x 81B)
Class org.gradle.internal.classpath.ClassPath                                         : loaded 2 times (x 68B)
Class org.gradle.api.internal.classpath.DefaultModuleRegistry                         : loaded 2 times (x 84B)
Class org.gradle.internal.exceptions.NonGradleCauseExceptionsHolder                   : loaded 2 times (x 68B)
Class org.gradle.api.Action                                                           : loaded 2 times (x 68B)
Class org.gradle.api.internal.DefaultClassPathProvider                                : loaded 2 times (x 74B)
Class org.gradle.internal.installation.GradleInstallation$1                           : loaded 2 times (x 73B)
Class org.gradle.internal.exceptions.DefaultMultiCauseException                       : loaded 2 times (x 93B)
Class org.gradle.internal.time.MonotonicClock                                         : loaded 2 times (x 75B)
Class org.gradle.internal.classloader.FilteringClassLoader                            : loaded 2 times (x 103B)
Class org.gradle.internal.classpath.DefaultClassPath$ImmutableUniqueList$Builder      : loaded 2 times (x 73B)
Class org.gradle.internal.classloader.ClassLoaderVisitor                              : loaded 2 times (x 74B)
Class org.gradle.internal.time.DefaultCountdownTimer                                  : loaded 2 times (x 86B)
Class org.gradle.internal.service.DefaultServiceLocator                               : loaded 2 times (x 81B)
Class org.gradle.internal.service.UnknownServiceException                             : loaded 2 times (x 81B)
Class org.gradle.internal.classloader.DefaultClassLoaderFactory                       : loaded 2 times (x 80B)
Class org.gradle.internal.classloader.VisitableURLClassLoader$Spec                    : loaded 2 times (x 72B)
Class org.gradle.tooling.model.ProjectModel                                           : loaded 2 times (x 68B)
Class org.gradle.internal.installation.GradleInstallation                             : loaded 2 times (x 73B)
Class org.gradle.api.internal.classpath.ModuleRegistry                                : loaded 2 times (x 68B)
Class kotlin.jvm.internal.markers.KMappedMarker                                       : loaded 2 times (x 68B)
Class org.gradle.api.internal.ClassPathProvider                                       : loaded 2 times (x 68B)
Class org.gradle.internal.classloader.ClasspathUtil$1                                 : loaded 2 times (x 74B)
Class org.gradle.internal.classloader.ClassLoaderFactory                              : loaded 2 times (x 68B)
Class org.gradle.api.internal.classpath.ManifestUtil                                  : loaded 2 times (x 69B)
Class org.gradle.api.specs.Spec                                                       : loaded 2 times (x 68B)
Class org.gradle.internal.IoActions                                                   : loaded 2 times (x 69B)
Class org.gradle.api.internal.classpath.EffectiveClassPath                            : loaded 2 times (x 88B)
Class org.gradle.internal.exceptions.ResolutionProvider                               : loaded 2 times (x 68B)
Class org.gradle.internal.installation.CurrentGradleInstallation                      : loaded 2 times (x 71B)
Class org.gradle.internal.installation.CurrentGradleInstallationLocator               : loaded 2 times (x 69B)
Class org.gradle.api.internal.classpath.Module                                        : loaded 2 times (x 68B)
Class org.gradle.internal.service.CachingServiceLocator                               : loaded 2 times (x 80B)
Class sync_studio_tooling9203_22weg513i29bkt1ytfmp9w8k9                               : loaded 2 times (x 177B)
Class org.gradle.internal.time.Timer                                                  : loaded 2 times (x 68B)
Class org.gradle.internal.classpath.DefaultClassPath                                  : loaded 2 times (x 88B)
Class kotlin.jvm.functions.Function1                                                  : loaded 2 times (x 68B)
Class org.gradle.internal.time.Time                                                   : loaded 2 times (x 69B)
Class org.gradle.internal.time.TimeSource$1                                           : loaded 2 times (x 75B)
Class org.gradle.internal.classloader.SystemClassLoaderSpec                           : loaded 2 times (x 69B)
Class kotlin.Function                                                                 : loaded 2 times (x 68B)
Class org.gradle.api.UncheckedIOException                                             : loaded 2 times (x 80B)
Class org.gradle.api.internal.classpath.GlobalCacheRootsProvider                      : loaded 2 times (x 68B)
Class org.gradle.internal.time.CountdownTimer                                         : loaded 2 times (x 68B)
Class org.gradle.internal.time.Clock                                                  : loaded 2 times (x 68B)
Class org.gradle.internal.classloader.ClasspathUtil                                   : loaded 2 times (x 69B)
Class org.gradle.api.internal.DefaultClassPathRegistry                                : loaded 2 times (x 74B)
Class org.gradle.api.internal.classpath.DefaultModuleRegistry$DefaultModule           : loaded 2 times (x 84B)
Class org.gradle.internal.time.TimeSource                                             : loaded 2 times (x 68B)
Class org.gradle.api.internal.classpath.UnknownModuleException                        : loaded 2 times (x 80B)
Class org.gradle.internal.service.ServiceLookupException                              : loaded 2 times (x 80B)
Class [Lorg.gradle.api.internal.ClassPathProvider;                                    : loaded 2 times (x 67B)
Class org.gradle.internal.operations.MultipleBuildOperationFailures                   : loaded 2 times (x 93B)
Class org.gradle.util.internal.GUtil                                                  : loaded 2 times (x 69B)
Class org.gradle.internal.classloader.ClassLoaderSpec                                 : loaded 2 times (x 69B)
Class org.gradle.internal.classloader.InstrumentingClassLoader                        : loaded 2 times (x 68B)
Class org.gradle.internal.classloader.VisitableURLClassLoader                         : loaded 2 times (x 115B)
Class org.gradle.internal.Cast                                                        : loaded 2 times (x 69B)
Class org.gradle.api.internal.ClassPathRegistry                                       : loaded 2 times (x 68B)
Class org.gradle.internal.classloader.VisitableURLClassLoader$InstrumentingVisitableURLClassLoader: loaded 2 times (x 121B)
Class org.gradle.internal.classloader.ClassLoaderHierarchy                            : loaded 2 times (x 68B)
Class org.gradle.internal.exceptions.MultiCauseException                              : loaded 2 times (x 68B)
Class sync_studio_tooling9203_22weg513i29bkt1ytfmp9w8k9$_run_closure1                 : loaded 2 times (x 137B)
Class org.gradle.internal.InternalTransformer                                         : loaded 2 times (x 68B)
Class org.gradle.internal.service.ServiceLocator                                      : loaded 2 times (x 68B)
Class org.gradle.internal.classpath.DefaultClassPath$ImmutableUniqueList              : loaded 2 times (x 159B)
Class org.gradle.internal.time.DefaultTimer                                           : loaded 2 times (x 78B)
Class org.gradle.internal.classpath.TransformedClassPath                              : loaded 2 times (x 94B)


---------------  S Y S T E M  ---------------

OS:
 Windows 10 , 64 bit Build 19041 (10.0.19041.5915)
OS uptime: 0 days 5:40 hours

CPU: total 8 (initial active 8) (4 cores per cpu, 2 threads per core) family 6 model 126 stepping 5 microcode 0xa0, cx8, cmov, fxsr, ht, mmx, 3dnowpref, sse, sse2, sse3, ssse3, sse4.1, sse4.2, popcnt, lzcnt, tsc, tscinvbit, avx, avx2, aes, erms, clmul, bmi1, bmi2, adx, avx512f, avx512dq, avx512cd, avx512bw, avx512vl, sha, fma, vzeroupper, avx512_vpopcntdq, avx512_vpclmulqdq, avx512_vaes, avx512_vnni, clflush, clflushopt, avx512_vbmi2, avx512_vbmi
Processor Information for all 8 processors :
  Max Mhz: 1190, Current Mhz: 991, Mhz Limit: 987

Memory: 4k page, system-wide physical 3838M (9M free)
TotalPageFile size 15614M (AvailPageFile size 132M)
current process WorkingSet (physical memory assigned to process): 243M, peak: 260M
current process commit charge ("private bytes"): 377M, peak: 591M

vm_info: OpenJDK 64-Bit Server VM (17.0.11+0--11852314) for windows-amd64 JRE (17.0.11+0--11852314), built on May 16 2024 21:29:20 by "androidbuild" with MS VC++ 16.10 / 16.11 (VS2019)

END.
