#
# There is insufficient memory for the Java Runtime Environment to continue.
# Native memory allocation (mmap) failed to map 333447168 bytes. Error detail: G1 virtual space
# Possible reasons:
#   The system is out of physical RAM or swap space
#   This process is running with CompressedOops enabled, and the Java Heap may be blocking the growth of the native heap
# Possible solutions:
#   Reduce memory load on the system
#   Increase physical memory or swap space
#   Check if swap backing store is full
#   Decrease Java heap size (-Xmx/-Xms)
#   Decrease number of Java threads
#   Decrease Java thread stack sizes (-Xss)
#   Set larger code cache with -XX:ReservedCodeCacheSize=
#   JVM is running with Unscaled Compressed Oops mode in which the Java heap is
#     placed in the first 4GB address space. The Java Heap base address is the
#     maximum limit for the native heap growth. Please use -XX:HeapBaseMinAddress
#     to set the Java Heap base and to place the Java Heap above 4GB virtual address.
# This output file may be truncated or incomplete.
#
#  Out of Memory Error (os_windows.cpp:3825), pid=12572, tid=13252
#
# JRE version: OpenJDK Runtime Environment (17.0.11) (build 17.0.11+0--11852314)
# Java VM: OpenJDK 64-Bit Server VM (17.0.11+0--11852314, mixed mode, tiered, compressed oops, compressed class ptrs, g1 gc, windows-amd64)
# No core dump will be written. Minidumps are not enabled by default on client versions of Windows
#

---------------  S U M M A R Y ------------

Command Line: --add-opens=java.base/java.lang=ALL-UNNAMED --add-opens=java.base/java.lang.invoke=ALL-UNNAMED --add-opens=java.base/java.util=ALL-UNNAMED --add-opens=java.prefs/java.util.prefs=ALL-UNNAMED --add-exports=jdk.compiler/com.sun.tools.javac.api=ALL-UNNAMED --add-exports=jdk.compiler/com.sun.tools.javac.util=ALL-UNNAMED --add-opens=java.base/java.util=ALL-UNNAMED --add-opens=java.prefs/java.util.prefs=ALL-UNNAMED --add-opens=java.base/java.nio.charset=ALL-UNNAMED --add-opens=java.base/java.net=ALL-UNNAMED --add-opens=java.base/java.util.concurrent.atomic=ALL-UNNAMED --add-opens=java.xml/javax.xml.namespace=ALL-UNNAMED -Xmx2048m -Dfile.encoding=UTF-8 -Duser.country=US -Duser.language=en -Duser.variant -javaagent:C:\Users\denni\.gradle\wrapper\dists\gradle-8.11.1-bin\bpt9gzteqjrbo1mjrsomdt32c\gradle-8.11.1\lib\agents\gradle-instrumentation-agent-8.11.1.jar org.gradle.launcher.daemon.bootstrap.GradleDaemon 8.11.1

Host: Intel(R) Core(TM) i5-1035G1 CPU @ 1.00GHz, 8 cores, 3G,  Windows 10 , 64 bit Build 19041 (10.0.19041.5915)
Time: Tue Aug 12 14:20:55 2025 E. Africa Standard Time elapsed time: 16.731523 seconds (0d 0h 0m 16s)

---------------  T H R E A D  ---------------

Current thread (0x00000223627b94d0):  VMThread "VM Thread" [stack: 0x00000035e1c00000,0x00000035e1d00000] [id=13252]

Stack: [0x00000035e1c00000,0x00000035e1d00000]
Native frames: (J=compiled Java code, j=interpreted, Vv=VM code, C=native code)
V  [jvm.dll+0x687bb9]
V  [jvm.dll+0x84142a]
V  [jvm.dll+0x8430ae]
V  [jvm.dll+0x843713]
V  [jvm.dll+0x24a35f]
V  [jvm.dll+0x684989]
V  [jvm.dll+0x67923a]
V  [jvm.dll+0x30af0b]
V  [jvm.dll+0x3123b6]
V  [jvm.dll+0x361dfe]
V  [jvm.dll+0x36202f]
V  [jvm.dll+0x2e0d38]
V  [jvm.dll+0x2df144]
V  [jvm.dll+0x2de74c]
V  [jvm.dll+0x32305b]
V  [jvm.dll+0x847e0b]
V  [jvm.dll+0x848b42]
V  [jvm.dll+0x84905d]
V  [jvm.dll+0x849434]
V  [jvm.dll+0x849500]
V  [jvm.dll+0x7efa4a]
V  [jvm.dll+0x686a35]
C  [ucrtbase.dll+0x21bb2]
C  [KERNEL32.DLL+0x17374]
C  [ntdll.dll+0x4cc91]

VM_Operation (0x00000035e5ff8f30): G1CollectForAllocation, mode: safepoint, requested by thread 0x0000022367e2e8d0


---------------  P R O C E S S  ---------------

Threads class SMR info:
_java_thread_list=0x000002236a8c9920, length=59, elements={
0x00000223489d6780, 0x0000022362843270, 0x0000022362843d40, 0x000002236285c3c0,
0x0000022362a8d090, 0x0000022362a8fd70, 0x0000022362a90640, 0x0000022362a91240,
0x0000022362a91f60, 0x0000022362a9fd90, 0x0000022362bcb530, 0x0000022362d14f80,
0x0000022368887660, 0x0000022368a184f0, 0x0000022368a845e0, 0x0000022368a7aae0,
0x0000022368a161c0, 0x0000022368a9dbe0, 0x0000022368b86510, 0x0000022368c44380,
0x0000022368c40bd0, 0x0000022368c42010, 0x0000022368c42f40, 0x0000022368c410e0,
0x0000022368c42a30, 0x0000022368c43450, 0x0000022368c415f0, 0x0000022368c43960,
0x0000022368c41b00, 0x0000022368c42520, 0x0000022368c43e70, 0x0000022368debe00,
0x0000022368dec310, 0x0000022368ded750, 0x0000022368de9070, 0x0000022368ded240,
0x0000022368dee680, 0x0000022368de9fa0, 0x0000022368deb8f0, 0x0000022368dee170,
0x0000022368dea9c0, 0x0000022368deeb90, 0x0000022368dedc60, 0x0000022368def0a0,
0x0000022368deb3e0, 0x0000022368decd30, 0x0000022368def5b0, 0x0000022368defac0,
0x0000022368deffd0, 0x0000022368deaed0, 0x0000022367e2d490, 0x0000022367e2f800,
0x0000022367e2ac10, 0x0000022367e297d0, 0x0000022367e2f2f0, 0x0000022367e2bb40,
0x0000022367e2c050, 0x0000022367e2fd10, 0x0000022367e2e8d0
}

Java Threads: ( => current thread )
  0x00000223489d6780 JavaThread "main" [_thread_blocked, id=8140, stack(0x00000035e1600000,0x00000035e1700000)]
  0x0000022362843270 JavaThread "Reference Handler" daemon [_thread_blocked, id=9460, stack(0x00000035e1d00000,0x00000035e1e00000)]
  0x0000022362843d40 JavaThread "Finalizer" daemon [_thread_blocked, id=1328, stack(0x00000035e1e00000,0x00000035e1f00000)]
  0x000002236285c3c0 JavaThread "Signal Dispatcher" daemon [_thread_blocked, id=8048, stack(0x00000035e1f00000,0x00000035e2000000)]
  0x0000022362a8d090 JavaThread "Attach Listener" daemon [_thread_blocked, id=2264, stack(0x00000035e2000000,0x00000035e2100000)]
  0x0000022362a8fd70 JavaThread "Service Thread" daemon [_thread_blocked, id=15016, stack(0x00000035e2100000,0x00000035e2200000)]
  0x0000022362a90640 JavaThread "Monitor Deflation Thread" daemon [_thread_blocked, id=13456, stack(0x00000035e2200000,0x00000035e2300000)]
  0x0000022362a91240 JavaThread "C2 CompilerThread0" daemon [_thread_blocked, id=4632, stack(0x00000035e2300000,0x00000035e2400000)]
  0x0000022362a91f60 JavaThread "C1 CompilerThread0" daemon [_thread_blocked, id=5688, stack(0x00000035e2400000,0x00000035e2500000)]
  0x0000022362a9fd90 JavaThread "Sweeper thread" daemon [_thread_blocked, id=5404, stack(0x00000035e2500000,0x00000035e2600000)]
  0x0000022362bcb530 JavaThread "Common-Cleaner" daemon [_thread_blocked, id=4740, stack(0x00000035e2600000,0x00000035e2700000)]
  0x0000022362d14f80 JavaThread "Notification Thread" daemon [_thread_blocked, id=13580, stack(0x00000035e2700000,0x00000035e2800000)]
  0x0000022368887660 JavaThread "Daemon health stats" [_thread_blocked, id=16172, stack(0x00000035e2d00000,0x00000035e2e00000)]
  0x0000022368a184f0 JavaThread "Incoming local TCP Connector on port 63867" [_thread_in_native, id=16348, stack(0x00000035e2e00000,0x00000035e2f00000)]
  0x0000022368a845e0 JavaThread "Daemon periodic checks" [_thread_blocked, id=9236, stack(0x00000035e2f00000,0x00000035e3000000)]
  0x0000022368a7aae0 JavaThread "Daemon" [_thread_blocked, id=12080, stack(0x00000035e3000000,0x00000035e3100000)]
  0x0000022368a161c0 JavaThread "Handler for socket connection from /127.0.0.1:63867 to /127.0.0.1:63868" [_thread_in_native, id=11336, stack(0x00000035e3100000,0x00000035e3200000)]
  0x0000022368a9dbe0 JavaThread "Cancel handler" [_thread_blocked, id=14436, stack(0x00000035e3200000,0x00000035e3300000)]
  0x0000022368b86510 JavaThread "Daemon worker" [_thread_blocked, id=15000, stack(0x00000035e3300000,0x00000035e3400000)]
  0x0000022368c44380 JavaThread "Asynchronous log dispatcher for DefaultDaemonConnection: socket connection from /127.0.0.1:63867 to /127.0.0.1:63868" [_thread_blocked, id=12136, stack(0x00000035e3400000,0x00000035e3500000)]
  0x0000022368c40bd0 JavaThread "Stdin handler" [_thread_blocked, id=15228, stack(0x00000035e3500000,0x00000035e3600000)]
  0x0000022368c42010 JavaThread "Daemon client event forwarder" [_thread_blocked, id=16020, stack(0x00000035e3900000,0x00000035e3a00000)]
  0x0000022368c42f40 JavaThread "Cache worker for journal cache (C:\Users\denni\.gradle\caches\journal-1)" [_thread_blocked, id=13436, stack(0x00000035e3b00000,0x00000035e3c00000)]
  0x0000022368c410e0 JavaThread "File lock request listener" [_thread_in_native, id=4420, stack(0x00000035e3c00000,0x00000035e3d00000)]
  0x0000022368c42a30 JavaThread "Cache worker for file hash cache (C:\Users\denni\.gradle\caches\8.11.1\fileHashes)" [_thread_blocked, id=6340, stack(0x00000035e3d00000,0x00000035e3e00000)]
  0x0000022368c43450 JavaThread "Cache worker for file content cache (C:\Users\denni\.gradle\caches\8.11.1\fileContent)" [_thread_blocked, id=15052, stack(0x00000035e3e00000,0x00000035e3f00000)]
  0x0000022368c415f0 JavaThread "Cache worker for file hash cache (C:\Users\denni\AndroidStudioProjects\Smartband\.gradle\8.11.1\fileHashes)" [_thread_blocked, id=15504, stack(0x00000035e3f00000,0x00000035e4000000)]
  0x0000022368c43960 JavaThread "Cache worker for Build Output Cleanup Cache (C:\Users\denni\AndroidStudioProjects\Smartband\.gradle\buildOutputCleanup)" [_thread_blocked, id=5524, stack(0x00000035e4000000,0x00000035e4100000)]
  0x0000022368c41b00 JavaThread "File watcher server" daemon [_thread_in_native, id=12052, stack(0x00000035e4100000,0x00000035e4200000)]
  0x0000022368c42520 JavaThread "File watcher consumer" daemon [_thread_blocked, id=2444, stack(0x00000035e4200000,0x00000035e4300000)]
  0x0000022368c43e70 JavaThread "jar transforms" [_thread_blocked, id=13496, stack(0x00000035e4300000,0x00000035e4400000)]
  0x0000022368debe00 JavaThread "jar transforms Thread 2" [_thread_blocked, id=15920, stack(0x00000035e4400000,0x00000035e4500000)]
  0x0000022368dec310 JavaThread "jar transforms Thread 3" [_thread_blocked, id=5784, stack(0x00000035e4500000,0x00000035e4600000)]
  0x0000022368ded750 JavaThread "jar transforms Thread 4" [_thread_blocked, id=8708, stack(0x00000035e4600000,0x00000035e4700000)]
  0x0000022368de9070 JavaThread "jar transforms Thread 5" [_thread_blocked, id=4864, stack(0x00000035e4700000,0x00000035e4800000)]
  0x0000022368ded240 JavaThread "jar transforms Thread 6" [_thread_blocked, id=5772, stack(0x00000035e4800000,0x00000035e4900000)]
  0x0000022368dee680 JavaThread "jar transforms Thread 7" [_thread_blocked, id=14744, stack(0x00000035e4900000,0x00000035e4a00000)]
  0x0000022368de9fa0 JavaThread "jar transforms Thread 8" [_thread_blocked, id=1428, stack(0x00000035e4a00000,0x00000035e4b00000)]
  0x0000022368deb8f0 JavaThread "Cache worker for checksums cache (C:\Users\denni\AndroidStudioProjects\Smartband\.gradle\8.11.1\checksums)" [_thread_blocked, id=8620, stack(0x00000035e4b00000,0x00000035e4c00000)]
  0x0000022368dee170 JavaThread "Cache worker for cache directory md-rule (C:\Users\denni\.gradle\caches\8.11.1\md-rule)" [_thread_blocked, id=3516, stack(0x00000035e4c00000,0x00000035e4d00000)]
  0x0000022368dea9c0 JavaThread "Cache worker for cache directory md-supplier (C:\Users\denni\.gradle\caches\8.11.1\md-supplier)" [_thread_blocked, id=12556, stack(0x00000035e4d00000,0x00000035e4e00000)]
  0x0000022368deeb90 JavaThread "Unconstrained build operations" [_thread_blocked, id=15408, stack(0x00000035e4e00000,0x00000035e4f00000)]
  0x0000022368dedc60 JavaThread "Unconstrained build operations Thread 2" [_thread_blocked, id=14848, stack(0x00000035e4f00000,0x00000035e5000000)]
  0x0000022368def0a0 JavaThread "Unconstrained build operations Thread 3" [_thread_blocked, id=9816, stack(0x00000035e5000000,0x00000035e5100000)]
  0x0000022368deb3e0 JavaThread "Unconstrained build operations Thread 4" [_thread_blocked, id=2112, stack(0x00000035e5100000,0x00000035e5200000)]
  0x0000022368decd30 JavaThread "Unconstrained build operations Thread 5" [_thread_blocked, id=3680, stack(0x00000035e5200000,0x00000035e5300000)]
  0x0000022368def5b0 JavaThread "Unconstrained build operations Thread 6" [_thread_blocked, id=10644, stack(0x00000035e5300000,0x00000035e5400000)]
  0x0000022368defac0 JavaThread "Unconstrained build operations Thread 7" [_thread_blocked, id=16068, stack(0x00000035e5400000,0x00000035e5500000)]
  0x0000022368deffd0 JavaThread "Unconstrained build operations Thread 8" [_thread_blocked, id=8452, stack(0x00000035e5500000,0x00000035e5600000)]
  0x0000022368deaed0 JavaThread "Unconstrained build operations Thread 9" [_thread_blocked, id=9260, stack(0x00000035e5600000,0x00000035e5700000)]
  0x0000022367e2d490 JavaThread "Unconstrained build operations Thread 10" [_thread_blocked, id=7492, stack(0x00000035e5700000,0x00000035e5800000)]
  0x0000022367e2f800 JavaThread "Unconstrained build operations Thread 11" [_thread_blocked, id=11736, stack(0x00000035e5800000,0x00000035e5900000)]
  0x0000022367e2ac10 JavaThread "Unconstrained build operations Thread 12" [_thread_blocked, id=5148, stack(0x00000035e5900000,0x00000035e5a00000)]
  0x0000022367e297d0 JavaThread "Unconstrained build operations Thread 13" [_thread_blocked, id=9160, stack(0x00000035e5a00000,0x00000035e5b00000)]
  0x0000022367e2f2f0 JavaThread "Unconstrained build operations Thread 14" [_thread_blocked, id=8016, stack(0x00000035e5b00000,0x00000035e5c00000)]
  0x0000022367e2bb40 JavaThread "Unconstrained build operations Thread 15" [_thread_blocked, id=5060, stack(0x00000035e5c00000,0x00000035e5d00000)]
  0x0000022367e2c050 JavaThread "Unconstrained build operations Thread 16" [_thread_blocked, id=11616, stack(0x00000035e5d00000,0x00000035e5e00000)]
  0x0000022367e2fd10 JavaThread "Unconstrained build operations Thread 17" [_thread_blocked, id=9296, stack(0x00000035e5e00000,0x00000035e5f00000)]
  0x0000022367e2e8d0 JavaThread "Unconstrained build operations Thread 18" [_thread_blocked, id=12552, stack(0x00000035e5f00000,0x00000035e6000000)]

Other Threads:
=>0x00000223627b94d0 VMThread "VM Thread" [stack: 0x00000035e1c00000,0x00000035e1d00000] [id=13252]
  0x00000223489d7650 WatcherThread [stack: 0x00000035e2800000,0x00000035e2900000] [id=9996]
  0x000002234696e880 GCTaskThread "GC Thread#0" [stack: 0x00000035e1700000,0x00000035e1800000] [id=15576]
  0x0000022367531c00 GCTaskThread "GC Thread#1" [stack: 0x00000035e2900000,0x00000035e2a00000] [id=9576]
  0x0000022367699980 GCTaskThread "GC Thread#2" [stack: 0x00000035e2a00000,0x00000035e2b00000] [id=9380]
  0x0000022367450160 GCTaskThread "GC Thread#3" [stack: 0x00000035e2b00000,0x00000035e2c00000] [id=4180]
  0x000002236796b450 GCTaskThread "GC Thread#4" [stack: 0x00000035e2c00000,0x00000035e2d00000] [id=15948]
  0x0000022368a166a0 GCTaskThread "GC Thread#5" [stack: 0x00000035e3600000,0x00000035e3700000] [id=3084]
  0x0000022368be7130 GCTaskThread "GC Thread#6" [stack: 0x00000035e3700000,0x00000035e3800000] [id=1548]
  0x0000022368be73f0 GCTaskThread "GC Thread#7" [stack: 0x00000035e3800000,0x00000035e3900000] [id=12228]
  0x0000022348a3f870 ConcurrentGCThread "G1 Main Marker" [stack: 0x00000035e1800000,0x00000035e1900000] [id=3648]
  0x0000022348a40840 ConcurrentGCThread "G1 Conc#0" [stack: 0x00000035e1900000,0x00000035e1a00000] [id=8496]
  0x0000022368c1e5f0 ConcurrentGCThread "G1 Conc#1" [stack: 0x00000035e3a00000,0x00000035e3b00000] [id=13640]
  0x0000022348a8dd70 ConcurrentGCThread "G1 Refine#0" [stack: 0x00000035e1a00000,0x00000035e1b00000] [id=596]
  0x000002236ac92050 ConcurrentGCThread "G1 Refine#1" [stack: 0x00000035e6000000,0x00000035e6100000] [id=8964]
  0x000002236ac902f0 ConcurrentGCThread "G1 Refine#2" [stack: 0x00000035e6100000,0x00000035e6200000] [id=3764]
  0x000002236ac92630 ConcurrentGCThread "G1 Refine#3" [stack: 0x00000035e6200000,0x00000035e6300000] [id=11772]
  0x0000022348a8e6b0 ConcurrentGCThread "G1 Service" [stack: 0x00000035e1b00000,0x00000035e1c00000] [id=2656]

Threads with active compile tasks:
C2 CompilerThread0    16772 5829       4       org.objectweb.asm.ClassReader::readCode (5117 bytes)

VM state: at safepoint (normal execution)

VM Mutex/Monitor currently owned by a thread:  ([mutex/lock_event])
[0x00000223489d3860] Threads_lock - owner thread: 0x00000223627b94d0
[0x00000223489d3230] Heap_lock - owner thread: 0x0000022367e2e8d0

Heap address: 0x0000000080000000, size: 2048 MB, Compressed Oops mode: 32-bit

CDS archive(s) not mapped
Compressed class space mapped at: 0x0000000100000000-0x0000000140000000, reserved size: 1073741824
Narrow klass base: 0x0000000000000000, Narrow klass shift: 3, Narrow klass range: 0x140000000

GC Precious Log:
 CPUs: 8 total, 8 available
 Memory: 3838M
 Large Page Support: Disabled
 NUMA Support: Disabled
 Compressed Oops: Enabled (32-bit)
 Heap Region Size: 1M
 Heap Min Capacity: 8M
 Heap Initial Capacity: 60M
 Heap Max Capacity: 2G
 Pre-touch: Disabled
 Parallel Workers: 8
 Concurrent Workers: 2
 Concurrent Refinement Workers: 8
 Periodic GC: Disabled

Heap:
 garbage-first heap   total 162816K, used 98106K [0x0000000080000000, 0x0000000100000000)
  region size 1024K, 1 young (1024K), 1 survivors (1024K)
 Metaspace       used 54394K, committed 54976K, reserved 1114112K
  class space    used 7396K, committed 7680K, reserved 1048576K

Heap Regions: E=young(eden), S=young(survivor), O=old, HS=humongous(starts), HC=humongous(continues), CS=collection set, F=free, OA=open archive, CA=closed archive, TAMS=top-at-mark-start (previous, next)
|   0|0x0000000080000000, 0x0000000080100000, 0x0000000080100000|100%| O|  |TAMS 0x0000000080100000, 0x0000000080000000| Untracked 
|   1|0x0000000080100000, 0x0000000080200000, 0x0000000080200000|100%|HS|  |TAMS 0x0000000080200000, 0x0000000080100000| Complete 
|   2|0x0000000080200000, 0x0000000080300000, 0x0000000080300000|100%|HC|  |TAMS 0x0000000080300000, 0x0000000080200000| Complete 
|   3|0x0000000080300000, 0x0000000080400000, 0x0000000080400000|100%|HC|  |TAMS 0x0000000080400000, 0x0000000080300000| Complete 
|   4|0x0000000080400000, 0x0000000080500000, 0x0000000080500000|100%| O|  |TAMS 0x0000000080500000, 0x0000000080400000| Untracked 
|   5|0x0000000080500000, 0x0000000080600000, 0x0000000080600000|100%| O|  |TAMS 0x0000000080600000, 0x0000000080500000| Untracked 
|   6|0x0000000080600000, 0x0000000080700000, 0x0000000080700000|100%| O|  |TAMS 0x0000000080700000, 0x0000000080600000| Untracked 
|   7|0x0000000080700000, 0x0000000080800000, 0x0000000080800000|100%| O|  |TAMS 0x0000000080800000, 0x0000000080700000| Untracked 
|   8|0x0000000080800000, 0x0000000080900000, 0x0000000080900000|100%| O|  |TAMS 0x0000000080900000, 0x0000000080800000| Untracked 
|   9|0x0000000080900000, 0x0000000080a00000, 0x0000000080a00000|100%| O|  |TAMS 0x0000000080a00000, 0x0000000080900000| Untracked 
|  10|0x0000000080a00000, 0x0000000080b00000, 0x0000000080b00000|100%| O|  |TAMS 0x0000000080b00000, 0x0000000080a00000| Untracked 
|  11|0x0000000080b00000, 0x0000000080c00000, 0x0000000080c00000|100%|HS|  |TAMS 0x0000000080c00000, 0x0000000080b00000| Complete 
|  12|0x0000000080c00000, 0x0000000080d00000, 0x0000000080d00000|100%| O|  |TAMS 0x0000000080d00000, 0x0000000080c00000| Untracked 
|  13|0x0000000080d00000, 0x0000000080e00000, 0x0000000080e00000|100%| O|  |TAMS 0x0000000080e00000, 0x0000000080d00000| Untracked 
|  14|0x0000000080e00000, 0x0000000080f00000, 0x0000000080f00000|100%| O|  |TAMS 0x0000000080f00000, 0x0000000080e00000| Untracked 
|  15|0x0000000080f00000, 0x0000000081000000, 0x0000000081000000|100%| O|  |TAMS 0x0000000081000000, 0x0000000080f00000| Untracked 
|  16|0x0000000081000000, 0x0000000081100000, 0x0000000081100000|100%| O|  |TAMS 0x0000000081100000, 0x0000000081000000| Untracked 
|  17|0x0000000081100000, 0x0000000081200000, 0x0000000081200000|100%| O|  |TAMS 0x0000000081200000, 0x0000000081100000| Untracked 
|  18|0x0000000081200000, 0x0000000081300000, 0x0000000081300000|100%| O|  |TAMS 0x0000000081300000, 0x0000000081200000| Untracked 
|  19|0x0000000081300000, 0x0000000081400000, 0x0000000081400000|100%| O|  |TAMS 0x0000000081400000, 0x0000000081300000| Untracked 
|  20|0x0000000081400000, 0x0000000081500000, 0x0000000081500000|100%| O|  |TAMS 0x0000000081500000, 0x0000000081400000| Untracked 
|  21|0x0000000081500000, 0x0000000081600000, 0x0000000081600000|100%| O|  |TAMS 0x0000000081600000, 0x0000000081500000| Untracked 
|  22|0x0000000081600000, 0x0000000081700000, 0x0000000081700000|100%|HS|  |TAMS 0x0000000081700000, 0x0000000081600000| Complete 
|  23|0x0000000081700000, 0x0000000081800000, 0x0000000081800000|100%|HC|  |TAMS 0x0000000081800000, 0x0000000081700000| Complete 
|  24|0x0000000081800000, 0x0000000081900000, 0x0000000081900000|100%|HC|  |TAMS 0x0000000081900000, 0x0000000081800000| Complete 
|  25|0x0000000081900000, 0x0000000081a00000, 0x0000000081a00000|100%|HC|  |TAMS 0x0000000081a00000, 0x0000000081900000| Complete 
|  26|0x0000000081a00000, 0x0000000081b00000, 0x0000000081b00000|100%|HC|  |TAMS 0x0000000081b00000, 0x0000000081a00000| Complete 
|  27|0x0000000081b00000, 0x0000000081c00000, 0x0000000081c00000|100%| O|  |TAMS 0x0000000081c00000, 0x0000000081b00000| Untracked 
|  28|0x0000000081c00000, 0x0000000081d00000, 0x0000000081d00000|100%|HS|  |TAMS 0x0000000081d00000, 0x0000000081c00000| Complete 
|  29|0x0000000081d00000, 0x0000000081e00000, 0x0000000081e00000|100%|HC|  |TAMS 0x0000000081e00000, 0x0000000081d00000| Complete 
|  30|0x0000000081e00000, 0x0000000081f00000, 0x0000000081f00000|100%|HC|  |TAMS 0x0000000081f00000, 0x0000000081e00000| Complete 
|  31|0x0000000081f00000, 0x0000000082000000, 0x0000000082000000|100%| O|  |TAMS 0x0000000082000000, 0x0000000081f00000| Untracked 
|  32|0x0000000082000000, 0x0000000082100000, 0x0000000082100000|100%| O|  |TAMS 0x0000000082100000, 0x0000000082000000| Untracked 
|  33|0x0000000082100000, 0x0000000082200000, 0x0000000082200000|100%|HS|  |TAMS 0x0000000082200000, 0x0000000082100000| Complete 
|  34|0x0000000082200000, 0x0000000082300000, 0x0000000082300000|100%|HC|  |TAMS 0x0000000082300000, 0x0000000082200000| Complete 
|  35|0x0000000082300000, 0x0000000082400000, 0x0000000082400000|100%|HC|  |TAMS 0x0000000082400000, 0x0000000082300000| Complete 
|  36|0x0000000082400000, 0x0000000082500000, 0x0000000082500000|100%| O|  |TAMS 0x0000000082500000, 0x0000000082400000| Untracked 
|  37|0x0000000082500000, 0x0000000082600000, 0x0000000082600000|100%|HS|  |TAMS 0x0000000082600000, 0x0000000082500000| Complete 
|  38|0x0000000082600000, 0x0000000082700000, 0x0000000082700000|100%| O|  |TAMS 0x0000000082700000, 0x0000000082600000| Untracked 
|  39|0x0000000082700000, 0x0000000082800000, 0x0000000082800000|100%| O|  |TAMS 0x0000000082800000, 0x0000000082700000| Untracked 
|  40|0x0000000082800000, 0x0000000082900000, 0x0000000082900000|100%| O|  |TAMS 0x0000000082900000, 0x0000000082800000| Untracked 
|  41|0x0000000082900000, 0x0000000082a00000, 0x0000000082a00000|100%| O|  |TAMS 0x0000000082a00000, 0x0000000082900000| Untracked 
|  42|0x0000000082a00000, 0x0000000082b00000, 0x0000000082b00000|100%| O|  |TAMS 0x0000000082b00000, 0x0000000082a00000| Untracked 
|  43|0x0000000082b00000, 0x0000000082c00000, 0x0000000082c00000|100%| O|  |TAMS 0x0000000082c00000, 0x0000000082b00000| Untracked 
|  44|0x0000000082c00000, 0x0000000082d00000, 0x0000000082d00000|100%| O|  |TAMS 0x0000000082d00000, 0x0000000082c00000| Untracked 
|  45|0x0000000082d00000, 0x0000000082e00000, 0x0000000082e00000|100%| O|  |TAMS 0x0000000082e00000, 0x0000000082d00000| Untracked 
|  46|0x0000000082e00000, 0x0000000082f00000, 0x0000000082f00000|100%| O|  |TAMS 0x0000000082f00000, 0x0000000082e00000| Untracked 
|  47|0x0000000082f00000, 0x0000000083000000, 0x0000000083000000|100%| O|  |TAMS 0x0000000083000000, 0x0000000082f00000| Untracked 
|  48|0x0000000083000000, 0x0000000083100000, 0x0000000083100000|100%| O|  |TAMS 0x0000000083100000, 0x0000000083000000| Untracked 
|  49|0x0000000083100000, 0x0000000083200000, 0x0000000083200000|100%| O|  |TAMS 0x0000000083200000, 0x0000000083100000| Untracked 
|  50|0x0000000083200000, 0x0000000083300000, 0x0000000083300000|100%| O|  |TAMS 0x0000000083300000, 0x0000000083200000| Untracked 
|  51|0x0000000083300000, 0x0000000083300000, 0x0000000083400000|  0%| F|  |TAMS 0x0000000083300000, 0x0000000083300000| Untracked 
|  52|0x0000000083400000, 0x0000000083500000, 0x0000000083500000|100%| O|  |TAMS 0x0000000083500000, 0x0000000083400000| Untracked 
|  53|0x0000000083500000, 0x0000000083600000, 0x0000000083600000|100%| O|  |TAMS 0x0000000083600000, 0x0000000083500000| Untracked 
|  54|0x0000000083600000, 0x0000000083700000, 0x0000000083700000|100%| O|  |TAMS 0x0000000083700000, 0x0000000083600000| Untracked 
|  55|0x0000000083700000, 0x0000000083800000, 0x0000000083800000|100%| O|  |TAMS 0x0000000083800000, 0x0000000083700000| Untracked 
|  56|0x0000000083800000, 0x0000000083900000, 0x0000000083900000|100%| O|  |TAMS 0x0000000083900000, 0x0000000083800000| Untracked 
|  57|0x0000000083900000, 0x0000000083a00000, 0x0000000083a00000|100%| O|  |TAMS 0x0000000083a00000, 0x0000000083900000| Untracked 
|  58|0x0000000083a00000, 0x0000000083b00000, 0x0000000083b00000|100%| O|  |TAMS 0x0000000083b00000, 0x0000000083a00000| Untracked 
|  59|0x0000000083b00000, 0x0000000083c00000, 0x0000000083c00000|100%| O|  |TAMS 0x0000000083c00000, 0x0000000083b00000| Untracked 
|  60|0x0000000083c00000, 0x0000000083d00000, 0x0000000083d00000|100%| O|  |TAMS 0x0000000083d00000, 0x0000000083c00000| Untracked 
|  61|0x0000000083d00000, 0x0000000083e00000, 0x0000000083e00000|100%| O|  |TAMS 0x0000000083e00000, 0x0000000083d00000| Untracked 
|  62|0x0000000083e00000, 0x0000000083f00000, 0x0000000083f00000|100%| O|  |TAMS 0x0000000083f00000, 0x0000000083e00000| Untracked 
|  63|0x0000000083f00000, 0x0000000084000000, 0x0000000084000000|100%| O|  |TAMS 0x0000000084000000, 0x0000000083f00000| Untracked 
|  64|0x0000000084000000, 0x0000000084100000, 0x0000000084100000|100%| O|  |TAMS 0x0000000084100000, 0x0000000084000000| Untracked 
|  65|0x0000000084100000, 0x0000000084200000, 0x0000000084200000|100%| O|  |TAMS 0x0000000084200000, 0x0000000084100000| Untracked 
|  66|0x0000000084200000, 0x0000000084300000, 0x0000000084300000|100%| O|  |TAMS 0x0000000084300000, 0x0000000084200000| Untracked 
|  67|0x0000000084300000, 0x0000000084400000, 0x0000000084400000|100%| O|  |TAMS 0x0000000084400000, 0x0000000084300000| Untracked 
|  68|0x0000000084400000, 0x0000000084500000, 0x0000000084500000|100%| O|  |TAMS 0x00000000844eae00, 0x0000000084400000| Untracked 
|  69|0x0000000084500000, 0x0000000084600000, 0x0000000084600000|100%| O|  |TAMS 0x0000000084500000, 0x0000000084500000| Untracked 
|  70|0x0000000084600000, 0x0000000084700000, 0x0000000084700000|100%| O|  |TAMS 0x0000000084600000, 0x0000000084600000| Untracked 
|  71|0x0000000084700000, 0x0000000084800000, 0x0000000084800000|100%| O|  |TAMS 0x0000000084700000, 0x0000000084700000| Untracked 
|  72|0x0000000084800000, 0x0000000084900000, 0x0000000084900000|100%| O|  |TAMS 0x0000000084800000, 0x0000000084800000| Untracked 
|  73|0x0000000084900000, 0x0000000084a00000, 0x0000000084a00000|100%| O|  |TAMS 0x0000000084900000, 0x0000000084900000| Untracked 
|  74|0x0000000084a00000, 0x0000000084b00000, 0x0000000084b00000|100%| O|  |TAMS 0x0000000084a00000, 0x0000000084a00000| Untracked 
|  75|0x0000000084b00000, 0x0000000084c00000, 0x0000000084c00000|100%| O|  |TAMS 0x0000000084b00000, 0x0000000084b00000| Untracked 
|  76|0x0000000084c00000, 0x0000000084d00000, 0x0000000084d00000|100%| O|  |TAMS 0x0000000084c00000, 0x0000000084c00000| Untracked 
|  77|0x0000000084d00000, 0x0000000084e00000, 0x0000000084e00000|100%|HS|  |TAMS 0x0000000084d00000, 0x0000000084d00000| Complete 
|  78|0x0000000084e00000, 0x0000000084f00000, 0x0000000084f00000|100%|HS|  |TAMS 0x0000000084e00000, 0x0000000084e00000| Complete 
|  79|0x0000000084f00000, 0x0000000085000000, 0x0000000085000000|100%| O|  |TAMS 0x0000000084f00000, 0x0000000084f00000| Untracked 
|  80|0x0000000085000000, 0x0000000085100000, 0x0000000085100000|100%| O|  |TAMS 0x0000000085000000, 0x0000000085000000| Untracked 
|  81|0x0000000085100000, 0x0000000085200000, 0x0000000085200000|100%| O|  |TAMS 0x0000000085100000, 0x0000000085100000| Untracked 
|  82|0x0000000085200000, 0x0000000085300000, 0x0000000085300000|100%| O|  |TAMS 0x0000000085200000, 0x0000000085200000| Untracked 
|  83|0x0000000085300000, 0x0000000085400000, 0x0000000085400000|100%| O|  |TAMS 0x0000000085300000, 0x0000000085300000| Untracked 
|  84|0x0000000085400000, 0x0000000085500000, 0x0000000085500000|100%| O|  |TAMS 0x0000000085400000, 0x0000000085400000| Untracked 
|  85|0x0000000085500000, 0x0000000085600000, 0x0000000085600000|100%| O|  |TAMS 0x0000000085500000, 0x0000000085500000| Untracked 
|  86|0x0000000085600000, 0x0000000085700000, 0x0000000085700000|100%| O|  |TAMS 0x0000000085600000, 0x0000000085600000| Untracked 
|  87|0x0000000085700000, 0x0000000085800000, 0x0000000085800000|100%| O|  |TAMS 0x0000000085700000, 0x0000000085700000| Untracked 
|  88|0x0000000085800000, 0x0000000085900000, 0x0000000085900000|100%| O|  |TAMS 0x0000000085800000, 0x0000000085800000| Untracked 
|  89|0x0000000085900000, 0x0000000085a00000, 0x0000000085a00000|100%| O|  |TAMS 0x0000000085900000, 0x0000000085900000| Untracked 
|  90|0x0000000085a00000, 0x0000000085b00000, 0x0000000085b00000|100%| O|  |TAMS 0x0000000085a00000, 0x0000000085a00000| Untracked 
|  91|0x0000000085b00000, 0x0000000085c00000, 0x0000000085c00000|100%| O|  |TAMS 0x0000000085b00000, 0x0000000085b00000| Untracked 
|  92|0x0000000085c00000, 0x0000000085d00000, 0x0000000085d00000|100%| O|  |TAMS 0x0000000085c00000, 0x0000000085c00000| Untracked 
|  93|0x0000000085d00000, 0x0000000085e00000, 0x0000000085e00000|100%| O|  |TAMS 0x0000000085d00000, 0x0000000085d00000| Untracked 
|  94|0x0000000085e00000, 0x0000000085f00000, 0x0000000085f00000|100%| O|  |TAMS 0x0000000085e00000, 0x0000000085e00000| Untracked 
|  95|0x0000000085f00000, 0x0000000085fce800, 0x0000000086000000| 80%| O|  |TAMS 0x0000000085f00000, 0x0000000085f00000| Untracked 
|  96|0x0000000086000000, 0x0000000086000000, 0x0000000086100000|  0%| F|  |TAMS 0x0000000086000000, 0x0000000086000000| Untracked 
|  97|0x0000000086100000, 0x0000000086100000, 0x0000000086200000|  0%| F|  |TAMS 0x0000000086100000, 0x0000000086100000| Untracked 
|  98|0x0000000086200000, 0x0000000086200000, 0x0000000086300000|  0%| F|  |TAMS 0x0000000086200000, 0x0000000086200000| Untracked 
|  99|0x0000000086300000, 0x0000000086300000, 0x0000000086400000|  0%| F|  |TAMS 0x0000000086300000, 0x0000000086300000| Untracked 
| 100|0x0000000086400000, 0x0000000086400000, 0x0000000086500000|  0%| F|  |TAMS 0x0000000086400000, 0x0000000086400000| Untracked 
| 101|0x0000000086500000, 0x0000000086500000, 0x0000000086600000|  0%| F|  |TAMS 0x0000000086500000, 0x0000000086500000| Untracked 
| 102|0x0000000086600000, 0x0000000086600000, 0x0000000086700000|  0%| F|  |TAMS 0x0000000086600000, 0x0000000086600000| Untracked 
| 103|0x0000000086700000, 0x0000000086700000, 0x0000000086800000|  0%| F|  |TAMS 0x0000000086700000, 0x0000000086700000| Untracked 
| 104|0x0000000086800000, 0x0000000086800000, 0x0000000086900000|  0%| F|  |TAMS 0x0000000086800000, 0x0000000086800000| Untracked 
| 105|0x0000000086900000, 0x0000000086900000, 0x0000000086a00000|  0%| F|  |TAMS 0x0000000086900000, 0x0000000086900000| Untracked 
| 106|0x0000000086a00000, 0x0000000086a00000, 0x0000000086b00000|  0%| F|  |TAMS 0x0000000086a00000, 0x0000000086a00000| Untracked 
| 107|0x0000000086b00000, 0x0000000086b00000, 0x0000000086c00000|  0%| F|  |TAMS 0x0000000086b00000, 0x0000000086b00000| Untracked 
| 108|0x0000000086c00000, 0x0000000086c00000, 0x0000000086d00000|  0%| F|  |TAMS 0x0000000086c00000, 0x0000000086c00000| Untracked 
| 109|0x0000000086d00000, 0x0000000086d00000, 0x0000000086e00000|  0%| F|  |TAMS 0x0000000086d00000, 0x0000000086d00000| Untracked 
| 110|0x0000000086e00000, 0x0000000086e00000, 0x0000000086f00000|  0%| F|  |TAMS 0x0000000086e00000, 0x0000000086e00000| Untracked 
| 111|0x0000000086f00000, 0x0000000086f00000, 0x0000000087000000|  0%| F|  |TAMS 0x0000000086f00000, 0x0000000086f00000| Untracked 
| 112|0x0000000087000000, 0x0000000087000000, 0x0000000087100000|  0%| F|  |TAMS 0x0000000087000000, 0x0000000087000000| Untracked 
| 113|0x0000000087100000, 0x0000000087100000, 0x0000000087200000|  0%| F|  |TAMS 0x0000000087100000, 0x0000000087100000| Untracked 
| 114|0x0000000087200000, 0x0000000087200000, 0x0000000087300000|  0%| F|  |TAMS 0x0000000087200000, 0x0000000087200000| Untracked 
| 115|0x0000000087300000, 0x0000000087300000, 0x0000000087400000|  0%| F|  |TAMS 0x0000000087300000, 0x0000000087300000| Untracked 
| 116|0x0000000087400000, 0x0000000087400000, 0x0000000087500000|  0%| F|  |TAMS 0x0000000087400000, 0x0000000087400000| Untracked 
| 117|0x0000000087500000, 0x0000000087500000, 0x0000000087600000|  0%| F|  |TAMS 0x0000000087500000, 0x0000000087500000| Untracked 
| 118|0x0000000087600000, 0x0000000087600000, 0x0000000087700000|  0%| F|  |TAMS 0x0000000087600000, 0x0000000087600000| Untracked 
| 119|0x0000000087700000, 0x0000000087700000, 0x0000000087800000|  0%| F|  |TAMS 0x0000000087700000, 0x0000000087700000| Untracked 
| 120|0x0000000087800000, 0x0000000087800000, 0x0000000087900000|  0%| F|  |TAMS 0x0000000087800000, 0x0000000087800000| Untracked 
| 121|0x0000000087900000, 0x0000000087900000, 0x0000000087a00000|  0%| F|  |TAMS 0x0000000087900000, 0x0000000087900000| Untracked 
| 122|0x0000000087a00000, 0x0000000087a00000, 0x0000000087b00000|  0%| F|  |TAMS 0x0000000087a00000, 0x0000000087a00000| Untracked 
| 123|0x0000000087b00000, 0x0000000087b00000, 0x0000000087c00000|  0%| F|  |TAMS 0x0000000087b00000, 0x0000000087b00000| Untracked 
| 124|0x0000000087c00000, 0x0000000087c00000, 0x0000000087d00000|  0%| F|  |TAMS 0x0000000087c00000, 0x0000000087c00000| Untracked 
| 125|0x0000000087d00000, 0x0000000087d00000, 0x0000000087e00000|  0%| F|  |TAMS 0x0000000087d00000, 0x0000000087d00000| Untracked 
| 126|0x0000000087e00000, 0x0000000087e00000, 0x0000000087f00000|  0%| F|  |TAMS 0x0000000087e00000, 0x0000000087e00000| Untracked 
| 127|0x0000000087f00000, 0x0000000087f00000, 0x0000000088000000|  0%| F|  |TAMS 0x0000000087f00000, 0x0000000087f00000| Untracked 
| 128|0x0000000088000000, 0x0000000088000000, 0x0000000088100000|  0%| F|  |TAMS 0x0000000088000000, 0x0000000088000000| Untracked 
| 129|0x0000000088100000, 0x0000000088100000, 0x0000000088200000|  0%| F|  |TAMS 0x0000000088100000, 0x0000000088100000| Untracked 
| 130|0x0000000088200000, 0x0000000088200000, 0x0000000088300000|  0%| F|  |TAMS 0x0000000088200000, 0x0000000088200000| Untracked 
| 131|0x0000000088300000, 0x0000000088300000, 0x0000000088400000|  0%| F|  |TAMS 0x0000000088300000, 0x0000000088300000| Untracked 
| 132|0x0000000088400000, 0x0000000088400000, 0x0000000088500000|  0%| F|  |TAMS 0x0000000088400000, 0x0000000088400000| Untracked 
| 133|0x0000000088500000, 0x0000000088500000, 0x0000000088600000|  0%| F|  |TAMS 0x0000000088500000, 0x0000000088500000| Untracked 
| 134|0x0000000088600000, 0x0000000088600000, 0x0000000088700000|  0%| F|  |TAMS 0x0000000088600000, 0x0000000088600000| Untracked 
| 135|0x0000000088700000, 0x0000000088700000, 0x0000000088800000|  0%| F|  |TAMS 0x0000000088700000, 0x0000000088700000| Untracked 
| 136|0x0000000088800000, 0x0000000088800000, 0x0000000088900000|  0%| F|  |TAMS 0x0000000088800000, 0x0000000088800000| Untracked 
| 137|0x0000000088900000, 0x0000000088900000, 0x0000000088a00000|  0%| F|  |TAMS 0x0000000088900000, 0x0000000088900000| Untracked 
| 138|0x0000000088a00000, 0x0000000088a00000, 0x0000000088b00000|  0%| F|  |TAMS 0x0000000088a00000, 0x0000000088a00000| Untracked 
| 139|0x0000000088b00000, 0x0000000088b00000, 0x0000000088c00000|  0%| F|  |TAMS 0x0000000088b00000, 0x0000000088b00000| Untracked 
| 140|0x0000000088c00000, 0x0000000088c00000, 0x0000000088d00000|  0%| F|  |TAMS 0x0000000088c00000, 0x0000000088c00000| Untracked 
| 141|0x0000000088d00000, 0x0000000088d00000, 0x0000000088e00000|  0%| F|  |TAMS 0x0000000088d00000, 0x0000000088d00000| Untracked 
| 142|0x0000000088e00000, 0x0000000088e00000, 0x0000000088f00000|  0%| F|  |TAMS 0x0000000088e00000, 0x0000000088e00000| Untracked 
| 143|0x0000000088f00000, 0x0000000088f00000, 0x0000000089000000|  0%| F|  |TAMS 0x0000000088f00000, 0x0000000088f00000| Untracked 
| 144|0x0000000089000000, 0x0000000089000000, 0x0000000089100000|  0%| F|  |TAMS 0x0000000089000000, 0x0000000089000000| Untracked 
| 145|0x0000000089100000, 0x0000000089100000, 0x0000000089200000|  0%| F|  |TAMS 0x0000000089100000, 0x0000000089100000| Untracked 
| 146|0x0000000089200000, 0x0000000089200000, 0x0000000089300000|  0%| F|  |TAMS 0x0000000089200000, 0x0000000089200000| Untracked 
| 147|0x0000000089300000, 0x0000000089300000, 0x0000000089400000|  0%| F|  |TAMS 0x0000000089300000, 0x0000000089300000| Untracked 
| 148|0x0000000089400000, 0x0000000089400000, 0x0000000089500000|  0%| F|  |TAMS 0x0000000089400000, 0x0000000089400000| Untracked 
| 149|0x0000000089500000, 0x0000000089500000, 0x0000000089600000|  0%| F|  |TAMS 0x0000000089500000, 0x0000000089500000| Untracked 
| 150|0x0000000089600000, 0x0000000089600000, 0x0000000089700000|  0%| F|  |TAMS 0x0000000089600000, 0x0000000089600000| Untracked 
| 151|0x0000000089700000, 0x0000000089700000, 0x0000000089800000|  0%| F|  |TAMS 0x0000000089700000, 0x0000000089700000| Untracked 
| 152|0x0000000089800000, 0x0000000089800000, 0x0000000089900000|  0%| F|  |TAMS 0x0000000089800000, 0x0000000089800000| Untracked 
| 153|0x0000000089900000, 0x0000000089900000, 0x0000000089a00000|  0%| F|  |TAMS 0x0000000089900000, 0x0000000089900000| Untracked 
| 154|0x0000000089a00000, 0x0000000089b00000, 0x0000000089b00000|100%| S|CS|TAMS 0x0000000089a00000, 0x0000000089a00000| Complete 
| 155|0x0000000089b00000, 0x0000000089b00000, 0x0000000089c00000|  0%| F|  |TAMS 0x0000000089b00000, 0x0000000089b00000| Untracked 
| 156|0x0000000089c00000, 0x0000000089c00000, 0x0000000089d00000|  0%| F|  |TAMS 0x0000000089c00000, 0x0000000089c00000| Untracked 
| 157|0x0000000089d00000, 0x0000000089d00000, 0x0000000089e00000|  0%| F|  |TAMS 0x0000000089d00000, 0x0000000089d00000| Untracked 
| 158|0x0000000089e00000, 0x0000000089e00000, 0x0000000089f00000|  0%| F|  |TAMS 0x0000000089e00000, 0x0000000089e00000| Untracked 

Card table byte_map: [0x000002235b5e0000,0x000002235b9e0000] _byte_map_base: 0x000002235b1e0000

Marking Bits (Prev, Next): (CMBitMap*) 0x0000022348a2ef40, (CMBitMap*) 0x0000022348a2ef80
 Prev Bits: [0x000002235bde0000, 0x000002235dde0000)
 Next Bits: [0x000002235dde0000, 0x000002235fde0000)

Polling page: 0x0000022346990000

Metaspace:

Usage:
  Non-class:     45.90 MB used.
      Class:      7.22 MB used.
       Both:     53.12 MB used.

Virtual space:
  Non-class space:       64.00 MB reserved,      46.19 MB ( 72%) committed,  1 nodes.
      Class space:        1.00 GB reserved,       7.50 MB ( <1%) committed,  1 nodes.
             Both:        1.06 GB reserved,      53.69 MB (  5%) committed. 

Chunk freelists:
   Non-Class:  1.47 MB
       Class:  8.42 MB
        Both:  9.89 MB

MaxMetaspaceSize: unlimited
CompressedClassSpaceSize: 1.00 GB
Initial GC threshold: 21.00 MB
Current GC threshold: 89.50 MB
CDS: off
MetaspaceReclaimPolicy: balanced
 - commit_granule_bytes: 65536.
 - commit_granule_words: 8192.
 - virtual_space_node_default_size: 8388608.
 - enlarge_chunks_in_place: 1.
 - new_chunks_are_fully_committed: 0.
 - uncommit_free_chunks: 1.
 - use_allocation_guard: 0.
 - handle_deallocations: 1.


Internal statistics:

num_allocs_failed_limit: 3.
num_arena_births: 620.
num_arena_deaths: 0.
num_vsnodes_births: 2.
num_vsnodes_deaths: 0.
num_space_committed: 859.
num_space_uncommitted: 0.
num_chunks_returned_to_freelist: 3.
num_chunks_taken_from_freelist: 2451.
num_chunk_merges: 3.
num_chunk_splits: 1568.
num_chunks_enlarged: 1040.
num_inconsistent_stats: 0.

CodeHeap 'non-profiled nmethods': size=120000Kb used=2326Kb max_used=3137Kb free=117673Kb
 bounds [0x0000022353980000, 0x0000022353ca0000, 0x000002235aeb0000]
CodeHeap 'profiled nmethods': size=120000Kb used=9595Kb max_used=11640Kb free=110404Kb
 bounds [0x000002234beb0000, 0x000002234ca10000, 0x00000223533e0000]
CodeHeap 'non-nmethods': size=5760Kb used=2328Kb max_used=2369Kb free=3431Kb
 bounds [0x00000223533e0000, 0x0000022353650000, 0x0000022353980000]
 total_blobs=5799 nmethods=4967 adapters=744
 compilation: enabled
              stopped_count=0, restarted_count=0
 full_count=0

Compilation events (20 events):
Event: 16.672 Thread 0x0000022362a91f60 5869       3       com.google.common.collect.MapMakerInternalMap$Segment::expand (276 bytes)
Event: 16.678 Thread 0x0000022362a91f60 nmethod 5869 0x000002234bfdac90 code [0x000002234bfdb560, 0x000002234bfe0e88]
Event: 16.681 Thread 0x0000022362a91f60 5871       2       sun.nio.ch.IOStatus::normalize (10 bytes)
Event: 16.681 Thread 0x0000022362a91f60 nmethod 5871 0x000002234c280f10 code [0x000002234c2810a0, 0x000002234c2811b8]
Event: 16.682 Thread 0x0000022362a91f60 5872       2       java.lang.System$2::getEnumConstantsShared (8 bytes)
Event: 16.682 Thread 0x0000022362a91f60 nmethod 5872 0x000002234bed5710 code [0x000002234bed58c0, 0x000002234bed5a28]
Event: 16.685 Thread 0x0000022362a91f60 5875       2       java.util.zip.Deflater::ensureOpen (47 bytes)
Event: 16.686 Thread 0x0000022362a91f60 nmethod 5875 0x000002234bf27210 code [0x000002234bf273c0, 0x000002234bf27588]
Event: 16.691 Thread 0x0000022362a91f60 5877       2       java.util.StringTokenizer::setMaxDelimCodePoint (156 bytes)
Event: 16.692 Thread 0x0000022362a91f60 nmethod 5877 0x000002234c244e10 code [0x000002234c245000, 0x000002234c245658]
Event: 16.692 Thread 0x0000022362a91f60 5876       2       java.util.StringTokenizer::<init> (52 bytes)
Event: 16.692 Thread 0x0000022362a91f60 nmethod 5876 0x000002234c033b90 code [0x000002234c033d40, 0x000002234c033f48]
Event: 16.692 Thread 0x0000022362a91f60 5878       2       org.gradle.api.file.RelativePath::<init> (197 bytes)
Event: 16.704 Thread 0x0000022362a91f60 nmethod 5878 0x000002234bfe5490 code [0x000002234bfe56a0, 0x000002234bfe5da8]
Event: 16.704 Thread 0x0000022362a91f60 5879       2       java.util.EnumSet::noneOf (63 bytes)
Event: 16.705 Thread 0x0000022362a91f60 nmethod 5879 0x000002234c327590 code [0x000002234c3277c0, 0x000002234c327d88]
Event: 16.705 Thread 0x0000022362a91f60 5880       2       java.util.EnumSet::getUniverse (10 bytes)
Event: 16.705 Thread 0x0000022362a91f60 nmethod 5880 0x000002234bf5f610 code [0x000002234bf5f7c0, 0x000002234bf5f948]
Event: 16.708 Thread 0x0000022362a91f60 5881       2       com.google.common.base.Preconditions::checkArgument (28 bytes)
Event: 16.709 Thread 0x0000022362a91f60 nmethod 5881 0x000002234bfb2010 code [0x000002234bfb21e0, 0x000002234bfb2598]

GC Heap History (20 events):
Event: 9.048 GC heap after
{Heap after GC invocations=26 (full 0):
 garbage-first heap   total 97280K, used 48468K [0x0000000080000000, 0x0000000100000000)
  region size 1024K, 3 young (3072K), 3 survivors (3072K)
 Metaspace       used 45990K, committed 46464K, reserved 1114112K
  class space    used 6234K, committed 6464K, reserved 1048576K
}
Event: 9.205 GC heap before
{Heap before GC invocations=26 (full 0):
 garbage-first heap   total 97280K, used 56660K [0x0000000080000000, 0x0000000100000000)
  region size 1024K, 13 young (13312K), 3 survivors (3072K)
 Metaspace       used 46494K, committed 46912K, reserved 1114112K
  class space    used 6287K, committed 6464K, reserved 1048576K
}
Event: 9.212 GC heap after
{Heap after GC invocations=27 (full 0):
 garbage-first heap   total 97280K, used 50493K [0x0000000080000000, 0x0000000100000000)
  region size 1024K, 4 young (4096K), 4 survivors (4096K)
 Metaspace       used 46494K, committed 46912K, reserved 1114112K
  class space    used 6287K, committed 6464K, reserved 1048576K
}
Event: 10.239 GC heap before
{Heap before GC invocations=28 (full 0):
 garbage-first heap   total 97280K, used 79165K [0x0000000080000000, 0x0000000100000000)
  region size 1024K, 28 young (28672K), 4 survivors (4096K)
 Metaspace       used 50057K, committed 50496K, reserved 1114112K
  class space    used 6721K, committed 6912K, reserved 1048576K
}
Event: 10.254 GC heap after
{Heap after GC invocations=29 (full 0):
 garbage-first heap   total 97280K, used 51256K [0x0000000080000000, 0x0000000100000000)
  region size 1024K, 3 young (3072K), 3 survivors (3072K)
 Metaspace       used 50057K, committed 50496K, reserved 1114112K
  class space    used 6721K, committed 6912K, reserved 1048576K
}
Event: 15.500 GC heap before
{Heap before GC invocations=29 (full 0):
 garbage-first heap   total 97280K, used 75832K [0x0000000080000000, 0x0000000100000000)
  region size 1024K, 27 young (27648K), 3 survivors (3072K)
 Metaspace       used 52552K, committed 53056K, reserved 1114112K
  class space    used 7163K, committed 7360K, reserved 1048576K
}
Event: 15.523 GC heap after
{Heap after GC invocations=30 (full 0):
 garbage-first heap   total 97280K, used 52356K [0x0000000080000000, 0x0000000100000000)
  region size 1024K, 3 young (3072K), 3 survivors (3072K)
 Metaspace       used 52552K, committed 53056K, reserved 1114112K
  class space    used 7163K, committed 7360K, reserved 1048576K
}
Event: 16.083 GC heap before
{Heap before GC invocations=31 (full 0):
 garbage-first heap   total 97280K, used 76932K [0x0000000080000000, 0x0000000100000000)
  region size 1024K, 28 young (28672K), 3 survivors (3072K)
 Metaspace       used 53414K, committed 53952K, reserved 1114112K
  class space    used 7289K, committed 7552K, reserved 1048576K
}
Event: 16.107 GC heap after
{Heap after GC invocations=32 (full 0):
 garbage-first heap   total 97280K, used 58946K [0x0000000080000000, 0x0000000100000000)
  region size 1024K, 4 young (4096K), 4 survivors (4096K)
 Metaspace       used 53414K, committed 53952K, reserved 1114112K
  class space    used 7289K, committed 7552K, reserved 1048576K
}
Event: 16.112 GC heap before
{Heap before GC invocations=32 (full 0):
 garbage-first heap   total 97280K, used 59970K [0x0000000080000000, 0x0000000100000000)
  region size 1024K, 5 young (5120K), 4 survivors (4096K)
 Metaspace       used 53418K, committed 53952K, reserved 1114112K
  class space    used 7290K, committed 7552K, reserved 1048576K
}
Event: 16.125 GC heap after
{Heap after GC invocations=33 (full 0):
 garbage-first heap   total 135168K, used 59647K [0x0000000080000000, 0x0000000100000000)
  region size 1024K, 1 young (1024K), 1 survivors (1024K)
 Metaspace       used 53418K, committed 53952K, reserved 1114112K
  class space    used 7290K, committed 7552K, reserved 1048576K
}
Event: 16.388 GC heap before
{Heap before GC invocations=33 (full 0):
 garbage-first heap   total 135168K, used 100607K [0x0000000080000000, 0x0000000100000000)
  region size 1024K, 42 young (43008K), 1 survivors (1024K)
 Metaspace       used 54272K, committed 54848K, reserved 1114112K
  class space    used 7396K, committed 7680K, reserved 1048576K
}
Event: 16.414 GC heap after
{Heap after GC invocations=34 (full 0):
 garbage-first heap   total 135168K, used 76715K [0x0000000080000000, 0x0000000100000000)
  region size 1024K, 6 young (6144K), 6 survivors (6144K)
 Metaspace       used 54272K, committed 54848K, reserved 1114112K
  class space    used 7396K, committed 7680K, reserved 1048576K
}
Event: 16.460 GC heap before
{Heap before GC invocations=34 (full 0):
 garbage-first heap   total 135168K, used 89003K [0x0000000080000000, 0x0000000100000000)
  region size 1024K, 20 young (20480K), 6 survivors (6144K)
 Metaspace       used 54303K, committed 54848K, reserved 1114112K
  class space    used 7396K, committed 7680K, reserved 1048576K
}
Event: 16.474 GC heap after
{Heap after GC invocations=35 (full 0):
 garbage-first heap   total 135168K, used 82944K [0x0000000080000000, 0x0000000100000000)
  region size 1024K, 4 young (4096K), 4 survivors (4096K)
 Metaspace       used 54303K, committed 54848K, reserved 1114112K
  class space    used 7396K, committed 7680K, reserved 1048576K
}
Event: 16.582 GC heap before
{Heap before GC invocations=35 (full 0):
 garbage-first heap   total 135168K, used 104448K [0x0000000080000000, 0x0000000100000000)
  region size 1024K, 24 young (24576K), 4 survivors (4096K)
 Metaspace       used 54379K, committed 54912K, reserved 1114112K
  class space    used 7396K, committed 7680K, reserved 1048576K
}
Event: 16.593 GC heap after
{Heap after GC invocations=36 (full 0):
 garbage-first heap   total 135168K, used 91639K [0x0000000080000000, 0x0000000100000000)
  region size 1024K, 3 young (3072K), 3 survivors (3072K)
 Metaspace       used 54379K, committed 54912K, reserved 1114112K
  class space    used 7396K, committed 7680K, reserved 1048576K
}
Event: 16.693 GC heap before
{Heap before GC invocations=37 (full 0):
 garbage-first heap   total 162816K, used 105975K [0x0000000080000000, 0x0000000100000000)
  region size 1024K, 18 young (18432K), 3 survivors (3072K)
 Metaspace       used 54391K, committed 54976K, reserved 1114112K
  class space    used 7396K, committed 7680K, reserved 1048576K
}
Event: 16.703 GC heap after
{Heap after GC invocations=38 (full 0):
 garbage-first heap   total 162816K, used 96677K [0x0000000080000000, 0x0000000100000000)
  region size 1024K, 3 young (3072K), 3 survivors (3072K)
 Metaspace       used 54391K, committed 54976K, reserved 1114112K
  class space    used 7396K, committed 7680K, reserved 1048576K
}
Event: 16.711 GC heap before
{Heap before GC invocations=38 (full 0):
 garbage-first heap   total 162816K, used 100773K [0x0000000080000000, 0x0000000100000000)
  region size 1024K, 7 young (7168K), 3 survivors (3072K)
 Metaspace       used 54394K, committed 54976K, reserved 1114112K
  class space    used 7396K, committed 7680K, reserved 1048576K
}

Dll operation events (3 events):
Event: 0.025 Loaded shared library C:\Program Files\Android\Android Studio\jbr\bin\java.dll
Event: 0.241 Loaded shared library C:\Program Files\Android\Android Studio\jbr\bin\zip.dll
Event: 1.105 Loaded shared library C:\Program Files\Android\Android Studio\jbr\bin\verify.dll

Deoptimization events (20 events):
Event: 16.240 Thread 0x0000022367e2e8d0 DEOPT PACKING pc=0x0000022353be6694 sp=0x00000035e5ffaa40
Event: 16.240 Thread 0x0000022367e2e8d0 DEOPT UNPACKING pc=0x000002235343a1a3 sp=0x00000035e5ffa9e8 mode 2
Event: 16.329 Thread 0x0000022367e2e8d0 DEOPT PACKING pc=0x000002234c95e2bb sp=0x00000035e5ffac40
Event: 16.329 Thread 0x0000022367e2e8d0 DEOPT UNPACKING pc=0x000002235343ace3 sp=0x00000035e5ffa0b0 mode 0
Event: 16.439 Thread 0x0000022367e2e8d0 Uncommon trap: trap_request=0xffffff45 fr.pc=0x0000022353c6b31c relative=0x00000000000002fc
Event: 16.439 Thread 0x0000022367e2e8d0 Uncommon trap: reason=unstable_if action=reinterpret pc=0x0000022353c6b31c method=java.io.BufferedOutputStream.write([BII)V @ 6 c2
Event: 16.439 Thread 0x0000022367e2e8d0 DEOPT PACKING pc=0x0000022353c6b31c sp=0x00000035e5fface0
Event: 16.439 Thread 0x0000022367e2e8d0 DEOPT UNPACKING pc=0x000002235343a1a3 sp=0x00000035e5ffaca8 mode 2
Event: 16.486 Thread 0x0000022367e2e8d0 Uncommon trap: trap_request=0xffffffcc fr.pc=0x0000022353c8a8d4 relative=0x0000000000000334
Event: 16.486 Thread 0x0000022367e2e8d0 Uncommon trap: reason=intrinsic_or_type_checked_inlining action=make_not_entrant pc=0x0000022353c8a8d4 method=java.util.Arrays.copyOf([Ljava/lang/Object;ILjava/lang/Class;)[Ljava/lang/Object; @ 35 c2
Event: 16.486 Thread 0x0000022367e2e8d0 DEOPT PACKING pc=0x0000022353c8a8d4 sp=0x00000035e5ffad60
Event: 16.486 Thread 0x0000022367e2e8d0 DEOPT UNPACKING pc=0x000002235343a1a3 sp=0x00000035e5ffacf0 mode 2
Event: 16.520 Thread 0x0000022367e2e8d0 Uncommon trap: trap_request=0xffffff45 fr.pc=0x0000022353c0e870 relative=0x0000000000000d50
Event: 16.521 Thread 0x0000022367e2e8d0 Uncommon trap: reason=unstable_if action=reinterpret pc=0x0000022353c0e870 method=org.objectweb.asm.ByteVector.putUTF8(Ljava/lang/String;)Lorg/objectweb/asm/ByteVector; @ 100 c2
Event: 16.521 Thread 0x0000022367e2e8d0 DEOPT PACKING pc=0x0000022353c0e870 sp=0x00000035e5ffa400
Event: 16.521 Thread 0x0000022367e2e8d0 DEOPT UNPACKING pc=0x000002235343a1a3 sp=0x00000035e5ffa348 mode 2
Event: 16.555 Thread 0x0000022367e2e8d0 DEOPT PACKING pc=0x000002234c98223c sp=0x00000035e5ffaaf0
Event: 16.555 Thread 0x0000022367e2e8d0 DEOPT UNPACKING pc=0x000002235343ace3 sp=0x00000035e5ff9fc8 mode 0
Event: 16.574 Thread 0x0000022367e2f2f0 DEOPT PACKING pc=0x000002234c2a9d54 sp=0x00000035e5bf9c20
Event: 16.574 Thread 0x0000022367e2f2f0 DEOPT UNPACKING pc=0x000002235343ace3 sp=0x00000035e5bf9178 mode 0

Classes unloaded (0 events):
No events

Classes redefined (0 events):
No events

Internal exceptions (20 events):
Event: 10.505 Thread 0x0000022368b86510 Exception <a 'java/lang/NoSuchMethodError'{0x00000000853e8058}: 'java.lang.Object java.lang.invoke.DirectMethodHandle$Holder.invokeSpecial(java.lang.Object, java.lang.Object, long, java.lang.Object, java.lang.Object)'> (0x00000000853e8058) 
thrown [s\src\hotspot\share\interpreter\linkResolver.cpp, line 771]
Event: 10.597 Thread 0x0000022368b86510 Exception <a 'java/lang/NoSuchMethodError'{0x0000000084e21708}: 'int java.lang.invoke.DirectMethodHandle$Holder.invokeInterface(java.lang.Object, java.lang.Object, java.lang.Object, java.lang.Object, java.lang.Object)'> (0x0000000084e21708) 
thrown [s\src\hotspot\share\interpreter\linkResolver.cpp, line 771]
Event: 10.628 Thread 0x0000022368b86510 Exception <a 'java/lang/NoSuchMethodError'{0x0000000084d63640}: 'java.lang.Object java.lang.invoke.DirectMethodHandle$Holder.newInvokeSpecial(java.lang.Object, java.lang.Object, java.lang.Object, java.lang.Object, int, java.lang.Object)'> (0x0000000084d63640) 
thrown [s\src\hotspot\share\interpreter\linkResolver.cpp, line 771]
Event: 10.629 Thread 0x0000022368b86510 Exception <a 'java/lang/NoSuchMethodError'{0x0000000084d6c530}: 'java.lang.Object java.lang.invoke.Invokers$Holder.linkToTargetMethod(java.lang.Object, java.lang.Object, java.lang.Object, int, java.lang.Object, java.lang.Object)'> (0x0000000084d6c530) 
thrown [s\src\hotspot\share\interpreter\linkResolver.cpp, line 771]
Event: 10.730 Thread 0x0000022368b86510 Exception <a 'java/lang/NoSuchMethodError'{0x0000000084964208}: 'java.lang.Object java.lang.invoke.DirectMethodHandle$Holder.invokeSpecialIFC(java.lang.Object, java.lang.Object, java.lang.Object)'> (0x0000000084964208) 
thrown [s\src\hotspot\share\interpreter\linkResolver.cpp, line 771]
Event: 15.550 Thread 0x0000022368debe00 Exception <a 'sun/nio/fs/WindowsException'{0x0000000085e9ca38}> (0x0000000085e9ca38) 
thrown [s\src\hotspot\share\prims\jni.cpp, line 531]
Event: 15.550 Thread 0x0000022368debe00 Exception <a 'sun/nio/fs/WindowsException'{0x0000000085e9d118}> (0x0000000085e9d118) 
thrown [s\src\hotspot\share\prims\jni.cpp, line 531]
Event: 15.552 Thread 0x0000022368debe00 Exception <a 'sun/nio/fs/WindowsException'{0x0000000085eacd90}> (0x0000000085eacd90) 
thrown [s\src\hotspot\share\prims\jni.cpp, line 531]
Event: 15.554 Thread 0x0000022368debe00 Exception <a 'sun/nio/fs/WindowsException'{0x0000000085eb7410}> (0x0000000085eb7410) 
thrown [s\src\hotspot\share\prims\jni.cpp, line 531]
Event: 15.569 Thread 0x0000022368b86510 Exception <a 'java/lang/ClassNotFoundException'{0x0000000085efe1d8}: sync_studio_tooling6455_243ct7wqjp54prkeoi2qu0pllBeanInfo> (0x0000000085efe1d8) 
thrown [s\src\hotspot\share\classfile\systemDictionary.cpp, line 256]
Event: 15.569 Thread 0x0000022368b86510 Exception <a 'java/lang/ClassNotFoundException'{0x0000000085d05b20}: sync_studio_tooling6455_243ct7wqjp54prkeoi2qu0pllCustomizer> (0x0000000085d05b20) 
thrown [s\src\hotspot\share\classfile\systemDictionary.cpp, line 256]
Event: 15.618 Thread 0x0000022368b86510 Exception <a 'java/lang/ClassNotFoundException'{0x0000000085c00d30}: ijInit2_cx30y7ewc6g5dj6phepfccrwgBeanInfo> (0x0000000085c00d30) 
thrown [s\src\hotspot\share\classfile\systemDictionary.cpp, line 256]
Event: 15.618 Thread 0x0000022368b86510 Exception <a 'java/lang/ClassNotFoundException'{0x0000000085c08038}: ijInit2_cx30y7ewc6g5dj6phepfccrwgCustomizer> (0x0000000085c08038) 
thrown [s\src\hotspot\share\classfile\systemDictionary.cpp, line 256]
Event: 15.631 Thread 0x0000022368b86510 Exception <a 'java/lang/ClassNotFoundException'{0x0000000085c527c8}: ijInit2_cx30y7ewc6g5dj6phepfccrwg$_run_closure1BeanInfo> (0x0000000085c527c8) 
thrown [s\src\hotspot\share\classfile\systemDictionary.cpp, line 256]
Event: 15.631 Thread 0x0000022368b86510 Exception <a 'java/lang/ClassNotFoundException'{0x0000000085c59e10}: ijInit2_cx30y7ewc6g5dj6phepfccrwg$_run_closure1Customizer> (0x0000000085c59e10) 
thrown [s\src\hotspot\share\classfile\systemDictionary.cpp, line 256]
Event: 15.814 Thread 0x0000022367e2f2f0 Exception <a 'java/lang/IncompatibleClassChangeError'{0x00000000858be590}: Found class java.lang.Object, but interface was expected> (0x00000000858be590) 
thrown [s\src\hotspot\share\interpreter\linkResolver.cpp, line 838]
Event: 15.881 Thread 0x0000022367e2f2f0 Exception <a 'java/lang/NoSuchMethodError'{0x0000000085540980}: 'void java.lang.invoke.DirectMethodHandle$Holder.invokeVirtual(java.lang.Object, java.lang.Object)'> (0x0000000085540980) 
thrown [s\src\hotspot\share\interpreter\linkResolver.cpp, line 771]
Event: 15.975 Thread 0x0000022367e2e8d0 Exception <a 'java/lang/NoSuchMethodError'{0x0000000085028ce0}: 'void java.lang.invoke.DirectMethodHandle$Holder.invokeStaticInit(java.lang.Object, java.lang.Object, java.lang.Object, java.lang.Object, java.lang.Object, java.lang.Object, java.lang.Object, int)'> (0x0000000085028ce0) 
thrown [s\src\hotspot\share\interpreter\linkResolver.cpp, line 771]
Event: 16.137 Thread 0x0000022367e2e8d0 Exception <a 'sun/nio/fs/WindowsException'{0x00000000882f82c0}> (0x00000000882f82c0) 
thrown [s\src\hotspot\share\prims\jni.cpp, line 531]
Event: 16.222 Thread 0x0000022367e2f2f0 Implicit null exception at 0x0000022353c6e86e to 0x0000022353c70090

VM Operations (20 events):
Event: 16.279 Executing VM operation: HandshakeAllThreads done
Event: 16.386 Executing VM operation: G1CollectForAllocation
Event: 16.414 Executing VM operation: G1CollectForAllocation done
Event: 16.459 Executing VM operation: G1TryInitiateConcMark
Event: 16.474 Executing VM operation: G1TryInitiateConcMark done
Event: 16.540 Executing VM operation: HandshakeAllThreads
Event: 16.540 Executing VM operation: HandshakeAllThreads done
Event: 16.552 Executing VM operation: HandshakeAllThreads
Event: 16.552 Executing VM operation: HandshakeAllThreads done
Event: 16.569 Executing VM operation: HandshakeAllThreads
Event: 16.569 Executing VM operation: HandshakeAllThreads done
Event: 16.581 Executing VM operation: G1CollectForAllocation
Event: 16.593 Executing VM operation: G1CollectForAllocation done
Event: 16.627 Executing VM operation: G1PauseRemark
Event: 16.632 Executing VM operation: G1PauseRemark done
Event: 16.662 Executing VM operation: G1PauseCleanup
Event: 16.663 Executing VM operation: G1PauseCleanup done
Event: 16.692 Executing VM operation: G1CollectForAllocation
Event: 16.703 Executing VM operation: G1CollectForAllocation done
Event: 16.711 Executing VM operation: G1CollectForAllocation

Events (20 events):
Event: 16.578 Thread 0x0000022362a9fd90 flushing nmethod 0x000002234c933c90
Event: 16.578 Thread 0x0000022362a9fd90 flushing nmethod 0x000002234c934390
Event: 16.578 Thread 0x0000022362a9fd90 flushing nmethod 0x000002234c934c10
Event: 16.578 Thread 0x0000022362a9fd90 flushing nmethod 0x000002234c936710
Event: 16.578 Thread 0x0000022362a9fd90 flushing nmethod 0x000002234c936c90
Event: 16.578 Thread 0x0000022362a9fd90 flushing nmethod 0x000002234c93b090
Event: 16.578 Thread 0x0000022362a9fd90 flushing nmethod 0x000002234c94b390
Event: 16.578 Thread 0x0000022362a9fd90 flushing nmethod 0x000002234c94e190
Event: 16.578 Thread 0x0000022362a9fd90 flushing nmethod 0x000002234c956810
Event: 16.578 Thread 0x0000022362a9fd90 flushing nmethod 0x000002234c95de10
Event: 16.578 Thread 0x0000022362a9fd90 flushing nmethod 0x000002234c95fc10
Event: 16.578 Thread 0x0000022362a9fd90 flushing nmethod 0x000002234c961090
Event: 16.578 Thread 0x0000022362a9fd90 flushing nmethod 0x000002234c961990
Event: 16.578 Thread 0x0000022362a9fd90 flushing nmethod 0x000002234c964990
Event: 16.578 Thread 0x0000022362a9fd90 flushing nmethod 0x000002234c970310
Event: 16.578 Thread 0x0000022362a9fd90 flushing nmethod 0x000002234c971d90
Event: 16.578 Thread 0x0000022362a9fd90 flushing nmethod 0x000002234c976b10
Event: 16.578 Thread 0x0000022362a9fd90 flushing nmethod 0x000002234c97f510
Event: 16.578 Thread 0x0000022362a9fd90 flushing nmethod 0x000002234c981090
Event: 16.578 Thread 0x0000022362a9fd90 flushing nmethod 0x000002234c987f10


Dynamic libraries:
0x00007ff776380000 - 0x00007ff77638a000 	C:\Program Files\Android\Android Studio\jbr\bin\java.exe
0x00007fff2c3f0000 - 0x00007fff2c5e8000 	C:\Windows\SYSTEM32\ntdll.dll
0x00007fff2be70000 - 0x00007fff2bf32000 	C:\Windows\System32\KERNEL32.DLL
0x00007fff29e80000 - 0x00007fff2a176000 	C:\Windows\System32\KERNELBASE.dll
0x00007fff29d80000 - 0x00007fff29e80000 	C:\Windows\System32\ucrtbase.dll
0x00007fff16e60000 - 0x00007fff16e77000 	C:\Program Files\Android\Android Studio\jbr\bin\jli.dll
0x00007fff08770000 - 0x00007fff0878b000 	C:\Program Files\Android\Android Studio\jbr\bin\VCRUNTIME140.dll
0x00007fff2bc50000 - 0x00007fff2bded000 	C:\Windows\System32\USER32.dll
0x00007fff14d60000 - 0x00007fff14ffa000 	C:\Windows\WinSxS\amd64_microsoft.windows.common-controls_6595b64144ccf1df_6.0.19041.5915_none_60b4b9d171f9c7c7\COMCTL32.dll
0x00007fff2a330000 - 0x00007fff2a352000 	C:\Windows\System32\win32u.dll
0x00007fff2b540000 - 0x00007fff2b5de000 	C:\Windows\System32\msvcrt.dll
0x00007fff2bff0000 - 0x00007fff2c01b000 	C:\Windows\System32\GDI32.dll
0x00007fff29b20000 - 0x00007fff29c39000 	C:\Windows\System32\gdi32full.dll
0x00007fff29a80000 - 0x00007fff29b1d000 	C:\Windows\System32\msvcp_win.dll
0x00007fff2b860000 - 0x00007fff2b88f000 	C:\Windows\System32\IMM32.DLL
0x00007fff1f660000 - 0x00007fff1f66c000 	C:\Program Files\Android\Android Studio\jbr\bin\vcruntime140_1.dll
0x00007fff08050000 - 0x00007fff080dd000 	C:\Program Files\Android\Android Studio\jbr\bin\msvcp140.dll
0x00007fff00130000 - 0x00007fff00db3000 	C:\Program Files\Android\Android Studio\jbr\bin\server\jvm.dll
0x00007fff2b7a0000 - 0x00007fff2b851000 	C:\Windows\System32\ADVAPI32.dll
0x00007fff2b4a0000 - 0x00007fff2b53f000 	C:\Windows\System32\sechost.dll
0x00007fff2c270000 - 0x00007fff2c393000 	C:\Windows\System32\RPCRT4.dll
0x00007fff29d50000 - 0x00007fff29d77000 	C:\Windows\System32\bcrypt.dll
0x00007fff298e0000 - 0x00007fff2992b000 	C:\Windows\SYSTEM32\POWRPROF.dll
0x00007fff23000000 - 0x00007fff2300a000 	C:\Windows\SYSTEM32\VERSION.dll
0x00007fff15940000 - 0x00007fff15967000 	C:\Windows\SYSTEM32\WINMM.dll
0x00007fff24c90000 - 0x00007fff24c99000 	C:\Windows\SYSTEM32\WSOCK32.dll
0x00007fff2b420000 - 0x00007fff2b48b000 	C:\Windows\System32\WS2_32.dll
0x00007fff298c0000 - 0x00007fff298d2000 	C:\Windows\SYSTEM32\UMPDC.dll
0x00007fff27900000 - 0x00007fff27912000 	C:\Windows\SYSTEM32\kernel.appcore.dll
0x00007fff24fb0000 - 0x00007fff24fba000 	C:\Program Files\Android\Android Studio\jbr\bin\jimage.dll
0x00007fff25590000 - 0x00007fff25791000 	C:\Windows\SYSTEM32\DBGHELP.DLL
0x00007fff13440000 - 0x00007fff13474000 	C:\Windows\SYSTEM32\dbgcore.DLL
0x00007fff29cc0000 - 0x00007fff29d42000 	C:\Windows\System32\bcryptPrimitives.dll
0x00007fff1f510000 - 0x00007fff1f51e000 	C:\Program Files\Android\Android Studio\jbr\bin\instrument.dll
0x00007fff23ad0000 - 0x00007fff23af5000 	C:\Program Files\Android\Android Studio\jbr\bin\java.dll
0x00007fff23e30000 - 0x00007fff23e48000 	C:\Program Files\Android\Android Studio\jbr\bin\zip.dll
0x00007fff2acb0000 - 0x00007fff2b41e000 	C:\Windows\System32\SHELL32.dll
0x00007fff27b00000 - 0x00007fff282a4000 	C:\Windows\SYSTEM32\windows.storage.dll
0x00007fff2b8f0000 - 0x00007fff2bc43000 	C:\Windows\System32\combase.dll
0x00007fff293e0000 - 0x00007fff2940b000 	C:\Windows\SYSTEM32\Wldp.dll
0x00007fff2b6c0000 - 0x00007fff2b78d000 	C:\Windows\System32\OLEAUT32.dll
0x00007fff2ac00000 - 0x00007fff2acad000 	C:\Windows\System32\SHCORE.dll
0x00007fff2b890000 - 0x00007fff2b8eb000 	C:\Windows\System32\shlwapi.dll
0x00007fff299b0000 - 0x00007fff299d4000 	C:\Windows\SYSTEM32\profapi.dll
0x00007fff20900000 - 0x00007fff20919000 	C:\Program Files\Android\Android Studio\jbr\bin\net.dll
0x00007fff228b0000 - 0x00007fff229ba000 	C:\Windows\SYSTEM32\WINHTTP.dll
0x00007fff29140000 - 0x00007fff291aa000 	C:\Windows\system32\mswsock.dll
0x00007fff16f80000 - 0x00007fff16f96000 	C:\Program Files\Android\Android Studio\jbr\bin\nio.dll
0x00007fff24fa0000 - 0x00007fff24fb0000 	C:\Program Files\Android\Android Studio\jbr\bin\verify.dll
0x00007fff08790000 - 0x00007fff087b7000 	C:\Users\denni\.gradle\native\c067742578af261105cb4f569cf0c3c89f3d7b1fecec35dd04571415982c5e48\windows-amd64\native-platform.dll
0x00007fff05ef0000 - 0x00007fff06034000 	C:\Users\denni\.gradle\native\100fb08df4bc3b14c8652ba06237920a3bd2aa13389f12d3474272988ae205f9\windows-amd64\native-platform-file-events.dll
0x00007fff23b30000 - 0x00007fff23b39000 	C:\Program Files\Android\Android Studio\jbr\bin\management.dll
0x00007fff22640000 - 0x00007fff2264b000 	C:\Program Files\Android\Android Studio\jbr\bin\management_ext.dll
0x00007fff2c3a0000 - 0x00007fff2c3a8000 	C:\Windows\System32\PSAPI.DLL
0x00007fff29340000 - 0x00007fff29358000 	C:\Windows\SYSTEM32\CRYPTSP.dll
0x00007fff28a60000 - 0x00007fff28a98000 	C:\Windows\system32\rsaenh.dll
0x00007fff29930000 - 0x00007fff2995e000 	C:\Windows\SYSTEM32\USERENV.dll
0x00007fff29330000 - 0x00007fff2933c000 	C:\Windows\SYSTEM32\CRYPTBASE.dll
0x00007fff28e20000 - 0x00007fff28e5b000 	C:\Windows\SYSTEM32\IPHLPAPI.DLL
0x00007fff2b490000 - 0x00007fff2b498000 	C:\Windows\System32\NSI.dll
0x00007fff20e70000 - 0x00007fff20e87000 	C:\Windows\SYSTEM32\dhcpcsvc6.DLL
0x00007fff216e0000 - 0x00007fff216fd000 	C:\Windows\SYSTEM32\dhcpcsvc.DLL
0x00007fff28e60000 - 0x00007fff28f2a000 	C:\Windows\SYSTEM32\DNSAPI.dll
0x00007fff24ca0000 - 0x00007fff24ca9000 	C:\Program Files\Android\Android Studio\jbr\bin\extnet.dll
0x00007fff24cc0000 - 0x00007fff24cc7000 	C:\Windows\system32\wshunix.dll

dbghelp: loaded successfully - version: 4.0.5 - missing functions: none
symbol engine: initialized successfully - sym options: 0x614 - pdb path: .;C:\Program Files\Android\Android Studio\jbr\bin;C:\Windows\SYSTEM32;C:\Windows\WinSxS\amd64_microsoft.windows.common-controls_6595b64144ccf1df_6.0.19041.5915_none_60b4b9d171f9c7c7;C:\Program Files\Android\Android Studio\jbr\bin\server;C:\Users\denni\.gradle\native\c067742578af261105cb4f569cf0c3c89f3d7b1fecec35dd04571415982c5e48\windows-amd64;C:\Users\denni\.gradle\native\100fb08df4bc3b14c8652ba06237920a3bd2aa13389f12d3474272988ae205f9\windows-amd64

VM Arguments:
jvm_args: --add-opens=java.base/java.lang=ALL-UNNAMED --add-opens=java.base/java.lang.invoke=ALL-UNNAMED --add-opens=java.base/java.util=ALL-UNNAMED --add-opens=java.prefs/java.util.prefs=ALL-UNNAMED --add-exports=jdk.compiler/com.sun.tools.javac.api=ALL-UNNAMED --add-exports=jdk.compiler/com.sun.tools.javac.util=ALL-UNNAMED --add-opens=java.base/java.util=ALL-UNNAMED --add-opens=java.prefs/java.util.prefs=ALL-UNNAMED --add-opens=java.base/java.nio.charset=ALL-UNNAMED --add-opens=java.base/java.net=ALL-UNNAMED --add-opens=java.base/java.util.concurrent.atomic=ALL-UNNAMED --add-opens=java.xml/javax.xml.namespace=ALL-UNNAMED -Xmx2048m -Dfile.encoding=UTF-8 -Duser.country=US -Duser.language=en -Duser.variant -javaagent:C:\Users\denni\.gradle\wrapper\dists\gradle-8.11.1-bin\bpt9gzteqjrbo1mjrsomdt32c\gradle-8.11.1\lib\agents\gradle-instrumentation-agent-8.11.1.jar 
java_command: org.gradle.launcher.daemon.bootstrap.GradleDaemon 8.11.1
java_class_path (initial): C:\Users\denni\.gradle\wrapper\dists\gradle-8.11.1-bin\bpt9gzteqjrbo1mjrsomdt32c\gradle-8.11.1\lib\gradle-daemon-main-8.11.1.jar
Launcher Type: SUN_STANDARD

[Global flags]
     intx CICompilerCount                          = 4                                         {product} {ergonomic}
     uint ConcGCThreads                            = 2                                         {product} {ergonomic}
     uint G1ConcRefinementThreads                  = 8                                         {product} {ergonomic}
   size_t G1HeapRegionSize                         = 1048576                                   {product} {ergonomic}
    uintx GCDrainStackTargetSize                   = 64                                        {product} {ergonomic}
   size_t InitialHeapSize                          = 62914560                                  {product} {ergonomic}
   size_t MarkStackSize                            = 4194304                                   {product} {ergonomic}
   size_t MaxHeapSize                              = 2147483648                                {product} {command line}
   size_t MaxNewSize                               = 1287651328                                {product} {ergonomic}
   size_t MinHeapDeltaBytes                        = 1048576                                   {product} {ergonomic}
   size_t MinHeapSize                              = 8388608                                   {product} {ergonomic}
    uintx NonNMethodCodeHeapSize                   = 5839372                                {pd product} {ergonomic}
    uintx NonProfiledCodeHeapSize                  = 122909434                              {pd product} {ergonomic}
    uintx ProfiledCodeHeapSize                     = 122909434                              {pd product} {ergonomic}
    uintx ReservedCodeCacheSize                    = 251658240                              {pd product} {ergonomic}
     bool SegmentedCodeCache                       = true                                      {product} {ergonomic}
   size_t SoftMaxHeapSize                          = 2147483648                             {manageable} {ergonomic}
     bool UseCompressedClassPointers               = true                           {product lp64_product} {ergonomic}
     bool UseCompressedOops                        = true                           {product lp64_product} {ergonomic}
     bool UseG1GC                                  = true                                      {product} {ergonomic}
     bool UseLargePagesIndividualAllocation        = false                                  {pd product} {ergonomic}

Logging:
Log output configuration:
 #0: stdout all=warning uptime,level,tags
 #1: stderr all=off uptime,level,tags

Environment Variables:
PATH=C:\Python313\Scripts\;C:\Python313\;C:\Program Files\Python310\Scripts\;C:\Program Files\Python310\;C:\Python312\Scripts\;C:\Python312\;C:\Program Files\Java\jdk-18.0.2.1\bin;C:\xampp\php;C:\ProgramData\ComposerSetup\bin;C:\ProgramData\chocolatey\bin;C:\OpenSSH-Win64\OpenSSH-Win64;C:\Program Files\nodejs\;C:\Program Files\Git\cmd;C:\Ruby33-x64\bin;C:\RailsInstaller\Git\cmd;C:\RailsInstaller\Ruby2.3.3\bin;C:\Program Files\Java\jdk1.8.0_45\bin;C:\Users\denni\AppData\Local\Microsoft\WindowsApps;C:\MinGW\bin;C:\Users\denni\AppData\Local\Programs\Microsoft VS Code\bin;C:\Program Files\Java\jdk-18.0.2.1\bin;C:\Users\denni\AppData\Roaming\Composer\vendor\bin;C:\Users\denni\AppData\Local\GitHubDesktop\bin;C:\Windows\System32;C:\Users\denni\AppData\Roaming\npm;C:\Users\denni\AppData\Roaming\Python\Python313\Scripts;
USERNAME=denni
OS=Windows_NT
PROCESSOR_IDENTIFIER=Intel64 Family 6 Model 126 Stepping 5, GenuineIntel
TMP=C:\Users\denni\AppData\Local\Temp
TEMP=C:\Users\denni\AppData\Local\Temp



Periodic native trim disabled

JNI global refs:
JNI global refs: 27, weak refs: 21

JNI global refs memory usage: 843, weak refs: 841

Process memory usage:
Resident Set Size: 235320K (5% of 3930488K total physical memory with 33248K free physical memory)

OOME stack traces (most recent first):
Classloader memory used:
Loader org.gradle.internal.classloader.VisitableURLClassLoader                         : 3349K
Loader bootstrap                                                                       : 2447K
Loader org.gradle.initialization.MixInLegacyTypesClassLoader                           : 794K
Loader org.gradle.internal.classloader.VisitableURLClassLoader                         : 81167B
Loader jdk.internal.loader.ClassLoaders$PlatformClassLoader                            : 65556B
Loader jdk.internal.loader.ClassLoaders$AppClassLoader                                 : 29275B
Loader jdk.internal.reflect.DelegatingClassLoader                                      : 27894B
Loader org.gradle.groovy.scripts.internal.DefaultScriptCompilationHandler$ScriptClassLoader: 8585B
Loader org.codehaus.groovy.runtime.callsite.CallSiteClassLoader                        : 876B

Classes loaded by more than one classloader:
Class org.gradle.api.GradleException                                                  : loaded 3 times (x 80B)
Class org.gradle.util.GradleVersion                                                   : loaded 2 times (x 81B)
Class org.gradle.internal.classpath.ClassPath                                         : loaded 2 times (x 68B)
Class org.gradle.api.internal.classpath.DefaultModuleRegistry                         : loaded 2 times (x 84B)
Class org.gradle.internal.exceptions.NonGradleCauseExceptionsHolder                   : loaded 2 times (x 68B)
Class org.gradle.api.Action                                                           : loaded 2 times (x 68B)
Class sync_studio_tooling6455_243ct7wqjp54prkeoi2qu0pll                               : loaded 2 times (x 177B)
Class org.gradle.api.internal.DefaultClassPathProvider                                : loaded 2 times (x 74B)
Class org.gradle.internal.installation.GradleInstallation$1                           : loaded 2 times (x 73B)
Class org.gradle.internal.exceptions.DefaultMultiCauseException                       : loaded 2 times (x 93B)
Class org.gradle.internal.time.MonotonicClock                                         : loaded 2 times (x 75B)
Class org.gradle.internal.classloader.FilteringClassLoader                            : loaded 2 times (x 103B)
Class org.gradle.internal.classpath.DefaultClassPath$ImmutableUniqueList$Builder      : loaded 2 times (x 73B)
Class org.gradle.internal.classloader.ClassLoaderVisitor                              : loaded 2 times (x 74B)
Class org.gradle.internal.time.DefaultCountdownTimer                                  : loaded 2 times (x 86B)
Class org.gradle.internal.service.DefaultServiceLocator                               : loaded 2 times (x 81B)
Class org.gradle.internal.service.UnknownServiceException                             : loaded 2 times (x 81B)
Class org.gradle.internal.classloader.DefaultClassLoaderFactory                       : loaded 2 times (x 80B)
Class sync_studio_tooling6455_243ct7wqjp54prkeoi2qu0pll$_run_closure1                 : loaded 2 times (x 137B)
Class org.gradle.internal.classloader.VisitableURLClassLoader$Spec                    : loaded 2 times (x 72B)
Class org.gradle.tooling.model.ProjectModel                                           : loaded 2 times (x 68B)
Class org.gradle.internal.installation.GradleInstallation                             : loaded 2 times (x 73B)
Class org.gradle.api.internal.classpath.ModuleRegistry                                : loaded 2 times (x 68B)
Class kotlin.jvm.internal.markers.KMappedMarker                                       : loaded 2 times (x 68B)
Class org.gradle.api.internal.ClassPathProvider                                       : loaded 2 times (x 68B)
Class org.gradle.internal.classloader.ClasspathUtil$1                                 : loaded 2 times (x 74B)
Class org.gradle.internal.classloader.ClassLoaderFactory                              : loaded 2 times (x 68B)
Class org.gradle.api.internal.classpath.ManifestUtil                                  : loaded 2 times (x 69B)
Class org.gradle.api.specs.Spec                                                       : loaded 2 times (x 68B)
Class org.gradle.internal.IoActions                                                   : loaded 2 times (x 69B)
Class org.gradle.api.internal.classpath.EffectiveClassPath                            : loaded 2 times (x 88B)
Class org.gradle.internal.exceptions.ResolutionProvider                               : loaded 2 times (x 68B)
Class org.gradle.internal.installation.CurrentGradleInstallation                      : loaded 2 times (x 71B)
Class org.gradle.internal.installation.CurrentGradleInstallationLocator               : loaded 2 times (x 69B)
Class org.gradle.api.internal.classpath.Module                                        : loaded 2 times (x 68B)
Class org.gradle.internal.service.CachingServiceLocator                               : loaded 2 times (x 80B)
Class org.gradle.internal.time.Timer                                                  : loaded 2 times (x 68B)
Class org.gradle.internal.classpath.DefaultClassPath                                  : loaded 2 times (x 88B)
Class kotlin.jvm.functions.Function1                                                  : loaded 2 times (x 68B)
Class org.gradle.internal.time.Time                                                   : loaded 2 times (x 69B)
Class org.gradle.internal.time.TimeSource$1                                           : loaded 2 times (x 75B)
Class org.gradle.internal.classloader.SystemClassLoaderSpec                           : loaded 2 times (x 69B)
Class kotlin.Function                                                                 : loaded 2 times (x 68B)
Class org.gradle.api.UncheckedIOException                                             : loaded 2 times (x 80B)
Class org.gradle.api.internal.classpath.GlobalCacheRootsProvider                      : loaded 2 times (x 68B)
Class org.gradle.internal.time.CountdownTimer                                         : loaded 2 times (x 68B)
Class org.gradle.internal.time.Clock                                                  : loaded 2 times (x 68B)
Class org.gradle.internal.classloader.ClasspathUtil                                   : loaded 2 times (x 69B)
Class org.gradle.api.internal.DefaultClassPathRegistry                                : loaded 2 times (x 74B)
Class org.gradle.api.internal.classpath.DefaultModuleRegistry$DefaultModule           : loaded 2 times (x 84B)
Class org.gradle.internal.time.TimeSource                                             : loaded 2 times (x 68B)
Class org.gradle.api.internal.classpath.UnknownModuleException                        : loaded 2 times (x 80B)
Class org.gradle.internal.service.ServiceLookupException                              : loaded 2 times (x 80B)
Class [Lorg.gradle.api.internal.ClassPathProvider;                                    : loaded 2 times (x 67B)
Class org.gradle.internal.operations.MultipleBuildOperationFailures                   : loaded 2 times (x 93B)
Class org.gradle.util.internal.GUtil                                                  : loaded 2 times (x 69B)
Class org.gradle.internal.classloader.ClassLoaderSpec                                 : loaded 2 times (x 69B)
Class org.gradle.internal.classloader.InstrumentingClassLoader                        : loaded 2 times (x 68B)
Class org.gradle.internal.classloader.VisitableURLClassLoader                         : loaded 2 times (x 115B)
Class org.gradle.internal.Cast                                                        : loaded 2 times (x 69B)
Class org.gradle.api.internal.ClassPathRegistry                                       : loaded 2 times (x 68B)
Class org.gradle.internal.classloader.VisitableURLClassLoader$InstrumentingVisitableURLClassLoader: loaded 2 times (x 121B)
Class org.gradle.internal.classloader.ClassLoaderHierarchy                            : loaded 2 times (x 68B)
Class org.gradle.internal.exceptions.MultiCauseException                              : loaded 2 times (x 68B)
Class org.gradle.internal.InternalTransformer                                         : loaded 2 times (x 68B)
Class org.gradle.internal.service.ServiceLocator                                      : loaded 2 times (x 68B)
Class org.gradle.internal.classpath.DefaultClassPath$ImmutableUniqueList              : loaded 2 times (x 159B)
Class org.gradle.internal.time.DefaultTimer                                           : loaded 2 times (x 78B)
Class org.gradle.internal.classpath.TransformedClassPath                              : loaded 2 times (x 94B)


---------------  S Y S T E M  ---------------

OS:
 Windows 10 , 64 bit Build 19041 (10.0.19041.5915)
OS uptime: 0 days 5:28 hours

CPU: total 8 (initial active 8) (4 cores per cpu, 2 threads per core) family 6 model 126 stepping 5 microcode 0xa0, cx8, cmov, fxsr, ht, mmx, 3dnowpref, sse, sse2, sse3, ssse3, sse4.1, sse4.2, popcnt, lzcnt, tsc, tscinvbit, avx, avx2, aes, erms, clmul, bmi1, bmi2, adx, avx512f, avx512dq, avx512cd, avx512bw, avx512vl, sha, fma, vzeroupper, avx512_vpopcntdq, avx512_vpclmulqdq, avx512_vaes, avx512_vnni, clflush, clflushopt, avx512_vbmi2, avx512_vbmi
Processor Information for all 8 processors :
  Max Mhz: 1190, Current Mhz: 991, Mhz Limit: 987

Memory: 4k page, system-wide physical 3838M (32M free)
TotalPageFile size 15614M (AvailPageFile size 191M)
current process WorkingSet (physical memory assigned to process): 229M, peak: 230M
current process commit charge ("private bytes"): 359M, peak: 678M

vm_info: OpenJDK 64-Bit Server VM (17.0.11+0--11852314) for windows-amd64 JRE (17.0.11+0--11852314), built on May 16 2024 21:29:20 by "androidbuild" with MS VC++ 16.10 / 16.11 (VS2019)

END.
